Log file open, 11/19/14 15:01:25
LogInit:Display: Running engine for game: SUCCUBEUS
LogInit: Version: 4.5.1-2336687+++depot+UE4-Releases+4.5
LogInit: API Version: 2326478
LogInit: Compiled (64-bit): Oct 21 2014 22:32:40
LogInit: Compiled with Visual C++: 18.00.21005.01
LogInit: Build Configuration: Development
LogInit: Branch Name: ++depot+UE4-Releases+4.5
LogInit: Command line: 
LogInit: Base directory: C:/Program Files/Epic Games/4.5/Engine/Binaries/Win64/
LogInit: Rocket: 1
[2014.11.19-20.01.25:356][  0]LogTaskGraph: Started task graph with 3 named threads and 4 total threads.
[2014.11.19-20.01.25:384][  0]LogOnline:Warning: No default platform service specified for OnlineSubsystem
[2014.11.19-20.01.25:399][  0]LogInit: Presizing for 0 objects not considered by GC, pre-allocating 0 bytes.
[2014.11.19-20.01.25:409][  0]LogInit: Object subsystem initialized
[2014.11.19-20.01.25:412][  0]LogConsoleResponse:Warning: Skipping Unknown console variable: 'UIScaleRule = ShortestSide'
[2014.11.19-20.01.25:412][  0]LogConsoleResponse:Warning:   Found in ini file 'C:/Users/johnss18/Documents/SUCCUBE-US/SUCCUBEUS/Saved/Config/Windows/Engine.ini', in section '[/Script/Engine.RendererSettings]'
[2014.11.19-20.01.25:412][  0]LogConsoleResponse:Warning: Skipping Unknown console variable: 'UIScaleCurve = (EditorCurveData=(Keys=((Time=480,Value=0.444),(Time=720,Value=0.666),(Time=1080,Value=1.0),(Time=8640,Value=8.0))),ExternalCurve=None)'
[2014.11.19-20.01.25:412][  0]LogConsoleResponse:Warning:   Found in ini file 'C:/Users/johnss18/Documents/SUCCUBE-US/SUCCUBEUS/Saved/Config/Windows/Engine.ini', in section '[/Script/Engine.RendererSettings]'
[2014.11.19-20.01.25:412][  0]LogInit: Selected Device Profile: [Windows]
[2014.11.19-20.01.25:412][  0]LogInit: Applying CVar settings loaded from the selected device profile: [Windows]
[2014.11.19-20.01.25:417][  0]LogInit: Computer: JOHNSS18-PC
[2014.11.19-20.01.25:417][  0]LogInit: User: johnss18
[2014.11.19-20.01.25:421][  0]LogInit: CPU Page size=4096, Cores=2
[2014.11.19-20.01.25:421][  0]LogInit: High frequency timer resolution =2.728222 MHz
[2014.11.19-20.01.25:421][  0]LogMemory: Memory total: Physical=7.7GB (8GB approx) Virtual=8192.0GB
[2014.11.19-20.01.25:421][  0]LogMemory: Platform Memory Stats for Windows
[2014.11.19-20.01.25:421][  0]LogMemory: Process Physical Memory: 61.50 MB used, 61.50 MB peak
[2014.11.19-20.01.25:421][  0]LogMemory: Process Virtual Memory: 37.01 MB used, 37.21 MB peak
[2014.11.19-20.01.25:421][  0]LogMemory: Physical Memory: 6694.67 MB used, 7915.94 MB total
[2014.11.19-20.01.25:421][  0]LogMemory: Virtual Memory: 267.44 MB used, 8388608.00 MB total
[2014.11.19-20.01.25:516][  0]LogD3D11RHI: Found D3D11 adapter 0: Intel(R) HD Graphics 4000 (Feature Level 11_0)
[2014.11.19-20.01.25:516][  0]LogD3D11RHI: Adapter has 64MB of dedicated video memory, 0MB of dedicated system memory, and 1632MB of shared system memory, 1 output[s]
[2014.11.19-20.01.25:516][  0]LogD3D11RHI: Chosen D3D11 Adapter Id = 0
[2014.11.19-20.01.25:524][  0]LogRHI: Texture pool is 616 MB (70% of 880 MB)
[2014.11.19-20.01.25:535][  0]LogD3D11RHI: Async texture creation enabled
[2014.11.19-20.01.25:717][  0]LogTextLocalizationManager: The requested culture ('en_US') has no localization data; parent culture's ('en') localization data will be used.
[2014.11.19-20.01.25:872][  0]LogContentStreaming: Texture pool size is 0.000000MB
[2014.11.19-20.01.31:101][  0]LogTargetPlatformManager:Display: Building Assets For Windows
[2014.11.19-20.01.31:543][  0]LogTargetPlatformManager:Display: Building Assets For Windows
[2014.11.19-20.01.31:595][  0]LogDerivedDataCache:Display: Max Cache Size: 512 MB
[2014.11.19-20.01.31:997][  0]LogDerivedDataCache: Loaded boot cache 0.40s 39MB C:/Users/johnss18/AppData/Local/UnrealEngine/4.5/DerivedDataCache/Boot.ddc.
[2014.11.19-20.01.31:997][  0]LogDerivedDataCache:Display: Loaded Boot cache: C:/Users/johnss18/AppData/Local/UnrealEngine/4.5/DerivedDataCache/Boot.ddc
[2014.11.19-20.01.31:997][  0]LogDerivedDataCache: FDerivedDataBackendGraph:  Pak pak cache file ../../../../../../Users/johnss18/Documents/SUCCUBE-US/SUCCUBEUS/DerivedDataCache/DDC.ddp not found, will not use a pak cache.
[2014.11.19-20.01.31:998][  0]LogDerivedDataCache: Unable to find inner node Pak for hierarchical cache Hierarchy.
[2014.11.19-20.01.32:069][  0]LogDerivedDataCache:Display: Pak cache opened for reading ../../../Engine/DerivedDataCache/DDC.ddp.
[2014.11.19-20.01.32:080][  0]LogDerivedDataCache: Using Local data cache path C:/Users/johnss18/AppData/Local/UnrealEngine/Common/DerivedDataCache: Writable
[2014.11.19-20.01.32:271][  0]LogMeshUtilities: No automatic mesh reduction module available
[2014.11.19-20.01.32:271][  0]LogMeshUtilities: No automatic mesh merging module available
[2014.11.19-20.01.32:571][  0]LogLinker:Warning: Asset '../../../Engine/Content/Functions/Engine_MaterialFunctions02/Texturing/FlipBook.uasset' has been saved with empty engine version. The asset will be loaded but may be incompatible.
[2014.11.19-20.01.32:574][  0]LogLinker:Warning: Asset '../../../Engine/Content/Functions/Engine_MaterialFunctions02/ExampleContent/Textures/flipbook.uasset' has been saved with empty engine version. The asset will be loaded but may be incompatible.
[2014.11.19-20.01.32:966][  0]LogInit: WinSock: version 1.1 (2.2), MaxSocks=32767, MaxUdp=65467
[2014.11.19-20.01.47:324][  0]UdpMessaging: Initializing bridge on interface 0.0.0.0:0 to multicast group 230.0.0.1:6666.
[2014.11.19-20.01.47:483][  0]LogDirectoryWatcher:Warning: Failed to begin reading directory changes for C:/Users/johnss18/Documents/SUCCUBE-US/SUCCUBEUS/Binaries/Win64. Error: 0
[2014.11.19-20.01.47:638][  0]SourceControl: Info Source control is disabled
[2014.11.19-20.01.47:638][  0]SourceControl: Info Source control is disabled
[2014.11.19-20.01.47:644][  0]SourceControl: Info Source control is disabled
[2014.11.19-20.01.47:817][  0]LogObj: 22915 objects as part of root set at end of initial load.
[2014.11.19-20.01.47:817][  0]LogUObjectAllocator: 4803544 out of 0 bytes used by permanent object pool.
[2014.11.19-20.01.47:867][  0]LogEngine: Initializing Engine...
[2014.11.19-20.01.48:118][  0]LogInit: XAudio2 using 'Speaker/HP (Realtek High Definition Audio)' : 2 channels at 48 kHz using 32 bits per sample (channel mask 0x3)
[2014.11.19-20.01.48:197][  0]LogInit: FAudioDevice initialized.
[2014.11.19-20.01.48:214][  0]LogAIModule: Creating AISystem for world NewWorld
[2014.11.19-20.01.48:234][  0]LogDerivedDataCache: Saved boot cache 0.02s 39MB C:/Users/johnss18/AppData/Local/UnrealEngine/4.5/DerivedDataCache/Boot.ddc.
[2014.11.19-20.01.48:238][  0]LogInit: Texture streaming: Enabled
[2014.11.19-20.01.48:277][  0]LogInit: Transaction tracking system initialized
[2014.11.19-20.01.48:354][  0]BlueprintLog: New page: Editor Load
[2014.11.19-20.01.48:379][  0]LogAssetRegistry: FAssetRegistry took 0.0096 seconds to start up
[2014.11.19-20.01.48:379][  0]LogDirectoryWatcher:Warning: Failed to begin reading directory changes for ../../../Engine/Plugins/Experimental/CharacterAI/Content/. Error: 0
[2014.11.19-20.01.48:871][  0]LogTargetPlatformManager:Display: Building Assets For Windows
[2014.11.19-20.01.49:199][  0]LogTargetPlatformManager:Display: Building Assets For Windows
[2014.11.19-20.01.50:663][  0]LogConsoleResponse:Display: 
[2014.11.19-20.01.50:994][  0]SourceControl: Info Source control is disabled
[2014.11.19-20.01.50:994][  0]Cmd: MAP LOAD FILE="../../../../../../Users/johnss18/Documents/SUCCUBE-US/SUCCUBEUS/Content/Maps/Example_Map.umap" TEMPLATE=0 SHOWPROGRESS=1
[2014.11.19-20.01.50:994][  0]LightingResults: New page: Lighting Build
[2014.11.19-20.01.51:003][  0]MapCheck: New page: Map Check
[2014.11.19-20.01.51:003][  0]LightingResults: New page: Lighting Build
[2014.11.19-20.01.51:020][  0]LogParticles: Destroying 0 GPU particle simulations for FXSystem 0x000000001C89E840
[2014.11.19-20.01.52:382][  0]LogEditorServer: Finished looking for orphan Actors (0.000 secs)
[2014.11.19-20.01.52:466][  0]LogAIModule: Creating AISystem for world Example_Map
[2014.11.19-20.01.52:466][  0]Cmd: MAP CHECKDEP
[2014.11.19-20.01.52:466][  0]MapCheck: New page: Example_Map - Nov 19, 2014, 10:01:52 AM
[2014.11.19-20.01.52:538][  0]MapCheck: Info Map check complete: 0 Error(s), 0 Warning(s), took 72.276ms to complete.
[2014.11.19-20.01.52:538][  0]LogFileHelpers: Loading map 'Example_Map' took 1.545
[2014.11.19-20.01.53:606][  0]LogCollectionManager: Loaded 0 collections in 0.001071 seconds
[2014.11.19-20.01.55:336][  0]LogCrashTracker: Crashtracker disabled due to settings.
[2014.11.19-20.01.55:776][  0]LogUObjectGlobals:Warning: Failed to find object 'Class None.'
[2014.11.19-20.01.55:831][  0]LogLoad: Full Startup: 33.58 seconds (BP compile: 0.06 seconds)
[2014.11.19-20.01.56:891][  0]LogRenderer:Warning: Reallocating scene render targets to support 944x728.
[2014.11.19-20.02.04:989][ 22]LogAssetRegistry: Asset discovery search completed in 16.6194 seconds
[2014.11.19-20.58.31:470][834]LogPlayLevel: PIE:  No blueprints needed recompiling
[2014.11.19-20.58.31:491][834]PIE: New page: PIE session: Example_Map (Nov 19, 2014, 10:58:31 AM)
[2014.11.19-20.58.31:828][834]LogPlayLevel: PIE: StaticDuplicateObject took: (0.321705s)
[2014.11.19-20.58.31:829][834]LogPlayLevel: PIE: World Init took: (0.000773s)
[2014.11.19-20.58.31:829][834]LogPlayLevel: PIE: Created PIE world by copying editor world from /Game/Maps/Example_Map.Example_Map to /Game/Maps/UEDPIE_0_Example_Map.Example_Map (0.322678s)
[2014.11.19-20.58.32:953][834]LogWorld: Game class is 'MyGame_C'
[2014.11.19-20.58.33:342][834]LogAIModule: Creating AISystem for world Example_Map
[2014.11.19-20.58.33:363][834]LogWorld: Bringing World /Game/Maps/UEDPIE_0_Example_Map.Example_Map up for play (max tick rate 0) at 2014.11.19-15.58.33
[2014.11.19-20.58.33:430][834]LogWorld: Bringing up level for play took: 0.087205
[2014.11.19-20.58.33:907][834]PIE: Info Play in editor start time for /Game/Maps/UEDPIE_0_Example_Map 3.119
[2014.11.19-21.01.24:084][577]LogParticles: Destroying 0 GPU particle simulations for FXSystem 0x0000000011C2E3E0
[2014.11.19-21.01.57:172][691]LogContentBrowser:Verbose: The content browser source was changed by the sources view to '/Game/Maps'
[2014.11.19-21.01.59:360][758]LogContentBrowser:Verbose: The content browser source was changed by the sources view to '/Game/Character'
[2014.11.19-21.02.02:502][831]LogContentBrowser:Verbose: The content browser source was changed by the sources view to '/Game/Blueprints'
[2014.11.19-21.05.04:413][325]LogSlate:Warning: GetFontFace failed to load or process 'Roboto-Regular'
[2014.11.19-21.05.04:413][325]LogSlate:Warning: GetFontFace failed to load or process 'Roboto-Regular'
[2014.11.19-21.05.04:559][325]LogSlate:Warning: GetFontFace failed to load or process 'Roboto-Regular'
[2014.11.19-21.05.04:559][325]LogSlate:Warning: GetFontFace failed to load or process 'Roboto-Regular'
[2014.11.19-21.05.04:559][325]LogSlate:Warning: GetFontFace failed to load or process 'Roboto-Regular'
[2014.11.19-21.05.04:559][325]LogSlate:Warning: GetFontFace failed to load or process 'Roboto-Regular'
[2014.11.19-21.05.04:559][325]LogSlate:Warning: GetFontFace failed to load or process 'Roboto-Regular'
[2014.11.19-21.05.04:559][325]LogSlate:Warning: GetFontFace failed to load or process 'Roboto-Regular'
[2014.11.19-21.05.04:559][325]LogSlate:Warning: GetFontFace failed to load or process 'Roboto-Regular'
[2014.11.19-21.05.04:559][325]LogSlate:Warning: GetFontFace failed to load or process 'Roboto-Regular'
[2014.11.19-21.05.04:559][325]LogSlate:Warning: GetFontFace failed to load or process 'Roboto-Regular'
[2014.11.19-21.05.04:559][325]LogSlate:Warning: GetFontFace failed to load or process 'Roboto-Regular'
[2014.11.19-21.05.04:559][325]LogSlate:Warning: GetFontFace failed to load or process 'Roboto-Regular'
[2014.11.19-21.05.04:559][325]LogSlate:Warning: GetFontFace failed to load or process 'Roboto-Regular'
[2014.11.19-21.05.04:559][325]LogSlate:Warning: GetFontFace failed to load or process 'Roboto-Regular'
[2014.11.19-21.05.04:559][325]LogSlate:Warning: GetFontFace failed to load or process 'Roboto-Regular'
[2014.11.19-21.05.04:560][325]LogSlate:Warning: GetFontFace failed to load or process 'Roboto-Regular'
[2014.11.19-21.05.04:560][325]LogSlate:Warning: GetFontFace failed to load or process 'Roboto-Regular'
[2014.11.19-21.05.04:560][325]LogSlate:Warning: GetFontFace failed to load or process 'Roboto-Regular'
[2014.11.19-21.06.00:458][582]BlueprintLog: New page: Pre-PIE auto-recompile
[2014.11.19-21.06.00:458][582]LogPlayLevel: [PIE] Compiling Tutorial_BP_MacroLib before PIE...
[2014.11.19-21.06.00:720][582]LogActorComponent: UnregisterComponent: (/Engine/Transient.CharacterMovementComponent_0) Not registered. Aborting.
[2014.11.19-21.06.00:781][582]LogPlayLevel: PIE:  Blueprint regeneration took 323 ms (1 blueprints)
[2014.11.19-21.06.00:781][582]PIE: New page: PIE session: Example_Map (Nov 19, 2014, 11:06:00 AM)
[2014.11.19-21.06.00:824][582]LogPlayLevel: PIE: StaticDuplicateObject took: (0.043322s)
[2014.11.19-21.06.00:827][582]LogPlayLevel: PIE: World Init took: (0.002702s)
[2014.11.19-21.06.00:827][582]LogPlayLevel: PIE: Created PIE world by copying editor world from /Game/Maps/Example_Map.Example_Map to /Game/Maps/UEDPIE_0_Example_Map.Example_Map (0.046350s)
[2014.11.19-21.06.00:914][582]LogWorld: Game class is 'MyGame_C'
[2014.11.19-21.06.00:915][582]LogAIModule: Creating AISystem for world Example_Map
[2014.11.19-21.06.00:916][582]LogWorld: Bringing World /Game/Maps/UEDPIE_0_Example_Map.Example_Map up for play (max tick rate 60) at 2014.11.19-16.06.00
[2014.11.19-21.06.00:916][582]LogWorld: Bringing up level for play took: 0.001302
[2014.11.19-21.06.00:918][582]PIE: Info Play in editor start time for /Game/Maps/UEDPIE_0_Example_Map 0.124
[2014.11.19-21.10.11:236][ 48]LogParticles: Destroying 0 GPU particle simulations for FXSystem 0x0000000011DBDDA0
[2014.11.19-21.10.42:625][263]LogRenderer:Warning: Reallocating scene render targets to support 1344x728.
[2014.11.19-21.13.26:657][245]LogContentBrowser:Verbose: The content browser source was changed by the sources view to '/Game/Animations'
[2014.11.19-21.15.45:022][846]LogActorComponent: UnregisterComponent: (/Engine/Transient.CharacterMovementComponent_1) Not registered. Aborting.
[2014.11.19-21.15.45:688][846]LogSavePackage: Save=419.322906ms
[2014.11.19-21.15.45:688][846]LogSavePackage: Moving '../../../../../../Users/johnss18/Documents/SUCCUBE-US/SUCCUBEUS/Saved/Example_Map_Auto1F3BEA7FD4391CC27FA8E50AFC5BA4409.tmp' to '../../../../../../Users/johnss18/Documents/SUCCUBE-US/SUCCUBEUS/Saved/Autosaves/Game/Maps/Example_Map_Auto1.umap'
[2014.11.19-21.15.45:724][846]LogFileHelpers: Editor autosave (incl. sublevels) for '/Game/Maps/Example_Map' took 0.702
[2014.11.19-21.15.45:724][846]LogFileHelpers: Editor autosave (incl. sublevels) for all levels took 0.702
[2014.11.19-21.20.52:100][386]LogPlayLevel: PIE:  No blueprints needed recompiling
[2014.11.19-21.20.52:100][386]PIE: New page: PIE session: Example_Map (Nov 19, 2014, 11:20:52 AM)
[2014.11.19-21.20.52:155][386]LogPlayLevel: PIE: StaticDuplicateObject took: (0.055289s)
[2014.11.19-21.20.52:157][386]LogPlayLevel: PIE: World Init took: (0.001622s)
[2014.11.19-21.20.52:157][386]LogPlayLevel: PIE: Created PIE world by copying editor world from /Game/Maps/Example_Map.Example_Map to /Game/Maps/UEDPIE_0_Example_Map.Example_Map (0.057405s)
[2014.11.19-21.20.52:191][386]LogWorld: Game class is 'MyGame_C'
[2014.11.19-21.20.52:193][386]LogAIModule: Creating AISystem for world Example_Map
[2014.11.19-21.20.52:195][386]LogWorld: Bringing World /Game/Maps/UEDPIE_0_Example_Map.Example_Map up for play (max tick rate 60) at 2014.11.19-16.20.52
[2014.11.19-21.20.52:195][386]LogWorld: Bringing up level for play took: 0.002134
[2014.11.19-21.20.52:198][386]PIE: Info Play in editor start time for /Game/Maps/UEDPIE_0_Example_Map -0.611
[2014.11.19-21.21.03:612][928]LogParticles: Destroying 0 GPU particle simulations for FXSystem 0x000000001FBFF7E0
[2014.11.19-21.22.33:248][997]LogEditorViewport: Clicking on Actor (LMB): BP_Sky_Sphere_C (SkySphereBlueprint)
[2014.11.19-21.22.46:944][367]LogContentBrowser:Verbose: The content browser source was changed by the sources view to '/Game/Blueprints'
[2014.11.19-21.22.51:981][534]LogContentBrowser:Verbose: The content browser source was changed by the sources view to '/Game/Character'
[2014.11.19-21.23.06:759][963]LogPlayLevel: PIE:  No blueprints needed recompiling
[2014.11.19-21.23.06:759][963]PIE: New page: PIE session: Example_Map (Nov 19, 2014, 11:23:06 AM)
[2014.11.19-21.23.06:826][963]LogPlayLevel: PIE: StaticDuplicateObject took: (0.066994s)
[2014.11.19-21.23.06:828][963]LogPlayLevel: PIE: World Init took: (0.001700s)
[2014.11.19-21.23.06:829][963]LogPlayLevel: PIE: Created PIE world by copying editor world from /Game/Maps/Example_Map.Example_Map to /Game/Maps/UEDPIE_0_Example_Map.Example_Map (0.069235s)
[2014.11.19-21.23.06:870][963]LogWorld: Game class is 'MyGame_C'
[2014.11.19-21.23.06:873][963]LogAIModule: Creating AISystem for world Example_Map
[2014.11.19-21.23.06:875][963]LogWorld: Bringing World /Game/Maps/UEDPIE_0_Example_Map.Example_Map up for play (max tick rate 60) at 2014.11.19-16.23.06
[2014.11.19-21.23.06:876][963]LogWorld: Bringing up level for play took: 0.002903
[2014.11.19-21.23.06:880][963]PIE: Info Play in editor start time for /Game/Maps/UEDPIE_0_Example_Map 0.069
[2014.11.19-21.24.05:060][783]LogActorComponent: UnregisterComponent: (/Engine/Transient.CharacterMovementComponent_2) Not registered. Aborting.
[2014.11.19-21.24.05:086][783]LogParticles: Destroying 0 GPU particle simulations for FXSystem 0x0000000036398400
[2014.11.19-21.24.26:900][544]LogEditorViewport: Clicking on Actor (context menu): BP_Sky_Sphere_C (SkySphereBlueprint)
[2014.11.19-21.24.28:398][618]LogEditorViewport: Clicking on Actor (LMB): BP_Sky_Sphere_C (SkySphereBlueprint)
[2014.11.19-21.24.34:968][845]LogEditorViewport: Clicking on Actor (LMB): PlayerStart (Player Start)
[2014.11.19-21.24.43:143][107]LogNavigationPoint: PostEditMove Clear paths rebuilt
[2014.11.19-21.25.07:469][904]LogEditorViewport: Clicking on Actor (LMB): SkeletalMeshActor (HeroTPP)
[2014.11.19-21.25.08:591][938]Cmd: DELETE
[2014.11.19-21.25.08:591][938]Cmd: ACTOR DELETE
[2014.11.19-21.25.08:764][938]LogEditorActor: Deleted Actor: SkeletalMeshActor
[2014.11.19-21.25.08:789][938]LogEditorActor: Deleted 1 Actors (0.060 secs)
[2014.11.19-21.25.10:982][  5]LogContentBrowser:Verbose: The content browser source was changed by the sources view to '/Game/Maps'
[2014.11.19-21.25.12:747][ 68]LogContentBrowser:Verbose: The content browser source was changed by the sources view to '/Game/StarterContent'
[2014.11.19-21.25.17:018][216]LogContentBrowser:Verbose: The content browser source was changed by the sources view to '/Game/Animations'
[2014.11.19-21.25.19:002][269]LogContentBrowser:Verbose: The content browser source was changed by the sources view to '/Game/Blueprints'
[2014.11.19-21.26.56:685][978]LogActorComponent: UnregisterComponent: (/Engine/Transient.CharacterMovementComponent_3) Not registered. Aborting.
[2014.11.19-21.26.56:967][978]LogSavePackage: Save=218.864883ms
[2014.11.19-21.26.56:968][978]LogSavePackage: Moving '../../../../../../Users/johnss18/Documents/SUCCUBE-US/SUCCUBEUS/Saved/Example_Map_Auto25E87C2134253A4F8A17B168DA4ED2ED3.tmp' to '../../../../../../Users/johnss18/Documents/SUCCUBE-US/SUCCUBEUS/Saved/Autosaves/Game/Maps/Example_Map_Auto2.umap'
[2014.11.19-21.26.56:974][978]LogFileHelpers: Editor autosave (incl. sublevels) for '/Game/Maps/Example_Map' took 0.289
[2014.11.19-21.26.56:974][978]LogFileHelpers: Editor autosave (incl. sublevels) for all levels took 0.289
[2014.11.19-22.22.50:942][992]LogContentBrowser:Verbose: The content browser source was changed by the sources view to '/Game/Maps'
[2014.11.19-22.22.53:393][ 72]LogActorComponent: UnregisterComponent: (/Engine/Transient.CharacterMovementComponent_4) Not registered. Aborting.
[2014.11.19-22.22.58:134][ 72]Cmd: OBJ SAVEPACKAGE PACKAGE="/Game/Maps/Example_Map" FILE="../../../../../../Users/johnss18/Documents/SUCCUBE-US/SUCCUBEUS/Content/Maps/Example_Map.umap" SILENT=true AUTOSAVING=false KEEPDIRTY=false
[2014.11.19-22.22.58:382][ 72]LogSavePackage: Save=207.731262ms
[2014.11.19-22.22.58:382][ 72]LogSavePackage: Moving '../../../../../../Users/johnss18/Documents/SUCCUBE-US/SUCCUBEUS/Saved/Example_Map81CCB53E43B9C83E5C3755A080B16374.tmp' to '../../../../../../Users/johnss18/Documents/SUCCUBE-US/SUCCUBEUS/Content/Maps/Example_Map.umap'
[2014.11.19-22.22.58:551][ 72]LogFileHelpers: Saving map 'Example_Map' took 2.454
[2014.11.19-22.22.58:657][ 72]Cmd: MAP LOAD FILE="../../../../../../Users/johnss18/Documents/SUCCUBE-US/SUCCUBEUS/Content/Maps/AiSandbox.umap" TEMPLATE=0 SHOWPROGRESS=1
[2014.11.19-22.22.58:658][ 72]LightingResults: New page: Lighting Build
[2014.11.19-22.22.58:795][ 72]LoadErrors: New page: Loading map: AiSandbox.umap
[2014.11.19-22.22.58:795][ 72]MapCheck: New page: Map Check
[2014.11.19-22.22.58:795][ 72]LightingResults: New page: Lighting Build
[2014.11.19-22.22.58:815][ 72]LogParticles: Destroying 0 GPU particle simulations for FXSystem 0x0000000015BD4A40
[2014.11.19-22.22.58:856][ 72]LogEditorServer: Finished looking for orphan Actors (0.000 secs)
[2014.11.19-22.22.58:856][ 72]LogAIModule: Creating AISystem for world AiSandbox
[2014.11.19-22.22.58:917][ 72]Cmd: MAP CHECKDEP
[2014.11.19-22.22.58:923][ 72]MapCheck: New page: AiSandbox - Nov 19, 2014, 12:22:58 PM
[2014.11.19-22.22.59:087][ 72]MapCheck: Info Map check complete: 0 Error(s), 0 Warning(s), took 163.803ms to complete.
[2014.11.19-22.22.59:087][ 72]LogFileHelpers: Loading map 'AiSandbox' took 0.535
[2014.11.19-22.23.04:463][269]Cmd: MAP LOAD FILE="../../../../../../Users/johnss18/Documents/SUCCUBE-US/SUCCUBEUS/Content/Maps/AiSandbox.umap" TEMPLATE=0 SHOWPROGRESS=1
[2014.11.19-22.23.04:463][269]LightingResults: New page: Lighting Build
[2014.11.19-22.23.04:489][269]LoadErrors: New page: Loading map: AiSandbox.umap
[2014.11.19-22.23.04:489][269]MapCheck: New page: Map Check
[2014.11.19-22.23.04:489][269]LightingResults: New page: Lighting Build
[2014.11.19-22.23.04:512][269]LogParticles: Destroying 0 GPU particle simulations for FXSystem 0x0000000027E4C360
[2014.11.19-22.23.04:619][269]LogEditorServer: Finished looking for orphan Actors (0.000 secs)
[2014.11.19-22.23.04:619][269]LogAIModule: Creating AISystem for world AiSandbox
[2014.11.19-22.23.04:630][269]Cmd: MAP CHECKDEP
[2014.11.19-22.23.04:630][269]MapCheck: New page: AiSandbox - Nov 19, 2014, 12:23:04 PM
[2014.11.19-22.23.04:734][269]MapCheck: Info Map check complete: 0 Error(s), 0 Warning(s), took 104.315ms to complete.
[2014.11.19-22.23.04:734][269]LogFileHelpers: Loading map 'AiSandbox' took 0.272
[2014.11.19-23.36.48:436][250]LogHttp:Warning: Timeout processing Http request. 000000001F617AC0 url=http://et2.epicgames.com/ET2/CollectData.1?SessionID=%7B1E5A088B-4CBE-D2B5-2559-3B87BE5F5014%7D&AppID=Rocket.Release&AppVersion=4.5.1-2336687%2B%2B%2Bdepot%2BUE4-Releases%2B4.5&UserID=1cd395ba8454b0fbdf3b67cda2e55af9&IsEditor=1
[2014.11.19-23.36.49:132][251]LogHttp:Warning: InternetStatusCallbackWinInet: on invalid request 000000001F617AC0. 
[2014.11.19-23.36.49:132][251]LogHttp:Warning: InternetStatusCallbackWinInet: on invalid request 000000001F617AC0. 
[2014.11.19-23.36.49:132][251]LogHttp:Warning: InternetStatusCallbackWinInet: on invalid request 000000001F617AC0. 
[2014.11.20-01.35.36:406][495]Cmd: QUIT_EDITOR
[2014.11.20-01.35.37:508][495]LogExit: Preparing to exit.
[2014.11.20-01.35.38:333][495]LogExit: Editor shut down
[2014.11.20-01.35.38:334][495]LogExit: Transaction tracking system shut down
[2014.11.20-01.35.38:335][495]LogParticles: Destroying 0 GPU particle simulations for FXSystem 0x000000001F8968E0
[2014.11.20-01.35.39:739][495]LogParticles: Destroying 0 GPU particle simulations for FXSystem 0x000000002139F1A0
[2014.11.20-01.35.39:739][495]LogParticles: Destroying 0 GPU particle simulations for FXSystem 0x000000002CB78EA0
[2014.11.20-01.35.39:739][495]LogParticles: Destroying 0 GPU particle simulations for FXSystem 0x000000002300C5E0
[2014.11.20-01.35.39:739][495]LogParticles: Destroying 0 GPU particle simulations for FXSystem 0x00000000193D04A0
[2014.11.20-01.35.39:739][495]LogParticles: Destroying 0 GPU particle simulations for FXSystem 0x000000002EE68360
[2014.11.20-01.35.39:739][495]LogParticles: Destroying 0 GPU particle simulations for FXSystem 0x0000000012414D60
[2014.11.20-01.35.39:739][495]LogParticles: Destroying 0 GPU particle simulations for FXSystem 0x0000000012414680
[2014.11.20-01.35.39:739][495]LogParticles: Destroying 0 GPU particle simulations for FXSystem 0x0000000012415120
[2014.11.20-01.35.39:739][495]LogExit: Object subsystem successfully closed.
[2014.11.20-01.35.42:900][495]LogModuleManager: Shutting down and abandoning module AndroidDeviceDetection (166)
[2014.11.20-01.35.42:900][495]LogModuleManager: Shutting down and abandoning module CrashTracker (165)
[2014.11.20-01.35.42:900][495]LogModuleManager: Shutting down and abandoning module SuperSearch (164)
[2014.11.20-01.35.42:900][495]LogModuleManager: Shutting down and abandoning module SceneOutliner (163)
[2014.11.20-01.35.42:900][495]LogModuleManager: Shutting down and abandoning module EditorWidgets (162)
[2014.11.20-01.35.42:900][495]LogModuleManager: Shutting down and abandoning module CollectionManager (161)
[2014.11.20-01.35.42:921][495]LogModuleManager: Shutting down and abandoning module StatsViewer (160)
[2014.11.20-01.35.42:963][495]LogModuleManager: Shutting down and abandoning module FoliageEdit (159)
[2014.11.20-01.35.42:978][495]LogModuleManager: Shutting down and abandoning module LandscapeEditor (158)
[2014.11.20-01.35.42:998][495]LogModuleManager: Shutting down and abandoning module MeshPaint (157)
[2014.11.20-01.35.43:012][495]LogModuleManager: Shutting down and abandoning module ActorPickerMode (156)
[2014.11.20-01.35.43:012][495]LogModuleManager: Shutting down and abandoning module GeometryMode (155)
[2014.11.20-01.35.43:012][495]LogModuleManager: Shutting down and abandoning module TextureAlignMode (154)
[2014.11.20-01.35.43:012][495]LogModuleManager: Shutting down and abandoning module BspMode (153)
[2014.11.20-01.35.43:012][495]LogModuleManager: Shutting down and abandoning module PlacementMode (152)
[2014.11.20-01.35.43:012][495]LogModuleManager: Shutting down and abandoning module AutomationWorker (151)
[2014.11.20-01.35.43:012][495]LogModuleManager: Shutting down and abandoning module CharacterAI (150)
[2014.11.20-01.35.43:012][495]LogModuleManager: Shutting down and abandoning module GameProjectGeneration (149)
[2014.11.20-01.35.43:062][495]LogModuleManager: Shutting down and abandoning module IntroTutorials (148)
[2014.11.20-01.35.43:124][495]LogModuleManager: Shutting down and abandoning module EditorLiveStreaming (147)
[2014.11.20-01.35.43:124][495]LogModuleManager: Shutting down and abandoning module HardwareTargeting (146)
[2014.11.20-01.35.43:124][495]LogModuleManager: Shutting down and abandoning module BehaviorTreeEditor (145)
[2014.11.20-01.35.43:180][495]LogModuleManager: Shutting down and abandoning module DeviceProfileEditor (144)
[2014.11.20-01.35.43:195][495]LogModuleManager: Shutting down and abandoning module UndoHistory (143)
[2014.11.20-01.35.43:195][495]LogModuleManager: Shutting down and abandoning module GameplayTagsEditor (142)
[2014.11.20-01.35.43:224][495]LogModuleManager: Shutting down and abandoning module UserFeedback (141)
[2014.11.20-01.35.43:224][495]LogModuleManager: Shutting down and abandoning module XmlParser (140)
[2014.11.20-01.35.43:231][495]LogModuleManager: Shutting down and abandoning module Blutility (139)
[2014.11.20-01.35.43:231][495]LogModuleManager: Shutting down and abandoning module IOSPlatformEditor (138)
[2014.11.20-01.35.43:231][495]LogModuleManager: Shutting down and abandoning module IOSRuntimeSettings (137)
[2014.11.20-01.35.43:231][495]LogModuleManager: Shutting down and abandoning module AndroidPlatformEditor (136)
[2014.11.20-01.35.43:231][495]LogModuleManager: Shutting down and abandoning module AndroidRuntimeSettings (135)
[2014.11.20-01.35.43:231][495]LogModuleManager: Shutting down and abandoning module ProjectTargetPlatformEditor (134)
[2014.11.20-01.35.43:231][495]LogModuleManager: Shutting down and abandoning module ProjectSettingsViewer (133)
[2014.11.20-01.35.43:231][495]LogModuleManager: Shutting down and abandoning module InputBindingEditor (132)
[2014.11.20-01.35.43:252][495]LogModuleManager: Shutting down and abandoning module EditorSettingsViewer (131)
[2014.11.20-01.35.43:252][495]LogModuleManager: Shutting down and abandoning module SettingsEditor (130)
[2014.11.20-01.35.43:267][495]LogModuleManager: Shutting down and abandoning module ProjectLauncher (129)
[2014.11.20-01.35.43:293][495]LogModuleManager: Shutting down and abandoning module SessionFrontend (128)
[2014.11.20-01.35.43:310][495]LogModuleManager: Shutting down and abandoning module ProfilerClient (127)
[2014.11.20-01.35.43:324][495]LogModuleManager: Shutting down and abandoning module TargetDeviceServices (126)
[2014.11.20-01.35.43:324][495]LogModuleManager: Shutting down and abandoning module DeviceManager (125)
[2014.11.20-01.35.43:354][495]LogModuleManager: Shutting down and abandoning module AutomationController (124)
[2014.11.20-01.35.43:403][495]LogModuleManager: Shutting down and abandoning module AutomationWindow (123)
[2014.11.20-01.35.43:425][495]LogModuleManager: Shutting down and abandoning module Layers (122)
[2014.11.20-01.35.43:481][495]LogModuleManager: Shutting down and abandoning module ComponentVisualizers (121)
[2014.11.20-01.35.43:481][495]LogModuleManager: Shutting down and abandoning module DetailCustomizations (120)
[2014.11.20-01.35.43:533][495]LogModuleManager: Shutting down and abandoning module PackagesDialog (119)
[2014.11.20-01.35.43:534][495]LogModuleManager: Shutting down and abandoning module AssetRegistry (118)
[2014.11.20-01.35.43:636][495]LogModuleManager: Shutting down and abandoning module Persona (117)
[2014.11.20-01.35.43:694][495]LogModuleManager: Shutting down and abandoning module Kismet (116)
[2014.11.20-01.35.43:711][495]LogModuleManager: Shutting down and abandoning module GraphEditor (115)
[2014.11.20-01.35.43:734][495]LogModuleManager: Shutting down and abandoning module ClassViewer (114)
[2014.11.20-01.35.43:734][495]LogModuleManager: Shutting down and abandoning module Toolbox (113)
[2014.11.20-01.35.43:734][495]LogModuleManager: Shutting down and abandoning module ModuleUI (112)
[2014.11.20-01.35.43:767][495]LogModuleManager: Shutting down and abandoning module MovieSceneTools (111)
[2014.11.20-01.35.43:855][495]LogModuleManager: Shutting down and abandoning module OutputLog (110)
[2014.11.20-01.35.43:876][495]LogModuleManager: Shutting down and abandoning module GammaUI (109)
[2014.11.20-01.35.43:889][495]LogModuleManager: Shutting down and abandoning module Documentation (108)
[2014.11.20-01.35.43:890][495]LogModuleManager: Shutting down and abandoning module GameLiveStreaming (107)
[2014.11.20-01.35.43:915][495]LogModuleManager: Shutting down and abandoning module StreamingPauseRendering (106)
[2014.11.20-01.35.43:930][495]LogModuleManager: Shutting down and abandoning module HTTP (105)
[2014.11.20-01.35.43:930][495]LogModuleManager: Shutting down and abandoning module AnalyticsET (104)
[2014.11.20-01.35.43:930][495]LogModuleManager: Shutting down and abandoning module Analytics (103)
[2014.11.20-01.35.43:930][495]LogModuleManager: Shutting down and abandoning module GameplayDebugger (102)
[2014.11.20-01.35.43:942][495]LogModuleManager: Shutting down and abandoning module AIModule (101)
[2014.11.20-01.35.43:974][495]LogModuleManager: Shutting down and abandoning module ProfilerService (100)
[2014.11.20-01.35.43:999][495]LogModuleManager: Shutting down and abandoning module TaskGraph (99)
[2014.11.20-01.35.44:031][495]LogModuleManager: Shutting down and abandoning module SlateRemote (98)
[2014.11.20-01.35.44:050][495]LogModuleManager: Shutting down and abandoning module ScriptEditorPlugin (97)
[2014.11.20-01.35.44:050][495]LogModuleManager: Shutting down and abandoning module CustomMeshComponent (96)
[2014.11.20-01.35.44:050][495]LogModuleManager: Shutting down and abandoning module CableComponent (95)
[2014.11.20-01.35.44:050][495]LogModuleManager: Shutting down and abandoning module MessagingDebugger (94)
[2014.11.20-01.35.44:159][495]LogModuleManager: Shutting down and abandoning module MediaPlayerEditor (93)
[2014.11.20-01.35.44:169][495]LogModuleManager: Shutting down and abandoning module SpeedTreeImporter (92)
[2014.11.20-01.35.44:169][495]LogModuleManager: Shutting down and abandoning module PluginsEditor (91)
[2014.11.20-01.35.44:202][495]LogModuleManager: Shutting down and abandoning module EpicSurvey (90)
[2014.11.20-01.35.44:235][495]LogModuleManager: Shutting down and abandoning module DesktopPlatform (89)
[2014.11.20-01.35.44:249][495]LogModuleManager: Shutting down and abandoning module VisualStudioSourceCodeAccess (88)
[2014.11.20-01.35.44:277][495]LogModuleManager: Shutting down and abandoning module UObjectPlugin (87)
[2014.11.20-01.35.44:277][495]LogModuleManager: Shutting down and abandoning module SubversionSourceControl (86)
[2014.11.20-01.35.44:291][495]LogModuleManager: Shutting down and abandoning module SourceControl (85)
[2014.11.20-01.35.44:292][495]LogModuleManager: Shutting down and abandoning module PerforceSourceControl (84)
[2014.11.20-01.35.44:318][495]LogModuleManager: Shutting down and abandoning module BlankPlugin (83)
[2014.11.20-01.35.44:318][495]LogModuleManager: Shutting down and abandoning module SlateReflector (82)
[2014.11.20-01.35.44:338][495]LogModuleManager: Shutting down and abandoning module DirectoryWatcher (81)
[2014.11.20-01.35.44:361][495]LogModuleManager: Shutting down and abandoning module HotReload (80)
[2014.11.20-01.35.44:376][495]LogModuleManager: Shutting down and abandoning module MainFrame (79)
[2014.11.20-01.35.44:404][495]LogModuleManager: Shutting down and abandoning module LevelEditor (78)
[2014.11.20-01.35.44:411][495]LogModuleManager: Shutting down and abandoning module ViewportSnapping (77)
[2014.11.20-01.35.44:411][495]LogModuleManager: Shutting down and abandoning module SmartSnapping (76)
[2014.11.20-01.35.44:411][495]LogModuleManager: Shutting down and abandoning module PaperTiledImporter (75)
[2014.11.20-01.35.44:411][495]LogModuleManager: Shutting down and abandoning module PaperJsonImporter (74)
[2014.11.20-01.35.44:418][495]LogModuleManager: Shutting down and abandoning module ContentBrowser (73)
[2014.11.20-01.35.44:495][495]LogModuleManager: Shutting down and abandoning module PropertyEditor (72)
[2014.11.20-01.35.44:495][495]LogModuleManager: Shutting down and abandoning module Paper2DEditor (71)
[2014.11.20-01.35.44:523][495]LogModuleManager: Shutting down and abandoning module ScriptPlugin (70)
[2014.11.20-01.35.44:536][495]LogModuleManager: Shutting down and abandoning module UdpMessaging (69)
[2014.11.20-01.35.44:636][495]LogModuleManager: Shutting down and abandoning module Paper2D (68)
[2014.11.20-01.35.44:651][495]LogModuleManager: Shutting down and abandoning module WindowsMoviePlayer (67)
[2014.11.20-01.35.44:772][495]LogModuleManager: Shutting down and abandoning module Media (66)
[2014.11.20-01.35.44:788][495]LogModuleManager: Shutting down and abandoning module WmfMedia (65)
[2014.11.20-01.35.44:850][495]LogModuleManager: Shutting down and abandoning module OnlineBlueprintSupport (64)
[2014.11.20-01.35.44:850][495]LogModuleManager: Shutting down and abandoning module FunctionalTesting (63)
[2014.11.20-01.35.44:850][495]LogModuleManager: Shutting down and abandoning module CollisionAnalyzer (62)
[2014.11.20-01.35.44:863][495]LogModuleManager: Shutting down and abandoning module WorkspaceMenuStructure (61)
[2014.11.20-01.35.44:880][495]LogModuleManager: Shutting down and abandoning module MessageLog (60)
[2014.11.20-01.35.44:880][495]LogModuleManager: Shutting down and abandoning module Sequencer (59)
[2014.11.20-01.35.44:898][495]LogModuleManager: Shutting down and abandoning module AssetTools (58)
[2014.11.20-01.35.44:969][495]LogModuleManager: Shutting down and abandoning module UMGEditor (57)
[2014.11.20-01.35.45:001][495]LogModuleManager: Shutting down and abandoning module UMG (56)
[2014.11.20-01.35.45:015][495]LogModuleManager: Shutting down and abandoning module Slate (55)
[2014.11.20-01.35.45:015][495]LogModuleManager: Shutting down and abandoning module EditorStyle (54)
[2014.11.20-01.35.45:153][495]LogModuleManager: Shutting down and abandoning module SessionServices (53)
[2014.11.20-01.35.45:153][495]LogModuleManager: Shutting down and abandoning module SourceCodeAccess (52)
[2014.11.20-01.35.45:153][495]LogModuleManager: Shutting down and abandoning module HeadMountedDisplay (51)
[2014.11.20-01.35.45:153][495]LogModuleManager: Shutting down and abandoning module XAudio2 (50)
[2014.11.20-01.35.45:153][495]LogModuleManager: Shutting down and abandoning module Networking (48)
[2014.11.20-01.35.45:153][495]LogModuleManager: Shutting down and abandoning module Core (47)
[2014.11.20-01.35.45:153][495]LogModuleManager: Shutting down and abandoning module KismetCompiler (46)
[2014.11.20-01.35.45:153][495]LogModuleManager: Shutting down and abandoning module PhysXFormats (45)
[2014.11.20-01.35.45:153][495]LogModuleManager: Shutting down and abandoning module MeshUtilities (44)
[2014.11.20-01.35.45:176][495]LogModuleManager: Shutting down and abandoning module DerivedDataCache (43)
[2014.11.20-01.35.45:214][495]LogDerivedDataCache: Shutdown
[2014.11.20-01.35.45:214][495]LogModuleManager: Shutting down and abandoning module ShaderFormatOpenGL (42)
[2014.11.20-01.35.45:229][495]LogModuleManager: Shutting down and abandoning module ShaderFormatD3D (41)
[2014.11.20-01.35.45:246][495]LogModuleManager: Shutting down and abandoning module MetalShaderFormat (40)
[2014.11.20-01.35.45:254][495]LogModuleManager: Shutting down and abandoning module TextureFormatUncompressed (39)
[2014.11.20-01.35.45:266][495]LogModuleManager: Shutting down and abandoning module TextureFormatPVR (38)
[2014.11.20-01.35.45:299][495]LogModuleManager: Shutting down and abandoning module TextureFormatDXT (37)
[2014.11.20-01.35.45:311][495]LogModuleManager: Shutting down and abandoning module TextureFormatAndroid (36)
[2014.11.20-01.35.45:326][495]LogModuleManager: Shutting down and abandoning module AudioFormatOpus (35)
[2014.11.20-01.35.45:326][495]LogModuleManager: Shutting down and abandoning module AudioFormatOgg (34)
[2014.11.20-01.35.45:326][495]LogModuleManager: Shutting down and abandoning module AudioFormatADPCM (33)
[2014.11.20-01.35.45:326][495]LogModuleManager: Shutting down and abandoning module Messaging (32)
[2014.11.20-01.35.45:326][495]LogModuleManager: Shutting down and abandoning module IOSTargetPlatform (31)
[2014.11.20-01.35.45:326][495]LogModuleManager: Shutting down and abandoning module Android_PVRTCTargetPlatform (30)
[2014.11.20-01.35.45:326][495]LogModuleManager: Shutting down and abandoning module Android_ETC2TargetPlatform (29)
[2014.11.20-01.35.45:326][495]LogModuleManager: Shutting down and abandoning module Android_ETC1TargetPlatform (28)
[2014.11.20-01.35.45:326][495]LogModuleManager: Shutting down and abandoning module Android_DXTTargetPlatform (27)
[2014.11.20-01.35.45:326][495]LogModuleManager: Shutting down and abandoning module Android_ATCTargetPlatform (26)
[2014.11.20-01.35.45:326][495]LogModuleManager: Shutting down and abandoning module AndroidTargetPlatform (25)
[2014.11.20-01.35.45:326][495]LogModuleManager: Shutting down and abandoning module WindowsTargetPlatform (24)
[2014.11.20-01.35.45:326][495]LogModuleManager: Shutting down and abandoning module WindowsServerTargetPlatform (23)
[2014.11.20-01.35.45:326][495]LogModuleManager: Shutting down and abandoning module WindowsNoEditorTargetPlatform (22)
[2014.11.20-01.35.45:326][495]LogModuleManager: Shutting down and abandoning module WindowsClientTargetPlatform (21)
[2014.11.20-01.35.45:326][495]LogModuleManager: Shutting down and abandoning module TargetPlatform (20)
[2014.11.20-01.35.45:344][495]LogModuleManager: Shutting down and abandoning module InputCore (19)
[2014.11.20-01.35.45:344][495]LogModuleManager: Shutting down and abandoning module Settings (18)
[2014.11.20-01.35.45:344][495]LogModuleManager: Shutting down and abandoning module ImageWrapper (17)
[2014.11.20-01.35.45:344][495]LogModuleManager: Shutting down and abandoning module OculusRift (14)
[2014.11.20-01.35.45:366][495]LogModuleManager: Shutting down and abandoning module ExampleDeviceProfileSelector (13)
[2014.11.20-01.35.45:382][495]LogModuleManager: Shutting down and abandoning module TextureCompressor (12)
[2014.11.20-01.35.45:382][495]LogModuleManager: Shutting down and abandoning module ShaderCore (11)
[2014.11.20-01.35.45:382][495]LogModuleManager: Shutting down and abandoning module SlateRHIRenderer (10)
[2014.11.20-01.35.45:430][495]LogModuleManager: Shutting down and abandoning module OpenGLDrv (9)
[2014.11.20-01.35.45:442][495]LogModuleManager: Shutting down and abandoning module D3D11RHI (8)
[2014.11.20-01.35.45:442][495]LogModuleManager: Shutting down and abandoning module Renderer (7)
[2014.11.20-01.35.45:442][495]LogModuleManager: Shutting down and abandoning module Engine (6)
[2014.11.20-01.35.45:442][495]LogModuleManager: Shutting down and abandoning module CoreUObject (5)
[2014.11.20-01.35.45:442][495]LogModuleManager: Shutting down and abandoning module NetworkFile (4)
[2014.11.20-01.35.45:465][495]LogModuleManager: Shutting down and abandoning module StreamingFile (3)
[2014.11.20-01.35.45:482][495]LogModuleManager: Shutting down and abandoning module SandboxFile (2)
[2014.11.20-01.35.45:508][495]LogModuleManager: Shutting down and abandoning module PakFile (1)
[2014.11.20-01.35.45:574][495]LogExit: Exiting.
[2014.11.20-01.35.45:606][495]Log file closed, 11/19/14 20:35:45
