Log file open, 12/01/14 02:44:05
LogInit:Display: Running engine for game: SUCCUBEUS
LogInit: Version: 4.5.1-2336687+++depot+UE4-Releases+4.5
LogInit: API Version: 2326478
LogInit: Compiled (64-bit): Oct 21 2014 22:32:40
LogInit: Compiled with Visual C++: 18.00.21005.01
LogInit: Build Configuration: Development
LogInit: Branch Name: ++depot+UE4-Releases+4.5
LogInit: Command line:  
LogInit: Base directory: C:/Program Files/Epic Games/4.5/Engine/Binaries/Win64/
LogInit: Rocket: 1
[2014.12.01-07.44.05:503][  0]LogTaskGraph: Started task graph with 3 named threads and 4 total threads.
[2014.12.01-07.44.05:530][  0]LogOnline:Warning: No default platform service specified for OnlineSubsystem
[2014.12.01-07.44.05:546][  0]LogInit: Presizing for 0 objects not considered by GC, pre-allocating 0 bytes.
[2014.12.01-07.44.05:555][  0]LogInit: Object subsystem initialized
[2014.12.01-07.44.05:558][  0]LogConsoleResponse:Warning: Skipping Unknown console variable: 'UIScaleRule = ShortestSide'
[2014.12.01-07.44.05:558][  0]LogConsoleResponse:Warning:   Found in ini file 'C:/Users/johnss18/Documents/SUCCUBE-US/SUCCUBEUS/Saved/Config/Windows/Engine.ini', in section '[/Script/Engine.RendererSettings]'
[2014.12.01-07.44.05:558][  0]LogConsoleResponse:Warning: Skipping Unknown console variable: 'UIScaleCurve = (EditorCurveData=(Keys=((Time=480.000000,Value=0.444000),(Time=720.000000,Value=0.666000),(Time=1080.000000,Value=1.000000),(Time=8640.000000,Value=8.000000))),ExternalCurve=None)'
[2014.12.01-07.44.05:558][  0]LogConsoleResponse:Warning:   Found in ini file 'C:/Users/johnss18/Documents/SUCCUBE-US/SUCCUBEUS/Saved/Config/Windows/Engine.ini', in section '[/Script/Engine.RendererSettings]'
[2014.12.01-07.44.05:558][  0]LogInit: Selected Device Profile: [Windows]
[2014.12.01-07.44.05:558][  0]LogInit: Applying CVar settings loaded from the selected device profile: [Windows]
[2014.12.01-07.44.05:565][  0]LogInit: Computer: JOHNSS18-PC
[2014.12.01-07.44.05:565][  0]LogInit: User: johnss18
[2014.12.01-07.44.05:567][  0]LogInit: CPU Page size=4096, Cores=2
[2014.12.01-07.44.05:567][  0]LogInit: High frequency timer resolution =2.728232 MHz
[2014.12.01-07.44.05:567][  0]LogMemory: Memory total: Physical=7.7GB (8GB approx) Virtual=8192.0GB
[2014.12.01-07.44.05:567][  0]LogMemory: Platform Memory Stats for Windows
[2014.12.01-07.44.05:567][  0]LogMemory: Process Physical Memory: 64.01 MB used, 64.01 MB peak
[2014.12.01-07.44.05:567][  0]LogMemory: Process Virtual Memory: 41.31 MB used, 41.31 MB peak
[2014.12.01-07.44.05:567][  0]LogMemory: Physical Memory: 4995.18 MB used, 7915.94 MB total
[2014.12.01-07.44.05:567][  0]LogMemory: Virtual Memory: 278.36 MB used, 8388608.00 MB total
[2014.12.01-07.44.05:600][  0]LogD3D11RHI: Found D3D11 adapter 0: Intel(R) HD Graphics 4000 (Feature Level 11_0)
[2014.12.01-07.44.05:600][  0]LogD3D11RHI: Adapter has 64MB of dedicated video memory, 0MB of dedicated system memory, and 1632MB of shared system memory, 1 output[s]
[2014.12.01-07.44.05:600][  0]LogD3D11RHI: Chosen D3D11 Adapter Id = 0
[2014.12.01-07.44.05:607][  0]LogRHI: Texture pool is 616 MB (70% of 880 MB)
[2014.12.01-07.44.05:617][  0]LogD3D11RHI: Async texture creation enabled
[2014.12.01-07.44.05:659][  0]LogTextLocalizationManager: The requested culture ('en_US') has no localization data; parent culture's ('en') localization data will be used.
[2014.12.01-07.44.05:785][  0]LogContentStreaming: Texture pool size is 0.000000MB
[2014.12.01-07.44.10:467][  0]LogTargetPlatformManager:Display: Building Assets For Windows
[2014.12.01-07.44.10:842][  0]LogTargetPlatformManager:Display: Building Assets For Windows
[2014.12.01-07.44.10:888][  0]LogDerivedDataCache:Display: Max Cache Size: 512 MB
[2014.12.01-07.44.11:396][  0]LogDerivedDataCache: Loaded boot cache 0.51s 39MB C:/Users/johnss18/AppData/Local/UnrealEngine/4.5/DerivedDataCache/Boot.ddc.
[2014.12.01-07.44.11:396][  0]LogDerivedDataCache:Display: Loaded Boot cache: C:/Users/johnss18/AppData/Local/UnrealEngine/4.5/DerivedDataCache/Boot.ddc
[2014.12.01-07.44.11:396][  0]LogDerivedDataCache: FDerivedDataBackendGraph:  Pak pak cache file ../../../../../../Users/johnss18/Documents/SUCCUBE-US/SUCCUBEUS/DerivedDataCache/DDC.ddp not found, will not use a pak cache.
[2014.12.01-07.44.11:396][  0]LogDerivedDataCache: Unable to find inner node Pak for hierarchical cache Hierarchy.
[2014.12.01-07.44.11:460][  0]LogDerivedDataCache:Display: Pak cache opened for reading ../../../Engine/DerivedDataCache/DDC.ddp.
[2014.12.01-07.44.11:471][  0]LogDerivedDataCache: Using Local data cache path C:/Users/johnss18/AppData/Local/UnrealEngine/Common/DerivedDataCache: Writable
[2014.12.01-07.44.11:629][  0]LogMeshUtilities: No automatic mesh reduction module available
[2014.12.01-07.44.11:629][  0]LogMeshUtilities: No automatic mesh merging module available
[2014.12.01-07.44.11:866][  0]LogLinker:Warning: Asset '../../../Engine/Content/Functions/Engine_MaterialFunctions02/Texturing/FlipBook.uasset' has been saved with empty engine version. The asset will be loaded but may be incompatible.
[2014.12.01-07.44.11:869][  0]LogLinker:Warning: Asset '../../../Engine/Content/Functions/Engine_MaterialFunctions02/ExampleContent/Textures/flipbook.uasset' has been saved with empty engine version. The asset will be loaded but may be incompatible.
[2014.12.01-07.44.12:027][  0]LogInit: WinSock: version 1.1 (2.2), MaxSocks=32767, MaxUdp=65467
[2014.12.01-07.44.25:583][  0]UdpMessaging: Initializing bridge on interface 0.0.0.0:0 to multicast group 230.0.0.1:6666.
[2014.12.01-07.44.25:736][  0]LogDirectoryWatcher:Warning: Failed to begin reading directory changes for C:/Users/johnss18/Documents/SUCCUBE-US/SUCCUBEUS/Binaries/Win64. Error: 0
[2014.12.01-07.44.25:858][  0]SourceControl: Info Source control is disabled
[2014.12.01-07.44.25:858][  0]SourceControl: Info Source control is disabled
[2014.12.01-07.44.25:864][  0]SourceControl: Info Source control is disabled
[2014.12.01-07.44.25:966][  0]LogObj: 22915 objects as part of root set at end of initial load.
[2014.12.01-07.44.25:966][  0]LogUObjectAllocator: 4803536 out of 0 bytes used by permanent object pool.
[2014.12.01-07.44.26:018][  0]LogEngine: Initializing Engine...
[2014.12.01-07.44.26:143][  0]LogInit: XAudio2 using 'Speaker/HP (Realtek High Definition Audio)' : 2 channels at 48 kHz using 32 bits per sample (channel mask 0x3)
[2014.12.01-07.44.26:223][  0]LogInit: FAudioDevice initialized.
[2014.12.01-07.44.26:240][  0]LogAIModule: Creating AISystem for world NewWorld
[2014.12.01-07.44.26:262][  0]LogDerivedDataCache: Saved boot cache 0.02s 39MB C:/Users/johnss18/AppData/Local/UnrealEngine/4.5/DerivedDataCache/Boot.ddc.
[2014.12.01-07.44.26:266][  0]LogInit: Texture streaming: Enabled
[2014.12.01-07.44.26:307][  0]LogInit: Transaction tracking system initialized
[2014.12.01-07.44.26:392][  0]BlueprintLog: New page: Editor Load
[2014.12.01-07.44.26:419][  0]LogAssetRegistry: FAssetRegistry took 0.0094 seconds to start up
[2014.12.01-07.44.26:419][  0]LogDirectoryWatcher:Warning: Failed to begin reading directory changes for ../../../Engine/Plugins/Experimental/CharacterAI/Content/. Error: 0
[2014.12.01-07.44.26:941][  0]LogTargetPlatformManager:Display: Building Assets For Windows
[2014.12.01-07.44.27:311][  0]LogTargetPlatformManager:Display: Building Assets For Windows
[2014.12.01-07.44.27:542][  0]LogConsoleResponse:Display: 
[2014.12.01-07.44.28:686][  0]SourceControl: Info Source control is disabled
[2014.12.01-07.45.32:681][  0]Cmd: MAP LOAD FILE="../../../../../../Users/johnss18/Documents/SUCCUBE-US/SUCCUBEUS/Content/Maps/Example_Map.umap" TEMPLATE=0 SHOWPROGRESS=1
[2014.12.01-07.45.32:681][  0]LightingResults: New page: Lighting Build
[2014.12.01-07.45.32:690][  0]MapCheck: New page: Map Check
[2014.12.01-07.45.32:690][  0]LightingResults: New page: Lighting Build
[2014.12.01-07.45.32:705][  0]LogParticles: Destroying 0 GPU particle simulations for FXSystem 0x000000001A069A80
[2014.12.01-07.45.33:043][  0]LogEditorServer: Finished looking for orphan Actors (0.000 secs)
[2014.12.01-07.45.33:044][  0]LogAIModule: Creating AISystem for world Example_Map
[2014.12.01-07.45.33:044][  0]Cmd: MAP CHECKDEP
[2014.12.01-07.45.33:044][  0]MapCheck: New page: Example_Map - Nov 30, 2014, 9:45:33 PM
[2014.12.01-07.45.33:132][  0]MapCheck: Info Map check complete: 0 Error(s), 0 Warning(s), took 88.132ms to complete.
[2014.12.01-07.45.33:132][  0]LogFileHelpers: Loading map 'Example_Map' took 0.452
[2014.12.01-07.45.33:175][  0]LogStats:Warning: MetaData mismatch. Did you assign a stat to two groups? New //STATGROUP_Threads//SplashScreenThread///Thread_4fd0_0///////STATCAT_Advanced//// old //STATGROUP_Threads//SplashScreenThread///Thread_2c58_0///////STATCAT_Advanced////
[2014.12.01-07.45.33:175][  0]LogCollectionManager: Loaded 0 collections in 0.000930 seconds
[2014.12.01-07.45.33:302][  0]LogCrashTracker: Crashtracker disabled due to settings.
[2014.12.01-07.45.33:329][  0]LogUObjectGlobals:Warning: Failed to find object 'Class None.'
[2014.12.01-07.45.33:369][  0]LogLoad: Full Startup: 89.88 seconds (BP compile: 0.08 seconds)
[2014.12.01-07.45.33:391][  0]LogContentBrowser:Verbose: The content browser source was changed by the sources view to '/Game/Maps'
[2014.12.01-07.45.33:551][  0]LogRenderer:Warning: Reallocating scene render targets to support 944x728.
[2014.12.01-07.45.34:843][  2]LogAssetRegistry: Asset discovery search completed in 68.4320 seconds
[2014.12.01-07.45.48:916][509]LogContentBrowser:Verbose: The content browser source was changed by the sources view to '/Game/Blueprints'
[2014.12.01-07.52.36:639][708]LogSlate:Warning: GetFontFace failed to load or process 'Roboto-Regular'
[2014.12.01-07.52.36:639][708]LogSlate:Warning: GetFontFace failed to load or process 'Roboto-Regular'
[2014.12.01-07.52.36:641][708]LogSlate:Warning: GetFontFace failed to load or process 'Roboto-Regular'
[2014.12.01-07.52.36:641][708]LogSlate:Warning: GetFontFace failed to load or process 'Roboto-Regular'
[2014.12.01-07.52.36:641][708]LogSlate:Warning: GetFontFace failed to load or process 'Roboto-Regular'
[2014.12.01-07.52.36:641][708]LogSlate:Warning: GetFontFace failed to load or process 'Roboto-Regular'
[2014.12.01-07.52.36:642][708]LogSlate:Warning: GetFontFace failed to load or process 'Roboto-Regular'
[2014.12.01-07.52.36:642][708]LogSlate:Warning: GetFontFace failed to load or process 'Roboto-Regular'
[2014.12.01-07.52.36:642][708]LogSlate:Warning: GetFontFace failed to load or process 'Roboto-Regular'
[2014.12.01-07.52.36:642][708]LogSlate:Warning: GetFontFace failed to load or process 'Roboto-Regular'
[2014.12.01-07.52.36:642][708]LogSlate:Warning: GetFontFace failed to load or process 'Roboto-Regular'
[2014.12.01-07.52.36:642][708]LogSlate:Warning: GetFontFace failed to load or process 'Roboto-Regular'
[2014.12.01-07.52.36:642][708]LogSlate:Warning: GetFontFace failed to load or process 'Roboto-Regular'
[2014.12.01-07.52.36:642][708]LogSlate:Warning: GetFontFace failed to load or process 'Roboto-Regular'
[2014.12.01-07.52.36:642][708]LogSlate:Warning: GetFontFace failed to load or process 'Roboto-Regular'
[2014.12.01-07.52.36:642][708]LogSlate:Warning: GetFontFace failed to load or process 'Roboto-Regular'
[2014.12.01-07.52.36:642][708]LogSlate:Warning: GetFontFace failed to load or process 'Roboto-Regular'
[2014.12.01-07.52.36:642][708]LogSlate:Warning: GetFontFace failed to load or process 'Roboto-Regular'
[2014.12.01-07.52.36:642][708]LogSlate:Warning: GetFontFace failed to load or process 'Roboto-Regular'
[2014.12.01-07.52.47:047][261]LogWindowsTextInputMethodSystem:Error: Deactivating a context failed while setting focus to the disabled TSF document manager.
[2014.12.01-07.52.54:576][664]LogWindowsTextInputMethodSystem:Error: Deactivating a context failed while setting focus to the disabled TSF document manager.
[2014.12.01-07.55.34:841][232]LogActorComponent: UnregisterComponent: (/Engine/Transient.CharacterMovementComponent_0) Not registered. Aborting.
[2014.12.01-07.55.34:841][232]LogActorComponent: UnregisterComponent: (/Engine/Transient.ProjectileMovementComponent_0) Not registered. Aborting.
[2014.12.01-07.55.34:882][232]LogFileHelpers: Editor autosave (incl. sublevels) for '/Game/Maps/Example_Map' took 0.041
[2014.12.01-07.55.34:890][232]OBJ SavePackage: Generating thumbnails for [1] asset(s) in package [/Game/Blueprints/MyCharacter] ([1] browsable assets)...
[2014.12.01-07.55.34:918][232]OBJ SavePackage:     Rendered thumbnail for [Blueprint /Game/Blueprints/MyCharacter.MyCharacter]
[2014.12.01-07.55.34:918][232]OBJ SavePackage: Finished generating thumbnails for package [/Game/Blueprints/MyCharacter]
[2014.12.01-07.55.35:170][232]LogSavePackage: Save=226.498703ms
[2014.12.01-07.55.35:170][232]LogSavePackage: Moving '../../../../../../Users/johnss18/Documents/SUCCUBE-US/SUCCUBEUS/Saved/MyCharacter_Auto14C73793E41426ACBCA35FFAFA50A6848.tmp' to '../../../../../../Users/johnss18/Documents/SUCCUBE-US/SUCCUBEUS/Saved/Autosaves/Game/Blueprints/MyCharacter_Auto1.uasset'
[2014.12.01-07.55.35:180][232]LogFileHelpers: Auto-saving content packages took 0.298
[2014.12.01-08.02.07:071][703]LogContentBrowser:Verbose: The content browser source was changed by the sources view to '/Game/Blueprints'
[2014.12.01-08.04.09:834][853]LogWindowsTextInputMethodSystem:Error: Deactivating a context failed while setting focus to the disabled TSF document manager.
[2014.12.01-08.04.15:738][ 73]Cmd: OBJ SAVEPACKAGE PACKAGE="/Game/Maps/Example_Map" FILE="../../../../../../Users/johnss18/Documents/SUCCUBE-US/SUCCUBEUS/Content/Maps/Example_Map.umap" SILENT=true AUTOSAVING=false KEEPDIRTY=false
[2014.12.01-08.04.15:747][ 73]LogActorComponent: UnregisterComponent: (/Engine/Transient.CharacterMovementComponent_1) Not registered. Aborting.
[2014.12.01-08.04.15:747][ 73]LogActorComponent: UnregisterComponent: (/Engine/Transient.ProjectileMovementComponent_1) Not registered. Aborting.
[2014.12.01-08.04.16:158][ 73]LogSavePackage: Save=361.109314ms
[2014.12.01-08.04.16:158][ 73]LogSavePackage: Moving '../../../../../../Users/johnss18/Documents/SUCCUBE-US/SUCCUBEUS/Saved/Example_Map376867DF411AD47FF49D40A804C3B2F1.tmp' to '../../../../../../Users/johnss18/Documents/SUCCUBE-US/SUCCUBEUS/Content/Maps/Example_Map.umap'
[2014.12.01-08.04.24:392][464]LogActorComponent: UnregisterComponent: (/Engine/Transient.CharacterMovementComponent_2) Not registered. Aborting.
[2014.12.01-08.04.24:392][464]LogActorComponent: UnregisterComponent: (/Engine/Transient.ProjectileMovementComponent_2) Not registered. Aborting.
[2014.12.01-08.04.24:437][464]Cmd: OBJ SAVEPACKAGE PACKAGE="/Game/Blueprints/MyCharacter" FILE="../../../../../../Users/johnss18/Documents/SUCCUBE-US/SUCCUBEUS/Content/Blueprints/MyCharacter.uasset" SILENT=true
[2014.12.01-08.04.24:490][464]LogSavePackage: Save=42.783752ms
[2014.12.01-08.04.24:490][464]LogSavePackage: Moving '../../../../../../Users/johnss18/Documents/SUCCUBE-US/SUCCUBEUS/Saved/MyCharacter3D42FDFC42654BF9FFEC9DA5510A4B23.tmp' to '../../../../../../Users/johnss18/Documents/SUCCUBE-US/SUCCUBEUS/Content/Blueprints/MyCharacter.uasset'
[2014.12.01-08.04.24:499][464]Cmd: OBJ SAVEPACKAGE PACKAGE="/Game/Blueprints/SlapHitbox" FILE="../../../../../../Users/johnss18/Documents/SUCCUBE-US/SUCCUBEUS/Content/Blueprints/SlapHitbox.uasset" SILENT=true
[2014.12.01-08.04.24:528][464]LogSavePackage: Save=27.160446ms
[2014.12.01-08.04.24:528][464]LogSavePackage: Moving '../../../../../../Users/johnss18/Documents/SUCCUBE-US/SUCCUBEUS/Saved/SlapHitbox02998F244F48ABE4BE819D918785ACC1.tmp' to '../../../../../../Users/johnss18/Documents/SUCCUBE-US/SUCCUBEUS/Content/Blueprints/SlapHitbox.uasset'
[2014.12.01-08.06.12:209][855]LogRenderer:Warning: Reallocating scene render targets to support 1256x728.
[2014.12.01-08.06.24:891][543]LogWindowsTextInputMethodSystem:Error: Deactivating a context failed while setting focus to the disabled TSF document manager.
[2014.12.01-08.08.11:835][531]LogWindowsTextInputMethodSystem:Error: Deactivating a context failed while setting focus to the disabled TSF document manager.
[2014.12.01-08.08.18:244][911]LogWindowsTextInputMethodSystem:Error: Deactivating a context failed while setting focus 