Log file open, 11/27/14 15:38:21
LogInit:Display: Running engine for game: SUCCUBEUS
LogInit: Version: 4.5.1-2336687+++depot+UE4-Releases+4.5
LogInit: API Version: 2326478
LogInit: Compiled (64-bit): Oct 21 2014 22:32:40
LogInit: Compiled with Visual C++: 18.00.21005.01
LogInit: Build Configuration: Development
LogInit: Branch Name: ++depot+UE4-Releases+4.5
LogInit: Command line:  
LogInit: Base directory: C:/Program Files/Epic Games/4.5/Engine/Binaries/Win64/
LogInit: Rocket: 1
[2014.11.27-20.38.21:235][  0]LogTaskGraph: Started task graph with 3 named threads and 4 total threads.
[2014.11.27-20.38.21:264][  0]LogOnline:Warning: No default platform service specified for OnlineSubsystem
[2014.11.27-20.38.21:285][  0]LogInit: Presizing for 0 objects not considered by GC, pre-allocating 0 bytes.
[2014.11.27-20.38.21:295][  0]LogInit: Object subsystem initialized
[2014.11.27-20.38.21:299][  0]LogConsoleResponse:Warning: Skipping Unknown console variable: 'UIScaleRule = ShortestSide'
[2014.11.27-20.38.21:299][  0]LogConsoleResponse:Warning:   Found in ini file 'C:/Users/Devin/Documents/SUCCUBE-US/SUCCUBEUS/Saved/Config/Windows/Engine.ini', in section '[/Script/Engine.RendererSettings]'
[2014.11.27-20.38.21:299][  0]LogConsoleResponse:Warning: Skipping Unknown console variable: 'UIScaleCurve = (EditorCurveData=(Keys=((Time=480.000000,Value=0.444000),(Time=720.000000,Value=0.666000),(Time=1080.000000,Value=1.000000),(Time=8640.000000,Value=8.000000))),ExternalCurve=None)'
[2014.11.27-20.38.21:299][  0]LogConsoleResponse:Warning:   Found in ini file 'C:/Users/Devin/Documents/SUCCUBE-US/SUCCUBEUS/Saved/Config/Windows/Engine.ini', in section '[/Script/Engine.RendererSettings]'
[2014.11.27-20.38.21:299][  0]LogInit: Selected Device Profile: [Windows]
[2014.11.27-20.38.21:299][  0]LogInit: Applying CVar settings loaded from the selected device profile: [Windows]
[2014.11.27-20.38.21:305][  0]LogInit: Computer: DEVIN-PC
[2014.11.27-20.38.21:305][  0]LogInit: User: Devin
[2014.11.27-20.38.21:314][  0]LogInit: CPU Page size=4096, Cores=2
[2014.11.27-20.38.21:314][  0]LogInit: High frequency timer resolution =2.728261 MHz
[2014.11.27-20.38.21:314][  0]LogMemory: Memory total: Physical=7.7GB (8GB approx) Virtual=8192.0GB
[2014.11.27-20.38.21:314][  0]LogMemory: Platform Memory Stats for Windows
[2014.11.27-20.38.21:314][  0]LogMemory: Process Physical Memory: 63.68 MB used, 63.68 MB peak
[2014.11.27-20.38.21:314][  0]LogMemory: Process Virtual Memory: 38.64 MB used, 38.64 MB peak
[2014.11.27-20.38.21:314][  0]LogMemory: Physical Memory: 6698.04 MB used, 7915.94 MB total
[2014.11.27-20.38.21:314][  0]LogMemory: Virtual Memory: 275.17 MB used, 8388608.00 MB total
[2014.11.27-20.38.21:424][  0]LogD3D11RHI: Found D3D11 adapter 0: Intel(R) HD Graphics 4000 (Feature Level 11_0)
[2014.11.27-20.38.21:424][  0]LogD3D11RHI: Adapter has 977MB of dedicated video memory, 0MB of dedicated system memory, and 3071MB of shared system memory, 1 output[s]
[2014.11.27-20.38.21:424][  0]LogD3D11RHI: Chosen D3D11 Adapter Id = 0
[2014.11.27-20.38.21:442][  0]LogRHI: Texture pool is 1361 MB (70% of 1945 MB)
[2014.11.27-20.38.21:456][  0]LogD3D11RHI: Async texture creation enabled
[2014.11.27-20.38.21:500][  0]LogTextLocalizationManager: The requested culture ('en_US') has no localization data; parent culture's ('en') localization data will be used.
[2014.11.27-20.38.21:669][  0]LogContentStreaming: Texture pool size is 0.000000MB
[2014.11.27-20.38.27:786][  0]LogTargetPlatformManager:Display: Building Assets For Windows
[2014.11.27-20.38.29:962][  0]LogTargetPlatformManager:Display: Building Assets For Windows
[2014.11.27-20.38.30:009][  0]LogDerivedDataCache:Display: Max Cache Size: 512 MB
[2014.11.27-20.38.30:055][  0]LogDerivedDataCache: Loaded boot cache 0.05s 39MB C:/Users/Devin/AppData/Local/UnrealEngine/4.5/DerivedDataCache/Boot.ddc.
[2014.11.27-20.38.30:055][  0]LogDerivedDataCache:Display: Loaded Boot cache: C:/Users/Devin/AppData/Local/UnrealEngine/4.5/DerivedDataCache/Boot.ddc
[2014.11.27-20.38.30:055][  0]LogDerivedDataCache: FDerivedDataBackendGraph:  Pak pak cache file ../../../../../../Users/Devin/Documents/SUCCUBE-US/SUCCUBEUS/DerivedDataCache/DDC.ddp not found, will not use a pak cache.
[2014.11.27-20.38.30:055][  0]LogDerivedDataCache: Unable to find inner node Pak for hierarchical cache Hierarchy.
[2014.11.27-20.38.30:122][  0]LogDerivedDataCache:Display: Pak cache opened for reading ../../../Engine/DerivedDataCache/DDC.ddp.
[2014.11.27-20.38.30:217][  0]LogDerivedDataCache: Using Local data cache path C:/Users/Devin/AppData/Local/UnrealEngine/Common/DerivedDataCache: Writable
[2014.11.27-20.38.39:160][  0]LogMeshUtilities: No automatic mesh reduction module available
[2014.11.27-20.38.39:160][  0]LogMeshUtilities: No automatic mesh merging module available
[2014.11.27-20.38.48:083][  0]LogLinker:Warning: Asset '../../../Engine/Content/Functions/Engine_MaterialFunctions02/Texturing/FlipBook.uasset' has been saved with empty engine version. The asset will be loaded but may be incompatible.
[2014.11.27-20.38.49:110][  0]LogLinker:Warning: Asset '../../../Engine/Content/Functions/Engine_MaterialFunctions02/ExampleContent/Textures/flipbook.uasset' has been saved with empty engine version. The asset will be loaded but may be incompatible.
[2014.11.27-20.39.00:045][  0]LogInit: WinSock: version 1.1 (2.2), MaxSocks=32767, MaxUdp=65467
[2014.11.27-20.39.59:107][  0]UdpMessaging: Initializing bridge on interface 0.0.0.0:0 to multicast group 230.0.0.1:6666.
[2014.11.27-20.40.00:126][  0]LogDirectoryWatcher:Warning: Failed to begin reading directory changes for C:/Users/Devin/Documents/SUCCUBE-US/SUCCUBEUS/Binaries/Win64. Error: 0
[2014.11.27-20.40.03:551][  0]SourceControl: Info Source control is disabled
[2014.11.27-20.40.03:551][  0]SourceControl: Info Source control is disabled
[2014.11.27-20.40.03:558][  0]SourceControl: Info Source control is disabled
[2014.11.27-20.40.06:042][  0]LogObj: 22915 objects as part of root set at end of initial load.
[2014.11.27-20.40.06:042][  0]LogUObjectAllocator: 4803536 out of 0 bytes used by permanent object pool.
[2014.11.27-20.40.06:525][  0]LogEngine: Initializing Engine...
[2014.11.27-20.40.07:556][  0]LogInit: XAudio2 using 'Speaker/HP (Realtek High Definition Audio)' : 2 channels at 48 kHz using 32 bits per sample (channel mask 0x3)
[2014.11.27-20.40.07:724][  0]LogInit: FAudioDevice initialized.
[2014.11.27-20.40.08:145][  0]LogAIModule: Creating AISystem for world NewWorld
[2014.11.27-20.40.08:452][  0]LogDerivedDataCache: Saved boot cache 0.04s 39MB C:/Users/Devin/AppData/Local/UnrealEngine/4.5/DerivedDataCache/Boot.ddc.
[2014.11.27-20.40.08:457][  0]LogInit: Texture streaming: Enabled
[2014.11.27-20.40.08:626][  0]LogInit: Transaction tracking system initialized
[2014.11.27-20.40.09:044][  0]BlueprintLog: New page: Editor Load
[2014.11.27-20.40.09:149][  0]LogAssetRegistry: FAssetRegistry took 0.0104 seconds to start up
[2014.11.27-20.40.09:150][  0]LogDirectoryWatcher:Warning: Failed to begin reading directory changes for ../../../Engine/Plugins/Experimental/CharacterAI/Content/. Error: 0
[2014.11.27-20.40.12:616][  0]LogTargetPlatformManager:Display: Building Assets For Windows
[2014.11.27-20.40.13:324][  0]LogTargetPlatformManager:Display: Building Assets For Windows
[2014.11.27-20.40.17:084][  0]LogConsoleResponse:Display: 
[2014.11.27-20.40.23:997][  0]SourceControl: Info Source control is disabled
[2014.11.27-20.40.24:077][  0]Cmd: MAP LOAD FILE="../../../../../../Users/Devin/Documents/SUCCUBE-US/SUCCUBEUS/Content/Maps/Example_Map.umap" TEMPLATE=0 SHOWPROGRESS=1
[2014.11.27-20.40.24:122][  0]LightingResults: New page: Lighting Build
[2014.11.27-20.40.24:422][  0]MapCheck: New page: Map Check
[2014.11.27-20.40.24:422][  0]LightingResults: New page: Lighting Build
[2014.11.27-20.40.24:599][  0]LogParticles: Destroying 0 GPU particle simulations for FXSystem 0x0000000012549A80
[2014.11.27-20.40.28:185][  0]LogDerivedDataCache: FFileSystemDerivedDataBackend: Move collision, attempt at redundant update, OK C:/Users/Devin/AppData/Local/UnrealEngine/Common/DerivedDataCache/6/2/7/REFL_ENC_96DFC022836B48889143E9DF484C3296_6CB65BFB46372E5D3775EEABEF73D668.udd.
[2014.11.27-20.40.28:185][  0]LogEditorServer: Finished looking for orphan Actors (0.000 secs)
[2014.11.27-20.40.28:240][  0]LogAIModule: Creating AISystem for world Example_Map
[2014.11.27-20.40.28:287][  0]Cmd: MAP CHECKDEP
[2014.11.27-20.40.28:308][  0]MapCheck: New page: Example_Map - Nov 27, 2014, 10:40:28 AM
[2014.11.27-20.40.28:429][  0]MapCheck: Info Map check complete: 0 Error(s), 0 Warning(s), took 141.257ms to complete.
[2014.11.27-20.40.28:429][  0]LogFileHelpers: Loading map 'Example_Map' took 4.352
[2014.11.27-20.40.29:523][  0]LogCollectionManager: Loaded 0 collections in 0.001227 seconds
[2014.11.27-20.40.29:696][  0]LogContentBrowser:Verbose: The content browser source was changed by the sources view to '/Game'
[2014.11.27-20.40.30:350][  0]LogCrashTracker: Crashtracker disabled due to settings.
[2014.11.27-20.40.30:512][  0]LogUObjectGlobals:Warning: Failed to find object 'Class None.'
[2014.11.27-20.40.30:686][  0]LogLoad: Full Startup: 131.62 seconds (BP compile: 1.23 seconds)
[2014.11.27-20.40.32:108][  0]LogRenderer:Warning: Reallocating scene render targets to support 944x728.
[2014.11.27-20.40.33:652][  3]LogAssetRegistry: Asset discovery search completed in 24.5137 seconds
[2014.11.27-20.57.46:642][ 98]Cmd: QUIT_EDITOR
[2014.11.27-20.57.47:248][ 98]LogExit: Preparing to exit.
[2014.11.27-20.57.48:483][ 98]LogExit: Editor shut down
[2014.11.27-20.57.48:484][ 98]LogExit: Transaction tracking system shut down
[2014.11.27-20.57.48:484][ 98]LogParticles: Destroying 0 GPU particle simulations for FXSystem 0x000000000C47EB60
[2014.11.27-20.57.48:756][ 98]LogExit: Object subsystem successfully closed.
[2014.11.27-20.57.49:078][ 98]LogModuleManager: Shutting down and abandoning module AndroidDeviceDetection (166)
[2014.11.27-20.57.49:078][ 98]LogModuleManager: Shutting down and abandoning module CrashTracker (165)
[2014.11.27-20.57.49:078][ 98]LogModuleManager: Shutting down and abandoning module SuperSearch (164)
[2014.11.27-20.57.49:078][ 98]LogModuleManager: Shutting down and abandoning module SceneOutliner (163)
[2014.11.27-20.57.49:078][ 98]LogModuleManager: Shutting down and abandoning module EditorWidgets (162)
[2014.11.27-20.57.49:078][ 98]LogModuleManager: Shutting down and abandoning module CollectionManager (161)
[2014.11.27-20.57.49:100][ 98]LogModuleManager: Shutting down and abandoning module StatsViewer (160)
[2014.11.27-20.57.49:100][ 98]LogModuleManager: Shutting down and abandoning module FoliageEdit (159)
[2014.11.27-20.57.49:100][ 98]LogModuleManager: Shutting down and abandoning module LandscapeEditor (158)
[2014.11.27-20.57.49:118][ 98]LogModuleManager: Shutting down and abandoning module MeshPaint (157)
[2014.11.27-20.57.49:118][ 98]LogModuleManager: Shutting down and abandoning module ActorPickerMode (156)
[2014.11.27-20.57.49:118][ 98]LogModuleManager: Shutting down and abandoning module GeometryMode (155)
[2014.11.27-20.57.49:118][ 98]LogModuleManager: Shutting down and abandoning module TextureAlignMode (154)
[2014.11.27-20.57.49:118][ 98]LogModuleManager: Shutting down and abandoning module BspMode (153)
[2014.11.27-20.57.49:118][ 98]LogModuleManager: Shutting down and abandoning module PlacementMode (152)
[2014.11.27-20.57.49:118][ 98]LogModuleManager: Shutting down and abandoning module AutomationWorker (151)
[2014.11.27-20.57.49:118][ 98]LogModuleManager: Shutting down and abandoning module CharacterAI (150)
[2014.11.27-20.57.49:118][ 98]LogModuleManager: Shutting down and abandoning module GameProjectGeneration (149)
[2014.11.27-20.57.49:138][ 98]LogModuleManager: Shutting down and abandoning module IntroTutorials (148)
[2014.11.27-20.57.49:153][ 98]LogModuleManager: Shutting down and abandoning module EditorLiveStreaming (147)
[2014.11.27-20.57.49:153][ 98]LogModuleManager: Shutting down and abandoning module HardwareTargeting (146)
[2014.11.27-20.57.49:153][ 98]LogModuleManager: Shutting down and abandoning module BehaviorTreeEditor (145)
[2014.11.27-20.57.49:196][ 98]LogModuleManager: Shutting down and abandoning module DeviceProfileEditor (144)
[2014.11.27-20.57.49:196][ 98]LogModuleManager: Shutting down and abandoning module UndoHistory (143)
[2014.11.27-20.57.49:196][ 98]LogModuleManager: Shutting down and abandoning module GameplayTagsEditor (142)
[2014.11.27-20.57.49:217][ 98]LogModuleManager: Shutting down and abandoning module UserFeedback (141)
[2014.11.27-20.57.49:217][ 98]LogModuleManager: Shutting down and abandoning module XmlParser (140)
[2014.11.27-20.57.49:217][ 98]LogModuleManager: Shutting down and abandoning module Blutility (139)
[2014.11.27-20.57.49:217][ 98]LogModuleManager: Shutting down and abandoning module IOSPlatformEditor (138)
[2014.11.27-20.57.49:217][ 98]LogModuleManager: Shutting down and abandoning module IOSRuntimeSettings (137)
[2014.11.27-20.57.49:217][ 98]LogModuleManager: Shutting down and abandoning module AndroidPlatformEditor (136)
[2014.11.27-20.57.49:217][ 98]LogModuleManager: Shutting down and abandoning module AndroidRuntimeSettings (135)
[2014.11.27-20.57.49:217][ 98]LogModuleManager: Shutting down and abandoning module ProjectTargetPlatformEditor (134)
[2014.11.27-20.57.49:217][ 98]LogModuleManager: Shutting down and abandoning module ProjectSettingsViewer (133)
[2014.11.27-20.57.49:217][ 98]LogModuleManager: Shutting down and abandoning module InputBindingEditor (132)
[2014.11.27-20.57.49:231][ 98]LogModuleManager: Shutting down and abandoning module EditorSettingsViewer (131)
[2014.11.27-20.57.49:231][ 98]LogModuleManager: Shutting down and abandoning module SettingsEditor (130)
[2014.11.27-20.57.49:260][ 98]LogModuleManager: Shutting down and abandoning module ProjectLauncher (129)
[2014.11.27-20.57.49:260][ 98]LogModuleManager: Shutting down and abandoning module SessionFrontend (128)
[2014.11.27-20.57.49:260][ 98]LogModuleManager: Shutting down and abandoning module ProfilerClient (127)
[2014.11.27-20.57.49:281][ 98]LogModuleManager: Shutting down and abandoning module TargetDeviceServices (126)
[2014.11.27-20.57.49:281][ 98]LogModuleManager: Shutting down and abandoning module DeviceManager (125)
[2014.11.27-20.57.49:281][ 98]LogModuleManager: Shutting down and abandoning module AutomationController (124)
[2014.11.27-20.57.49:281][ 98]LogModuleManager: Shutting down and abandoning module AutomationWindow (123)
[2014.11.27-20.57.49:298][ 98]LogModuleManager: Shutting down and abandoning module Layers (122)
[2014.11.27-20.57.49:321][ 98]LogModuleManager: Shutting down and abandoning module ComponentVisualizers (121)
[2014.11.27-20.57.49:321][ 98]LogModuleManager: Shutting down and abandoning module DetailCustomizations (120)
[2014.11.27-20.57.49:359][ 98]LogModuleManager: Shutting down and abandoning module PackagesDialog (119)
[2014.11.27-20.57.49:369][ 98]LogModuleManager: Shutting down and abandoning module AssetRegistry (118)
[2014.11.27-20.57.49:387][ 98]LogModuleManager: Shutting down and abandoning module Persona (117)
[2014.11.27-20.57.49:422][ 98]LogModuleManager: Shutting down and abandoning module Kismet (116)
[2014.11.27-20.57.49:441][ 98]LogModuleManager: Shutting down and abandoning module GraphEditor (115)
[2014.11.27-20.57.49:441][ 98]LogModuleManager: Shutting down and abandoning module ClassViewer (114)
[2014.11.27-20.57.49:441][ 98]LogModuleManager: Shutting down and abandoning module Toolbox (113)
[2014.11.27-20.57.49:441][ 98]LogModuleManager: Shutting down and abandoning module ModuleUI (112)
[2014.11.27-20.57.49:452][ 98]LogModuleManager: Shutting down and abandoning module MovieSceneTools (111)
[2014.11.27-20.57.49:474][ 98]LogModuleManager: Shutting down and abandoning module OutputLog (110)
[2014.11.27-20.57.49:474][ 98]LogModuleManager: Shutting down and abandoning module GammaUI (109)
[2014.11.27-20.57.49:489][ 98]LogModuleManager: Shutting down and abandoning module Documentation (108)
[2014.11.27-20.57.49:489][ 98]LogModuleManager: Shutting down and abandoning module GameLiveStreaming (107)
[2014.11.27-20.57.49:490][ 98]LogModuleManager: Shutting down and abandoning module StreamingPauseRendering (106)
[2014.11.27-20.57.49:490][ 98]LogModuleManager: Shutting down and abandoning module HTTP (105)
[2014.11.27-20.57.49:490][ 98]LogModuleManager: Shutting down and abandoning module AnalyticsET (104)
[2014.11.27-20.57.49:490][ 98]LogModuleManager: Shutting down and abandoning module Analytics (103)
[2014.11.27-20.57.49:490][ 98]LogModuleManager: Shutting down and abandoning module GameplayDebugger (102)
[2014.11.27-20.57.49:490][ 98]LogModuleManager: Shutting down and abandoning module AIModule (101)
[2014.11.27-20.57.49:502][ 98]LogModuleManager: Shutting down and abandoning module ProfilerService (100)
[2014.11.27-20.57.49:600][ 98]LogModuleManager: Shutting down and abandoning module TaskGraph (99)
[2014.11.27-20.57.49:631][ 98]LogModuleManager: Shutting down and abandoning module SlateRemote (98)
[2014.11.27-20.57.49:631][ 98]LogModuleManager: Shutting down and abandoning module ScriptEditorPlugin (97)
[2014.11.27-20.57.49:631][ 98]LogModuleManager: Shutting down and abandoning module CustomMeshComponent (96)
[2014.11.27-20.57.49:631][ 98]LogModuleManager: Shutting down and abandoning module CableComponent (95)
[2014.11.27-20.57.49:631][ 98]LogModuleManager: Shutting down and abandoning module MessagingDebugger (94)
[2014.11.27-20.57.49:651][ 98]LogModuleManager: Shutting down and abandoning module MediaPlayerEditor (93)
[2014.11.27-20.57.49:659][ 98]LogModuleManager: Shutting down and abandoning module SpeedTreeImporter (92)
[2014.11.27-20.57.49:659][ 98]LogModuleManager: Shutting down and abandoning module PluginsEditor (91)
[2014.11.27-20.57.49:659][ 98]LogModuleManager: Shutting down and abandoning module EpicSurvey (90)
[2014.11.27-20.57.49:659][ 98]LogModuleManager: Shutting down and abandoning module DesktopPlatform (89)
[2014.11.27-20.57.49:669][ 98]LogModuleManager: Shutting down and abandoning module VisualStudioSourceCodeAccess (88)
[2014.11.27-20.57.49:669][ 98]LogModuleManager: Shutting down and abandoning module UObjectPlugin (87)
[2014.11.27-20.57.49:669][ 98]LogModuleManager: Shutting down and abandoning module SubversionSourceControl (86)
[2014.11.27-20.57.49:669][ 98]LogModuleManager: Shutting down and abandoning module SourceControl (85)
[2014.11.27-20.57.49:669][ 98]LogModuleManager: Shutting down and abandoning module PerforceSourceControl (84)
[2014.11.27-20.57.49:681][ 98]LogModuleManager: Shutting down and abandoning module BlankPlugin (83)
[2014.11.27-20.57.49:681][ 98]LogModuleManager: Shutting down and abandoning module SlateReflector (82)
[2014.11.27-20.57.49:681][ 98]LogModuleManager: Shutting down and abandoning module DirectoryWatcher (81)
[2014.11.27-20.57.49:682][ 98]LogModuleManager: Shutting down and abandoning module HotReload (80)
[2014.11.27-20.57.49:703][ 98]LogModuleManager: Shutting down and abandoning module MainFrame (79)
[2014.11.27-20.57.49:703][ 98]LogModuleManager: Shutting down and abandoning module LevelEditor (78)
[2014.11.27-20.57.49:705][ 98]LogModuleManager: Shutting down and abandoning module ViewportSnapping (77)
[2014.11.27-20.57.49:705][ 98]LogModuleManager: Shutting down and abandoning module SmartSnapping (76)
[2014.11.27-20.57.49:705][ 98]LogModuleManager: Shutting down and abandoning module PaperTiledImporter (75)
[2014.11.27-20.57.49:705][ 98]LogModuleManager: Shutting down and abandoning module PaperJsonImporter (74)
[2014.11.27-20.57.49:705][ 98]LogModuleManager: Shutting down and abandoning module ContentBrowser (73)
[2014.11.27-20.57.49:705][ 98]LogModuleManager: Shutting down and abandoning module PropertyEditor (72)
[2014.11.27-20.57.49:706][ 98]LogModuleManager: Shutting down and abandoning module Paper2DEditor (71)
[2014.11.27-20.57.49:728][ 98]LogModuleManager: Shutting down and abandoning module ScriptPlugin (70)
[2014.11.27-20.57.49:734][ 98]LogModuleManager: Shutting down and abandoning module UdpMessaging (69)
[2014.11.27-20.57.49:834][ 98]LogModuleManager: Shutting down and abandoning module Paper2D (68)
[2014.11.27-20.57.49:834][ 98]LogModuleManager: Shutting down and abandoning module WindowsMoviePlayer (67)
[2014.11.27-20.57.49:837][ 98]LogModuleManager: Shutting down and abandoning module Media (66)
[2014.11.27-20.57.49:837][ 98]LogModuleManager: Shutting down and abandoning module WmfMedia (65)
[2014.11.27-20.57.49:837][ 98]LogModuleManager: Shutting down and abandoning module OnlineBlueprintSupport (64)
[2014.11.27-20.57.49:837][ 98]LogModuleManager: Shutting down and abandoning module FunctionalTesting (63)
[2014.11.27-20.57.49:837][ 98]LogModuleManager: Shutting down and abandoning module CollisionAnalyzer (62)
[2014.11.27-20.57.49:864][ 98]LogModuleManager: Shutting down and abandoning module WorkspaceMenuStructure (61)
[2014.11.27-20.57.49:865][ 98]LogModuleManager: Shutting down and abandoning module MessageLog (60)
[2014.11.27-20.57.49:865][ 98]LogModuleManager: Shutting down and abandoning module Sequencer (59)
[2014.11.27-20.57.49:877][ 98]LogModuleManager: Shutting down and abandoning module AssetTools (58)
[2014.11.27-20.57.49:897][ 98]LogModuleManager: Shutting down and abandoning module UMGEditor (57)
[2014.11.27-20.57.49:910][ 98]LogModuleManager: Shutting down and abandoning module UMG (56)
[2014.11.27-20.57.49:919][ 98]LogModuleManager: Shutting down and abandoning module Slate (55)
[2014.11.27-20.57.49:919][ 98]LogModuleManager: Shutting down and abandoning module EditorStyle (54)
[2014.11.27-20.57.49:921][ 98]LogModuleManager: Shutting down and abandoning module SessionServices (53)
[2014.11.27-20.57.49:921][ 98]LogModuleManager: Shutting down and abandoning module SourceCodeAccess (52)
[2014.11.27-20.57.49:921][ 98]LogModuleManager: Shutting down and abandoning module HeadMountedDisplay (51)
[2014.11.27-20.57.49:921][ 98]LogModuleManager: Shutting down and abandoning module XAudio2 (50)
[2014.11.27-20.57.49:921][ 98]LogModuleManager: Shutting down and abandoning module Networking (48)
[2014.11.27-20.57.49:921][ 98]LogModuleManager: Shutting down and abandoning module Core (47)
[2014.11.27-20.57.49:921][ 98]LogModuleManager: Shutting down and abandoning module KismetCompiler (46)
[2014.11.27-20.57.49:921][ 98]LogModuleManager: Shutting down and abandoning module PhysXFormats (45)
[2014.11.27-20.57.49:921][ 98]LogModuleManager: Shutting down and abandoning module MeshUtilities (44)
[2014.11.27-20.57.49:936][ 98]LogModuleManager: Shutting down and abandoning module DerivedDataCache (43)
[2014.11.27-20.57.49:943][ 98]LogDerivedDataCache: Shutdown
[2014.11.27-20.57.49:943][ 98]LogModuleManager: Shutting down and abandoning module ShaderFormatOpenGL (42)
[2014.11.27-20.57.49:955][ 98]LogModuleManager: Shutting down and abandoning module ShaderFormatD3D (41)
[2014.11.27-20.57.49:955][ 98]LogModuleManager: Shutting down and abandoning module MetalShaderFormat (40)
[2014.11.27-20.57.49:964][ 98]LogModuleManager: Shutting down and abandoning module TextureFormatUncompressed (39)
[2014.11.27-20.57.49:964][ 98]LogModuleManager: Shutting down and abandoning module TextureFormatPVR (38)
[2014.11.27-20.57.49:964][ 98]LogModuleManager: Shutting down and abandoning module TextureFormatDXT (37)
[2014.11.27-20.57.49:964][ 98]LogModuleManager: Shutting down and abandoning module TextureFormatAndroid (36)
[2014.11.27-20.57.49:964][ 98]LogModuleManager: Shutting down and abandoning module AudioFormatOpus (35)
[2014.11.27-20.57.49:964][ 98]LogModuleManager: Shutting down and abandoning module AudioFormatOgg (34)
[2014.11.27-20.57.49:964][ 98]LogModuleManager: Shutting down and abandoning module AudioFormatADPCM (33)
[2014.11.27-20.57.49:964][ 98]LogModuleManager: Shutting down and abandoning module Messaging (32)
[2014.11.27-20.57.49:964][ 98]LogModuleManager: Shutting down and abandoning module IOSTargetPlatform (31)
[2014.11.27-20.57.49:964][ 98]LogModuleManager: Shutting down and abandoning module Android_PVRTCTargetPlatform (30)
[2014.11.27-20.57.49:964][ 98]LogModuleManager: Shutting down and abandoning module Android_ETC2TargetPlatform (29)
[2014.11.27-20.57.49:964][ 98]LogModuleManager: Shutting down and abandoning module Android_ETC1TargetPlatform (28)
[2014.11.27-20.57.49:964][ 98]LogModuleManager: Shutting down and abandoning module Android_DXTTargetPlatform (27)
[2014.11.27-20.57.49:964][ 98]LogModuleManager: Shutting down and abandoning module Android_ATCTargetPlatform (26)
[2014.11.27-20.57.49:964][ 98]LogModuleManager: Shutting down and abandoning module AndroidTargetPlatform (25)
[2014.11.27-20.57.49:964][ 98]LogModuleManager: Shutting down and abandoning module WindowsTargetPlatform (24)
[2014.11.27-20.57.49:964][ 98]LogModuleManager: Shutting down and abandoning module WindowsServerTargetPlatform (23)
[2014.11.27-20.57.49:964][ 98]LogModuleManager: Shutting down and abandoning module WindowsNoEditorTargetPlatform (22)
[2014.11.27-20.57.49:964][ 98]LogModuleManager: Shutting down and abandoning module WindowsClientTargetPlatform (21)
[2014.11.27-20.57.49:964][ 98]LogModuleManager: Shutting down and abandoning module TargetPlatform (20)
[2014.11.27-20.57.49:964][ 98]LogModuleManager: Shutting down and abandoning module InputCore (19)
[2014.11.27-20.57.49:964][ 98]LogModuleManager: Shutting down and abandoning module Settings (18)
[2014.11.27-20.57.49:964][ 98]LogModuleManager: Shutting down and abandoning module ImageWrapper (17)
[2014.11.27-20.57.49:964][ 98]LogModuleManager: Shutting down and abandoning module OculusRift (14)
[2014.11.27-20.57.49:964][ 98]LogModuleManager: Shutting down and abandoning module ExampleDeviceProfileSelector (13)
[2014.11.27-20.57.49:964][ 98]LogModuleManager: Shutting down and abandoning module TextureCompressor (12)
[2014.11.27-20.57.49:964][ 98]LogModuleManager: Shutting down and abandoning module ShaderCore (11)
[2014.11.27-20.57.49:964][ 98]LogModuleManager: Shutting down and abandoning module SlateRHIRenderer (10)
[2014.11.27-20.57.49:965][ 98]LogModuleManager: Shutting down and abandoning module OpenGLDrv (9)
[2014.11.27-20.57.49:965][ 98]LogModuleManager: Shutting down and abandoning module D3D11RHI (8)
[2014.11.27-20.57.49:965][ 98]LogModuleManager: Shutting down and abandoning module Renderer (7)
[2014.11.27-20.57.49:965][ 98]LogModuleManager: Shutting down and abandoning module Engine (6)
[2014.11.27-20.57.49:965][ 98]LogModuleManager: Shutting down and abandoning module CoreUObject (5)
[2014.11.27-20.57.49:965][ 98]LogModuleManager: Shutting down and abandoning module NetworkFile (4)
[2014.11.27-20.57.49:965][ 98]LogModuleManager: Shutting down and abandoning module StreamingFile (3)
[2014.11.27-20.57.49:965][ 98]LogModuleManager: Shutting down and abandoning module SandboxFile (2)
[2014.11.27-20.57.49:965][ 98]LogModuleManager: Shutting down and abandoning module PakFile (1)
[2014.11.27-20.57.49:981][ 98]LogExit: Exiting.
[2014.11.27-20.57.49:986][ 98]Log file closed, 11/27/14 15:57:49
