Log file open, 11/30/14 23:24:40
LogInit:Display: Running engine for game: SUCCUBEUS
LogInit: Version: 4.5.1-2336687+++depot+UE4-Releases+4.5
LogInit: API Version: 2326478
LogInit: Compiled (64-bit): Oct 21 2014 22:32:40
LogInit: Compiled with Visual C++: 18.00.21005.01
LogInit: Build Configuration: Development
LogInit: Branch Name: ++depot+UE4-Releases+4.5
LogInit: Command line:  
LogInit: Base directory: C:/Program Files/Epic Games/4.5/Engine/Binaries/Win64/
LogInit: Rocket: 1
[2014.12.01-04.24.40:778][  0]LogTaskGraph: Started task graph with 3 named threads and 4 total threads.
[2014.12.01-04.24.40:818][  0]LogOnline:Warning: No default platform service specified for OnlineSubsystem
[2014.12.01-04.24.40:864][  0]LogInit: Presizing for 0 objects not considered by GC, pre-allocating 0 bytes.
[2014.12.01-04.24.40:889][  0]LogInit: Object subsystem initialized
[2014.12.01-04.24.40:897][  0]LogConsoleResponse:Warning: Skipping Unknown console variable: 'UIScaleRule = ShortestSide'
[2014.12.01-04.24.40:897][  0]LogConsoleResponse:Warning:   Found in ini file 'C:/Users/johnss18/Documents/SUCCUBE-US/SUCCUBEUS/Saved/Config/Windows/Engine.ini', in section '[/Script/Engine.RendererSettings]'
[2014.12.01-04.24.40:897][  0]LogConsoleResponse:Warning: Skipping Unknown console variable: 'UIScaleCurve = (EditorCurveData=(Keys=((Time=480.000000,Value=0.444000),(Time=720.000000,Value=0.666000),(Time=1080.000000,Value=1.000000),(Time=8640.000000,Value=8.000000))),ExternalCurve=None)'
[2014.12.01-04.24.40:897][  0]LogConsoleResponse:Warning:   Found in ini file 'C:/Users/johnss18/Documents/SUCCUBE-US/SUCCUBEUS/Saved/Config/Windows/Engine.ini', in section '[/Script/Engine.RendererSettings]'
[2014.12.01-04.24.40:898][  0]LogInit: Selected Device Profile: [Windows]
[2014.12.01-04.24.40:898][  0]LogInit: Applying CVar settings loaded from the selected device profile: [Windows]
[2014.12.01-04.24.40:917][  0]LogInit: Computer: JOHNSS18-PC
[2014.12.01-04.24.40:917][  0]LogInit: User: johnss18
[2014.12.01-04.24.40:919][  0]LogInit: CPU Page size=4096, Cores=2
[2014.12.01-04.24.40:919][  0]LogInit: High frequency timer resolution =2.728232 MHz
[2014.12.01-04.24.40:920][  0]LogMemory: Memory total: Physical=7.7GB (8GB approx) Virtual=8192.0GB
[2014.12.01-04.24.40:920][  0]LogMemory: Platform Memory Stats for Windows
[2014.12.01-04.24.40:920][  0]LogMemory: Process Physical Memory: 64.06 MB used, 64.06 MB peak
[2014.12.01-04.24.40:920][  0]LogMemory: Process Virtual Memory: 41.30 MB used, 41.30 MB peak
[2014.12.01-04.24.40:920][  0]LogMemory: Physical Memory: 4132.41 MB used, 7915.94 MB total
[2014.12.01-04.24.40:920][  0]LogMemory: Virtual Memory: 278.36 MB used, 8388608.00 MB total
[2014.12.01-04.24.41:006][  0]LogD3D11RHI: Found D3D11 adapter 0: Intel(R) HD Graphics 4000 (Feature Level 11_0)
[2014.12.01-04.24.41:006][  0]LogD3D11RHI: Adapter has 64MB of dedicated video memory, 0MB of dedicated system memory, and 1632MB of shared system memory, 1 output[s]
[2014.12.01-04.24.41:006][  0]LogD3D11RHI: Chosen D3D11 Adapter Id = 0
[2014.12.01-04.24.41:019][  0]LogRHI: Texture pool is 616 MB (70% of 880 MB)
[2014.12.01-04.24.41:050][  0]LogD3D11RHI: Async texture creation enabled
[2014.12.01-04.24.41:118][  0]LogTextLocalizationManager: The requested culture ('en_US') has no localization data; parent culture's ('en') localization data will be used.
[2014.12.01-04.24.41:476][  0]LogContentStreaming: Texture pool size is 0.000000MB
[2014.12.01-04.24.54:363][  0]LogTargetPlatformManager:Display: Building Assets For Windows
[2014.12.01-04.24.55:443][  0]LogTargetPlatformManager:Display: Building Assets For Windows
[2014.12.01-04.24.55:574][  0]LogDerivedDataCache:Display: Max Cache Size: 512 MB
[2014.12.01-04.24.55:665][  0]LogDerivedDataCache: Loaded boot cache 0.09s 39MB C:/Users/johnss18/AppData/Local/UnrealEngine/4.5/DerivedDataCache/Boot.ddc.
[2014.12.01-04.24.55:665][  0]LogDerivedDataCache:Display: Loaded Boot cache: C:/Users/johnss18/AppData/Local/UnrealEngine/4.5/DerivedDataCache/Boot.ddc
[2014.12.01-04.24.55:665][  0]LogDerivedDataCache: FDerivedDataBackendGraph:  Pak pak cache file ../../../../../../Users/johnss18/Documents/SUCCUBE-US/SUCCUBEUS/DerivedDataCache/DDC.ddp not found, will not use a pak cache.
[2014.12.01-04.24.55:666][  0]LogDerivedDataCache: Unable to find inner node Pak for hierarchical cache Hierarchy.
[2014.12.01-04.24.55:848][  0]LogDerivedDataCache:Display: Pak cache opened for reading ../../../Engine/DerivedDataCache/DDC.ddp.
[2014.12.01-04.24.55:860][  0]LogDerivedDataCache: Using Local data cache path C:/Users/johnss18/AppData/Local/UnrealEngine/Common/DerivedDataCache: Writable
[2014.12.01-04.24.56:277][  0]LogMeshUtilities: No automatic mesh reduction module available
[2014.12.01-04.24.56:277][  0]LogMeshUtilities: No automatic mesh merging module available
[2014.12.01-04.24.56:878][  0]LogLinker:Warning: Asset '../../../Engine/Content/Functions/Engine_MaterialFunctions02/Texturing/FlipBook.uasset' has been saved with empty engine version. The asset will be loaded but may be incompatible.
[2014.12.01-04.24.56:886][  0]LogLinker:Warning: Asset '../../../Engine/Content/Functions/Engine_MaterialFunctions02/ExampleContent/Textures/flipbook.uasset' has been saved with empty engine version. The asset will be loaded but may be incompatible.
[2014.12.01-04.24.57:310][  0]LogInit: WinSock: version 1.1 (2.2), MaxSocks=32767, MaxUdp=65467
[2014.12.01-04.24.59:223][  0]UdpMessaging: Initializing bridge on interface 0.0.0.0:0 to multicast group 230.0.0.1:6666.
[2014.12.01-04.24.59:548][  0]LogDirectoryWatcher:Warning: Failed to begin reading directory changes for C:/Users/johnss18/Documents/SUCCUBE-US/SUCCUBEUS/Binaries/Win64. Error: 0
[2014.12.01-04.24.59:853][  0]SourceControl: Info Source control is disabled
[2014.12.01-04.24.59:854][  0]SourceControl: Info Source control is disabled
[2014.12.01-04.24.59:869][  0]SourceControl: Info Source control is disabled
[2014.12.01-04.25.00:150][  0]LogObj: 22915 objects as part of root set at end of initial load.
[2014.12.01-04.25.00:150][  0]LogUObjectAllocator: 4803536 out of 0 bytes used by permanent object pool.
[2014.12.01-04.25.00:278][  0]LogEngine: Initializing Engine...
[2014.12.01-04.25.00:610][  0]LogInit: XAudio2 using 'Speaker/HP (Realtek High Definition Audio)' : 2 channels at 48 kHz using 32 bits per sample (channel mask 0x3)
[2014.12.01-04.25.00:734][  0]LogInit: FAudioDevice initialized.
[2014.12.01-04.25.00:783][  0]LogAIModule: Creating AISystem for world NewWorld
[2014.12.01-04.25.00:839][  0]LogDerivedDataCache: Saved boot cache 0.05s 39MB C:/Users/johnss18/AppData/Local/UnrealEngine/4.5/DerivedDataCache/Boot.ddc.
[2014.12.01-04.25.00:848][  0]LogInit: Texture streaming: Enabled
[2014.12.01-04.25.00:957][  0]LogInit: Transaction tracking system initialized
[2014.12.01-04.25.01:179][  0]BlueprintLog: New page: Editor Load
[2014.12.01-04.25.01:239][  0]LogAssetRegistry: FAssetRegistry took 0.0105 seconds to start up
[2014.12.01-04.25.01:240][  0]LogDirectoryWatcher:Warning: Failed to begin reading directory changes for ../../../Engine/Plugins/Experimental/CharacterAI/Content/. Error: 0
[2014.12.01-04.25.02:787][  0]LogTargetPlatformManager:Display: Building Assets For Windows
[2014.12.01-04.25.03:731][  0]LogTargetPlatformManager:Display: Building Assets For Windows
[2014.12.01-04.25.04:298][  0]LogConsoleResponse:Display: 
[2014.12.01-04.25.04:777][  0]SourceControl: Info Source control is disabled
[2014.12.01-04.25.04:778][  0]Cmd: MAP LOAD FILE="../../../../../../Users/johnss18/Documents/SUCCUBE-US/SUCCUBEUS/Content/Maps/Example_Map.umap" TEMPLATE=0 SHOWPROGRESS=1
[2014.12.01-04.25.04:779][  0]LightingResults: New page: Lighting Build
[2014.12.01-04.25.04:800][  0]MapCheck: New page: Map Check
[2014.12.01-04.25.04:800][  0]LightingResults: New page: Lighting Build
[2014.12.01-04.25.04:836][  0]LogParticles: Destroying 0 GPU particle simulations for FXSystem 0x000000001C7FDA80
[2014.12.01-04.25.05:578][  0]LogEditorServer: Finished looking for orphan Actors (0.000 secs)
[2014.12.01-04.25.05:578][  0]LogAIModule: Creating AISystem for world Example_Map
[2014.12.01-04.25.05:580][  0]Cmd: MAP CHECKDEP
[2014.12.01-04.25.05:580][  0]MapCheck: New page: Example_Map - Nov 30, 2014, 6:25:05 PM
[2014.12.01-04.25.05:805][  0]MapCheck: Info Map check complete: 0 Error(s), 0 Warning(s), took 224.64ms to complete.
[2014.12.01-04.25.05:805][  0]LogFileHelpers: Loading map 'Example_Map' took 1.027
[2014.12.01-04.25.05:926][  0]LogCollectionManager: Loaded 0 collections in 0.002469 seconds
[2014.12.01-04.25.06:203][  0]LogCrashTracker: Crashtracker disabled due to settings.
[2014.12.01-04.25.06:270][  0]LogUObjectGlobals:Warning: Failed to find object 'Class None.'
[2014.12.01-04.25.06:354][  0]LogLoad: Full Startup: 29.47 seconds (BP compile: 0.21 seconds)
[2014.12.01-04.25.06:703][  0]LogContentBrowser:Verbose: The content browser source was changed by the sources view to '/Game/Maps'
[2014.12.01-04.25.06:992][  0]LogRenderer:Warning: Reallocating scene render targets to support 944x728.
[2014.12.01-04.25.10:180][  7]LogAssetRegistry: Asset discovery search completed in 8.9509 seconds
[2014.12.01-04.25.35:335][353]LogContentBrowser:Verbose: The content browser source was changed by the sources view to '/Game/Character'
[2014.12.01-04.25.58:200][862]LogContentBrowser:Verbose: The content browser source was changed by the sources view to '/Game/Blueprints'
[2014.12.01-04.26.42:256][261]LogSlate:Warning: GetFontFace failed to load or process 'Roboto-Regular'
[2014.12.01-04.26.42:256][261]LogSlate:Warning: GetFontFace failed to load or process 'Roboto-Regular'
[2014.12.01-04.26.42:262][261]LogSlate:Warning: GetFontFace failed to load or process 'Roboto-Regular'
[2014.12.01-04.26.42:263][261]LogSlate:Warning: GetFontFace failed to load or process 'Roboto-Regular'
[2014.12.01-04.26.42:263][261]LogSlate:Warning: GetFontFace failed to load or process 'Roboto-Regular'
[2014.12.01-04.26.42:263][261]LogSlate:Warning: GetFontFace failed to load or process 'Roboto-Regular'
[2014.12.01-04.26.42:263][261]LogSlate:Warning: GetFontFace failed to load or process 'Roboto-Regular'
[2014.12.01-04.26.42:263][261]LogSlate:Warning: GetFontFace failed to load or process 'Roboto-Regular'
[2014.12.01-04.26.42:263][261]LogSlate:Warning: GetFontFace failed to load or process 'Roboto-Regular'
[2014.12.01-04.26.42:264][261]LogSlate:Warning: GetFontFace failed to load or process 'Roboto-Regular'
[2014.12.01-04.26.42:264][261]LogSlate:Warning: GetFontFace failed to load or process 'Roboto-Regular'
[2014.12.01-04.26.42:264][261]LogSlate:Warning: GetFontFace failed to load or process 'Roboto-Regular'
[2014.12.01-04.26.42:264][261]LogSlate:Warning: GetFontFace failed to load or process 'Roboto-Regular'
[2014.12.01-04.26.42:264][261]LogSlate:Warning: GetFontFace failed to load or process 'Roboto-Regular'
[2014.12.01-04.26.42:264][261]LogSlate:Warning: GetFontFace failed to load or process 'Roboto-Regular'
[2014.12.01-04.26.42:265][261]LogSlate:Warning: GetFontFace failed to load or process 'Roboto-Regular'
[2014.12.01-04.26.42:265][261]LogSlate:Warning: GetFontFace failed to load or process 'Roboto-Regular'
[2014.12.01-04.26.42:265][261]LogSlate:Warning: GetFontFace failed to load or process 'Roboto-Regular'
[2014.12.01-04.26.42:265][261]LogSlate:Warning: GetFontFace failed to load or process 'Roboto-Regular'
[2014.12.01-04.27.30:029][746]LogSlate:Warning: GetFontFace failed to load or process 'Roboto-Regular'
[2014.12.01-04.27.30:030][746]LogSlate:Warning: GetFontFace failed to load or process 'Roboto-Regular'
[2014.12.01-04.27.30:030][746]LogSlate:Warning: GetFontFace failed to load or process 'Roboto-Regular'
[2014.12.01-04.27.30:030][746]LogSlate:Warning: GetFontFace failed to load or process 'Roboto-Regular'
[2014.12.01-04.27.30:030][746]LogSlate:Warning: GetFontFace failed to load or process 'Roboto-Regular'
[2014.12.01-04.27.30:031][746]LogSlate:Warning: GetFontFace failed to load or process 'Roboto-Regular'
[2014.12.01-04.28.42:314][977]BlueprintLog: New page: Pre-PIE auto-recompile
[2014.12.01-04.28.42:472][977]LogActorComponent: UnregisterComponent: (/Engine/Transient.CharacterMovementComponent_0) Not registered. Aborting.
[2014.12.01-04.28.42:472][977]LogPlayLevel: [PIE] Compiling MyCharacter before PIE...
[2014.12.01-04.28.42:986][977]LogPlayLevel: [PIE] Compiling Tutorial_BP_MacroLib before PIE...
[2014.12.01-04.28.43:180][977]LogPlayLevel: [PIE] Compiling Example_Map before PIE...
[2014.12.01-04.28.43:517][977]LogPlayLevel: PIE:  Blueprint regeneration took 1203 ms (3 blueprints)
[2014.12.01-04.28.43:517][977]PIE: New page: SIE session: Example_Map (Nov 30, 2014, 6:28:43 PM)
[2014.12.01-04.28.43:611][977]LogPlayLevel: PIE: StaticDuplicateObject took: (0.093469s)
[2014.12.01-04.28.43:614][977]LogPlayLevel: PIE: World Init took: (0.002661s)
[2014.12.01-04.28.43:614][977]LogPlayLevel: PIE: Created PIE world by copying editor world from /Game/Maps/Example_Map.Example_Map to /Game/Maps/UEDPIE_0_Example_Map.Example_Map (0.096602s)
[2014.12.01-04.28.43:718][977]LogWorld: Game class is 'MyGame_C'
[2014.12.01-04.28.43:721][977]LogAIModule: Creating AISystem for world Example_Map
[2014.12.01-04.28.43:725][977]LogWorld: Bringing World /Game/Maps/UEDPIE_0_Example_Map.Example_Map up for play (max tick rate 60) at 2014.11.30-23.28.43
[2014.12.01-04.28.43:726][977]LogWorld: Bringing up level for play took: 0.003995
[2014.12.01-04.28.43:731][977]PIE: Info Play in editor start time for /Game/Maps/UEDPIE_0_Example_Map 1.16
[2014.12.01-04.28.45:837][ 11]LogPackageName: SearchForPackageOnDisk took   0.149s to resolve Level1.umap
[2014.12.01-04.28.45:969][ 11]LogPackageName: SearchForPackageOnDisk took   0.130s to resolve Level1.umap
[2014.12.01-04.28.45:969][ 11]LogNet: Browse: /Game/Maps/Level1
[2014.12.01-04.28.45:969][ 11]LogLoad: LoadMap: /Game/Maps/Level1
[2014.12.01-04.28.45:970][ 11]LogActorComponent: UnregisterComponent: (/Engine/Transient.CharacterMovementComponent_1) Not registered. Aborting.
[2014.12.01-04.28.46:021][ 11]LogParticles: Destroying 0 GPU particle simulations for FXSystem 0x000000001C1300E0
[2014.12.01-04.28.46:022][ 11]Cmd: MEM
[2014.12.01-04.28.46:070][ 11]LogMemory: Platform Memory Stats for Windows
[2014.12.01-04.28.46:070][ 11]LogMemory: Process Physical Memory: 574.14 MB used, 587.89 MB peak
[2014.12.01-04.28.46:070][ 11]LogMemory: Process Virtual Memory: 622.07 MB used, 632.96 MB peak
[2014.12.01-04.28.46:070][ 11]LogMemory: Physical Memory: 4696.92 MB used, 7915.94 MB total
[2014.12.01-04.28.46:070][ 11]LogMemory: Virtual Memory: 1103.52 MB used, 8388608.00 MB total
[2014.12.01-04.28.46:070][ 11]LogMemory: 
[2014.12.01-04.28.46:070][ 11]Allocator Stats for TBB: (not implemented)
[2014.12.01-04.28.46:533][ 11]LogWorld: Game class is 'MyGame_C'
[2014.12.01-04.28.46:536][ 11]LogAIModule: Creating AISystem for world Level1
[2014.12.01-04.28.46:538][ 11]LogWorld: Bringing World /Game/Maps/UEDPIE_0_Level1.Level1 up for play (max tick rate 60) at 2014.11.30-23.28.46
[2014.12.01-04.28.46:539][ 11]LogWorld: Bringing up level for play took: 0.002830
[2014.12.01-04.29.47:113][286]LogParticles: Destroying 0 GPU particle simulations for FXSystem 0x00000000165C1C60
[2014.12.01-04.30.03:630][651]BlueprintLog: New page: Pre-PIE auto-recompile
[2014.12.01-04.30.03:630][651]LogPlayLevel: [PIE] Compiling Example_Map before PIE...
[2014.12.01-04.30.03:826][651]LogPlayLevel: PIE:  Blueprint regeneration took 196 ms (1 blueprints)
[2014.12.01-04.30.03:826][651]PIE: New page: SIE session: Example_Map (Nov 30, 2014, 6:30:03 PM)
[2014.12.01-04.30.03:917][651]LogPlayLevel: PIE: StaticDuplicateObject took: (0.090825s)
[2014.12.01-04.30.03:921][651]LogPlayLevel: PIE: World Init took: (0.003568s)
[2014.12.01-04.30.03:922][651]LogPlayLevel: PIE: Created PIE world by copying editor world from /Game/Maps/Example_Map.Example_Map to /Game/Maps/UEDPIE_0_Example_Map.Example_Map (0.095127s)
[2014.12.01-04.30.03:992][651]LogWorld: Game class is 'MyGame_C'
[2014.12.01-04.30.03:994][651]LogAIModule: Creating AISystem for world Example_Map
[2014.12.01-04.30.03:996][651]LogWorld: Bringing World /Game/Maps/UEDPIE_0_Example_Map.Example_Map up for play (max tick rate 60) at 2014.11.30-23.30.03
[2014.12.01-04.30.03:997][651]LogWorld: Bringing up level for play took: 0.002763
[2014.12.01-04.30.04:001][651]PIE: Info Play in editor start time for /Game/Maps/UEDPIE_0_Example_Map -0.572
[2014.12.01-04.30.06:026][687]LogPackageName: SearchForPackageOnDisk took   0.136s to resolve Level1.umap
[2014.12.01-04.30.06:161][687]LogPackageName: SearchForPackageOnDisk took   0.134s to resolve Level1.umap
[2014.12.01-04.30.06:161][687]LogNet: Browse: /Game/Maps/Level1
[2014.12.01-04.30.06:161][687]LogLoad: LoadMap: /Game/Maps/Level1
[2014.12.01-04.30.06:214][687]LogParticles: Destroying 0 GPU particle simulations for FXSystem 0x0000000023F19F80
[2014.12.01-04.30.06:214][687]Cmd: MEM
[2014.12.01-04.30.06:262][687]LogMemory: Platform Memory Stats for Windows
[2014.12.01-04.30.06:262][687]LogMemory: Process Physical Memory: 617.86 MB used, 635.27 MB peak
[2014.12.01-04.30.06:262][687]LogMemory: Process Virtual Memory: 660.20 MB used, 686.68 MB peak
[2014.12.01-04.30.06:262][687]LogMemory: Physical Memory: 4747.39 MB used, 7915.94 MB total
[2014.12.01-04.30.06:262][687]LogMemory: Virtual Memory: 1132.05 MB used, 8388608.00 MB total
[2014.12.01-04.30.06:262][687]LogMemory: 
[2014.12.01-04.30.06:262][687]Allocator Stats for TBB: (not implemented)
[2014.12.01-04.30.06:536][687]LogWorld: Game class is 'MyGame_C'
[2014.12.01-04.30.06:539][687]LogAIModule: Creating AISystem for world Level1
[2014.12.01-04.30.06:542][687]LogWorld: Bringing World /Game/Maps/UEDPIE_0_Level1.Level1 up for play (max tick rate 60) at 2014.11.30-23.30.06
[2014.12.01-04.30.06:543][687]LogWorld: Bringing up level for play took: 0.003449
[2014.12.01-04.30.13:220][916]LogParticles: Destroying 0 GPU particle simulations for FXSystem 0x0000000012E7BC40
[2014.12.01-04.32.00:668][736]LogSlate:Warning: GetFontFace failed to load or process 'Roboto-Regular'
[2014.12.01-04.32.00:669][736]LogSlate:Warning: GetFontFace failed to load or process 'Roboto-Regular'
[2014.12.01-04.32.00:669][736]LogSlate:Warning: GetFontFace failed to load or process 'Roboto-Regular'
[2014.12.01-04.32.07:207][968]Cmd: OBJ SAVEPACKAGE PACKAGE="/Game/Blueprints/MyCharacter" FILE="../../../../../../Users/johnss18/Documents/SUCCUBE-US/SUCCUBEUS/Content/Blueprints/MyCharacter.uasset" SILENT=true
[2014.12.01-04.32.07:935][968]LogSavePackage: Save=652.446716ms
[2014.12.01-04.32.07:935][968]LogSavePackage: Moving '../../../../../../Users/johnss18/Documents/SUCCUBE-US/SUCCUBEUS/Saved/MyCharacterC2C34AC54A37096068615FAA87F1C209.tmp' to '../../../../../../Users/johnss18/Documents/SUCCUBE-US/SUCCUBEUS/Content/Blueprints/MyCharacter.uasset'
[2014.12.01-04.32.08:679][996]BlueprintLog: New page: Compile MyCharacter
[2014.12.01-04.32.08:980][996]LogActorComponent: UnregisterComponent: (/Engine/Transient.CharacterMovementComponent_2) Not registered. Aborting.
[2014.12.01-04.32.09:174][996]BlueprintEditorCompileResults: Info [0451.99] Compile of MyCharacter successful! [in 142 ms]
[2014.12.01-04.32.28:938][201]BlueprintLog: New page: Pre-PIE auto-recompile
[2014.12.01-04.32.28:938][201]LogPlayLevel: [PIE] Compiling Example_Map before PIE...
[2014.12.01-04.32.29:079][201]LogActorComponent: UnregisterComponent: (/Engine/Transient.CharacterMovementComponent_3) Not registered. Aborting.
[2014.12.01-04.32.29:133][201]LogPlayLevel: PIE:  Blueprint regeneration took 195 ms (1 blueprints)
[2014.12.01-04.32.29:134][201]PIE: New page: SIE session: Example_Map (Nov 30, 2014, 6:32:29 PM)
[2014.12.01-04.32.29:250][201]LogPlayLevel: PIE: StaticDuplicateObject took: (0.115845s)
[2014.12.01-04.32.29:252][201]LogPlayLevel: PIE: World Init took: (0.001943s)
[2014.12.01-04.32.29:252][201]LogPlayLevel: PIE: Created PIE world by copying editor world from /Game/Maps/Example_Map.Example_Map to /Game/Maps/UEDPIE_0_Example_Map.Example_Map (0.118322s)
[2014.12.01-04.32.29:295][201]LogWorld: Game class is 'MyGame_C'
[2014.12.01-04.32.29:297][201]LogAIModule: Creating AISystem for world Example_Map
[2014.12.01-04.32.29:300][201]LogWorld: Bringing World /Game/Maps/UEDPIE_0_Example_Map.Example_Map up for play (max tick rate 60) at 2014.11.30-23.32.29
[2014.12.01-04.32.29:301][201]LogWorld: Bringing up level for play took: 0.002912
[2014.12.01-04.32.29:305][201]PIE: Info Play in editor start time for /Game/Maps/UEDPIE_0_Example_Map 0.729
[2014.12.01-04.32.31:912][248]LogPackageName: SearchForPackageOnDisk took   0.164s to resolve Level1.umap
[2014.12.01-04.32.32:050][248]LogPackageName: SearchForPackageOnDisk took   0.137s to resolve Level1.umap
[2014.12.01-04.32.32:050][248]LogNet: Browse: /Game/Maps/Level1
[2014.12.01-04.32.32:050][248]LogLoad: LoadMap: /Game/Maps/Level1
[2014.12.01-04.32.32:108][248]LogParticles: Destroying 0 GPU particle simulations for FXSystem 0x00000000239C0720
[2014.12.01-04.32.32:109][248]Cmd: MEM
[2014.12.01-04.32.32:159][248]LogMemory: Platform Memory Stats for Windows
[2014.12.01-04.32.32:159][248]LogMemory: Process Physical Memory: 649.22 MB used, 680.42 MB peak
[2014.12.01-04.32.32:159][248]LogMemory: Process Virtual Memory: 695.95 MB used, 714.24 MB peak
[2014.12.01-04.32.32:159][248]LogMemory: Physical Memory: 4847.28 MB used, 7915.94 MB total
[2014.12.01-04.32.32:159][248]LogMemory: Virtual Memory: 1157.69 MB used, 8388608.00 MB total
[2014.12.01-04.32.32:159][248]LogMemory: 
[2014.12.01-04.32.32:159][248]Allocator Stats for TBB: (not implemented)
[2014.12.01-04.32.32:403][248]LogWorld: Game class is 'MyGame_C'
[2014.12.01-04.32.32:406][248]LogAIModule: Creating AISystem for world Level1
[2014.12.01-04.32.32:408][248]LogWorld: Bringing World /Game/Maps/UEDPIE_0_Level1.Level1 up for play (max tick rate 60) at 2014.11.30-23.32.32
[2014.12.01-04.32.32:409][248]LogWorld: Bringing up level for play took: 0.002944
[2014.12.01-04.33.32:225][133]LogParticles: Destroying 0 GPU particle simulations for FXSystem 0x0000000012E78540
[2014.12.01-04.37.27:811][231]LogFileHelpers: Editor autosave (incl. sublevels) for '/Game/Maps/Example_Map' took 0.121
[2014.12.01-04.47.58:133][654]LogRenderer:Warning: Reallocating scene render targets to support 1256x728.
[2014.12.01-04.58.13:620][396]LogContentBrowser:Verbose: The content browser source was changed by the sources view to '/Game/StarterContent'
[2014.12.01-04.58.14:726][418]LogContentBrowser:Verbose: The content browser source was changed by the sources view to '/Game/Maps'
[2014.12.01-05.06.32:995][897]LogActorComponent: UnregisterComponent: (/Engine/Transient.CharacterMovementComponent_4) Not registered. Aborting.
[2014.12.01-05.06.32:995][897]LogActorComponent: UnregisterComponent: (/Engine/Transient.ProjectileMovementComponent_0) Not registered. Aborting.
[2014.12.01-05.06.35:405][983]Cmd: OBJ SAVEPACKAGE PACKAGE="/Game/Maps/Projectile" FILE="../../../../../../Users/johnss18/Documents/SUCCUBE-US/SUCCUBEUS/Content/Maps/Projectile.uasset" SILENT=true
[2014.12.01-05.06.36:065][983]LogSavePackage: Save=623.690369ms
[2014.12.01-05.06.36:065][983]LogSavePackage: Moving '../../../../../../Users/johnss18/Documents/SUCCUBE-US/SUCCUBEUS/Saved/Projectile773CB3C746C416D5D73D4CB26B336636.tmp' to '../../../../../../Users/johnss18/Documents/SUCCUBE-US/SUCCUBEUS/Content/Maps/Projectile.uasset'
[2014.12.01-05.06.36:300][994]BlueprintLog: New page: Compile Projectile
[2014.12.01-05.06.36:484][994]LogActorComponent: UnregisterComponent: (/Engine/Transient.ProjectileMovementComponent_1) Not registered. Aborting.
[2014.12.01-05.06.36:720][994]BlueprintEditorCompileResults: Info [2519.42] Compile of Projectile successful! [in 30 ms]
[2014.12.01-05.06.45:825][203]BlueprintLog: New page: Pre-PIE auto-recompile
[2014.12.01-05.06.45:972][203]LogActorComponent: UnregisterComponent: (/Engine/Transient.ProjectileMovementComponent_2) Not registered. Aborting.
[2014.12.01-05.06.45:972][203]LogPlayLevel: [PIE] Compiling MyCharacter before PIE...
[2014.12.01-05.06.46:450][203]LogPlayLevel: [PIE] Compiling Example_Map before PIE...
[2014.12.01-05.06.46:681][203]LogPlayLevel: PIE:  Blueprint regeneration took 855 ms (2 blueprints)
[2014.12.01-05.06.46:681][203]PIE: New page: SIE session: Example_Map (Nov 30, 2014, 7:06:46 PM)
[2014.12.01-05.06.46:797][203]LogPlayLevel: PIE: StaticDuplicateObject took: (0.115649s)
[2014.12.01-05.06.46:800][203]LogPlayLevel: PIE: World Init took: (0.002175s)
[2014.12.01-05.06.46:800][203]LogPlayLevel: PIE: Created PIE world by copying editor world from /Game/Maps/Example_Map.Example_Map to /Game/Maps/UEDPIE_0_Example_Map.Example_Map (0.118439s)
[2014.12.01-05.06.46:841][203]LogWorld: Game class is 'MyGame_C'
[2014.12.01-05.06.46:844][203]LogAIModule: Creating AISystem for world Example_Map
[2014.12.01-05.06.46:846][203]LogWorld: Bringing World /Game/Maps/UEDPIE_0_Example_Map.Example_Map up for play (max tick rate 3) at 2014.12.01-00.06.46
[2014.12.01-05.06.46:847][203]LogWorld: Bringing up level for play took: 0.003059
[2014.12.01-05.06.46:851][203]PIE: Info Play in editor start time for /Game/Maps/UEDPIE_0_Example_Map 0.234
[2014.12.01-05.06.48:524][210]LogPackageName: SearchForPackageOnDisk took   0.170s to resolve Level1.umap
[2014.12.01-05.06.48:661][210]LogPackageName: SearchForPackageOnDisk took   0.136s to resolve Level1.umap
[2014.12.01-05.06.48:661][210]LogNet: Browse: /Game/Maps/Level1
[2014.12.01-05.06.48:662][210]LogLoad: LoadMap: /Game/Maps/Level1
[2014.12.01-05.06.48:718][210]LogParticles: Destroying 0 GPU particle simulations for FXSystem 0x000000001C3EB880
[2014.12.01-05.06.48:719][210]Cmd: MEM
[2014.12.01-05.06.48:771][210]LogMemory: Platform Memory Stats for Windows
[2014.12.01-05.06.48:771][210]LogMemory: Process Physical Memory: 700.77 MB used, 722.09 MB peak
[2014.12.01-05.06.48:771][210]LogMemory: Process Virtual Memory: 750.34 MB used, 768.30 MB peak
[2014.12.01-05.06.48:771][210]LogMemory: Physical Memory: 5404.49 MB used, 7915.94 MB total
[2014.12.01-05.06.48:771][210]LogMemory: Virtual Memory: 1211.68 MB used, 8388608.00 MB total
[2014.12.01-05.06.48:771][210]LogMemory: 
[2014.12.01-05.06.48:771][210]Allocator Stats for TBB: (not implemented)
[2014.12.01-05.06.49:025][210]LogWorld: Game class is 'MyGame_C'
[2014.12.01-05.06.49:029][210]LogAIModule: Creating AISystem for world Level1
[2014.12.01-05.06.49:031][210]LogWorld: Bringing World /Game/Maps/UEDPIE_0_Level1.Level1 up for play (max tick rate 0) at 2014.12.01-00.06.49
[2014.12.01-05.06.49:032][210]LogWorld: Bringing up level for play took: 0.003336
[2014.12.01-05.07.27:386][400]LogProjectileMovement:Warning: Projectile_C_22 is outside the world bounds!
[2014.12.01-05.07.28:053][400]LogOutputDevice: === Handled error: ===

Ensure condition failed: this->IsBound() [File:d:\buildfarm\buildmachine_++depot+ue4-releases+4.5\engine\source\runtime\core\public\delegates\DelegateSignatureImpl.inl] [Line: 2039]
Unable to bind delegate to '&UMovementComponent::PhysicsVolumeChanged' (function might not be marked as a UFUNCTION)
Stack: 
UE4Editor-Core.dll!UnknownFunction (0x000007fedfa78f46) + 0 bytes [UnknownFile:0]
UE4Editor-Core.dll!UnknownFunction (0x000007fedf8f7148) + 0 bytes [UnknownFile:0]
UE4Editor-Core.dll!UnknownFunction (0x000007fedf8f73a7) + 0 bytes [UnknownFile:0]
UE4Editor-Engine.dll!UnknownFunction (0x000007fedd49b5a7) + 0 bytes [UnknownFile:0]
UE4Editor-Engine.dll!UnknownFunction (0x000007fedd49b648) + 0 bytes [UnknownFile:0]
UE4Editor-Engine.dll!UnknownFunction (0x000007fedd504604) + 0 bytes [UnknownFile:0]
UE4Editor-Engine.dll!UnknownFunction (0x000007fedd57cce8) + 0 bytes [UnknownFile:0]
UE4Editor-Engine.dll!UnknownFunction (0x000007fedd5b462e) + 0 bytes [UnknownFile:0]
UE4Editor-Engine.dll!UnknownFunction (0x000007fedd0b4217) + 0 bytes [UnknownFile:0]
UE4Editor-Engine.dll!UnknownFunction (0x000007fedd0c3376) + 0 bytes [UnknownFile:0]
UE4Editor-Engine.dll!UnknownFunction (0x000007fedd78f8b6) + 0 bytes [UnknownFile:0]
UE4Editor-Engine.dll!UnknownFunction (0x000007fedd79badb) + 0 bytes [UnknownFile:0]
UE4Editor-Core.dll!UnknownFunction (0x000007fedf826514) + 0 bytes [UnknownFile:0]
UE4Editor-Core.dll!UnknownFunction (0x000007fedf82669d) + 0 bytes [UnknownFile:0]
UE4Editor-Core.dll!UnknownFunction (0x000007fedf8447c5) + 0 bytes [UnknownFile:0]
UE4Editor-Engine.dll!UnknownFunction (0x000007fedd7be75f) + 0 bytes [UnknownFile:0]
UE4Editor-Engine.dll!UnknownFunction (0x000007fedd7c1005) + 0 bytes [UnknownFile:0]
UE4Editor-Engine.dll!UnknownFunction (0x000007fedd484d96) + 0 bytes [UnknownFile:0]
UE4Editor-Engine.dll!UnknownFunction (0x000007fedd48bdcf) + 0 bytes [UnknownFile:0]
UE4Editor-UnrealEd.dll!UnknownFunction (0x000007fedb61ebb2) + 0 bytes [UnknownFile:0]
UE4Editor-UnrealEd.dll!UnknownFunction (0x000007fedba7f966) + 0 bytes [UnknownFile:0]
UE4Editor.exe!FEngineLoop::Tick() (0x000000013fd0a8f4) + 0 bytes [d:\buildfarm\buildmachine_++depot+ue4-releases+4.5\engine\source\runtime\launch\private\launchengineloop.cpp:2129]
UE4Editor.exe!GuardedMain() (0x000000013fcff9df) + 0 bytes [d:\buildfarm\buildmachine_++depot+ue4-releases+4.5\engine\source\runtime\launch\private\launch.cpp:133]
UE4Editor.exe!GuardedMainWrapper() (0x000000013fcffa4a) + 5 bytes [d:\buildfarm\buildmachine_++depot+ue4-releases+4.5\engine\source\runtime\launch\private\windows\launchwindows.cpp:125]
UE4Editor.exe!WinMain() (0x000000013fd0bf19) + 17 bytes [d:\buildfarm\buildmachine_++depot+ue4-releases+4.5\engine\source\runtime\launch\private\windows\launchwindows.cpp:201]
UE4Editor.exe!__tmainCRTStartup() (0x000000013fd0cdc9) + 21 bytes [f:\dd\vctools\crt\crtw32\dllstuff\crtexe.c:618]
kernel32.dll!UnknownFunction (0x00000000777a59ed) + 0 bytes [UnknownFile:0]
ntdll.dll!UnknownFunction (0x00000000779dc541) + 0 bytes [UnknownFile:0]
ntdll.dll!UnknownFunction (0x00000000779dc541) + 0 bytes [UnknownFile:0]

[2014.12.01-05.07.47:753][948]LogProjectileMovement:Warning: Projectile_C_73 is outside the world bounds!
[2014.12.01-05.07.47:773][948]LogOutputDevice: === Handled error: ===

Ensure condition failed: this->IsBound() [File:d:\buildfarm\buildmachine_++depot+ue4-releases+4.5\engine\source\runtime\core\public\delegates\DelegateSignatureImpl.inl] [Line: 2039]
Unable to bind delegate to '&UMovementComponent::PhysicsVolumeChanged' (function might not be marked as a UFUNCTION)
Stack: 
UE4Editor-Core.dll!UnknownFunction (0x000007fedfa78f46) + 0 bytes [UnknownFile:0]
UE4Editor-Core.dll!UnknownFunction (0x000007fedf8f7148) + 0 bytes [UnknownFile:0]
UE4Editor-Core.dll!UnknownFunction (0x000007fedf8f73a7) + 0 bytes [UnknownFile:0]
UE4Editor-Engine.dll!UnknownFunction (0x000007fedd49b5a7) + 0 bytes [UnknownFile:0]
UE4Editor-Engine.dll!UnknownFunction (0x000007fedd49b648) + 0 bytes [UnknownFile:0]
UE4Editor-Engine.dll!UnknownFunction (0x000007fedd504604) + 0 bytes [UnknownFile:0]
UE4Editor-Engine.dll!UnknownFunction (0x000007fedd57cce8) + 0 bytes [UnknownFile:0]
UE4Editor-Engine.dll!UnknownFunction (0x000007fedd5b462e) + 0 bytes [UnknownFile:0]
UE4Editor-Engine.dll!UnknownFunction (0x000007fedd0b4217) + 0 bytes [UnknownFile:0]
UE4Editor-Engine.dll!UnknownFunction (0x000007fedd0c3376) + 0 bytes [UnknownFile:0]
UE4Editor-Engine.dll!UnknownFunction (0x000007fedd78f8b6) + 0 bytes [UnknownFile:0]
UE4Editor-Engine.dll!UnknownFunction (0x000007fedd79badb) + 0 bytes [UnknownFile:0]
UE4Editor-Core.dll!UnknownFunction (0x000007fedf826514) + 0 bytes [UnknownFile:0]
UE4Editor-Core.dll!UnknownFunction (0x000007fedf82669d) + 0 bytes [UnknownFile:0]
UE4Editor-Core.dll!UnknownFunction (0x000007fedf8447c5) + 0 bytes [UnknownFile:0]
UE4Editor-Engine.dll!UnknownFunction (0x000007fedd7be75f) + 0 bytes [UnknownFile:0]
UE4Editor-Engine.dll!UnknownFunction (0x000007fedd7c1005) + 0 bytes [UnknownFile:0]
UE4Editor-Engine.dll!UnknownFunction (0x000007fedd484d96) + 0 bytes [UnknownFile:0]
UE4Editor-Engine.dll!UnknownFunction (0x000007fedd48bdcf) + 0 bytes [UnknownFile:0]
UE4Editor-UnrealEd.dll!UnknownFunction (0x000007fedb61ebb2) + 0 bytes [UnknownFile:0]
UE4Editor-UnrealEd.dll!UnknownFunction (0x000007fedba7f966) + 0 bytes [UnknownFile:0]
UE4Editor.exe!FEngineLoop::Tick() (0x000000013fd0a8f4) + 0 bytes [d:\buildfarm\buildmachine_++depot+ue4-releases+4.5\engine\source\runtime\launch\private\launchengineloop.cpp:2129]
UE4Editor.exe!GuardedMain() (0x000000013fcff9df) + 0 bytes [d:\buildfarm\buildmachine_++depot+ue4-releases+4.5\engine\source\runtime\launch\private\launch.cpp:133]
UE4Editor.exe!GuardedMainWrapper() (0x000000013fcffa4a) + 5 bytes [d:\buildfarm\buildmachine_++depot+ue4-releases+4.5\engine\source\runtime\launch\private\windows\launchwindows.cpp:125]
UE4Editor.exe!WinMain() (0x000000013fd0bf19) + 17 bytes [d:\buildfarm\buildmachine_++depot+ue4-releases+4.5\engine\source\runtime\launch\private\windows\launchwindows.cpp:201]
UE4Editor.exe!__tmainCRTStartup() (0x000000013fd0cdc9) + 21 bytes [f:\dd\vctools\crt\crtw32\dllstuff\crtexe.c:618]
kernel32.dll!UnknownFunction (0x00000000777a59ed) + 0 bytes [UnknownFile:0]
ntdll.dll!UnknownFunction (0x00000000779dc541) + 0 bytes [UnknownFile:0]
ntdll.dll!UnknownFunction (0x00000000779dc541) + 0 bytes [UnknownFile:0]

[2014.12.01-05.07.49:825][ 13]LogProjectileMovement:Warning: Projectile_C_80 is outside the world bounds!
[2014.12.01-05.07.49:845][ 13]LogOutputDevice: === Handled error: ===

Ensure condition failed: this->IsBound() [File:d:\buildfarm\buildmachine_++depot+ue4-releases+4.5\engine\source\runtime\core\public\delegates\DelegateSignatureImpl.inl] [Line: 2039]
Unable to bind delegate to '&UMovementComponent::PhysicsVolumeChanged' (function might not be marked as a UFUNCTION)
Stack: 
UE4Editor-Core.dll!UnknownFunction (0x000007fedfa78f46) + 0 bytes [UnknownFile:0]
UE4Editor-Core.dll!UnknownFunction (0x000007fedf8f7148) + 0 bytes [UnknownFile:0]
UE4Editor-Core.dll!UnknownFunction (0x000007fedf8f73a7) + 0 bytes [UnknownFile:0]
UE4Editor-Engine.dll!UnknownFunction (0x000007fedd49b5a7) + 0 bytes [UnknownFile:0]
UE4Editor-Engine.dll!UnknownFunction (0x000007fedd49b648) + 0 bytes [UnknownFile:0]
UE4Editor-Engine.dll!UnknownFunction (0x000007fedd504604) + 0 bytes [UnknownFile:0]
UE4Editor-Engine.dll!UnknownFunction (0x000007fedd57cce8) + 0 bytes [UnknownFile:0]
UE4Editor-Engine.dll!UnknownFunction (0x000007fedd5b462e) + 0 bytes [UnknownFile:0]
UE4Editor-Engine.dll!UnknownFunction (0x000007fedd0b4217) + 0 bytes [UnknownFile:0]
UE4Editor-Engine.dll!UnknownFunction (0x000007fedd0c3376) + 0 bytes [UnknownFile:0]
UE4Editor-Engine.dll!UnknownFunction (0x000007fedd78f8b6) + 0 bytes [UnknownFile:0]
UE4Editor-Engine.dll!UnknownFunction (0x000007fedd79badb) + 0 bytes [UnknownFile:0]
UE4Editor-Core.dll!UnknownFunction (0x000007fedf826514) + 0 bytes [UnknownFile:0]
UE4Editor-Core.dll!UnknownFunction (0x000007fedf82669d) + 0 bytes [UnknownFile:0]
UE4Editor-Core.dll!UnknownFunction (0x000007fedf8447c5) + 0 bytes [UnknownFile:0]
UE4Editor-Engine.dll!UnknownFunction (0x000007fedd7be75f) + 0 bytes [UnknownFile:0]
UE4Editor-Engine.dll!UnknownFunction (0x000007fedd7c1005) + 0 bytes [UnknownFile:0]
UE4Editor-Engine.dll!UnknownFunction (0x000007fedd484d96) + 0 bytes [UnknownFile:0]
UE4Editor-Engine.dll!UnknownFunction (0x000007fedd48bdcf) + 0 bytes [UnknownFile:0]
UE4Editor-UnrealEd.dll!UnknownFunction (0x000007fedb61ebb2) + 0 bytes [UnknownFile:0]
UE4Editor-UnrealEd.dll!UnknownFunction (0x000007fedba7f966) + 0 bytes [UnknownFile:0]
UE4Editor.exe!FEngineLoop::Tick() (0x000000013fd0a8f4) + 0 bytes [d:\buildfarm\buildmachine_++depot+ue4-releases+4.5\engine\source\runtime\launch\private\launchengineloop.cpp:2129]
UE4Editor.exe!GuardedMain() (0x000000013fcff9df) + 0 bytes [d:\buildfarm\buildmachine_++depot+ue4-releases+4.5\engine\source\runtime\launch\private\launch.cpp:133]
UE4Editor.exe!GuardedMainWrapper() (0x000000013fcffa4a) + 5 bytes [d:\buildfarm\buildmachine_++depot+ue4-releases+4.5\engine\source\runtime\launch\private\windows\launchwindows.cpp:125]
UE4Editor.exe!WinMain() (0x000000013fd0bf19) + 17 bytes [d:\buildfarm\buildmachine_++depot+ue4-releases+4.5\engine\source\runtime\launch\private\windows\launchwindows.cpp:201]
UE4Editor.exe!__tmainCRTStartup() (0x000000013fd0cdc9) + 21 bytes [f:\dd\vctools\crt\crtw32\dllstuff\crtexe.c:618]
kernel32.dll!UnknownFunction (0x00000000777a59ed) + 0 bytes [UnknownFile:0]
ntdll.dll!UnknownFunction (0x00000000779dc541) + 0 bytes [UnknownFile:0]
ntdll.dll!UnknownFunction (0x00000000779dc541) + 0 bytes [UnknownFile:0]

[2014.12.01-05.08.16:207][869]LogProjectileMovement:Warning: Projectile_C_126 is outside the world bounds!
[2014.12.01-05.08.16:228][869]LogOutputDevice: === Handled error: ===

Ensure condition failed: this->IsBound() [File:d:\buildfarm\buildmachine_++depot+ue4-releases+4.5\engine\source\runtime\core\public\delegates\DelegateSignatureImpl.inl] [Line: 2039]
Unable to bind delegate to '&UMovementComponent::PhysicsVolumeChanged' (function might not be marked as a UFUNCTION)
Stack: 
UE4Editor-Core.dll!UnknownFunction (0x000007fedfa78f46) + 0 bytes [UnknownFile:0]
UE4Editor-Core.dll!UnknownFunction (0x000007fedf8f7148) + 0 bytes [UnknownFile:0]
UE4Editor-Core.dll!UnknownFunction (0x000007fedf8f73a7) + 0 bytes [UnknownFile:0]
UE4Editor-Engine.dll!UnknownFunction (0x000007fedd49b5a7) + 0 bytes [UnknownFile:0]
UE4Editor-Engine.dll!UnknownFunction (0x000007fedd49b648) + 0 bytes [UnknownFile:0]
UE4Editor-Engine.dll!UnknownFunction (0x000007fedd504604) + 0 bytes [UnknownFile:0]
UE4Editor-Engine.dll!UnknownFunction (0x000007fedd57cce8) + 0 bytes [UnknownFile:0]
UE4Editor-Engine.dll!UnknownFunction (0x000007fedd5b462e) + 0 bytes [UnknownFile:0]
UE4Editor-Engine.dll!UnknownFunction (0x000007fedd0b4217) + 0 bytes [UnknownFile:0]
UE4Editor-Engine.dll!UnknownFunction (0x000007fedd0c3376) + 0 bytes [UnknownFile:0]
UE4Editor-Engine.dll!UnknownFunction (0x000007fedd78f8b6) + 0 bytes [UnknownFile:0]
UE4Editor-Engine.dll!UnknownFunction (0x000007fedd79badb) + 0 bytes [UnknownFile:0]
UE4Editor-Core.dll!UnknownFunction (0x000007fedf826514) + 0 bytes [UnknownFile:0]
UE4Editor-Core.dll!UnknownFunction (0x000007fedf82669d) + 0 bytes [UnknownFile:0]
UE4Editor-Core.dll!UnknownFunction (0x000007fedf8447c5) + 0 bytes [UnknownFile:0]
UE4Editor-Engine.dll!UnknownFunction (0x000007fedd7be75f) + 0 bytes [UnknownFile:0]
UE4Editor-Engine.dll!UnknownFunction (0x000007fedd7c1005) + 0 bytes [UnknownFile:0]
UE4Editor-Engine.dll!UnknownFunction (0x000007fedd484d96) + 0 bytes [UnknownFile:0]
UE4Editor-Engine.dll!UnknownFunction (0x000007fedd48bdcf) + 0 bytes [UnknownFile:0]
UE4Editor-UnrealEd.dll!UnknownFunction (0x000007fedb61ebb2) + 0 bytes [UnknownFile:0]
UE4Editor-UnrealEd.dll!UnknownFunction (0x000007fedba7f966) + 0 bytes [UnknownFile:0]
UE4Editor.exe!FEngineLoop::Tick() (0x000000013fd0a8f4) + 0 bytes [d:\buildfarm\buildmachine_++depot+ue4-releases+4.5\engine\source\runtime\launch\private\launchengineloop.cpp:2129]
UE4Editor.exe!GuardedMain() (0x000000013fcff9df) + 0 bytes [d:\buildfarm\buildmachine_++depot+ue4-releases+4.5\engine\source\runtime\launch\private\launch.cpp:133]
UE4Editor.exe!GuardedMainWrapper() (0x000000013fcffa4a) + 5 bytes [d:\buildfarm\buildmachine_++depot+ue4-releases+4.5\engine\source\runtime\launch\private\windows\launchwindows.cpp:125]
UE4Editor.exe!WinMain() (0x000000013fd0bf19) + 17 bytes [d:\buildfarm\buildmachine_++depot+ue4-releases+4.5\engine\source\runtime\launch\private\windows\launchwindows.cpp:201]
UE4Editor.exe!__tmainCRTStartup() (0x000000013fd0cdc9) + 21 bytes [f:\dd\vctools\crt\crtw32\dllstuff\crtexe.c:618]
kernel32.dll!UnknownFunction (0x00000000777a59ed) + 0 bytes [UnknownFile:0]
ntdll.dll!UnknownFunction (0x00000000779dc541) + 0 bytes [UnknownFile:0]
ntdll.dll!UnknownFunction (0x00000000779dc541) + 0 bytes [UnknownFile:0]

[2014.12.01-05.08.30:626][346]LogParticles: Destroying 0 GPU particle simulations for FXSystem 0x0000000023F06AC0
[2014.12.01-06.30.34:830][158]LogActorComponent: UnregisterComponent: (/Engine/Transient.ProjectileMovementComponent_3) Not registered. Aborting.
[2014.12.01-06.30.34:921][158]LogMetaData: Removing '/Game/Blueprints/Projectile.Projectile_C' ref from Metadata '/Game/Maps/Projectile.PackageMetaData'
[2014.12.01-06.30.34:921][158]LogMetaData: Removing '/Game/Blueprints/Projectile.Projectile:UserConstructionScript.K2Node_FunctionEntry_161' ref from Metadata '/Game/Maps/Projectile.PackageMetaData'
[2014.12.01-06.30.34:921][158]LogMetaData: Removing '/Game/Blueprints/Projectile.SKEL_Projectile_C' ref from Metadata '/Game/Maps/Projectile.PackageMetaData'
[2014.12.01-06.30.35:008][158]Cmd: OBJ SAVEPACKAGE PACKAGE="/Game/Blueprints/Projectile" FILE="../../../../../../Users/johnss18/Documents/SUCCUBE-US/SUCCUBEUS/Content/Blueprints/Projectile.uasset" SILENT=true
[2014.12.01-06.30.35:231][158]LogSavePackage: Save=220.753586ms
[2014.12.01-06.30.35:231][158]LogSavePackage: Moving '../../../../../../Users/johnss18/Documents/SUCCUBE-US/SUCCUBEUS/Saved/ProjectileBD95622F45ACA41D928216AA0B659023.tmp' to '../../../../../../Users/johnss18/Documents/SUCCUBE-US/SUCCUBEUS/Content/Blueprints/Projectile.uasset'
[2014.12.01-06.30.35:276][158]LogActorComponent: UnregisterComponent: (/Engine/Transient.ProjectileMovementComponent_4) Not registered. Aborting.
[2014.12.01-06.30.35:429][158]Cmd: OBJ SAVEPACKAGE PACKAGE="/Game/Blueprints/MyCharacter" FILE="../../../../../../Users/johnss18/Documents/SUCCUBE-US/SUCCUBEUS/Content/Blueprints/MyCharacter.uasset" SILENT=true
[2014.12.01-06.30.35:723][158]LogSavePackage: Save=280.575104ms
[2014.12.01-06.30.35:724][158]LogSavePackage: Moving '../../../../../../Users/johnss18/Documents/SUCCUBE-US/SUCCUBEUS/Saved/MyCharacter9DE73E55485144A3A36753BBB5FC1D47.tmp' to '../../../../../../Users/johnss18/Documents/SUCCUBE-US/SUCCUBEUS/Content/Blueprints/MyCharacter.uasset'
[2014.12.01-07.07.51:221][164]LogContentBrowser:Verbose: The content browser source was changed by the sources view to '/Game/Blueprints'
[2014.12.01-07.11.12:563][430]LogContentBrowser:Verbose: The content browser source was changed by the sources view to '/Game/Blueprints'
[2014.12.01-07.11.12:618][432]LogHttp:Warning: Timeout processing Http request. 000000003773FC80 url=http://et2.epicgames.com/ET2/CollectData.1?SessionID=%7B6684A05B-4F7B-17A6-A53B-9191FC4E379B%7D&AppID=Rocket.Release&AppVersion=4.5.1-2336687%2B%2B%2Bdepot%2BUE4-Releases%2B4.5&UserID=1cd395ba8454b0fbdf3b67cda2e55af9&IsEditor=1
[2014.12.01-07.11.12:618][432]LogHttp:Warning: InternetStatusCallbackWinInet: on invalid request 000000003773FC80. 
[2014.12.01-07.11.12:631][433]LogHttp:Warning: InternetStatusCallbackWinInet: on invalid request 000000003773FC80. 
[2014.12.01-07.11.12:631][433]LogHttp:Warning: InternetStatusCallbackWinInet: on invalid request 000000003773FC80. 
[2014.12.01-07.11.12:631][433]LogHttp:Warning: InternetStatusCallbackWinInet: on invalid request 000000003773FC80. 
[2014.12.01-07.16.40:306][983]LogActorComponent: UnregisterComponent: (/Engine/Transient.CharacterMovementComponent_5) Not registered. Aborting.
[2014.12.01-07.16.40:306][983]LogActorComponent: UnregisterComponent: (/Engine/Transient.ProjectileMovementComponent_5) Not registered. Aborting.
[2014.12.01-07.16.40:371][983]LogMetaData: Removing '/Game/Blueprints/Goal.Goal:UserConstructionScript.K2Node_FunctionEntry_307' ref from Metadata '/Game/Blueprints/NewBlueprint.PackageMetaData'
[2014.12.01-07.16.40:371][983]LogMetaData: Removing '/Game/Blueprints/Goal.SKEL_Goal_C' ref from Metadata '/Game/Blueprints/NewBlueprint.PackageMetaData'
[2014.12.01-07.16.40:371][983]LogMetaData: Removing '/Game/Blueprints/Goal.Goal_C' ref from Metadata '/Game/Blueprints/NewBlueprint.PackageMetaData'
[2014.12.01-07.16.40:393][983]Cmd: OBJ SAVEPACKAGE PACKAGE="/Game/Blueprints/Goal" FILE="../../../../../../Users/johnss18/Documents/SUCCUBE-US/SUCCUBEUS/Content/Blueprints/Goal.uasset" SILENT=true
[2014.12.01-07.16.40:407][983]LogSavePackage: Save=11.983585ms
[2014.12.01-07.16.40:407][983]LogSavePackage: Moving '../../../../../../Users/johnss18/Documents/SUCCUBE-US/SUCCUBEUS/Saved/GoalB3B074E044DB9C87E5CECAB62C82165C.tmp' to '../../../../../../Users/johnss18/Documents/SUCCUBE-US/SUCCUBEUS/Content/Blueprints/Goal.uasset'
[2014.12.01-07.19.12:272][ 90]LogActorComponent: UnregisterComponent: (/Engine/Transient.ProjectileMovementComponent_6) Not registered. Aborting.
[2014.12.01-07.19.12:272][ 90]LogActorComponent: UnregisterComponent: (/Engine/Transient.CharacterMovementComponent_6) Not registered. Aborting.
[2014.12.01-07.21.08:012][108]LogFileHelpers: Editor autosave (incl. sublevels) for '/Game/Maps/Example_Map' took 0.027
[2014.12.01-07.21.08:047][108]OBJ SavePackage: Generating thumbnails for [1] asset(s) in package [/Game/Blueprints/MyCharacter] ([1] browsable assets)...
[2014.12.01-07.21.08:088][108]OBJ SavePackage:     Rendered thumbnail for [Blueprint /Game/Blueprints/MyCharacter.MyCharacter]
[2014.12.01-07.21.08:088][108]OBJ SavePackage: Finished generating thumbnails for package [/Game/Blueprints/MyCharacter]
[2014.12.01-07.21.08:355][108]LogSavePackage: Save=225.028885ms
[2014.12.01-07.21.08:356][108]LogSavePackage: Moving '../../../../../../Users/johnss18/Documents/SUCCUBE-US/SUCCUBEUS/Saved/MyCharacter_Auto15D4C37DC4BED0C4FB9ED71BD6D1E7C99.tmp' to '../../../../../../Users/johnss18/Documents/SUCCUBE-US/SUCCUBEUS/Saved/Autosaves/Game/Blueprints/MyCharacter_Auto1.uasset'
[2014.12.01-07.21.08:395][108]LogSavePackage: Save=7.383536ms
[2014.12.01-07.21.08:395][108]LogSavePackage: Moving '../../../../../../Users/johnss18/Documents/SUCCUBE-US/SUCCUBEUS/Saved/NewBlueprint_Auto1B973ABC949C19DAD6B3A45A2E49556E3.tmp' to '../../../../../../Users/johnss18/Documents/SUCCUBE-US/SUCCUBEUS/Saved/Autosaves/Game/Blueprints/NewBlueprint_Auto1.uasset'
[2014.12.01-07.21.08:412][108]OBJ SavePackage: Generating thumbnails for [0] asset(s) in package [/Game/Blueprints/Goal] ([1] browsable assets)...
[2014.12.01-07.21.08:428][108]OBJ SavePackage: Finished generating thumbnails for package [/Game/Blueprints/Goal]
[2014.12.01-07.21.08:432][108]Cmd: OBJ SAVEPACKAGE PACKAGE="/Game/Blueprints/Goal" FILE="../../../../../../Users/johnss18/Documents/SUCCUBE-US/SUCCUBEUS/Saved/Autosaves/Game/Blueprints/Goal_Auto1.uasset" SILENT=false AUTOSAVING=true
[2014.12.01-07.21.08:489][108]LogSavePackage: Save=15.231842ms
[2014.12.01-07.21.08:489][108]LogSavePackage: Moving '../../../../../../Users/johnss18/Documents/SUCCUBE-US/SUCCUBEUS/Saved/Goal_Auto1BBCB92F54B94E3D5EF6E7596CD46CDC9.tmp' to '../../../../../../Users/johnss18/Documents/SUCCUBE-US/SUCCUBEUS/Saved/Autosaves/Game/Blueprints/Goal_Auto1.uasset'
[2014.12.01-07.21.08:497][108]LogFileHelpers: Auto-saving content packages took 0.486
[2014.12.01-07.41.07:146][ 46]LogActorComponent: UnregisterComponent: (/Engine/Transient.CharacterMovementComponent_7) Not registered. Aborting.
[2014.12.01-07.41.07:170][ 46]LogFileHelpers: Editor autosave (incl. sublevels) for '/Game/Maps/Example_Map' took 0.025
[2014.12.01-07.41.07:183][ 46]OBJ SavePackage: Generating thumbnails for [0] asset(s) in package [/Game/Blueprints/MyCharacter] ([1] browsable assets)...
[2014.12.01-07.41.07:193][ 46]OBJ SavePackage: Finished generating thumbnails for package [/Game/Blueprints/MyCharacter]
[2014.12.01-07.41.07:269][ 46]LogSavePackage: Save=44.715405ms
[2014.12.01-07.41.07:269][ 46]LogSavePackage: Moving '../../../../../../Users/johnss18/Documents/SUCCUBE-US/SUCCUBEUS/Saved/MyCharacter_Auto2E504AEEB4BC7972FD0EF34861A40E378.tmp' to '../../../../../../Users/johnss18/Documents/SUCCUBE-US/SUCCUBEUS/Saved/Autosaves/Game/Blueprints/MyCharacter_Auto2.uasset'
[2014.12.01-07.41.07:277][ 46]LogFileHelpers: Auto-saving content packages took 0.107
[2014.12.01-07.42.53:229][558]LogWindows:Error: Windows GetLastError: The operation completed successfully. (0)
[2014.12.01-07.42.53:229][558]LogCrashTracker: 


[2014.12.01-07.42.53:534][558]LogCrashTracker: 


[2014.12.01-07.42.53:534][558]LogWindows: === Critical error: ===
Assertion failed: StructPtrs.Num() != 0 [File:D:\BuildFarm\buildmachine_++depot+UE4-Releases+4.5\Engine\Source\Editor\DetailCustomizations\Private\KeyStructCustomization.cpp] [Line: 63] 



KERNELBASE.dll!UnknownFunction (0x000007fefd94940d) + 0 bytes [UnknownFile:0]
UE4Editor-Core.dll!UnknownFunction (0x000007fedfa771c4) + 0 bytes [UnknownFile:0]
UE4Editor-Core.dll!UnknownFunction (0x000007fedf9098c8) + 0 bytes [UnknownFile:0]
UE4Editor-Core.dll!UnknownFunction (0x000007fedf8ee892) + 0 bytes [UnknownFile:0]
UE4Editor-DetailCustomizations.dll!UnknownFunction (0x000007fed42a1194) + 0 bytes [UnknownFile:0]
UE4Editor-DetailCustomizations.dll!UnknownFunction (0x000007fed4284526) + 0 bytes [UnknownFile:0]
UE4Editor-UnrealEd.dll!UnknownFunction (0x000007fedb944d8a) + 0 bytes [UnknownFile:0]
UE4Editor-UnrealEd.dll!UnknownFunction (0x000007fedb9577f8) + 0 bytes [UnknownFile:0]
UE4Editor-UnrealEd.dll!UnknownFunction (0x000007fedb9608d6) + 0 bytes [UnknownFile:0]
UE4Editor-UnrealEd.dll!UnknownFunction (0x000007fedb947032) + 0 bytes [UnknownFile:0]
UE4Editor-Slate.dll!UnknownFunction (0x000007fedcd22a1f) + 0 bytes [UnknownFile:0]
UE4Editor-SlateCore.dll!UnknownFunction (0x000007fee2ad78af) + 0 bytes [UnknownFile:0]
UE4Editor-SlateCore.dll!UnknownFunction (0x000007fee2ad7bba) + 0 bytes [UnknownFile:0]
UE4Editor-SlateCore.dll!UnknownFunction (0x000007fee2ad72fc) + 0 bytes [UnknownFile:0]
UE4Editor-SlateCore.dll!UnknownFunction (0x000007fee2ad78af) + 0 bytes [UnknownFile:0]
UE4Editor-SlateCore.dll!UnknownFunction (0x000007fee2ad7bba) + 0 bytes [UnknownFile:0]
UE4Editor-SlateCore.dll!UnknownFunction (0x000007fee2ad72fc) + 0 bytes [UnknownFile:0]
UE4Editor-SlateCore.dll!UnknownFunction (0x000007fee2ad78af) + 0 bytes [UnknownFile:0]
UE4Editor-SlateCore.dll!UnknownFunction (0x000007fee2ad6f28) + 0 bytes [UnknownFile:0]
UE4Editor-Slate.dll!UnknownFunction (0x000007fedcd21098) + 0 bytes [UnknownFile:0]
UE4Editor-SlateCore.dll!UnknownFunction (0x000007fee2ad78af) + 0 bytes [UnknownFile:0]
UE4Editor-Slate.dll!UnknownFunction (0x000007fedcd22cd6) + 0 bytes [UnknownFile:0]
UE4Editor-SlateCore.dll!UnknownFunction (0x000007fee2ad78af) + 0 bytes [UnknownFile:0]
UE4Editor-SlateCore.dll!UnknownFunction (0x000007fee2ad6f28) + 0 bytes [UnknownFile:0]
UE4Editor-SlateCore.dll!UnknownFunction (0x000007fee2ad78af) + 0 bytes [UnknownFile:0]
UE4Editor-SlateCore.dll!UnknownFunction (0x000007fee2ad7bba) + 0 bytes [UnknownFile:0]
UE4Editor-SlateCore.dll!UnknownFunction (0x000007fee2ad72fc) + 0 bytes [UnknownFile:0]
UE4Editor-SlateCore.dll!UnknownFunction (0x000007fee2ad78af) + 0 bytes [UnknownFile:0]
UE4Editor-SlateCore.dll!UnknownFunction (0x000007fee2ad6f28) + 0 bytes [UnknownFile:0]
UE4Editor-SlateCore.dll!UnknownFunction (0x000007fee2ad78af) + 0 bytes [UnknownFile:0]
UE4Editor-SlateCore.dll!UnknownFunction (0x000007fee2ad7bba) + 0 bytes [UnknownFile:0]
UE4Editor-SlateCore.dll!UnknownFunction (0x000007fee2ad72fc) + 0 bytes [UnknownFile:0]
UE4Editor-SlateCore.dll!UnknownFunction (0x000007fee2ad78af) + 0 bytes [UnknownFile:0]
UE4Editor-SlateCore.dll!UnknownFunction (0x000007fee2ad7bba) + 0 bytes [UnknownFile:0]
UE4Editor-Slate.dll!UnknownFunction (0x000007fedcd24494) + 0 bytes [UnknownFile:0]
UE4Editor-SlateCore.dll!UnknownFunction (0x000007fee2ad78af) + 0 bytes [UnknownFile:0]
UE4Editor-SlateCore.dll!UnknownFunction (0x000007fee2ad6f28) + 0 bytes [UnknownFile:0]
UE4Editor-Slate.dll!UnknownFunction (0x000007fedcd21098) + 0 bytes [UnknownFile:0]
UE4Editor-SlateCore.dll!UnknownFunction (0x000007fee2ad78af) + 0 bytes [UnknownFile:0]
UE4Editor-SlateCore.dll!UnknownFunction (0x000007fee2ad6f28) + 0 bytes [UnknownFile:0]
UE4Editor-Slate.dll!UnknownFunction (0x000007fedcd21098) + 0 bytes [UnknownFile:0]
UE4Editor-PropertyEditor.dll!UnknownFunction (0x000007feda1bd50f) + 0 bytes [UnknownFile:0]
UE4Editor-SlateCore.dll!UnknownFunction (0x000007fee2ad78af) + 0 bytes [UnknownFile:0]
UE4Editor-SlateCore.dll!UnknownFunction (0x000007fee2ad7bba) + 0 bytes [UnknownFile:0]
UE4Editor-SlateCore.dll!UnknownFunction (0x000007fee2ad72fc) + 0 bytes [UnknownFile:0]
UE4Editor-SlateCore.dll!UnknownFunction (0x000007fee2ad78af) + 0 bytes [UnknownFile:0]
UE4Editor-SlateCore.dll!UnknownFunction (0x000007fee2ad6f28) + 0 bytes [UnknownFile:0]
UE4Editor-Slate.dll!UnknownFunction (0x000007fedcd4d5e4) + 0 bytes [UnknownFile:0]
UE4Editor-SlateCore.dll!UnknownFunction (0x000007fee2ad78af) + 0 bytes [UnknownFile:0]
UE4Editor-SlateCore.dll!UnknownFunction (0x000007fee2ad7bba) + 0 bytes [UnknownFile:0]
UE4Editor-SlateCore.dll!UnknownFunction (0x000007fee2ad72fc) + 0 bytes [UnknownFile:0]
UE4Editor-SlateCore.dll!UnknownFunction (0x000007fee2ad78af) + 0 bytes [UnknownFile:0]
UE4Editor-SlateCore.dll!UnknownFunction (0x000007fee2ad7bba) + 0 bytes [UnknownFile:0]
UE4Editor-SlateCore.dll!UnknownFunction (0x000007fee2ad72fc) + 0 bytes [UnknownFile:0]
UE4Editor-SlateCore.dll!UnknownFunction (0x000007fee2ad78af) + 0 bytes [UnknownFile:0]
UE4Editor-SlateCore.dll!UnknownFunction (0x000007fee2ad6f28) + 0 bytes [UnknownFile:0]
UE4Editor-SlateCore.dll!UnknownFunction (0x000007fee2ad78af) + 0 bytes [UnknownFile:0]
UE4Editor-SlateCore.dll!UnknownFunction (0x000007fee2ad6f28) + 0 bytes [UnknownFile:0]
UE4Editor-Slate.dll!UnknownFunction (0x000007fedcd21098) + 0 bytes [UnknownFile:0]
UE4Editor-SlateCore.dll!UnknownFunction (0x000007fee2ad78af) + 0 bytes [UnknownFile:0]
UE4Editor-SlateCore.dll!UnknownFunction (0x000007fee2ad7bba) + 0 bytes [UnknownFile:0]
UE4Editor-SlateCore.dll!UnknownFunction (0x000007fee2ad72fc) + 0 bytes [UnknownFile:0]
UE4Editor-SlateCore.dll!UnknownFunction (0x000007fee2ad78af) + 0 bytes [UnknownFile:0]
UE4Editor-SlateCore.dll!UnknownFunction (0x000007fee2ad6f28) + 0 bytes [UnknownFile:0]
UE4Editor-Slate.dll!UnknownFunction (0x000007fedcd21098) + 0 bytes [UnknownFile:0]
UE4Editor-SlateCore.dll!UnknownFunction (0x000007fee2ad78af) + 0 bytes [UnknownFile:0]
UE4Editor-SlateCore.dll!UnknownFunction (0x000007fee2ad7bba) + 0 bytes [UnknownFile:0]
UE4Editor-SlateCore.dll!UnknownFunction (0x000007fee2ad72fc) + 0 bytes [UnknownFile:0]
UE4Editor-SlateCore.dll!UnknownFunction (0x000007fee2ad78af) + 0 bytes [UnknownFile:0]
UE4Editor-SlateCore.dll!UnknownFunction (0x000007fee2ad6f28) + 0 bytes [UnknownFile:0]
UE4Editor-SlateCore.dll!UnknownFunction (0x000007fee2ad78af) + 0 bytes [UnknownFile:0]
UE4Editor-SlateCore.dll!UnknownFunction (0x000007fee2ad6f28) + 0 bytes [UnknownFile:0]
UE4Editor-Slate.dll!UnknownFunction (0x000007fedcd21098) + 0 bytes [UnknownFile:0]
UE4Editor-SlateCore.dll!UnknownFunction (0x000007fee2ad78af) + 0 bytes [UnknownFile:0]
UE4Editor-SlateCore.dll!UnknownFunction (0x000007fee2ad71c5) + 0 bytes [UnknownFile:0]
UE4Editor-SlateCore.dll!UnknownFunction (0x000007fee2ad78af) + 0 bytes [UnknownFile:0]
UE4Editor-SlateCore.dll!UnknownFunction (0x000007fee2ad7bba) + 0 bytes [UnknownFile:0]
UE4Editor-SlateCore.dll!UnknownFunction (0x000007fee2ad72fc) + 0 bytes [UnknownFile:0]
UE4Editor-SlateCore.dll!UnknownFunction (0x000007fee2ad78af) + 0 bytes [UnknownFile:0]
UE4Editor-SlateCore.dll!UnknownFunction (0x000007fee2ad6f28) + 0 bytes [UnknownFile:0]
UE4Editor-SlateCore.dll!UnknownFunction (0x000007fee2ad78af) + 0 bytes [UnknownFile:0]
UE4Editor-SlateCore.dll!UnknownFunction (0x000007fee2ad7bba) + 0 bytes [UnknownFile:0]
UE4Editor-Slate.dll!UnknownFunction (0x000007fedcd24494) + 0 bytes [UnknownFile:0]
UE4Editor-SlateCore.dll!UnknownFunction (0x000007fee2ad78af) + 0 bytes [UnknownFile:0]
UE4Editor-SlateCore.dll!UnknownFunction (0x000007fee2ad6f28) + 0 bytes [UnknownFile:0]
UE4Editor-SlateCore.dll!UnknownFunction (0x000007fee2ad78af) + 0 bytes [UnknownFile:0]
UE4Editor-SlateCore.dll!UnknownFunction (0x000007fee2ad7bba) + 0 bytes [UnknownFile:0]
UE4Editor-Slate.dll!UnknownFunction (0x000007fedcd24494) + 0 bytes [UnknownFile:0]
UE4Editor-SlateCore.dll!UnknownFunction (0x000007fee2ad78af) + 0 bytes [UnknownFile:0]
UE4Editor-SlateCore.dll!UnknownFunction (0x000007fee2ad6f28) + 0 bytes [UnknownFile:0]
UE4Editor-SlateCore.dll!UnknownFunction (0x000007fee2ad78af) + 0 bytes [UnknownFile:0]
UE4Editor-SlateCore.dll!UnknownFunction (0x000007fee2ad7bba) + 0 bytes [UnknownFile:0]
UE4Editor-Slate.dll!UnknownFunction (0x000007fedcd24494) + 0 bytes [UnknownFile:0]
UE4Editor-SlateCore.dll!UnknownFunction (0x000007fee2ad78af) + 0 bytes [UnknownFile:0]
UE4Editor-SlateCore.dll!UnknownFunction (0x000007fee2ad71c5) + 0 bytes [UnknownFile:0]
UE4Editor-SlateCore.dll!UnknownFunction (0x000007fee2ad78af) + 0 bytes [UnknownFile:0]
UE4Editor-SlateCore.dll!UnknownFunction (0x000007fee2ad6f28) + 0 bytes [UnknownFile:0]
UE4Editor-SlateCore.dll!UnknownFunction (0x000007fee2ad78af) + 0 bytes [UnknownFile:0]
UE4Editor-SlateCore.dll!UnknownFunction (0x000007fee2ad7bba) + 0 bytes [UnknownFile:0]
UE4Editor-SlateCore.dll!UnknownFunction (0x000007fee2ad72fc) + 0 bytes [UnknownFile:0]
UnknownModule!UnknownFunction (0x0000d481913b4f06) + 0 bytes [UnknownFile:0]
UnknownModule!UnknownFunction (0x0000000000552740) + 0 bytes [UnknownFile:0]
UnknownModule!UnknownFunction (0x000000002bbb5020) + 0 bytes [UnknownFile:0]
UnknownModule!UnknownFunction (0x0000000000552740) + 0 bytes [UnknownFile:0]


[2014.12.01-07.42.53:724][558]LogExit: Executing StaticShutdownAfterError
[2014.12.01-07.42.53:735][558]LogWindows: FPlatformMisc::RequestExit(1)
[2014.12.01-07.42.53:735][558]Log file closed, 12/01/14 02:42:53
