Log file open, 11/19/14 15:01:25
LogInit:Display: Running engine for game: SUCCUBEUS
LogInit: Version: 4.5.1-2336687+++depot+UE4-Releases+4.5
LogInit: API Version: 2326478
LogInit: Compiled (64-bit): Oct 21 2014 22:32:40
LogInit: Compiled with Visual C++: 18.00.21005.01
LogInit: Build Configuration: Development
LogInit: Branch Name: ++depot+UE4-Releases+4.5
LogInit: Command line: 
LogInit: Base directory: C:/Program Files/Epic Games/4.5/Engine/Binaries/Win64/
LogInit: Rocket: 1
[2014.11.19-20.01.25:356][  0]LogTaskGraph: Started task graph with 3 named threads and 4 total threads.
[2014.11.19-20.01.25:384][  0]LogOnline:Warning: No default platform service specified for OnlineSubsystem
[2014.11.19-20.01.25:399][  0]LogInit: Presizing for 0 objects not considered by GC, pre-allocating 0 bytes.
[2014.11.19-20.01.25:409][  0]LogInit: Object subsystem initialized
[2014.11.19-20.01.25:412][  0]LogConsoleResponse:Warning: Skipping Unknown console variable: 'UIScaleRule = ShortestSide'
[2014.11.19-20.01.25:412][  0]LogConsoleResponse:Warning:   Found in ini file 'C:/Users/johnss18/Documents/SUCCUBE-US/SUCCUBEUS/Saved/Config/Windows/Engine.ini', in section '[/Script/Engine.RendererSettings]'
[2014.11.19-20.01.25:412][  0]LogConsoleResponse:Warning: Skipping Unknown console variable: 'UIScaleCurve = (EditorCurveData=(Keys=((Time=480,Value=0.444),(Time=720,Value=0.666),(Time=1080,Value=1.0),(Time=8640,Value=8.0))),ExternalCurve=None)'
[2014.11.19-20.01.25:412][  0]LogConsoleResponse:Warning:   Found in ini file 'C:/Users/johnss18/Documents/SUCCUBE-US/SUCCUBEUS/Saved/Config/Windows/Engine.ini', in section '[/Script/Engine.RendererSettings]'
[2014.11.19-20.01.25:412][  0]LogInit: Selected Device Profile: [Windows]
[2014.11.19-20.01.25:412][  0]LogInit: Applying CVar settings loaded from the selected device profile: [Windows]
[2014.11.19-20.01.25:417][  0]LogInit: Computer: JOHNSS18-PC
[2014.11.19-20.01.25:417][  0]LogInit: User: johnss18
[2014.11.19-20.01.25:421][  0]LogInit: CPU Page size=4096, Cores=2
[2014.11.19-20.01.25:421][  0]LogInit: High frequency timer resolution =2.728222 MHz
[2014.11.19-20.01.25:421][  0]LogMemory: Memory total: Physical=7.7GB (8GB approx) Virtual=8192.0GB
[2014.11.19-20.01.25:421][  0]LogMemory: Platform Memory Stats for Windows
[2014.11.19-20.01.25:421][  0]LogMemory: Process Physical Memory: 61.50 MB used, 61.50 MB peak
[2014.11.19-20.01.25:421][  0]LogMemory: Process Virtual Memory: 37.01 MB used, 37.21 MB peak
[2014.11.19-20.01.25:421][  0]LogMemory: Physical Memory: 6694.67 MB used, 7915.94 MB total
[2014.11.19-20.01.25:421][  0]LogMemory: Virtual Memory: 267.44 MB used, 8388608.00 MB total
[2014.11.19-20.01.25:516][  0]LogD3D11RHI: Found D3D11 adapter 0: Intel(R) HD Graphics 4000 (Feature Level 11_0)
[2014.11.19-20.01.25:516][  0]LogD3D11RHI: Adapter has 64MB of dedicated video memory, 0MB of dedicated system memory, and 1632MB of shared system memory, 1 output[s]
[2014.11.19-20.01.25:516][  0]LogD3D11RHI: Chosen D3D11 Adapter Id = 0
[2014.11.19-20.01.25:524][  0]LogRHI: Texture pool is 616 MB (70% of 880 MB)
[2014.11.19-20.01.25:535][  0]LogD3D11RHI: Async texture creation enabled
[2014.11.19-20.01.25:717][  0]LogTextLocalizationManager: The requested culture ('en_US') has no localization data; parent culture's ('en') localization data will be used.
[2014.11.19-20.01.25:872][  0]LogContentStreaming: Texture pool size is 0.000000MB
[2014.11.19-20.01.31:101][  0]LogTargetPlatformManager:Display: Building Assets For Windows
[2014.11.19-20.01.31:543][  0]LogTargetPlatformManager:Display: Building Assets For Windows
[2014.11.19-20.01.31:595][  0]LogDerivedDataCache:Display: Max Cache Size: 512 MB
[2014.11.19-20.01.31:997][  0]LogDerivedDataCache: Loaded boot cache 0.40s 39MB C:/Users/johnss18/AppData/Local/UnrealEngine/4.5/DerivedDataCache/Boot.ddc.
[2014.11.19-20.01.31:997][  0]LogDerivedDataCache:Display: Loaded Boot cache: C:/Users/johnss18/AppData/Local/UnrealEngine/4.5/DerivedDataCache/Boot.ddc
[2014.11.19-20.01.31:997][  0]LogDerivedDataCache: FDerivedDataBackendGraph:  Pak pak cache file ../../../../../../Users/johnss18/Documents/SUCCUBE-US/SUCCUBEUS/DerivedDataCache/DDC.ddp not found, will not use a pak cache.
[2014.11.19-20.01.31:998][  0]LogDerivedDataCache: Unable to find inner node Pak for hierarchical cache Hierarchy.
[2014.11.19-20.01.32:069][  0]LogDerivedDataCache:Display: Pak cache opened for reading ../../../Engine/DerivedDataCache/DDC.ddp.
[2014.11.19-20.01.32:080][  0]LogDerivedDataCache: Using Local data cache path C:/Users/johnss18/AppData/Local/UnrealEngine/Common/DerivedDataCache: Writable
[2014.11.19-20.01.32:271][  0]LogMeshUtilities: No automatic mesh reduction module available
[2014.11.19-20.01.32:271][  0]LogMeshUtilities: No automatic mesh merging module available
[2014.11.19-20.01.32:571][  0]LogLinker:Warning: Asset '../../../Engine/Content/Functions/Engine_MaterialFunctions02/Texturing/FlipBook.uasset' has been saved with empty engine version. The asset will be loaded but may be incompatible.
[2014.11.19-20.01.32:574][  0]LogLinker:Warning: Asset '../../../Engine/Content/Functions/Engine_MaterialFunctions02/ExampleContent/Textures/flipbook.uasset' has been saved with empty engine version. The asset will be loaded but may be incompatible.
[2014.11.19-20.01.32:966][  0]LogInit: WinSock: version 1.1 (2.2), MaxSocks=32767, MaxUdp=65467
[2014.11.19-20.01.47:324][  0]UdpMessaging: Initializing bridge on interface 0.0.0.0:0 to multicast group 230.0.0.1:6666.
[2014.11.19-20.01.47:483][  0]LogDirectoryWatcher:Warning: Failed to begin reading directory changes for C:/Users/johnss18/Documents/SUCCUBE-US/SUCCUBEUS/Binaries/Win64. Error: 0
[2014.11.19-20.01.47:638][  0]SourceControl: Info Source control is disabled
[2014.11.19-20.01.47:638][  0]SourceControl: Info Source control is disabled
[2014.11.19-20.01.47:644][  0]SourceControl: Info Source control is disabled
[2014.11.19-20.01.47:817][  0]LogObj: 22915 objects as part of root set at end of initial load.
[2014.11.19-20.01.47:817][  0]LogUObjectAllocator: 4803544 out of 0 bytes used by permanent object pool.
[2014.11.19-20.01.47:867][  0]LogEngine: Initializing Engine...
[2014.11.19-20.01.48:118][  0]LogInit: XAudio2 using 'Speaker/HP (Realtek High Definition Audio)' : 2 channels at 48 kHz using 32 bits per sample (channel mask 0x3)
[2014.11.19-20.01.48:197][  0]LogInit: FAudioDevice initialized.
[2014.11.19-20.01.48:214][  0]LogAIModule: Creating AISystem for world NewWorld
[2014.11.19-20.01.48:234][  0]LogDerivedDataCache: Saved boot cache 0.02s 39MB C:/Users/johnss18/AppData/Local/UnrealEngine/4.5/DerivedDataCache/Boot.ddc.
[2014.11.19-20.01.48:238][  0]LogInit: Texture streaming: Enabled
[2014.11.19-20.01.48:277][  0]LogInit: Transaction tracking system initialized
[2014.11.19-20.01.48:354][  0]BlueprintLog: New page: Editor Load
[2014.11.19-20.01.48:379][  0]LogAssetRegistry: FAssetRegistry took 0.0096 seconds to start up
[2014.11.19-20.01.48:379][  0]LogDirectoryWatcher:Warning: Failed to begin reading directory changes for ../../../Engine/Plugins/Experimental/CharacterAI/Content/. Error: 0
[2014.11.19-20.01.48:871][  0]LogTargetPlatformManager:Display: Building Assets For Windows
[2014.11.19-20.01.49:199][  0]LogTargetPlatformManager:Display: Building Assets For Windows
[2014.11.19-20.01.50:663][  0]LogConsoleResponse:Display: 
[2014.11.19-20.01.50:994][  0]SourceControl: Info Source control is disabled
[2014.11.19-20.01.50:994][  0]Cmd: MAP LOAD FILE="../../../../../../Users/johnss18/Documents/SUCCUBE-US/SUCCUBEUS/Content/Maps/Example_Map.umap" TEMPLATE=0 SHOWPROGRESS=1
[2014.11.19-20.01.50:994][  0]LightingResults: New page: Lighting Build
[2014.11.19-20.01.51:003][  0]MapCheck: New page: Map Check
[2014.11.19-20.01.51:003][  0]LightingResults: New page: Lighting Build
[2014.11.19-20.01.51:020][  0]LogParticles: Destroying 0 GPU particle simulations for FXSystem 0x000000001C89E840
[2014.11.19-20.01.52:382][  0]LogEditorServer: Finished looking for orphan Actors (0.000 secs)
[2014.11.19-20.01.52:466][  0]LogAIModule: Creating AISystem for world Example_Map
[2014.11.19-20.01.52:466][  0]Cmd: MAP CHECKDEP
[2014.11.19-20.01.52:466][  0]MapCheck: New page: Example_Map - Nov 19, 2014, 10:01:52 AM
[2014.11.19-20.01.52:538][  0]MapCheck: Info Map check complete: 0 Error(s), 0 Warning(s), took 72.276ms to complete.
[2014.11.19-20.01.52:538][  0]LogFileHelpers: Loading map 'Example_Map' took 1.545
[2014.11.19-20.01.53:606][  0]LogCollectionManager: Loaded 0 collections in 0.001071 seconds
[2014.11.19-20.01.55:336][  0]LogCrashTracker: Crashtracker disabled due to settings.
[2014.11.19-20.01.55:776][  0]LogUObjectGlobals:Warning: Failed to find object 'Class None.'
[2014.11.19-20.01.55:831][  0]LogLoad: Full Startup: 33.58 seconds (BP compile: 0.06 seconds)
[2014.11.19-20.01.56:891][  0]LogRenderer:Warning: Reallocating scene render targets to support 944x728.
[2014.11.19-20.02.04:989][ 22]LogAssetRegistry: Asset discovery search completed in 16.6194 seconds
[2014.11.19-20.58.31:470][834]LogPlayLevel: PIE:  No blueprints needed recompiling
[2014.11.19-20.58.31:491][834]PIE: New page: PIE session: Example_Map (Nov 19, 2014, 10:58:31 AM)
[2014.11.19-20.58.31:828][834]LogPlayLevel: PIE: StaticDuplicateObject took: (0.321705s)
[2014.11.19-20.58.31:829][834]LogPlayLevel: PIE: World Init took: (0.000773s)
[2014.11.19-20.58.31:829][834]LogPlayLevel: PIE: Created PIE world by copying editor world from /Game/Maps/Example_Map.Example_Map to /Game/Maps/UEDPIE_0_Example_Map.Example_Map (0.322678s)
[2014.11.19-20.58.32:953][834]LogWorld: Game class is 'MyGame_C'
[2014.11.19-20.58.33:342][834]LogAIModule: Creating AISystem for world Example_Map
[2014.11.19-20.58.33:363][834]LogWorld: Bringing World /Game/Maps/UEDPIE_0_Example_Map.Example_Map up for play (max tick rate 0) at 2014.11.19-15.58.33
[2014.11.19-20.58.33:430][834]LogWorld: Bringing up level for play took: 0.087205
[2014.11.19-20.58.33:907][834]PIE: Info Play in editor start time for /Game/Maps/UEDPIE_0_Example_Map 3.119
[2014.11.19-21.01.24:084][577]LogParticles: Destroying 0 GPU particle simulations for FXSystem 0x0000000011C2E3E0
[2014.11.19-21.01.57:172][691]LogContentBrowser:Verbose: The content browser source was changed by the sources view to '/Game/Maps'
[2014.11.19-21.01.59:360][758]LogContentBrowser:Verbose: The content browser source was changed by the sources view to '/Game/Character'
[2014.11.19-21.02.02:502][831]LogContentBrowser:Verbose: The content browser source was changed by the sources view to '/Game/Blueprints'
[2014.11.19-21.05.04:413][325]LogSlate:Warning: GetFontFace failed to load or process 'Roboto-Regular'
[2014.11.19-21.05.04:413][325]LogSlate:Warning: GetFontFace failed to load or process 'Roboto-Regular'
[2014.11.19-21.05.04:559][325]LogSlate:Warning: GetFontFace failed to load or process 'Roboto-Regular'
[2014.11.19-21.05.04:559][325]LogSlate:Warning: GetFontFace failed to load or process 'Roboto-Regular'
[2014.11.19-21.05.04:559][325]LogSlate:Warning: GetFontFace failed to load or process 'Roboto-Regular'
[2014.11.19-21.05.04:559][325]LogSlate:Warning: GetFontFace failed to load or process 'Roboto-Regular'
[2014.11.19-21.05.04:559][325]LogSlate:Warning: GetFontFace failed to load or process 'Roboto-Regular'
[2014.11.19-21.05.04:559][325]LogSlate:Warning: GetFontFace failed to load or process 'Roboto-Regular'
[2014.11.19-21.05.04:559][325]LogSlate:Warning: GetFontFace failed to load or process 'Roboto-Regular'
[2014.11.19-21.05.04:559][325]LogSlate:Warning: GetFontFace failed to load or process 'Roboto-Regular'
[2014.11.19-21.05.04:559][325]LogSlate:Warning: GetFontFace failed to load or process 'Roboto-Regular'
[2014.11.19-21.05.04:559][325]LogSlate:Warning: GetFontFace failed to load or process 'Roboto-Regular'
[2014.11.19-21.05.04:559][325]LogSlate:Warning: GetFontFace failed to load or process 'Roboto-Regular'
[2014.11.19-21.05.04:559][325]LogSlate:Warning: GetFontFace failed to load or process 'Roboto-Regular'
[2014.11.19-21.05.04:559][325]LogSlate:Warning: GetFontFace failed to load or process 'Roboto-Regular'
[2014.11.19-21.05.04:559][325]LogSlate:Warning: GetFontFace failed to load or process 'Roboto-Regular'
[2014.11.19-21.05.04:560][325]LogSlate:Warning: GetFontFace failed to load or process 'Roboto-Regular'
[2014.11.19-21.05.04:560][325]LogSlate:Warning: GetFontFace failed to load or process 'Roboto-Regular'
[2014.11.19-21.05.04:560][325]LogSlate:Warning: GetFontFace failed to load or process 'Roboto-Regular'
[2014.11.19-21.06.00:458][582]BlueprintLog: New page: Pre-PIE auto-recompile
[2014.11.19-21.06.00:458][582]LogPlayLevel: [PIE] Compiling Tutorial_BP_MacroLib before PIE...
[2014.11.19-21.06.00:720][582]LogActorComponent: UnregisterComponent: (/Engine/Transient.CharacterMovementComponent_0) Not registered. Aborting.
[2014.11.19-21.06.00:781][582]LogPlayLevel: PIE:  Blueprint regeneration took 323 ms (1 blueprints)
[2014.11.19-21.06.00:781][582]PIE: New page: PIE session: Example_Map (Nov 19, 2014, 11:06:00 AM)
[2014.11.19-21.06.00:824][582]LogPlayLevel: PIE: StaticDuplicateObject took: (0.043322s)
[2014.11.19-21.06.00:827][582]LogPlayLevel: PIE: World Init took: (0.002702s)
[2014.11.19-21.06.00:827][582]LogPlayLevel: PIE: Created PIE world by copying editor world from /Game/Maps/Example_Map.Example_Map to /Game/Maps/UEDPIE_0_Example_Map.Example_Map (0.046350s)
[2014.11.19-21.06.00:914][582]LogWorld: Game class is 'MyGame_C'
[2014.11.19-21.06.00:915][582]LogAIModule: Creating AISystem for world Example_Map
[2014.11.19-21.06.00:916][582]LogWorld: Bringing World /Game/Maps/UEDPIE_0_Example_Map.Example_Map up for play (max tick rate 60) at 2014.11.19-16.06.00
[2014.11.19-21.06.00:916][582]LogWorld: Bringing up level for play took: 0.001302
[2014.11.19-21.06.00:918][582]PIE: Info Play in editor start time for /Game/Maps/UEDPIE_0_Example_Map 0.124
[2014.11.19-21.10.11:236][ 48]LogParticles: Destroying 0 GPU particle simulations for FXSystem 0x0000000011DBDDA0
[2014.11.19-21.10.42:625][263]LogRenderer:Warning: Reallocating scene render targets to support 1344x728.
[2014.11.19-21.13.26:657][245]LogContentBrowser:Verbose: The content browser source was changed by the sources view to '/Game/Animations'
[2014.11.19-21.15.45:022][846]LogActorComponent: UnregisterComponent: (/Engine/Transient.CharacterMovementComponent_1) Not registered. Aborting.
[2014.11.19-21.15.45:688][846]LogSavePackage: Save=419.322906ms
[2014.11.19-21.15.45:688][846]LogSavePackage: Moving '../../../../../../Users/johnss18/Documents/SUCCUBE-US/SUCCUBEUS/Saved/Example_Map_Auto1F3BEA7FD4391CC27FA8E50AFC5BA4409.tmp' to '../../../../../../Users/johnss18/Documents/SUCCUBE-US/SUCCUBEUS/Saved/Autosaves/Game/Maps/Example_Map_Auto1.umap'
[2014.11.19-21.15.45:724][846]LogFileHelpers: Editor autosave (incl. sublevels) for '/Game/Maps/Example_Map' took 0.702
[2014.11.19-21.15.45:724][846]LogFileHelpers: Editor autosave (incl. sublevels) for all levels took 0.702
[2014.11.19-21.20.52:100][386]LogPlayLevel: PIE:  No blueprints needed recompiling
[2014.11.19-21.20.52:100][386]PIE: New page: PIE session: Example_Map (Nov 19, 2014, 11:20:52 AM)
[2014.11.19-21.20.52:155][386]LogPlayLevel: PIE: StaticDuplicateObject took: (0.055289s)
[2014.11.19-21.20.52:157][386]LogPlayLevel: PIE: World Init took: (0.001622s)
[2014.11.19-21.20.52:157][386]LogPlayLevel: PIE: Created PIE world by copying editor world from /Game/Maps/Example_Map.Example_Map to /Game/Maps/UEDPIE_0_Example_Map.Example_Map (0.057405s)
[2014.11.19-21.20.52:191][386]LogWorld: Game class is 'MyGame_C'
[2014.11.19-21.20.52:193][386]LogAIModule: Creating AISystem for world Example_Map
[2014.11.19-21.20.52:195][386]LogWorld: Bringing World /Game/Maps/UEDPIE_0_Example_Map.Example_Map up for play (max tick rate 60) at 2014.11.19-16.20.52
[2014.11.19-21.20.52:195][386]LogWorld: Bringing up level for play took: 0.002134
[2014.11.19-21.20.52:198][386]PIE: Info Play in editor start time for /Game/Maps/UEDPIE_0_Example_Map -0.611
[2014.11.19-21.21.03:612][928]LogParticles: Destroying 0 GPU particle simulations for FXSystem 0x000000001FBFF7E0
[2014.11.19-21.22.33:248][997]LogEditorViewport: Clicking on Actor (LMB): BP_Sky_Sphere_C (SkySphere