Log file open, 12/03/14 11:08:55
LogInit:Display: Running engine for game: SUCCUBEUS
LogInit: Version: 4.5.1-2336687+++depot+UE4-Releases+4.5
LogInit: API Version: 2326478
LogInit: Compiled (64-bit): Oct 21 2014 22:32:40
LogInit: Compiled with Visual C++: 18.00.21005.01
LogInit: Build Configuration: Development
LogInit: Branch Name: ++depot+UE4-Releases+4.5
LogInit: Command line:  
LogInit: Base directory: C:/Program Files/Epic Games/4.5/Engine/Binaries/Win64/
LogInit: Rocket: 1
[2014.12.03-16.08.55:572][  0]LogTaskGraph: Started task graph with 3 named threads and 4 total threads.
[2014.12.03-16.08.55:601][  0]LogOnline:Warning: No default platform service specified for OnlineSubsystem
[2014.12.03-16.08.55:627][  0]LogInit: Presizing for 0 objects not considered by GC, pre-allocating 0 bytes.
[2014.12.03-16.08.55:644][  0]LogInit: Object subsystem initialized
[2014.12.03-16.08.55:647][  0]LogConsoleResponse:Warning: Skipping Unknown console variable: 'UIScaleRule = ShortestSide'
[2014.12.03-16.08.55:647][  0]LogConsoleResponse:Warning:   Found in ini file 'C:/Users/Devin/Documents/SUCCUBE-US/SUCCUBEUS/Saved/Config/Windows/Engine.ini', in section '[/Script/Engine.RendererSettings]'
[2014.12.03-16.08.55:647][  0]LogConsoleResponse:Warning: Skipping Unknown console variable: 'UIScaleCurve = (EditorCurveData=(Keys=((Time=480.000000,Value=0.444000),(Time=720.000000,Value=0.666000),(Time=1080.000000,Value=1.000000),(Time=8640.000000,Value=8.000000))),ExternalCurve=None)'
[2014.12.03-16.08.55:648][  0]LogConsoleResponse:Warning:   Found in ini file 'C:/Users/Devin/Documents/SUCCUBE-US/SUCCUBEUS/Saved/Config/Windows/Engine.ini', in section '[/Script/Engine.RendererSettings]'
[2014.12.03-16.08.55:648][  0]LogInit: Selected Device Profile: [Windows]
[2014.12.03-16.08.55:648][  0]LogInit: Applying CVar settings loaded from the selected device profile: [Windows]
[2014.12.03-16.08.55:654][  0]LogInit: Computer: DEVIN-PC
[2014.12.03-16.08.55:654][  0]LogInit: User: Devin
[2014.12.03-16.08.55:668][  0]LogInit: CPU Page size=4096, Cores=2
[2014.12.03-16.08.55:668][  0]LogInit: High frequency timer resolution =2.728232 MHz
[2014.12.03-16.08.55:668][  0]LogMemory: Memory total: Physical=7.7GB (8GB approx) Virtual=8192.0GB
[2014.12.03-16.08.55:669][  0]LogMemory: Platform Memory Stats for Windows
[2014.12.03-16.08.55:669][  0]LogMemory: Process Physical Memory: 63.80 MB used, 63.80 MB peak
[2014.12.03-16.08.55:669][  0]LogMemory: Process Virtual Memory: 42.68 MB used, 42.68 MB peak
[2014.12.03-16.08.55:669][  0]LogMemory: Physical Memory: 6055.11 MB used, 7915.94 MB total
[2014.12.03-16.08.55:669][  0]LogMemory: Virtual Memory: 279.23 MB used, 8388608.00 MB total
[2014.12.03-16.08.55:714][  0]LogD3D11RHI: Found D3D11 adapter 0: Intel(R) HD Graphics 4000 (Feature Level 11_0)
[2014.12.03-16.08.55:714][  0]LogD3D11RHI: Adapter has 977MB of dedicated video memory, 0MB of dedicated system memory, and 3071MB of shared system memory, 1 output[s]
[2014.12.03-16.08.55:714][  0]LogD3D11RHI: Chosen D3D11 Adapter Id = 0
[2014.12.03-16.08.55:733][  0]LogRHI: Texture pool is 1361 MB (70% of 1945 MB)
[2014.12.03-16.08.55:744][  0]LogD3D11RHI: Async texture creation enabled
[2014.12.03-16.08.55:784][  0]LogTextLocalizationManager: The requested culture ('en_US') has no localization data; parent culture's ('en') localization data will be used.
[2014.12.03-16.08.55:953][  0]LogContentStreaming: Texture pool size is 0.000000MB
[2014.12.03-16.09.01:489][  0]LogTargetPlatformManager:Display: Building Assets For Windows
[2014.12.03-16.09.01:978][  0]LogTargetPlatformManager:Display: Building Assets For Windows
[2014.12.03-16.09.02:043][  0]LogDerivedDataCache:Display: Max Cache Size: 512 MB
[2014.12.03-16.09.02:518][  0]LogDerivedDataCache: Loaded boot cache 0.48s 39MB C:/Users/Devin/AppData/Local/UnrealEngine/4.5/DerivedDataCache/Boot.ddc.
[2014.12.03-16.09.02:518][  0]LogDerivedDataCache:Display: Loaded Boot cache: C:/Users/Devin/AppData/Local/UnrealEngine/4.5/DerivedDataCache/Boot.ddc
[2014.12.03-16.09.02:518][  0]LogDerivedDataCache: FDerivedDataBackendGraph:  Pak pak cache file ../../../../../../Users/Devin/Documents/SUCCUBE-US/SUCCUBEUS/DerivedDataCache/DDC.ddp not found, will not use a pak cache.
[2014.12.03-16.09.02:518][  0]LogDerivedDataCache: Unable to find inner node Pak for hierarchical cache Hierarchy.
[2014.12.03-16.09.02:589][  0]LogDerivedDataCache:Display: Pak cache opened for reading ../../../Engine/DerivedDataCache/DDC.ddp.
[2014.12.03-16.09.02:601][  0]LogDerivedDataCache: Using Local data cache path C:/Users/Devin/AppData/Local/UnrealEngine/Common/DerivedDataCache: Writable
[2014.12.03-16.09.02:800][  0]LogMeshUtilities: No automatic mesh reduction module available
[2014.12.03-16.09.02:800][  0]LogMeshUtilities: No automatic mesh merging module available
[2014.12.03-16.09.03:056][  0]LogLinker:Warning: Asset '../../../Engine/Content/Functions/Engine_MaterialFunctions02/Texturing/FlipBook.uasset' has been saved with empty engine version. The asset will be loaded but may be incompatible.
[2014.12.03-16.09.03:060][  0]LogLinker:Warning: Asset '../../../Engine/Content/Functions/Engine_MaterialFunctions02/ExampleContent/Textures/flipbook.uasset' has been saved with empty engine version. The asset will be loaded but may be incompatible.
[2014.12.03-16.09.03:241][  0]LogInit: WinSock: version 1.1 (2.2), MaxSocks=32767, MaxUdp=65467
[2014.12.03-16.09.04:085][  0]UdpMessaging: Initializing bridge on interface 0.0.0.0:0 to multicast group 230.0.0.1:6666.
[2014.12.03-16.09.04:247][  0]LogDirectoryWatcher:Warning: Failed to begin reading directory changes for C:/Users/Devin/Documents/SUCCUBE-US/SUCCUBEUS/Binaries/Win64. Error: 0
[2014.12.03-16.09.04:386][  0]SourceControl: Info Source control is disabled
[2014.12.03-16.09.04:386][  0]SourceControl: Info Source control is disabled
[2014.12.03-16.09.04:392][  0]SourceControl: Info Source control is disabled
[2014.12.03-16.09.04:506][  0]LogObj: 22915 objects as part of root set at end of initial load.
[2014.12.03-16.09.04:506][  0]LogUObjectAllocator: 4803536 out of 0 bytes used by permanent object pool.
[2014.12.03-16.09.04:566][  0]LogEngine: Initializing Engine...
[2014.12.03-16.09.04:715][  0]LogInit: XAudio2 using 'Speaker/HP (Realtek High Definition Audio)' : 2 channels at 48 kHz using 32 bits per sample (channel mask 0x3)
[2014.12.03-16.09.04:725][  0]LogInit: FAudioDevice initialized.
[2014.12.03-16.09.04:744][  0]LogAIModule: Creating AISystem for world NewWorld
[2014.12.03-16.09.04:768][  0]LogDerivedDataCache: Saved boot cache 0.02s 39MB C:/Users/Devin/AppData/Local/UnrealEngine/4.5/DerivedDataCache/Boot.ddc.
[2014.12.03-16.09.04:773][  0]LogInit: Texture streaming: Enabled
[2014.12.03-16.09.04:828][  0]LogInit: Transaction tracking system initialized
[2014.12.03-16.09.04:930][  0]BlueprintLog: New page: Editor Load
[2014.12.03-16.09.04:961][  0]LogAssetRegistry: FAssetRegistry took 0.0096 seconds to start up
[2014.12.03-16.09.04:961][  0]LogDirectoryWatcher:Warning: Failed to begin reading directory changes for ../../../Engine/Plugins/Experimental/CharacterAI/Content/. Error: 0
[2014.12.03-16.09.05:626][  0]LogTargetPlatformManager:Display: Building Assets For Windows
[2014.12.03-16.09.06:076][  0]LogTargetPlatformManager:Display: Building Assets For Windows
[2014.12.03-16.09.06:307][  0]LogConsoleResponse:Display: 
[2014.12.03-16.09.06:514][  0]SourceControl: Info Source control is disabled
[2014.12.03-16.09.06:514][  0]Cmd: MAP LOAD FILE="../../../../../../Users/Devin/Documents/SUCCUBE-US/SUCCUBEUS/Content/Maps/Example_Map.umap" TEMPLATE=0 SHOWPROGRESS=1
[2014.12.03-16.09.06:514][  0]LightingResults: New page: Lighting Build
[2014.12.03-16.09.06:526][  0]MapCheck: New page: Map Check
[2014.12.03-16.09.06:526][  0]LightingResults: New page: Lighting Build
[2014.12.03-16.09.06:545][  0]LogParticles: Destroying 0 GPU particle simulations for FXSystem 0x0000000017431A80
[2014.12.03-16.09.06:997][  0]LogScript:Warning: Accessed None 'CallFunc_GetPlayerPawn_ReturnValue'
	AxeAnim_C /Game/Maps/Example_Map.Example_Map:PersistentLevel.sword_11.SkeletalMeshComponent0.AxeAnim_C_0
	Function /Game/Cubes/AxeAnim.AxeAnim_C:ExecuteUbergraph_AxeAnim:0109
[2014.12.03-16.09.07:000][  0]LogEditorServer: Finished looking for orphan Actors (0.000 secs)
[2014.12.03-16.09.07:001][  0]LogAIModule: Creating AISystem for world Example_Map
[2014.12.03-16.09.07:001][  0]Cmd: MAP CHECKDEP
[2014.12.03-16.09.07:001][  0]MapCheck: New page: Example_Map - Dec 3, 2014, 6:09:07 AM
[2014.12.03-16.09.07:106][  0]MapCheck: Info Map check complete: 0 Error(s), 0 Warning(s), took 104.343ms to complete.
[2014.12.03-16.09.07:106][  0]LogFileHelpers: Loading map 'Example_Map' took 0.592
[2014.12.03-16.09.07:267][  0]LogCollectionManager: Loaded 0 collections in 0.001503 seconds
[2014.12.03-16.09.07:447][  0]LogCrashTracker: Crashtracker disabled due to settings.
[2014.12.03-16.09.08:926][  0]LogAudioDerivedData:Display: Building compressed audio format OGG wave w...
[2014.12.03-16.09.11:334][  0]LogUObjectGlobals:Warning: Failed to find object 'Class None.'
[2014.12.03-16.09.11:362][  0]LogLoad: Full Startup: 18.15 seconds (BP compile: 0.51 seconds)
[2014.12.03-16.09.11:706][  0]LogContentBrowser:Verbose: The content browser source was changed by the sources view to '/Game/Sound'
[2014.12.03-16.09.12:557][  0]LogRenderer:Warning: Reallocating scene render targets to support 944x728.
[2014.12.03-16.09.14:027][  5]LogAssetRegistry: Asset discovery search completed in 9.0764 seconds
[2014.12.03-16.10.31:110][237]LogScript:Warning: Accessed None 'CallFunc_GetPlayerPawn_ReturnValue'
	CubeAnimSword_C /Engine/Transient.World_3:PersistentLevel.SkeletalMeshActor_0.SkeletalMeshComponent0.CubeAnimSword_C_0
	Function /Game/Cubes/CubeAnimSword.CubeAnimSword_C:ExecuteUbergraph_CubeAnimSword:0144
[2014.12.03-16.10.31:111][237]LogScript:Warning: Accessed None 'CallFunc_GetPlayerPawn_ReturnValue'
	AxeAnim_C /Engine/Transient.World_3:PersistentLevel.SkeletalMeshActor_0.SkeletalMeshComponent0.AxeAnim_C_1
	Function /Game/Cubes/AxeAnim.AxeAnim_C:ExecuteUbergraph_AxeAnim:0109
[2014.12.03-16.10.31:141][238]LogScript:Warning: Accessed None 'CallFunc_GetPlayerPawn_ReturnValue'
	CubeAnimSword_C /Engine/Transient.SkeletalMeshComponent_0:CubeAnimSword_C_1
	Function /Game/Cubes/CubeAnimSword.CubeAnimSword_C:ExecuteUbergraph_CubeAnimSword:0144
[2014.12.03-16.10.31:141][238]LogScript:Warning: Accessed None 'CallFunc_GetPlayerPawn_ReturnValue'
	AxeAnim_C /Engine/Transient.SkeletalMeshComponent_1:AxeAnim_C_2
	Function /Game/Cubes/AxeAnim.AxeAnim_C:ExecuteUbergraph_AxeAnim:0109
[2014.12.03-16.10.31:141][238]LogMaterial:Warning: Material /Game/Cubes/models/blade_.blade_ needed to have new flag set bUsedWithSkeletalMesh !
[2014.12.03-16.10.31:394][238]LogMaterial: Missing cached shader map for material blade_, compiling.
[2014.12.03-16.10.31:462][238]LogMaterial: 0.000125 seconds spent updating 1 materials, 1 interfaces, 0 instances, 0 with static permutations.
[2014.12.03-16.10.48:505][741]LogContentBrowser:Verbose: The content browser source was changed by the sources view to '/Game/Maps'
[2014.12.03-16.10.54:463][917]LogTexture:Display: Building textures: HQ_Lightmap0_10 (AutoDXT)
[2014.12.03-16.10.54:507][917]LogTexture:Display: Building textures: HQ_Lightmap0_11 (AutoDXT)
[2014.12.03-16.10.54:530][917]LogTexture:Display: Building textures: HQ_Lightmap0_12 (AutoDXT)
[2014.12.03-16.10.54:558][917]LogTexture:Display: Building textures: HQ_Lightmap0_14 (AutoDXT)
[2014.12.03-16.10.54:581][917]LogTexture:Display: Building textures: HQ_Lightmap0_19 (AutoDXT)
[2014.12.03-16.10.54:610][917]LogTexture:Display: Building textures: HQ_Lightmap0_2 (AutoDXT)
[2014.12.03-16.10.54:660][917]LogTexture:Display: Building textures: HQ_Lightmap0_20 (AutoDXT)
[2014.12.03-16.10.54:713][917]LogTexture:Display: Building textures: HQ_Lightmap0_21 (AutoDXT)
[2014.12.03-16.10.54:743][917]LogTexture:Display: Building textures: HQ_Lightmap0_28 (AutoDXT)
[2014.12.03-16.10.54:768][917]LogTexture:Display: Building textures: HQ_Lightmap0_29 (AutoDXT)
[2014.12.03-16.10.54:814][917]LogTexture:Display: Building textures: HQ_Lightmap0_3 (AutoDXT)
[2014.12.03-16.10.54:838][917]LogTexture:Display: Building textures: HQ_Lightmap0_30 (AutoDXT)
[2014.12.03-16.10.54:862][917]LogTexture:Display: Building textures: HQ_Lightmap0_37 (AutoDXT)
[2014.12.03-16.10.54:959][917]LogTexture:Display: Building textures: HQ_Lightmap0_38 (AutoDXT)
[2014.12.03-16.10.54:984][917]LogTexture:Display: Building textures: HQ_Lightmap0_39 (AutoDXT)
[2014.12.03-16.10.55:009][917]LogTexture:Display: Building textures: HQ_Lightmap0_4 (AutoDXT)
[2014.12.03-16.10.55:035][917]LogTexture:Display: Building textures: HQ_Lightmap0_45 (AutoDXT)
[2014.12.03-16.10.55:065][917]LogTexture:Display: Building textures: HQ_Lightmap0_46 (AutoDXT)
[2014.12.03-16.10.55:092][917]LogTexture:Display: Building textures: HQ_Lightmap0_48 (AutoDXT)
[2014.12.03-16.10.55:127][917]LogTexture:Display: Building textures: HQ_Lightmap0_54 (AutoDXT)
[2014.12.03-16.10.55:152][917]LogTexture:Display: Building textures: HQ_Lightmap0_55 (AutoDXT)
[2014.12.03-16.10.55:174][917]LogTexture:Display: Building textures: HQ_Lightmap0_56 (AutoDXT)
[2014.12.03-16.10.55:217][917]LogTexture:Display: Building textures: HQ_Lightmap0_63 (AutoDXT)
[2014.12.03-16.10.55:268][917]LogTexture:Display: Building textures: HQ_Lightmap0_64 (AutoDXT)
[2014.12.03-16.10.55:302][917]LogTexture:Display: Building textures: HQ_Lightmap0_66 (AutoDXT)
[2014.12.03-16.10.55:319][917]LogTexture:Display: Building textures: HQ_Lightmap1_31 (AutoDXT)
[2014.12.03-16.10.55:456][917]LogTexture:Display: Building textures: LQ_Lightmap_0_10 (DXT1)
[2014.12.03-16.10.55:491][917]LogTexture:Display: Building textures: LQ_Lightmap_0_11 (DXT1)
[2014.12.03-16.10.55:516][917]LogTexture:Display: Building textures: LQ_Lightmap_0_12 (DXT1)
[2014.12.03-16.10.55:539][917]LogTexture:Display: Building textures: LQ_Lightmap_0_14 (DXT1)
[2014.12.03-16.10.55:562][917]LogTexture:Display: Building textures: LQ_Lightmap_0_19 (DXT1)
[2014.12.03-16.10.55:583][917]LogTexture:Display: Building textures: LQ_Lightmap_0_2 (DXT1)
[2014.12.03-16.10.55:604][917]LogTexture:Display: Building textures: LQ_Lightmap_0_20 (DXT1)
[2014.12.03-16.10.55:630][917]LogTexture:Display: Building textures: LQ_Lightmap_0_21 (DXT1)
[2014.12.03-16.10.55:655][917]LogTexture:Display: Building textures: LQ_Lightmap_0_28 (DXT1)
[2014.12.03-16.10.55:695][917]LogTexture:Display: Building textures: LQ_Lightmap_0_29 (DXT1)
[2014.12.03-16.10.55:722][917]LogTexture:Display: Building textures: LQ_Lightmap_0_3 (DXT1)
[2014.12.03-16.10.55:744][917]LogTexture:Display: Building textures: LQ_Lightmap_0_30 (DXT1)
[2014.12.03-16.10.55:767][917]LogTexture:Display: Building textures: LQ_Lightmap_0_37 (DXT1)
[2014.12.03-16.10.55:787][917]LogTexture:Display: Building textures: LQ_Lightmap_0_38 (DXT1)
[2014.12.03-16.10.55:812][917]LogTexture:Display: Building textures: LQ_Lightmap_0_39 (DXT1)
[2014.12.03-16.10.55:836][917]LogTexture:Display: Building textures: LQ_Lightmap_0_4 (DXT1)
[2014.12.03-16.10.55:857][917]LogTexture:Display: Building textures: LQ_Lightmap_0_45 (DXT1)
[2014.12.03-16.10.55:883][917]LogTexture:Display: Building textures: LQ_Lightmap_0_46 (DXT1)
[2014.12.03-16.10.55:907][917]LogTexture:Display: Building textures: LQ_Lightmap_0_48 (DXT1)
[2014.12.03-16.10.55:947][917]LogTexture:Display: Building textures: LQ_Lightmap_0_54 (DXT1)
[2014.12.03-16.10.55:971][917]LogTexture:Display: Building textures: LQ_Lightmap_0_55 (DXT1)
[2014.12.03-16.10.55:989][917]LogTexture:Display: Building textures: LQ_Lightmap_0_56 (DXT1)
[2014.12.03-16.10.56:010][917]LogTexture:Display: Building textures: LQ_Lightmap_0_63 (DXT1)
[2014.12.03-16.10.56:049][917]LogTexture:Display: Building textures: LQ_Lightmap_0_64 (DXT1)
[2014.12.03-16.10.56:071][917]LogTexture:Display: Building textures: LQ_Lightmap_0_66 (DXT1)
[2014.12.03-16.10.56:089][917]LogTexture:Display: Building textures: LQ_Lightmap_1_31 (DXT1)
[2014.12.03-16.10.57:232][917]LogScript:Warning: Accessed None 'CallFunc_GetPlayerPawn_ReturnValue'
	CubeAnimSword_C /Game/Maps/MainLevel.MainLevel:PersistentLevel.EnemyCubeAxe_C_4.CharacterMesh0.CubeAnimSword_C_2
	Function /Game/Cubes/CubeAnimSword.CubeAnimSword_C:ExecuteUbergraph_CubeAnimSword:0144
[2014.12.03-16.10.57:232][917]LogScript:Warning: Accessed None 'CallFunc_GetPlayerPawn_ReturnValue'
	AxeAnim_C /Game/Maps/MainLevel.MainLevel:PersistentLevel.EnemyCubeAxe_C_4.SkeletalMesh1.AxeAnim_C_3
	Function /Game/Cubes/AxeAnim.AxeAnim_C:ExecuteUbergraph_AxeAnim:0109
[2014.12.03-16.10.57:232][917]LogScript:Warning: Accessed None 'CallFunc_GetPlayerPawn_ReturnValue'
	CubeAnimSword_C /Game/Maps/MainLevel.MainLevel:PersistentLevel.EnemyCubeAxe_C_5.CharacterMesh0.CubeAnimSword_C_3
	Function /Game/Cubes/CubeAnimSword.CubeAnimSword_C:ExecuteUbergraph_CubeAnimSword:0144
[2014.12.03-16.10.57:232][917]LogScript:Warning: Accessed None 'CallFunc_GetPlayerPawn_ReturnValue'
	AxeAnim_C /Game/Maps/MainLevel.MainLevel:PersistentLevel.EnemyCubeAxe_C_5.SkeletalMesh1.AxeAnim_C_4
	Function /Game/Cubes/AxeAnim.AxeAnim_C:ExecuteUbergraph_AxeAnim:0109
[2014.12.03-16.10.57:233][917]LogScript:Warning: Accessed None 'CallFunc_GetPlayerPawn_ReturnValue'
	CubeAnimSword_C /Game/Maps/MainLevel.MainLevel:PersistentLevel.EnemyCubeAxe_C_6.CharacterMesh0.CubeAnimSword_C_4
	Function /Game/Cubes/CubeAnimSword.CubeAnimSword_C:ExecuteUbergraph_CubeAnimSword:0144
[2014.12.03-16.10.57:233][917]LogScript:Warning: Accessed None 'CallFunc_GetPlayerPawn_ReturnValue'
	AxeAnim_C /Game/Maps/MainLevel.MainLevel:PersistentLevel.EnemyCubeAxe_C_6.SkeletalMesh1.AxeAnim_C_5
	Function /Game/Cubes/AxeAnim.AxeAnim_C:ExecuteUbergraph_AxeAnim:0109
[2014.12.03-16.10.57:233][917]LogScript:Warning: Accessed None 'CallFunc_GetPlayerPawn_ReturnValue'
	CubeAnimSword_C /Game/Maps/MainLevel.MainLevel:PersistentLevel.EnemyCubeAxe_C_7.CharacterMesh0.CubeAnimSword_C_5
	Function /Game/Cubes/CubeAnimSword.CubeAnimSword_C:ExecuteUbergraph_CubeAnimSword:0144
[2014.12.03-16.10.57:233][917]LogScript:Warning: Accessed None 'CallFunc_GetPlayerPawn_ReturnValue'
	AxeAnim_C /Game/Maps/MainLevel.MainLevel:PersistentLevel.EnemyCubeAxe_C_7.SkeletalMesh1.AxeAnim_C_6
	Function /Game/Cubes/AxeAnim.AxeAnim_C:ExecuteUbergraph_AxeAnim:0109
[2014.12.03-16.10.57:235][917]LogScript:Warning: Accessed None 'CallFunc_GetPlayerPawn_ReturnValue'
	AxeAnim_C /Game/Maps/MainLevel.MainLevel:PersistentLevel.EnemyCubeAxe_C_4.SkeletalMesh1.AxeAnim_C_7
	Function /Game/Cubes/AxeAnim.AxeAnim_C:ExecuteUbergraph_AxeAnim:0109
[2014.12.03-16.10.57:235][917]LogScript:Warning: Accessed None 'CallFunc_GetPlayerPawn_ReturnValue'
	AxeAnim_C /Game/Maps/MainLevel.MainLevel:PersistentLevel.EnemyCubeAxe_C_5.SkeletalMesh1.AxeAnim_C_8
	Function /Game/Cubes/AxeAnim.AxeAnim_C:ExecuteUbergraph_AxeAnim:0109
[2014.12.03-16.10.57:235][917]LogScript:Warning: Accessed None 'CallFunc_GetPlayerPawn_ReturnValue'
	AxeAnim_C /Game/Maps/MainLevel.MainLevel:PersistentLevel.EnemyCubeAxe_C_6.SkeletalMesh1.AxeAnim_C_9
	Function /Game/Cubes/AxeAnim.AxeAnim_C:ExecuteUbergraph_AxeAnim:0109
[2014.12.03-16.10.57:236][917]LogScript:Warning: Accessed None 'CallFunc_GetPlayerPawn_ReturnValue'
	AxeAnim_C /Game/Maps/MainLevel.MainLevel:PersistentLevel.EnemyCubeAxe_C_7.SkeletalMesh1.AxeAnim_C_10
	Function /Game/Cubes/AxeAnim.AxeAnim_C:ExecuteUbergraph_AxeAnim:0109
[2014.12.03-16.10.57:336][917]LogActorComponent: UnregisterComponent: (/Engine/Transient.CharacterMovementComponent_0) Not registered. Aborting.
[2014.12.03-16.10.57:390][917]LogParticles: Destroying 0 GPU particle simulations for FXSystem 0x000000001ADE09A0
[2014.12.03-16.10.57:390][917]LogParticles: Destroying 0 GPU particle simulations for FXSystem 0x000000000DBBCAE0
[2014.12.03-16.10.59:812][917]Cmd: MAP LOAD FILE="../../../../../../Users/Devin/Documents/SUCCUBE-US/SUCCUBEUS/Content/Maps/MainLevel.umap" TEMPLATE=0 SHOWPROGRESS=1
[2014.12.03-16.10.59:812][917]LightingResults: New page: Lighting Build
[2014.12.03-16.10.59:863][917]LoadErrors: New page: Loading map: MainLevel.umap
[2014.12.03-16.10.59:864][917]MapCheck: New page: Map Check
[2014.12.03-16.10.59:864][917]LightingResults: New page: Lighting Build
[2014.12.03-16.10.59:896][917]LogParticles: Destroying 0 GPU particle simulations for FXSystem 0x000000000F0E60C0
[2014.12.03-16.11.00:034][917]LogScript:Warning: Accessed None 'CallFunc_GetPlayerPawn_ReturnValue'
	AxeAnim_C /Game/Maps/MainLevel.MainLevel:PersistentLevel.EnemyCubeAxe_C_4.SkeletalMesh1.AxeAnim_C_7
	Function /Game/Cubes/AxeAnim.AxeAnim_C:ExecuteUbergraph_AxeAnim:0109
[2014.12.03-16.11.00:034][917]LogScript:Warning: Accessed None 'CallFunc_GetPlayerPawn_ReturnValue'
	AxeAnim_C /Game/Maps/MainLevel.MainLevel:PersistentLevel.EnemyCubeAxe_C_5.SkeletalMesh1.AxeAnim_C_8
	Function /Game/Cubes/AxeAnim.AxeAnim_C:ExecuteUbergraph_AxeAnim:0109
[2014.12.03-16.11.00:035][917]LogScript:Warning: Accessed None 'CallFunc_GetPlayerPawn_ReturnValue'
	AxeAnim_C /Game/Maps/MainLevel.MainLevel:PersistentLevel.EnemyCubeAxe_C_6.SkeletalMesh1.AxeAnim_C_9
	Function /Game/Cubes/AxeAnim.AxeAnim_C:ExecuteUbergraph_AxeAnim:0109
[2014.12.03-16.11.00:035][917]LogScript:Warning: Accessed None 'CallFunc_GetPlayerPawn_ReturnValue'
	AxeAnim_C /Game/Maps/MainLevel.MainLevel:PersistentLevel.EnemyCubeAxe_C_7.SkeletalMesh1.AxeAnim_C_10
	Function /Game/Cubes/AxeAnim.AxeAnim_C:ExecuteUbergraph_AxeAnim:0109
[2014.12.03-16.11.00:037][917]LogScript:Warning: Accessed None 'CallFunc_GetPlayerPawn_ReturnValue'
	AxeAnim_C /Game/Maps/MainLevel.MainLevel:PersistentLevel.EnemyCubeAxe_C_4.SkeletalMesh1.AxeAnim_C_11
	Function /Game/Cubes/AxeAnim.AxeAnim_C:ExecuteUbergraph_AxeAnim:0109
[2014.12.03-16.11.00:037][917]LogScript:Warning: Accessed None 'CallFunc_GetPlayerPawn_ReturnValue'
	AxeAnim_C /Game/Maps/MainLevel.MainLevel:PersistentLevel.EnemyCubeAxe_C_5.SkeletalMesh1.AxeAnim_C_12
	Function /Game/Cubes/AxeAnim.AxeAnim_C:ExecuteUbergraph_AxeAnim:0109
[2014.12.03-16.11.00:037][917]LogScript:Warning: Accessed None 'CallFunc_GetPlayerPawn_ReturnValue'
	AxeAnim_C /Game/Maps/MainLevel.MainLevel:PersistentLevel.EnemyCubeAxe_C_6.SkeletalMesh1.AxeAnim_C_13
	Function /Game/Cubes/AxeAnim.AxeAnim_C:ExecuteUbergraph_AxeAnim:0109
[2014.12.03-16.11.00:037][917]LogScript:Warning: Accessed None 'CallFunc_GetPlayerPawn_ReturnValue'
	AxeAnim_C /Game/Maps/MainLevel.MainLevel:PersistentLevel.EnemyCubeAxe_C_7.SkeletalMesh1.AxeAnim_C_14
	Function /Game/Cubes/AxeAnim.AxeAnim_C:ExecuteUbergraph_AxeAnim:0109
[2014.12.03-16.11.00:041][917]LogEditorServer: Finished looking for orphan Actors (0.000 secs)
[2014.12.03-16.11.00:046][917]LogAIModule: Creating AISystem for world MainLevel
[2014.12.03-16.11.00:159][917]Cmd: MAP CHECKDEP
[2014.12.03-16.11.00:159][917]MapCheck: New page: MainLevel - Dec 3, 2014, 6:11:00 AM
[2014.12.03-16.11.00:279][917]MapCheck: Info Map check complete: 0 Error(s), 0 Warning(s), took 120.356ms to complete.
[2014.12.03-16.11.00:279][917]LogFileHelpers: Loading map 'MainLevel' took 0.470
[2014.12.03-16.11.00:320][917]LogScript:Warning: Accessed None 'CallFunc_GetPlayerPawn_ReturnValue'
	CubeAnimSword_C /Engine/Transient.World_3:PersistentLevel.SkeletalMeshActor_0.SkeletalMeshComponent0.CubeAnimSword_C_6
	Function /Game/Cubes/CubeAnimSword.CubeAnimSword_C:ExecuteUbergraph_CubeAnimSword:0144
[2014.12.03-16.11.00:321][917]LogScript:Warning: Accessed None 'CallFunc_GetPlayerPawn_ReturnValue'
	AxeAnim_C /Engine/Transient.World_3:PersistentLevel.SkeletalMeshActor_0.SkeletalMeshComponent0.AxeAnim_C_15
	Function /Game/Cubes/AxeAnim.AxeAnim_C:ExecuteUbergraph_AxeAnim:0109
[2014.12.03-16.11.00:322][917]LogScript:Warning: Accessed None 'CallFunc_GetPlayerPawn_ReturnValue'
	CubeAnimSword_C /Engine/Transient.SkeletalMeshComponent_5:CubeAnimSword_C_7
	Function /Game/Cubes/CubeAnimSword.CubeAnimSword_C:ExecuteUbergraph_CubeAnimSword:0144
[2014.12.03-16.11.00:322][917]LogScript:Warning: Accessed None 'CallFunc_GetPlayerPawn_ReturnValue'
	AxeAnim_C /Engine/Transient.SkeletalMeshComponent_6:AxeAnim_C_16
	Function /Game/Cubes/AxeAnim.AxeAnim_C:ExecuteUbergraph_AxeAnim:0109
[2014.12.03-16.11.00:340][918]Cmd: UpdateLandscapeEditorData -warnings
[2014.12.03-16.11.00:361][918]Cmd: UpdateLandscapeEditorData
[2014.12.03-16.11.28:837][720]LogActorComponent: UnregisterComponent: (/Engine/Transient.CharacterMovementComponent_1) Not registered. Aborting.
[2014.12.03-16.11.33:888][721]Cmd: QUIT_EDITOR
[2014.12.03-16.11.34:450][721]LogExit: Preparing to exit.
[2014.12.03-16.11.35:273][721]LogExit: Editor shut down
[2014.12.03-16.11.35:274][721]LogExit: Transaction tracking system shut down
[2014.12.03-16.11.35:276][721]LogParticles: Destroying 0 GPU particle simulations for FXSystem 0x000000001E52CFE0
[2014.12.03-16.11.35:276][721]LogParticles: Destroying 0 GPU particle simulations for FXSystem 0x0000000024DA2FC0
[2014.12.03-16.11.35:276][721]LogParticles: Destroying 0 GPU particle simulations for FXSystem 0x0000000024DA2A20
[2014.12.03-16.11.35:277][721]LogParticles: Destroying 0 GPU particle simulations for FXSystem 0x000000001E52C400
[2014.12.03-16.11.35:322][721]LogExit: Object subsystem successfully closed.
[2014.12.03-16.11.35:378][721]LogModuleManager: Shutting down and abandoning module AndroidDeviceDetection (166)
[2014.12.03-16.11.35:378][721]LogModuleManager: Shutting down and abandoning module CrashTracker (165)
[2014.12.03-16.11.35:378][721]LogModuleManager: Shutting down and abandoning module SuperSearch (164)
[2014.12.03-16.11.35:378][721]LogModuleManager: Shutting down and abandoning module SceneOutliner (163)
[2014.12.03-16.11.35:378][721]LogModuleManager: Shutting down and abandoning module EditorWidgets (162)
[2014.12.03-16.11.35:378][721]LogModuleManager: Shutting down and abandoning module CollectionManager (161)
[2014.12.03-16.11.35:378][721]LogModuleManager: Shutting down and abandoning module StatsViewer (160)
[2014.12.03-16.11.35:378][721]LogModuleManager: Shutting down and abandoning module FoliageEdit (159)
[2014.12.03-16.11.35:378][721]LogModuleManager: Shutting down and abandoning module LandscapeEditor (158)
[2014.12.03-16.11.35:378][721]LogModuleManager: Shutting down and abandoning module MeshPaint (157)
[2014.12.03-16.11.35:378][721]LogModuleManager: Shutting down and abandoning module ActorPickerMode (156)
[2014.12.03-16.11.35:378][721]LogModuleManager: Shutting down and abandoning module GeometryMode (155)
[2014.12.03-16.11.35:378][721]LogModuleManager: Shutting down and abandoning module TextureAlignMode (154)
[2014.12.03-16.11.35:378][721]LogModuleManager: Shutting down and abandoning module BspMode (153)
[2014.12.03-16.11.35:378][721]LogModuleManager: Shutting down and abandoning module PlacementMode (152)
[2014.12.03-16.11.35:378][721]LogModuleManager: Shutting down and abandoning module AutomationWorker (151)
[2014.12.03-16.11.35:378][721]LogModuleManager: Shutting down and abandoning module CharacterAI (150)
[2014.12.03-16.11.35:378][721]LogModuleManager: Shutting down and abandoning module GameProjectGeneration (149)
[2014.12.03-16.11.35:378][721]LogModuleManager: Shutting down and abandoning module IntroTutorials (148)
[2014.12.03-16.11.35:378][721]LogModuleManager: Shutting down and abandoning module EditorLiveStreaming (147)
[2014.12.03-16.11.35:378][721]LogModuleManager: Shutting down and abandoning module HardwareTargeting (146)
[2014.12.03-16.11.35:378][721]LogModuleManager: Shutting down and abandoning module BehaviorTreeEditor (145)
[2014.12.03-16.11.35:378][721]LogModuleManager: Shutting down and abandoning module DeviceProfileEditor (144)
[2014.12.03-16.11.35:378][721]LogModuleManager: Shutting down and abandoning module UndoHistory (143)
[2014.12.03-16.11.35:378][721]LogModuleManager: Shutting down and abandoning module GameplayTagsEditor (142)
[2014.12.03-16.11.35:378][721]LogModuleManager: Shutting down and abandoning module UserFeedback (141)
[2014.12.03-16.11.35:378][721]LogModuleManager: Shutting down and abandoning module XmlParser (140)
[2014.12.03-16.11.35:378][721]LogModuleManager: Shutting down and abandoning module Blutility (139)
[2014.12.03-16.11.35:378][721]LogModuleManager: Shutting down and abandoning module IOSPlatformEditor (138)
[2014.12.03-16.11.35:379][721]LogModuleManager: Shutting down and abandoning module IOSRuntimeSettings (137)
[2014.12.03-16.11.35:379][721]LogModuleManager: Shutting down and abandoning module AndroidPlatformEditor (136)
[2014.12.03-16.11.35:379][721]LogModuleManager: Shutting down and abandoning module AndroidRuntimeSettings (135)
[2014.12.03-16.11.35:379][721]LogModuleManager: Shutting down and abandoning module ProjectTargetPlatformEditor (134)
[2014.12.03-16.11.35:379][721]LogModuleManager: Shutting down and abandoning module ProjectSettingsViewer (133)
[2014.12.03-16.11.35:379][721]LogModuleManager: Shutting down and abandoning module InputBindingEditor (132)
[2014.12.03-16.11.35:379][721]LogModuleManager: Shutting down and abandoning module EditorSettingsViewer (131)
[2014.12.03-16.11.35:379][721]LogModuleManager: Shutting down and abandoning module SettingsEditor (130)
[2014.12.03-16.11.35:379][721]LogModuleManager: Shutting down and abandoning module ProjectLauncher (129)
[2014.12.03-16.11.35:379][721]LogModuleManager: Shutting down and abandoning module SessionFrontend (128)
[2014.12.03-16.11.35:379][721]LogModuleManager: Shutting down and abandoning module ProfilerClient (127)
[2014.12.03-16.11.35:379][721]LogModuleManager: Shutting down and abandoning module TargetDeviceServices (126)
[2014.12.03-16.11.35:379][721]LogModuleManager: Shutting down and abandoning module DeviceManager (125)
[2014.12.03-16.11.35:379][721]LogModuleManager: Shutting down and abandoning module AutomationController (124)
[2014.12.03-16.11.35:379][721]LogModuleManager: Shutting down and abandoning module AutomationWindow (123)
[2014.12.03-16.11.35:379][721]LogModuleManager: Shutting down and abandoning module Layers (122)
[2014.12.03-16.11.35:379][721]LogModuleManager: Shutting down and abandoning module ComponentVisualizers (121)
[2014.12.03-16.11.35:379][721]LogModuleManager: Shutting down and abandoning module DetailCustomizations (120)
[2014.12.03-16.11.35:379][721]LogModuleManager: Shutting down and abandoning module PackagesDialog (119)
[2014.12.03-16.11.35:380][721]LogModuleManager: Shutting down and abandoning module AssetRegistry (118)
[2014.12.03-16.11.35:479][721]LogModuleManager: Shutting down and abandoning module Persona (117)
[2014.12.03-16.11.35:479][721]LogModuleManager: Shutting down and abandoning module Kismet (116)
[2014.12.03-16.11.35:479][721]LogModuleManager: Shutting down and abandoning module GraphEditor (115)
[2014.12.03-16.11.35:479][721]LogModuleManager: Shutting down and abandoning module ClassViewer (114)
[2014.12.03-16.11.35:479][721]LogModuleManager: Shutting down and abandoning module Toolbox (113)
[2014.12.03-16.11.35:479][721]LogModuleManager: Shutting down and abandoning module ModuleUI (112)
[2014.12.03-16.11.35:479][721]LogModuleManager: Shutting down and abandoning module MovieSceneTools (111)
[2014.12.03-16.11.35:479][721]LogModuleManager: Shutting down and abandoning module OutputLog (110)
[2014.12.03-16.11.35:479][721]LogModuleManager: Shutting down and abandoning module GammaUI (109)
[2014.12.03-16.11.35:479][721]LogModuleManager: Shutting down and abandoning module Documentation (108)
[2014.12.03-16.11.35:479][721]LogModuleManager: Shutting down and abandoning module GameLiveStreaming (107)
[2014.12.03-16.11.35:479][721]LogModuleManager: Shutting down and abandoning module StreamingPauseRendering (106)
[2014.12.03-16.11.35:479][721]LogModuleManager: Shutting down and abandoning module HTTP (105)
[2014.12.03-16.11.35:479][721]LogModuleManager: Shutting down and abandoning module AnalyticsET (104)
[2014.12.03-16.11.35:479][721]LogModuleManager: Shutting down and abandoning module Analytics (103)
[2014.12.03-16.11.35:479][721]LogModuleManager: Shutting down and abandoning module GameplayDebugger (102)
[2014.12.03-16.11.35:479][721]LogModuleManager: Shutting down and abandoning module AIModule (101)
[2014.12.03-16.11.35:480][721]LogModuleManager: Shutting down and abandoning module ProfilerService (100)
[2014.12.03-16.11.35:522][721]LogModuleManager: Shutting down and abandoning module TaskGraph (99)
[2014.12.03-16.11.35:522][721]LogModuleManager: Shutting down and abandoning module SlateRemote (98)
[2014.12.03-16.11.35:522][721]LogModuleManager: Shutting down and abandoning module ScriptEditorPlugin (97)
[2014.12.03-16.11.35:522][721]LogModuleManager: Shutting down and abandoning module CustomMeshComponent (96)
[2014.12.03-16.11.35:522][721]LogModuleManager: Shutting down and abandoning module CableComponent (95)
[2014.12.03-16.11.35:522][721]LogModuleManager: Shutting down and abandoning module MessagingDebugger (94)
[2014.12.03-16.11.35:522][721]LogModuleManager: Shutting down and abandoning module MediaPlayerEditor (93)
[2014.12.03-16.11.35:522][721]LogModuleManager: Shutting down and abandoning module SpeedTreeImporter (92)
[2014.12.03-16.11.35:522][721]LogModuleManager: Shutting down and abandoning module PluginsEditor (91)
[2014.12.03-16.11.35:522][721]LogModuleManager: Shutting down and abandoning module EpicSurvey (90)
[2014.12.03-16.11.35:522][721]LogModuleManager: Shutting down and abandoning module DesktopPlatform (89)
[2014.12.03-16.11.35:522][721]LogModuleManager: Shutting down and abandoning module VisualStudioSourceCodeAccess (88)
[2014.12.03-16.11.35:522][721]LogModuleManager: Shutting down and abandoning module UObjectPlugin (87)
[2014.12.03-16.11.35:522][721]LogModuleManager: Shutting down and abandoning module SubversionSourceControl (86)
[2014.12.03-16.11.35:522][721]LogModuleManager: Shutting down and abandoning module SourceControl (85)
[2014.12.03-16.11.35:522][721]LogModuleManager: Shutting down and abandoning module PerforceSourceControl (84)
[2014.12.03-16.11.35:522][721]LogModuleManager: Shutting down and abandoning module BlankPlugin (83)
[2014.12.03-16.11.35:522][721]LogModuleManager: Shutting down and abandoning module SlateReflector (82)
[2014.12.03-16.11.35:522][721]LogModuleManager: Shutting down and abandoning module DirectoryWatcher (81)
[2014.12.03-16.11.35:522][721]LogModuleManager: Shutting down and abandoning module HotReload (80)
[2014.12.03-16.11.35:522][721]LogModuleManager: Shutting down and abandoning module MainFrame (79)
[2014.12.03-16.11.35:522][721]LogModuleManager: Shutting down and abandoning module LevelEditor (78)
[2014.12.03-16.11.35:524][721]LogModuleManager: Shutting down and abandoning module ViewportSnapping (77)
[2014.12.03-16.11.35:524][721]LogModuleManager: Shutting down and abandoning module SmartSnapping (76)
[2014.12.03-16.11.35:524][721]LogModuleManager: Shutting down and abandoning module PaperTiledImporter (75)
[2014.12.03-16.11.35:524][721]LogModuleManager: Shutting down and abandoning module PaperJsonImporter (74)
[2014.12.03-16.11.35:524][721]LogModuleManager: Shutting down and abandoning module ContentBrowser (73)
[2014.12.03-16.11.35:524][721]LogModuleManager: Shutting down and abandoning module PropertyEditor (72)
[2014.12.03-16.11.35:524][721]LogModuleManager: Shutting down and abandoning module Paper2DEditor (71)
[2014.12.03-16.11.35:524][721]LogModuleManager: Shutting down and abandoning module ScriptPlugin (70)
[2014.12.03-16.11.35:524][721]LogModuleManager: Shutting down and abandoning module UdpMessaging (69)
[2014.12.03-16.11.35:624][721]LogModuleManager: Shutting down and abandoning module Paper2D (68)
[2014.12.03-16.11.35:624][721]LogModuleManager: Shutting down and abandoning module WindowsMoviePlayer (67)
[2014.12.03-16.11.35:629][721]LogModuleManager: Shutting down and abandoning module Media (66)
[2014.12.03-16.11.35:629][721]LogModuleManager: Shutting down and abandoning module WmfMedia (65)
[2014.12.03-16.11.35:630][721]LogModuleManager: Shutting down and abandoning module OnlineBlueprintSupport (64)
[2014.12.03-16.11.35:630][721]LogModuleManager: Shutting down and abandoning module FunctionalTesting (63)
[2014.12.03-16.11.35:630][721]LogModuleManager: Shutting down and abandoning module CollisionAnalyzer (62)
[2014.12.03-16.11.35:630][721]LogModuleManager: Shutting down and abandoning module WorkspaceMenuStructure (61)
[2014.12.03-16.11.35:630][721]LogModuleManager: Shutting down and abandoning module MessageLog (60)
[2014.12.03-16.11.35:630][721]LogModuleManager: Shutting down and abandoning module Sequencer (59)
[2014.12.03-16.11.35:630][721]LogModuleManager: Shutting down and abandoning module AssetTools (58)
[2014.12.03-16.11.35:630][721]LogModuleManager: Shutting down and abandoning module UMGEditor (57)
[2014.12.03-16.11.35:630][721]LogModuleManager: Shutting down and abandoning module UMG (56)
[2014.12.03-16.11.35:630][721]LogModuleManager: Shutting down and abandoning module Slate (55)
[2014.12.03-16.11.35:630][721]LogModuleManager: Shutting down and abandoning module EditorStyle (54)
[2014.12.03-16.11.35:632][721]LogModuleManager: Shutting down and abandoning module SessionServices (53)
[2014.12.03-16.11.35:632][721]LogModuleManager: Shutting down and abandoning module SourceCodeAccess (52)
[2014.12.03-16.11.35:632][721]LogModuleManager: Shutting down and abandoning module HeadMountedDisplay (51)
[2014.12.03-16.11.35:632][721]LogModuleManager: Shutting down and abandoning module XAudio2 (50)
[2014.12.03-16.11.35:632][721]LogModuleManager: Shutting down and abandoning module Networking (48)
[2014.12.03-16.11.35:632][721]LogModuleManager: Shutting down and abandoning module Core (47)
[2014.12.03-16.11.35:632][721]LogModuleManager: Shutting down and abandoning module KismetCompiler (46)
[2014.12.03-16.11.35:632][721]LogModuleManager: Shutting down and abandoning module PhysXFormats (45)
[2014.12.03-16.11.35:632][721]LogModuleManager: Shutting down and abandoning module MeshUtilities (44)
[2014.12.03-16.11.35:632][721]LogModuleManager: Shutting down and abandoning module DerivedDataCache (43)
[2014.12.03-16.11.35:729][721]LogDerivedDataCache: Shutdown
[2014.12.03-16.11.35:729][721]LogModuleManager: Shutting down and abandoning module ShaderFormatOpenGL (42)
[2014.12.03-16.11.35:729][721]LogModuleManager: Shutting down and abandoning module ShaderFormatD3D (41)
[2014.12.03-16.11.35:729][721]LogModuleManager: Shutting down and abandoning module MetalShaderFormat (40)
[2014.12.03-16.11.35:729][721]LogModuleManager: Shutting down and abandoning module TextureFormatUncompressed (39)
[2014.12.03-16.11.35:729][721]LogModuleManager: Shutting down and abandoning module TextureFormatPVR (38)
[2014.12.03-16.11.35:729][721]LogModuleManager: Shutting down and abandoning module TextureFormatDXT (37)
[2014.12.03-16.11.35:729][721]LogModuleManager: Shutting down and abandoning module TextureFormatAndroid (36)
[2014.12.03-16.11.35:729][721]LogModuleManager: Shutting down and abandoning module AudioFormatOpus (35)
[2014.12.03-16.11.35:729][721]LogModuleManager: Shutting down and abandoning module AudioFormatOgg (34)
[2014.12.03-16.11.35:729][721]LogModuleManager: Shutting down and abandoning module AudioFormatADPCM (33)
[2014.12.03-16.11.35:729][721]LogModuleManager: Shutting down and abandoning module Messaging (32)
[2014.12.03-16.11.35:729][721]LogModuleManager: Shutting down and abandoning module IOSTargetPlatform (31)
[2014.12.03-16.11.35:729][721]LogModuleManager: Shutting down and abandoning module Android_PVRTCTargetPlatform (30)
[2014.12.03-16.11.35:729][721]LogModuleManager: Shutting down and abandoning module Android_ETC2TargetPlatform (29)
[2014.12.03-16.11.35:729][721]LogModuleManager: Shutting down and abandoning module Android_ETC1TargetPlatform (28)
[2014.12.03-16.11.35:729][721]LogModuleManager: Shutting down and abandoning module Android_DXTTargetPlatform (27)
[2014.12.03-16.11.35:729][721]LogModuleManager: Shutting down and abandoning module Android_ATCTargetPlatform (26)
[2014.12.03-16.11.35:729][721]LogModuleManager: Shutting down and abandoning module AndroidTargetPlatform (25)
[2014.12.03-16.11.35:729][721]LogModuleManager: Shutting down and abandoning module WindowsTargetPlatform (24)
[2014.12.03-16.11.35:729][721]LogModuleManager: Shutting down and abandoning module WindowsServerTargetPlatform (23)
[2014.12.03-16.11.35:729][721]LogModuleManager: Shutting down and abandoning module WindowsNoEditorTargetPlatform (22)
[2014.12.03-16.11.35:729][721]LogModuleManager: Shutting down and abandoning module WindowsClientTargetPlatform (21)
[2014.12.03-16.11.35:729][721]LogModuleManager: Shutting down and abandoning module TargetPlatform (20)
[2014.12.03-16.11.35:729][721]LogModuleManager: Shutting down and abandoning module InputCore (19)
[2014.12.03-16.11.35:729][721]LogModuleManager: Shutting down and abandoning module Settings (18)
[2014.12.03-16.11.35:729][721]LogModuleManager: Shutting down and abandoning module ImageWrapper (17)
[2014.12.03-16.11.35:729][721]LogModuleManager: Shutting down and abandoning module OculusRift (14)
[2014.12.03-16.11.35:729][721]LogModuleManager: Shutting down and abandoning module ExampleDeviceProfileSelector (13)
[2014.12.03-16.11.35:729][721]LogModuleManager: Shutting down and abandoning module TextureCompressor (12)
[2014.12.03-16.11.35:729][721]LogModuleManager: Shutting down and abandoning module ShaderCore (11)
[2014.12.03-16.11.35:729][721]LogModuleManager: Shutting down and abandoning module SlateRHIRenderer (10)
[2014.12.03-16.11.35:730][721]LogModuleManager: Shutting down and abandoning module OpenGLDrv (9)
[2014.12.03-16.11.35:730][721]LogModuleManager: Shutting down and abandoning module D3D11RHI (8)
[2014.12.03-16.11.35:730][721]LogModuleManager: Shutting down and abandoning module Renderer (7)
[2014.12.03-16.11.35:730][721]LogModuleManager: Shutting down and abandoning module Engine (6)
[2014.12.03-16.11.35:730][721]LogModuleManager: Shutting down and abandoning module CoreUObject (5)
[2014.12.03-16.11.35:730][721]LogModuleManager: Shutting down and abandoning module NetworkFile (4)
[2014.12.03-16.11.35:730][721]LogModuleManager: Shutting down and abandoning module StreamingFile (3)
[2014.12.03-16.11.35:730][721]LogModuleManager: Shutting down and abandoning module SandboxFile (2)
[2014.12.03-16.11.35:730][721]LogModuleManager: Shutting down and abandoning module PakFile (1)
[2014.12.03-16.11.35:730][721]LogExit: Exiting.
[2014.12.03-16.11.35:783][721]Log file closed, 12/03/14 11:11:35
