Log file open, 11/25/14 15:34:30
LogInit:Display: Running engine for game: SUCCUBEUS
LogInit: Version: 4.5.1-2336687+++depot+UE4-Releases+4.5
LogInit: API Version: 2326478
LogInit: Compiled (64-bit): Oct 21 2014 22:32:40
LogInit: Compiled with Visual C++: 18.00.21005.01
LogInit: Build Configuration: Development
LogInit: Branch Name: ++depot+UE4-Releases+4.5
LogInit: Command line:  
LogInit: Base directory: C:/Program Files/Epic Games/4.5/Engine/Binaries/Win64/
LogInit: Rocket: 1
[2014.11.25-20.34.30:514][  0]LogTaskGraph: Started task graph with 3 named threads and 4 total threads.
[2014.11.25-20.34.30:541][  0]LogOnline:Warning: No default platform service specified for OnlineSubsystem
[2014.11.25-20.34.30:557][  0]LogInit: Presizing for 0 objects not considered by GC, pre-allocating 0 bytes.
[2014.11.25-20.34.30:565][  0]LogInit: Object subsystem initialized
[2014.11.25-20.34.30:568][  0]LogConsoleResponse:Warning: Skipping Unknown console variable: 'UIScaleRule = ShortestSide'
[2014.11.25-20.34.30:568][  0]LogConsoleResponse:Warning:   Found in ini file 'C:/Users/johnss18/Documents/SUCCUBE-US/SUCCUBEUS/Saved/Config/Windows/Engine.ini', in section '[/Script/Engine.RendererSettings]'
[2014.11.25-20.34.30:568][  0]LogConsoleResponse:Warning: Skipping Unknown console variable: 'UIScaleCurve = (EditorCurveData=(Keys=((Time=480.000000,Value=0.444000),(Time=720.000000,Value=0.666000),(Time=1080.000000,Value=1.000000),(Time=8640.000000,Value=8.000000))),ExternalCurve=None)'
[2014.11.25-20.34.30:568][  0]LogConsoleResponse:Warning:   Found in ini file 'C:/Users/johnss18/Documents/SUCCUBE-US/SUCCUBEUS/Saved/Config/Windows/Engine.ini', in section '[/Script/Engine.RendererSettings]'
[2014.11.25-20.34.30:569][  0]LogInit: Selected Device Profile: [Windows]
[2014.11.25-20.34.30:569][  0]LogInit: Applying CVar settings loaded from the selected device profile: [Windows]
[2014.11.25-20.34.30:574][  0]LogInit: Computer: JOHNSS18-PC
[2014.11.25-20.34.30:574][  0]LogInit: User: johnss18
[2014.11.25-20.34.30:575][  0]LogInit: CPU Page size=4096, Cores=2
[2014.11.25-20.34.30:575][  0]LogInit: High frequency timer resolution =2.728232 MHz
[2014.11.25-20.34.30:576][  0]LogMemory: Memory total: Physical=7.7GB (8GB approx) Virtual=8192.0GB
[2014.11.25-20.34.30:576][  0]LogMemory: Platform Memory Stats for Windows
[2014.11.25-20.34.30:576][  0]LogMemory: Process Physical Memory: 64.08 MB used, 64.08 MB peak
[2014.11.25-20.34.30:576][  0]LogMemory: Process Virtual Memory: 41.31 MB used, 41.31 MB peak
[2014.11.25-20.34.30:576][  0]LogMemory: Physical Memory: 3951.87 MB used, 7915.94 MB total
[2014.11.25-20.34.30:576][  0]LogMemory: Virtual Memory: 278.36 MB used, 8388608.00 MB total
[2014.11.25-20.34.30:607][  0]LogD3D11RHI: Found D3D11 adapter 0: Intel(R) HD Graphics 4000 (Feature Level 11_0)
[2014.11.25-20.34.30:607][  0]LogD3D11RHI: Adapter has 64MB of dedicated video memory, 0MB of dedicated system memory, and 1632MB of shared system memory, 1 output[s]
[2014.11.25-20.34.30:607][  0]LogD3D11RHI: Chosen D3D11 Adapter Id = 0
[2014.11.25-20.34.30:614][  0]LogRHI: Texture pool is 616 MB (70% of 880 MB)
[2014.11.25-20.34.30:625][  0]LogD3D11RHI: Async texture creation enabled
[2014.11.25-20.34.30:666][  0]LogTextLocalizationManager: The requested culture ('en_US') has no localization data; parent culture's ('en') localization data will be used.
[2014.11.25-20.34.30:794][  0]LogContentStreaming: Texture pool size is 0.000000MB
[2014.11.25-20.34.35:219][  0]LogTargetPlatformManager:Display: Building Assets For Windows
[2014.11.25-20.34.35:615][  0]LogTargetPlatformManager:Display: Building Assets For Windows
[2014.11.25-20.34.35:660][  0]LogDerivedDataCache:Display: Max Cache Size: 512 MB
[2014.11.25-20.34.35:700][  0]LogDerivedDataCache: Loaded boot cache 0.04s 39MB C:/Users/johnss18/AppData/Local/UnrealEngine/4.5/DerivedDataCache/Boot.ddc.
[2014.11.25-20.34.35:700][  0]LogDerivedDataCache:Display: Loaded Boot cache: C:/Users/johnss18/AppData/Local/UnrealEngine/4.5/DerivedDataCache/Boot.ddc
[2014.11.25-20.34.35:700][  0]LogDerivedDataCache: FDerivedDataBackendGraph:  Pak pak cache file ../../../../../../Users/johnss18/Documents/SUCCUBE-US/SUCCUBEUS/DerivedDataCache/DDC.ddp not found, will not use a pak cache.
[2014.11.25-20.34.35:700][  0]LogDerivedDataCache: Unable to find inner node Pak for hierarchical cache Hierarchy.
[2014.11.25-20.34.35:764][  0]LogDerivedDataCache:Display: Pak cache opened for reading ../../../Engine/DerivedDataCache/DDC.ddp.
[2014.11.25-20.34.35:775][  0]LogDerivedDataCache: Using Local data cache path C:/Users/johnss18/AppData/Local/UnrealEngine/Common/DerivedDataCache: Writable
[2014.11.25-20.34.35:938][  0]LogMeshUtilities: No automatic mesh reduction module available
[2014.11.25-20.34.35:938][  0]LogMeshUtilities: No automatic mesh merging module available
[2014.11.25-20.34.36:171][  0]LogLinker:Warning: Asset '../../../Engine/Content/Functions/Engine_MaterialFunctions02/Texturing/FlipBook.uasset' has been saved with empty engine version. The asset will be loaded but may be incompatible.
[2014.11.25-20.34.36:173][  0]LogLinker:Warning: Asset '../../../Engine/Content/Functions/Engine_MaterialFunctions02/ExampleContent/Textures/flipbook.uasset' has been saved with empty engine version. The asset will be loaded but may be incompatible.
[2014.11.25-20.34.36:330][  0]LogInit: WinSock: version 1.1 (2.2), MaxSocks=32767, MaxUdp=65467
[2014.11.25-20.34.37:015][  0]UdpMessaging: Initializing bridge on interface 0.0.0.0:0 to multicast group 230.0.0.1:6666.
[2014.11.25-20.34.37:170][  0]LogDirectoryWatcher:Warning: Failed to begin reading directory changes for C:/Users/johnss18/Documents/SUCCUBE-US/SUCCUBEUS/Binaries/Win64. Error: 0
[2014.11.25-20.34.37:280][  0]SourceControl: Info Source control is disabled
[2014.11.25-20.34.37:281][  0]SourceControl: Info Source control is disabled
[2014.11.25-20.34.37:286][  0]SourceControl: Info Source control is disabled
[2014.11.25-20.34.37:385][  0]LogObj: 22915 objects as part of root set at end of initial load.
[2014.11.25-20.34.37:385][  0]LogUObjectAllocator: 4803536 out of 0 bytes used by permanent object pool.
[2014.11.25-20.34.37:436][  0]LogEngine: Initializing Engine...
[2014.11.25-20.34.37:560][  0]LogInit: XAudio2 using 'Speaker/HP (Realtek High Definition Audio)' : 2 channels at 48 kHz using 32 bits per sample (channel mask 0x3)
[2014.11.25-20.34.37:743][  0]LogInit: FAudioDevice initialized.
[2014.11.25-20.34.37:761][  0]LogAIModule: Creating AISystem for world NewWorld
[2014.11.25-20.34.37:787][  0]LogDerivedDataCache: Saved boot cache 0.02s 39MB C:/Users/johnss18/AppData/Local/UnrealEngine/4.5/DerivedDataCache/Boot.ddc.
[2014.11.25-20.34.37:790][  0]LogInit: Texture streaming: Enabled
[2014.11.25-20.34.37:830][  0]LogInit: Transaction tracking system initialized
[2014.11.25-20.34.37:910][  0]BlueprintLog: New page: Editor Load
[2014.11.25-20.34.37:938][  0]LogAssetRegistry: FAssetRegistry took 0.0095 seconds to start up
[2014.11.25-20.34.37:938][  0]LogDirectoryWatcher:Warning: Failed to begin reading directory changes for ../../../Engine/Plugins/Experimental/CharacterAI/Content/. Error: 0
[2014.11.25-20.34.38:439][  0]LogTargetPlatformManager:Display: Building Assets For Windows
[2014.11.25-20.34.38:798][  0]LogTargetPlatformManager:Display: Building Assets For Windows
[2014.11.25-20.34.39:002][  0]LogConsoleResponse:Display: 
[2014.11.25-20.34.39:173][  0]SourceControl: Info Source control is disabled
[2014.11.25-20.34.39:173][  0]Cmd: MAP LOAD FILE="../../../../../../Users/johnss18/Documents/SUCCUBE-US/SUCCUBEUS/Content/Maps/Example_Map.umap" TEMPLATE=0 SHOWPROGRESS=1
[2014.11.25-20.34.39:174][  0]LightingResults: New page: Lighting Build
[2014.11.25-20.34.39:181][  0]MapCheck: New page: Map Check
[2014.11.25-20.34.39:181][  0]LightingResults: New page: Lighting Build
[2014.11.25-20.34.39:195][  0]LogParticles: Destroying 0 GPU particle simulations for FXSystem 0x0000000019935A80
[2014.11.25-20.34.39:414][  0]LogEditorServer: Finished looking for orphan Actors (0.000 secs)
[2014.11.25-20.34.39:414][  0]LogAIModule: Creating AISystem for world Example_Map
[2014.11.25-20.34.39:414][  0]Cmd: MAP CHECKDEP
[2014.11.25-20.34.39:414][  0]MapCheck: New page: Example_Map - Nov 25, 2014, 10:34:39 AM
[2014.11.25-20.34.39:494][  0]MapCheck: Info Map check complete: 0 Error(s), 0 Warning(s), took 79.829ms to complete.
[2014.11.25-20.34.39:494][  0]LogFileHelpers: Loading map 'Example_Map' took 0.321
[2014.11.25-20.34.39:577][  0]LogCollectionManager: Loaded 0 collections in 0.000921 seconds
[2014.11.25-20.34.39:678][  0]LogCrashTracker: Crashtracker disabled due to settings.
[2014.11.25-20.34.39:684][  0]LogUObjectGlobals:Warning: Failed to find object 'Class None.'
[2014.11.25-20.34.39:723][  0]LogLoad: Full Startup: 11.21 seconds (BP compile: 0.06 seconds)
[2014.11.25-20.34.40:069][  0]LogContentBrowser:Verbose: The content browser source was changed by the sources view to '/Game/Maps'
[2014.11.25-20.34.40:198][  0]LogRenderer:Warning: Reallocating scene render targets to support 640x728.
[2014.11.25-20.34.41:388][  3]LogAssetRegistry: Asset discovery search completed in 3.4601 seconds
[2014.11.25-20.36.50:211][570]LogRenderer:Warning: Reallocating scene render targets to support 728x728.
[2014.11.25-20.36.53:901][572]LogD3D11RHI:Error: Direct3DDevice->CreateBuffer(&Desc, NULL, UniformBufferResource.GetInitReference()) failed 
 at D:\BuildFarm\buildmachine_++depot+UE4-Releases+4.5\Engine\Source\Runtime\Windows\D3D11RHI\Private\D3D11UniformBuffer.cpp:159 
 with error DXGI_ERROR_DEVICE_REMOVED
[2014.11.25-20.36.56:225][572]LogWindows: FPlatformMisc::RequestExit(1)
[2014.11.25-20.36.56:225][572]Log file closed, 11/25/14 15:36:56
