Log file open, 12/01/14 19:39:00
LogInit:Display: Running engine for game: SUCCUBEUS
LogInit: Version: 4.5.1-2336687+++depot+UE4-Releases+4.5
LogInit: API Version: 2326478
LogInit: Compiled (64-bit): Oct 21 2014 22:32:40
LogInit: Compiled with Visual C++: 18.00.21005.01
LogInit: Build Configuration: Development
LogInit: Branch Name: ++depot+UE4-Releases+4.5
LogInit: Command line:  
LogInit: Base directory: C:/Program Files/Epic Games/4.5/Engine/Binaries/Win64/
LogInit: Rocket: 1
[2014.12.02-00.39.00:641][  0]LogTaskGraph: Started task graph with 3 named threads and 4 total threads.
[2014.12.02-00.39.00:668][  0]LogOnline:Warning: No default platform service specified for OnlineSubsystem
[2014.12.02-00.39.02:175][  0]LogInit: Presizing for 0 objects not considered by GC, pre-allocating 0 bytes.
[2014.12.02-00.39.02:183][  0]LogInit: Object subsystem initialized
[2014.12.02-00.39.02:186][  0]LogConsoleResponse:Warning: Skipping Unknown console variable: 'UIScaleRule = ShortestSide'
[2014.12.02-00.39.02:186][  0]LogConsoleResponse:Warning:   Found in ini file 'C:/Users/johnss18/Documents/SUCCUBE-US/SUCCUBEUS/Saved/Config/Windows/Engine.ini', in section '[/Script/Engine.RendererSettings]'
[2014.12.02-00.39.02:186][  0]LogConsoleResponse:Warning: Skipping Unknown console variable: 'UIScaleCurve = (EditorCurveData=(Keys=((Time=480.000000,Value=0.444000),(Time=720.000000,Value=0.666000),(Time=1080.000000,Value=1.000000),(Time=8640.000000,Value=8.000000))),ExternalCurve=None)'
[2014.12.02-00.39.02:186][  0]LogConsoleResponse:Warning:   Found in ini file 'C:/Users/johnss18/Documents/SUCCUBE-US/SUCCUBEUS/Saved/Config/Windows/Engine.ini', in section '[/Script/Engine.RendererSettings]'
[2014.12.02-00.39.02:187][  0]LogInit: Selected Device Profile: [Windows]
[2014.12.02-00.39.02:187][  0]LogInit: Applying CVar settings loaded from the selected device profile: [Windows]
[2014.12.02-00.39.02:197][  0]LogInit: Computer: JOHNSS18-PC
[2014.12.02-00.39.02:197][  0]LogInit: User: johnss18
[2014.12.02-00.39.02:198][  0]LogInit: CPU Page size=4096, Cores=2
[2014.12.02-00.39.02:198][  0]LogInit: High frequency timer resolution =2.728222 MHz
[2014.12.02-00.39.02:198][  0]LogMemory: Memory total: Physical=7.7GB (8GB approx) Virtual=8192.0GB
[2014.12.02-00.39.02:198][  0]LogMemory: Platform Memory Stats for Windows
[2014.12.02-00.39.02:198][  0]LogMemory: Process Physical Memory: 64.01 MB used, 64.01 MB peak
[2014.12.02-00.39.02:198][  0]LogMemory: Process Virtual Memory: 41.30 MB used, 41.30 MB peak
[2014.12.02-00.39.02:198][  0]LogMemory: Physical Memory: 4659.39 MB used, 7915.94 MB total
[2014.12.02-00.39.02:198][  0]LogMemory: Virtual Memory: 278.36 MB used, 8388608.00 MB total
[2014.12.02-00.39.02:234][  0]LogD3D11RHI: Found D3D11 adapter 0: Intel(R) HD Graphics 4000 (Feature Level 11_0)
[2014.12.02-00.39.02:234][  0]LogD3D11RHI: Adapter has 64MB of dedicated video memory, 0MB of dedicated system memory, and 1632MB of shared system memory, 1 output[s]
[2014.12.02-00.39.02:234][  0]LogD3D11RHI: Chosen D3D11 Adapter Id = 0
[2014.12.02-00.39.02:240][  0]LogRHI: Texture pool is 616 MB (70% of 880 MB)
[2014.12.02-00.39.02:251][  0]LogD3D11RHI: Async texture creation enabled
[2014.12.02-00.39.03:293][  0]LogTextLocalizationManager: The requested culture ('en_US') has no localization data; parent culture's ('en') localization data will be used.
[2014.12.02-00.39.03:431][  0]LogContentStreaming: Texture pool size is 0.000000MB
[2014.12.02-00.39.10:932][  0]LogTargetPlatformManager:Display: Building Assets For Windows
[2014.12.02-00.39.12:057][  0]LogTargetPlatformManager:Display: Building Assets For Windows
[2014.12.02-00.39.12:354][  0]LogDerivedDataCache:Display: Max Cache Size: 512 MB
[2014.12.02-00.39.13:036][  0]LogDerivedDataCache: Loaded boot cache 0.68s 39MB C:/Users/johnss18/AppData/Local/UnrealEngine/4.5/DerivedDataCache/Boot.ddc.
[2014.12.02-00.39.13:036][  0]LogDerivedDataCache:Display: Loaded Boot cache: C:/Users/johnss18/AppData/Local/UnrealEngine/4.5/DerivedDataCache/Boot.ddc
[2014.12.02-00.39.13:036][  0]LogDerivedDataCache: FDerivedDataBackendGraph:  Pak pak cache file ../../../../../../Users/johnss18/Documents/SUCCUBE-US/SUCCUBEUS/DerivedDataCache/DDC.ddp not found, will not use a pak cache.
[2014.12.02-00.39.13:036][  0]LogDerivedDataCache: Unable to find inner node Pak for hierarchical cache Hierarchy.
[2014.12.02-00.39.13:270][  0]LogDerivedDataCache:Display: Pak cache opened for reading ../../../Engine/DerivedDataCache/DDC.ddp.
[2014.12.02-00.39.13:282][  0]LogDerivedDataCache: Using Local data cache path C:/Users/johnss18/AppData/Local/UnrealEngine/Common/DerivedDataCache: Writable
[2014.12.02-00.39.30:277][  0]LogMeshUtilities: No automatic mesh reduction module available
[2014.12.02-00.39.30:277][  0]LogMeshUtilities: No automatic mesh merging module available
[2014.12.02-00.39.35:652][  0]LogLinker:Warning: Asset '../../../Engine/Content/Functions/Engine_MaterialFunctions02/Texturing/FlipBook.uasset' has been saved with empty engine version. The asset will be loaded but may be incompatible.
[2014.12.02-00.39.35:795][  0]LogLinker:Warning: Asset '../../../Engine/Content/Functions/Engine_MaterialFunctions02/ExampleContent/Textures/flipbook.uasset' has been saved with empty engine version. The asset will be loaded but may be incompatible.
[2014.12.02-00.39.42:738][  0]LogInit: WinSock: version 1.1 (2.2), MaxSocks=32767, MaxUdp=65467
[2014.12.02-00.40.28:266][  0]UdpMessaging: Initializing bridge on interface 0.0.0.0:0 to multicast group 230.0.0.1:6666.
[2014.12.02-00.40.29:132][  0]LogDirectoryWatcher:Warning: Failed to begin reading directory changes for C:/Users/johnss18/Documents/SUCCUBE-US/SUCCUBEUS/Binaries/Win64. Error: 0
[2014.12.02-00.40.31:445][  0]SourceControl: Info Source control is disabled
[2014.12.02-00.40.31:468][  0]SourceControl: Info Source control is disabled
[2014.12.02-00.40.31:476][  0]SourceControl: Info Source control is disabled
[2014.12.02-00.40.32:536][  0]LogObj: 22915 objects as part of root set at end of initial load.
[2014.12.02-00.40.32:536][  0]LogUObjectAllocator: 4803536 out of 0 bytes used by permanent object pool.
[2014.12.02-00.40.33:438][  0]LogEngine: Initializing Engine...
[2014.12.02-00.40.34:712][  0]LogInit: XAudio2 using 'Speaker/HP (Realtek High Definition Audio)' : 2 channels at 48 kHz using 32 bits per sample (channel mask 0x3)
[2014.12.02-00.40.34:799][  0]LogInit: FAudioDevice initialized.
[2014.12.02-00.40.35:144][  0]LogAIModule: Creating AISystem for world NewWorld
[2014.12.02-00.40.35:313][  0]LogDerivedDataCache: Saved boot cache 0.02s 39MB C:/Users/johnss18/AppData/Local/UnrealEngine/4.5/DerivedDataCache/Boot.ddc.
[2014.12.02-00.40.35:344][  0]LogInit: Texture streaming: Enabled
[2014.12.02-00.40.35:577][  0]LogInit: Transaction tracking system initialized
[2014.12.02-00.40.36:311][  0]BlueprintLog: New page: Editor Load
[2014.12.02-00.40.36:651][  0]LogAssetRegistry: FAssetRegistry took 0.0097 seconds to start up
[2014.12.02-00.40.36:651][  0]LogDirectoryWatcher:Warning: Failed to begin reading directory changes for ../../../Engine/Plugins/Experimental/CharacterAI/Content/. Error: 0
[2014.12.02-00.40.39:193][  0]LogTargetPlatformManager:Display: Building Assets For Windows
[2014.12.02-00.40.39:562][  0]LogTargetPlatformManager:Display: Building Assets For Windows
[2014.12.02-00.40.41:474][  0]LogConsoleResponse:Display: 
[2014.12.02-00.40.44:429][  0]SourceControl: Info Source control is disabled
[2014.12.02-00.41.34:394][  0]Cmd: MAP LOAD FILE="../../../../../../Users/johnss18/Documents/SUCCUBE-US/SUCCUBEUS/Content/Maps/Example_Map.umap" TEMPLATE=0 SHOWPROGRESS=1
[2014.12.02-00.41.34:394][  0]LightingResults: New page: Lighting Build
[2014.12.02-00.41.34:546][  0]MapCheck: New page: Map Check
[2014.12.02-00.41.34:546][  0]LightingResults: New page: Lighting Build
[2014.12.02-00.41.34:585][  0]LogParticles: Destroying 0 GPU particle simulations for FXSystem 0x000000001D715A80
[2014.12.02-00.41.39:049][  0]LogEditorServer: Finished looking for orphan Actors (0.000 secs)
[2014.12.02-00.41.39:365][  0]LogAI