Log file open, 12/03/14 11:12:16
LogInit:Display: Running engine for game: SUCCUBEUS
LogInit: Version: 4.5.1-2336687+++depot+UE4-Releases+4.5
LogInit: API Version: 2326478
LogInit: Compiled (64-bit): Oct 21 2014 22:32:40
LogInit: Compiled with Visual C++: 18.00.21005.01
LogInit: Build Configuration: Development
LogInit: Branch Name: ++depot+UE4-Releases+4.5
LogInit: Command line:  
LogInit: Base directory: C:/Program Files/Epic Games/4.5/Engine/Binaries/Win64/
LogInit: Rocket: 1
[2014.12.03-16.12.16:283][  0]LogTaskGraph: Started task graph with 3 named threads and 4 total threads.
[2014.12.03-16.12.16:313][  0]LogOnline:Warning: No default platform service specified for OnlineSubsystem
[2014.12.03-16.12.16:337][  0]LogInit: Presizing for 0 objects not considered by GC, pre-allocating 0 bytes.
[2014.12.03-16.12.16:351][  0]LogInit: Object subsystem initialized
[2014.12.03-16.12.16:355][  0]LogConsoleResponse:Warning: Skipping Unknown console variable: 'UIScaleRule = ShortestSide'
[2014.12.03-16.12.16:355][  0]LogConsoleResponse:Warning:   Found in ini file 'C:/Users/Devin/Documents/SUCCUBE-US/SUCCUBEUS/Saved/Config/Windows/Engine.ini', in section '[/Script/Engine.RendererSettings]'
[2014.12.03-16.12.16:355][  0]LogConsoleResponse:Warning: Skipping Unknown console variable: 'UIScaleCurve = (EditorCurveData=(Keys=((Time=480.000000,Value=0.444000),(Time=720.000000,Value=0.666000),(Time=1080.000000,Value=1.000000),(Time=8640.000000,Value=8.000000))),ExternalCurve=None)'
[2014.12.03-16.12.16:355][  0]LogConsoleResponse:Warning:   Found in ini file 'C:/Users/Devin/Documents/SUCCUBE-US/SUCCUBEUS/Saved/Config/Windows/Engine.ini', in section '[/Script/Engine.RendererSettings]'
[2014.12.03-16.12.16:356][  0]LogInit: Selected Device Profile: [Windows]
[2014.12.03-16.12.16:356][  0]LogInit: Applying CVar settings loaded from the selected device profile: [Windows]
[2014.12.03-16.12.16:364][  0]LogInit: Computer: DEVIN-PC
[2014.12.03-16.12.16:364][  0]LogInit: User: Devin
[2014.12.03-16.12.16:378][  0]LogInit: CPU Page size=4096, Cores=2
[2014.12.03-16.12.16:378][  0]LogInit: High frequency timer resolution =2.728232 MHz
[2014.12.03-16.12.16:378][  0]LogMemory: Memory total: Physical=7.7GB (8GB approx) Virtual=8192.0GB
[2014.12.03-16.12.16:378][  0]LogMemory: Platform Memory Stats for Windows
[2014.12.03-16.12.16:378][  0]LogMemory: Process Physical Memory: 63.98 MB used, 64.71 MB peak
[2014.12.03-16.12.16:378][  0]LogMemory: Process Virtual Memory: 42.60 MB used, 42.60 MB peak
[2014.12.03-16.12.16:378][  0]LogMemory: Physical Memory: 6024.80 MB used, 7915.94 MB total
[2014.12.03-16.12.16:378][  0]LogMemory: Virtual Memory: 279.17 MB used, 8388608.00 MB total
[2014.12.03-16.12.16:423][  0]LogD3D11RHI: Found D3D11 adapter 0: Intel(R) HD Graphics 4000 (Feature Level 11_0)
[2014.12.03-16.12.16:423][  0]LogD3D11RHI: Adapter has 977MB of dedicated video memory, 0MB of dedicated system memory, and 3071MB of shared system memory, 1 output[s]
[2014.12.03-16.12.16:423][  0]LogD3D11RHI: Chosen D3D11 Adapter Id = 0
[2014.12.03-16.12.16:442][  0]LogRHI: Texture pool is 1361 MB (70% of 1945 MB)
[2014.12.03-16.12.16:453][  0]LogD3D11RHI: Async texture creation enabled
[2014.12.03-16.12.16:493][  0]LogTextLocalizationManager: The requested culture ('en_US') has no localization data; parent culture's ('en') localization data will be used.
[2014.12.03-16.12.16:665][  0]LogContentStreaming: Texture pool size is 0.000000MB
[2014.12.03-16.12.21:874][  0]LogTargetPlatformManager:Display: Building Assets For Windows
[2014.12.03-16.12.22:361][  0]LogTargetPlatformManager:Display: Building Assets For Windows
[2014.12.03-16.12.22:413][  0]LogDerivedDataCache:Display: Max Cache Size: 512 MB
[2014.12.03-16.12.22:458][  0]LogDerivedDataCache: Loaded boot cache 0.05s 39MB C:/Users/Devin/AppData/Local/UnrealEngine/4.5/DerivedDataCache/Boot.ddc.
[2014.12.03-16.12.22:458][  0]LogDerivedDataCache:Display: Loaded Boot cache: C:/Users/Devin/AppData/Local/UnrealEngine/4.5/DerivedDataCache/Boot.ddc
[2014.12.03-16.12.22:458][  0]LogDerivedDataCache: FDerivedDataBackendGraph:  Pak pak cache file ../../../../../../Users/Devin/Documents/SUCCUBE-US/SUCCUBEUS/DerivedDataCache/DDC.ddp not found, will not use a pak cache.
[2014.12.03-16.12.22:458][  0]LogDerivedDataCache: Unable to find inner node Pak for hierarchical cache Hierarchy.
[2014.12.03-16.12.22:530][  0]LogDerivedDataCache:Display: Pak cache opened for reading ../../../Engine/DerivedDataCache/DDC.ddp.
[2014.12.03-16.12.22:541][  0]LogDerivedDataCache: Using Local data cache path C:/Users/Devin/AppData/Local/UnrealEngine/Common/DerivedDataCache: Writable
[2014.12.03-16.12.22:723][  0]LogMeshUtilities: No automatic mesh reduction module available
[2014.12.03-16.12.22:723][  0]LogMeshUtilities: No automatic mesh merging module available
[2014.12.03-16.12.22:948][  0]LogLinker:Warning: Asset '../../../Engine/Content/Functions/Engine_MaterialFunctions02/Texturing/FlipBook.uasset' has been saved with empty engine version. The asset will be loaded but may be incompatible.
[2014.12.03-16.12.22:951][  0]LogLinker:Warning: Asset '../../../Engine/Content/Functions/Engine_MaterialFunctions02/ExampleContent/Textures/flipbook.uasset' has been saved with empty engine version. The asset will be loaded but may be incompatible.
[2014.12.03-16.12.23:123][  0]LogInit: WinSock: version 1.1 (2.2), MaxSocks=32767, MaxUdp=65467
[2014.12.03-16.12.23:875][  0]UdpMessaging: Initializing bridge on interface 0.0.0.0:0 to multicast group 230.0.0.1:6666.
[2014.12.03-16.12.24:040][  0]LogDirectoryWatcher:Warning: Failed to begin reading directory changes for C:/Users/Devin/Documents/SUCCUBE-US/SUCCUBEUS/Binaries/Win64. Error: 0
[2014.12.03-16.12.24:181][  0]SourceControl: Info Source control is disabled
[2014.12.03-16.12.24:181][  0]SourceControl: Info Source control is disabled
[2014.12.03-16.12.24:187][  0]SourceControl: Info Source control is disabled
[2014.12.03-16.12.24:299][  0]LogObj: 22915 objects as part of root set at end of initial load.
[2014.12.03-16.12.24:299][  0]LogUObjectAllocator: 4803536 out of 0 bytes used by permanent object pool.
[2014.12.03-16.12.24:357][  0]LogEngine: Initializing Engine...
[2014.12.03-16.12.24:505][  0]LogInit: XAudio2 using 'Speaker/HP (Realtek High Definition Audio)' : 2 channels at 48 kHz using 32 bits per sample (channel mask 0x3)
[2014.12.03-16.12.24:516][  0]LogInit: FAudioDevice initialized.
[2014.12.03-16.12.24:538][  0]LogAIModule: Creating AISystem for world NewWorld
[2014.12.03-16.12.24:561][  0]LogDerivedDataCache: Saved boot cache 0.02s 39MB C:/Users/Devin/AppData/Local/UnrealEngine/4.5/DerivedDataCache/Boot.ddc.
[2014.12.03-16.12.24:566][  0]LogInit: Texture streaming: Enabled
[2014.12.03-16.12.24:621][  0]LogInit: Transaction tracking system initialized
[2014.12.03-16.12.24:710][  0]BlueprintLog: New page: Editor Load
[2014.12.03-16.12.24:737][  0]LogAssetRegistry: FAssetRegistry took 0.0101 seconds to start up
[2014.12.03-16.12.24:737][  0]LogDirectoryWatcher:Warning: Failed to begin reading directory changes for ../../../Engine/Plugins/Experimental/CharacterAI/Content/. Error: 0
[2014.12.03-16.12.25:376][  0]LogTargetPlatformManager:Display: Building Assets For Windows
[2014.12.03-16.12.25:780][  0]LogTargetPlatformManager:Display: Building Assets For Windows
[2014.12.03-16.12.26:025][  0]LogConsoleResponse:Display: 
[2014.12.03-16.12.26:220][  0]SourceControl: Info Source control is disabled
[2014.12.03-16.12.26:220][  0]Cmd: MAP LOAD FILE="../../../../../../Users/Devin/Documents/SUCCUBE-US/SUCCUBEUS/Content/Maps/Example_Map.umap" TEMPLATE=0 SHOWPROGRESS=1
[2014.12.03-16.12.26:220][  0]LightingResults: New page: Lighting Build
[2014.12.03-16.12.26:229][  0]MapCheck: New page: Map Check
[2014.12.03-16.12.26:229][  0]LightingResults: New page: Lighting Build
[2014.12.03-16.12.26:245][  0]LogParticles: Destroying 0 GPU particle simulations for FXSystem 0x0000000011EF9A80
[2014.12.03-16.12.26:653][  0]LogScript:Warning: Accessed None 'CallFunc_GetPlayerPawn_ReturnValue'
	AxeAnim_C /Game/Maps/Example_Map.Example_Map:PersistentLevel.sword_11.SkeletalMeshComponent0.AxeAnim_C_0
	Function /Game/Cubes/AxeAnim.AxeAnim_C:ExecuteUbergraph_AxeAnim:0109
[2014.12.03-16.12.26:655][  0]LogEditorServer: Finished looking for orphan Actors (0.000 secs)
[2014.12.03-16.12.26:655][  0]LogAIModule: Creating AISystem for world Example_Map
[2014.12.03-16.12.26:655][  0]Cmd: MAP CHECKDEP
[2014.12.03-16.12.26:656][  0]MapCheck: New page: Example_Map - Dec 3, 2014, 6:12:26 AM
[2014.12.03-16.12.26:742][  0]MapCheck: Info Map check complete: 0 Error(s), 0 Warning(s), took 86.459ms to complete.
[2014.12.03-16.12.26:742][  0]LogFileHelpers: Loading map 'Example_Map' took 0.522
[2014.12.03-16.12.26:866][  0]LogCollectionManager: Loaded 0 collections in 0.001946 seconds
[2014.12.03-16.12.27:015][  0]LogCrashTracker: Crashtracker disabled due to settings.
[2014.12.03-16.12.27:077][  0]LogUObjectGlobals:Warning: Failed to find object 'Class None.'
[2014.12.03-16.12.27:106][  0]LogLoad: Full Startup: 13.10 seconds (BP compile: 0.16 seconds)
[2014.12.03-16.12.27:450][  0]LogContentBrowser:Verbose: The content browser source was changed by the sources view to '/Game/Maps'
[2014.12.03-16.12.27:597][  0]LogRenderer:Warning: Reallocating scene render targets to support 944x728.
[2014.12.03-16.12.28:847][  4]LogAssetRegistry: Asset discovery search completed in 4.1204 seconds
[2014.12.03-16.13.19:672][153]LogScript:Warning: Accessed None 'CallFunc_GetPlayerPawn_ReturnValue'
	AxeAnim_C /Engine/Transient.World_0:PersistentLevel.SkeletalMeshActor_0.SkeletalMeshComponent0.AxeAnim_C_1
	Function /Game/Cubes/AxeAnim.AxeAnim_C:ExecuteUbergraph_AxeAnim:0109
[2014.12.03-16.15.07:561][739]LogMaterial: Missing cached shader map for material M_Rock_Slate, compiling.
[2014.12.03-16.15.07:777][739]LogTexture:Display: Building textures: HQ_Lightmap0_22 (AutoDXT)
[2014.12.03-16.15.07:821][739]LogTexture:Display: Building textures: HQ_Lightmap0_23 (AutoDXT)
[2014.12.03-16.15.07:917][739]LogTexture:Display: Building textures: HQ_Lightmap0_31 (AutoDXT)
[2014.12.03-16.15.08:115][739]LogTexture:Display: Building textures: HQ_Lightmap0_32 (AutoDXT)
[2014.12.03-16.15.08:147][739]LogTexture:Display: Building textures: HQ_Lightmap0_65 (AutoDXT)
[2014.12.03-16.15.08:224][739]LogTexture:Display: Building textures: HQ_Lightmap1_1 (AutoDXT)
[2014.12.03-16.15.08:253][739]LogTexture:Display: Building textures: HQ_Lightmap1_10 (AutoDXT)
[2014.12.03-16.15.08:281][739]LogTexture:Display: Building textures: HQ_Lightmap1_11 (AutoDXT)
[2014.12.03-16.15.08:310][739]LogTexture:Display: Building textures: HQ_Lightmap1_12 (AutoDXT)
[2014.12.03-16.15.08:339][739]LogTexture:Display: Building textures: HQ_Lightmap1_13 (AutoDXT)
[2014.12.03-16.15.08:369][739]LogTexture:Display: Building textures: HQ_Lightmap1_14 (AutoDXT)
[2014.12.03-16.15.08:400][739]LogTexture:Display: Building textures: HQ_Lightmap1_15 (AutoDXT)
[2014.12.03-16.15.08:431][739]LogTexture:Display: Building textures: HQ_Lightmap1_16 (AutoDXT)
[2014.12.03-16.15.08:460][739]LogTexture:Display: Building textures: HQ_Lightmap1_17 (AutoDXT)
[2014.12.03-16.15.08:489][739]LogTexture:Display: Building textures: HQ_Lightmap1_18 (AutoDXT)
[2014.12.03-16.15.08:519][739]LogTexture:Display: Building textures: HQ_Lightmap1_19 (AutoDXT)
[2014.12.03-16.15.08:557][739]LogTexture:Display: Building textures: HQ_Lightmap1_2 (AutoDXT)
[2014.12.03-16.15.08:591][739]LogTexture:Display: Building textures: HQ_Lightmap1_20 (AutoDXT)
[2014.12.03-16.15.08:651][739]LogTexture:Display: Building textures: HQ_Lightmap1_21 (AutoDXT)
[2014.12.03-16.15.08:682][739]LogTexture:Display: Building textures: HQ_Lightmap1_24 (AutoDXT)
[2014.12.03-16.15.08:715][739]LogTexture:Display: Building textures: HQ_Lightmap1_25 (AutoDXT)
[2014.12.03-16.15.08:753][739]LogTexture:Display: Building textures: HQ_Lightmap1_26 (AutoDXT)
[2014.12.03-16.15.08:822][739]LogTexture:Display: Building textures: HQ_Lightmap1_27 (AutoDXT)
[2014.12.03-16.15.08:854][739]LogTexture:Display: Building textures: HQ_Lightmap1_28 (AutoDXT)
[2014.12.03-16.15.08:886][739]LogTexture:Display: Building textures: HQ_Lightmap1_29 (AutoDXT)
[2014.12.03-16.15.08:965][739]LogTexture:Display: Building textures: HQ_Lightmap1_3 (AutoDXT)
[2014.12.03-16.15.08:999][739]LogTexture:Display: Building textures: HQ_Lightmap1_30 (AutoDXT)
[2014.12.03-16.15.09:031][739]LogTexture:Display: Building textures: HQ_Lightmap1_33 (AutoDXT)
[2014.12.03-16.15.09:063][739]LogTexture:Display: Building textures: HQ_Lightmap1_34 (AutoDXT)
[2014.12.03-16.15.09:094][739]LogTexture:Display: Building textures: HQ_Lightmap1_35 (AutoDXT)
[2014.12.03-16.15.09:124][739]LogTexture:Display: Building textures: HQ_Lightmap1_36 (AutoDXT)
[2014.12.03-16.15.09:158][739]LogTexture:Display: Building textures: HQ_Lightmap1_37 (AutoDXT)
[2014.12.03-16.15.09:191][739]LogTexture:Display: Building textures: HQ_Lightmap1_38 (AutoDXT)
[2014.12.03-16.15.09:252][739]LogTexture:Display: Building textures: HQ_Lightmap1_39 (AutoDXT)
[2014.12.03-16.15.09:310][739]LogTexture:Display: Building textures: HQ_Lightmap1_4 (AutoDXT)
[2014.12.03-16.15.09:345][739]LogTexture:Display: Building textures: HQ_Lightmap1_40 (AutoDXT)
[2014.12.03-16.15.09:376][739]LogTexture:Display: Building textures: HQ_Lightmap1_41 (AutoDXT)
[2014.12.03-16.15.09:408][739]LogTexture:Display: Building textures: HQ_Lightmap1_42 (AutoDXT)
[2014.12.03-16.15.09:439][739]LogTexture:Display: Building textures: HQ_Lightmap1_43 (AutoDXT)
[2014.12.03-16.15.09:471][739]LogTexture:Display: Building textures: HQ_Lightmap1_44 (AutoDXT)
[2014.12.03-16.15.09:516][739]LogTexture:Display: Building textures: HQ_Lightmap1_45 (AutoDXT)
[2014.12.03-16.15.09:546][739]LogTexture:Display: Building textures: HQ_Lightmap1_46 (AutoDXT)
[2014.12.03-16.15.09:579][739]LogTexture:Display: Building textures: HQ_Lightmap1_47 (AutoDXT)
[2014.12.03-16.15.09:609][739]LogTexture:Display: Building textures: HQ_Lightmap1_48 (AutoDXT)
[2014.12.03-16.15.09:641][739]LogTexture:Display: Building textures: HQ_Lightmap1_49 (AutoDXT)
[2014.12.03-16.15.09:671][739]LogTexture:Display: Building textures: HQ_Lightmap1_5 (AutoDXT)
[2014.12.03-16.15.09:702][739]LogTexture:Display: Building textures: HQ_Lightmap1_50 (AutoDXT)
[2014.12.03-16.15.09:733][739]LogTexture:Display: Building textures: HQ_Lightmap1_51 (AutoDXT)
[2014.12.03-16.15.09:761][739]LogTexture:Display: Building textures: HQ_Lightmap1_52 (AutoDXT)
[2014.12.03-16.15.10:168][739]LogTexture:Display: Building textures: HQ_Lightmap1_53 (AutoDXT)
[2014.12.03-16.15.10:196][739]LogTexture:Display: Building textures: HQ_Lightmap1_54 (AutoDXT)
[2014.12.03-16.15.10:225][739]LogTexture:Display: Building textures: HQ_Lightmap1_55 (AutoDXT)
[2014.12.03-16.15.10:252][739]LogTexture:Display: Building textures: HQ_Lightmap1_56 (AutoDXT)
[2014.12.03-16.15.10:292][739]LogTexture:Display: Building textures: HQ_Lightmap1_57 (AutoDXT)
[2014.12.03-16.15.10:321][739]LogTexture:Display: Building textures: HQ_Lightmap1_58 (AutoDXT)
[2014.12.03-16.15.10:350][739]LogTexture:Display: Building textures: HQ_Lightmap1_59 (AutoDXT)
[2014.12.03-16.15.10:382][739]LogTexture:Display: Building textures: HQ_Lightmap1_6 (AutoDXT)
[2014.12.03-16.15.10:411][739]LogTexture:Display: Building textures: HQ_Lightmap1_60 (AutoDXT)
[2014.12.03-16.15.10:440][739]LogTexture:Display: Building textures: HQ_Lightmap1_61 (AutoDXT)
[2014.12.03-16.15.10:470][739]LogTexture:Display: Building textures: HQ_Lightmap1_62 (AutoDXT)
[2014.12.03-16.15.10:499][739]LogTexture:Display: Building textures: HQ_Lightmap1_63 (AutoDXT)
[2014.12.03-16.15.10:530][739]LogTexture:Display: Building textures: HQ_Lightmap1_64 (AutoDXT)
[2014.12.03-16.15.10:560][739]LogTexture:Display: Building textures: HQ_Lightmap1_66 (AutoDXT)
[2014.12.03-16.15.10:564][739]LogTexture:Display: Building textures: HQ_Lightmap1_7 (AutoDXT)
[2014.12.03-16.15.10:592][739]LogTexture:Display: Building textures: HQ_Lightmap1_8 (AutoDXT)
[2014.12.03-16.15.10:620][739]LogTexture:Display: Building textures: HQ_Lightmap1_9 (AutoDXT)
[2014.12.03-16.15.10:650][739]LogTexture:Display: Building textures: LQ_Lightmap_0_22 (DXT1)
[2014.12.03-16.15.10:673][739]LogTexture:Display: Building textures: LQ_Lightmap_0_23 (DXT1)
[2014.12.03-16.15.10:701][739]LogTexture:Display: Building textures: LQ_Lightmap_0_31 (DXT1)
[2014.12.03-16.15.10:781][739]LogTexture:Display: Building textures: LQ_Lightmap_0_32 (DXT1)
[2014.12.03-16.15.10:820][739]LogTexture:Display: Building textures: LQ_Lightmap_0_65 (DXT1)
[2014.12.03-16.15.10:850][739]LogTexture:Display: Building textures: LQ_Lightmap_1_1 (DXT1)
[2014.12.03-16.15.10:872][739]LogTexture:Display: Building textures: LQ_Lightmap_1_10 (DXT1)
[2014.12.03-16.15.10:913][739]LogTexture:Display: Building textures: LQ_Lightmap_1_11 (DXT1)
[2014.12.03-16.15.10:939][739]LogTexture:Display: Building textures: LQ_Lightmap_1_12 (DXT1)
[2014.12.03-16.15.10:968][739]LogTexture:Display: Building textures: LQ_Lightmap_1_13 (DXT1)
[2014.12.03-16.15.10:993][739]LogTexture:Display: Building textures: LQ_Lightmap_1_14 (DXT1)
[2014.12.03-16.15.11:020][739]LogTexture:Display: Building textures: LQ_Lightmap_1_15 (DXT1)
[2014.12.03-16.15.11:045][739]LogTexture:Display: Building textures: LQ_Lightmap_1_16 (DXT1)
[2014.12.03-16.15.11:071][739]LogTexture:Display: Building textures: LQ_Lightmap_1_17 (DXT1)
[2014.12.03-16.15.11:098][739]LogTexture:Display: Building textures: LQ_Lightmap_1_18 (DXT1)
[2014.12.03-16.15.11:124][739]LogTexture:Display: Building textures: LQ_Lightmap_1_19 (DXT1)
[2014.12.03-16.15.11:146][739]LogTexture:Display: Building textures: LQ_Lightmap_1_2 (DXT1)
[2014.12.03-16.15.11:169][739]LogTexture:Display: Building textures: LQ_Lightmap_1_20 (DXT1)
[2014.12.03-16.15.11:193][739]LogTexture:Display: Building textures: LQ_Lightmap_1_21 (DXT1)
[2014.12.03-16.15.11:220][739]LogTexture:Display: Building textures: LQ_Lightmap_1_24 (DXT1)
[2014.12.03-16.15.11:261][739]LogTexture:Display: Building textures: LQ_Lightmap_1_25 (DXT1)
[2014.12.03-16.15.11:321][739]LogTexture:Display: Building textures: LQ_Lightmap_1_26 (DXT1)
[2014.12.03-16.15.11:381][739]LogTexture:Display: Building textures: LQ_Lightmap_1_27 (DXT1)
[2014.12.03-16.15.11:405][739]LogTexture:Display: Building textures: LQ_Lightmap_1_28 (DXT1)
[2014.12.03-16.15.11:451][739]LogTexture:Display: Building textures: LQ_Lightmap_1_29 (DXT1)
[2014.12.03-16.15.11:489][739]LogTexture:Display: Building textures: LQ_Lightmap_1_3 (DXT1)
[2014.12.03-16.15.11:547][739]LogTexture:Display: Building textures: LQ_Lightmap_1_30 (DXT1)
[2014.12.03-16.15.11:572][739]LogTexture:Display: Building textures: LQ_Lightmap_1_33 (DXT1)
[2014.12.03-16.15.11:598][739]LogTexture:Display: Building textures: LQ_Lightmap_1_34 (DXT1)
[2014.12.03-16.15.11:624][739]LogTexture:Display: Building textures: LQ_Lightmap_1_35 (DXT1)
[2014.12.03-16.15.11:650][739]LogTexture:Display: Building textures: LQ_Lightmap_1_36 (DXT1)
[2014.12.03-16.15.11:675][739]LogTexture:Display: Building textures: LQ_Lightmap_1_37 (DXT1)
[2014.12.03-16.15.11:699][739]LogTexture:Display: Building textures: LQ_Lightmap_1_38 (DXT1)
[2014.12.03-16.15.11:723][739]LogTexture:Display: Building textures: LQ_Lightmap_1_39 (DXT1)
[2014.12.03-16.15.11:749][739]LogTexture:Display: Building textures: LQ_Lightmap_1_4 (DXT1)
[2014.12.03-16.15.11:774][739]LogTexture:Display: Building textures: LQ_Lightmap_1_40 (DXT1)
[2014.12.03-16.15.11:809][739]LogTexture:Display: Building textures: LQ_Lightmap_1_41 (DXT1)
[2014.12.03-16.15.11:836][739]LogTexture:Display: Building textures: LQ_Lightmap_1_42 (DXT1)
[2014.12.03-16.15.11:862][739]LogTexture:Display: Building textures: LQ_Lightmap_1_43 (DXT1)
[2014.12.03-16.15.11:885][739]LogTexture:Display: Building textures: LQ_Lightmap_1_44 (DXT1)
[2014.12.03-16.15.11:910][739]LogTexture:Display: Building textures: LQ_Lightmap_1_45 (DXT1)
[2014.12.03-16.15.11:945][739]LogTexture:Display: Building textures: LQ_Lightmap_1_46 (DXT1)
[2014.12.03-16.15.11:971][739]LogTexture:Display: Building textures: LQ_Lightmap_1_47 (DXT1)
[2014.12.03-16.15.11:998][739]LogTexture:Display: Building textures: LQ_Lightmap_1_48 (DXT1)
[2014.12.03-16.15.12:022][739]LogTexture:Display: Building textures: LQ_Lightmap_1_49 (DXT1)
[2014.12.03-16.15.12:045][739]LogTexture:Display: Building textures: LQ_Lightmap_1_5 (DXT1)
[2014.12.03-16.15.12:070][739]LogTexture:Display: Building textures: LQ_Lightmap_1_50 (DXT1)
[2014.12.03-16.15.12:097][739]LogTexture:Display: Building textures: LQ_Lightmap_1_51 (DXT1)
[2014.12.03-16.15.12:121][739]LogTexture:Display: Building textures: LQ_Lightmap_1_52 (DXT1)
[2014.12.03-16.15.12:146][739]LogTexture:Display: Building textures: LQ_Lightmap_1_53 (DXT1)
[2014.12.03-16.15.12:171][739]LogTexture:Display: Building textures: LQ_Lightmap_1_54 (DXT1)
[2014.12.03-16.15.12:195][739]LogTexture:Display: Building textures: LQ_Lightmap_1_55 (DXT1)
[2014.12.03-16.15.12:215][739]LogTexture:Display: Building textures: LQ_Lightmap_1_56 (DXT1)
[2014.12.03-16.15.12:236][739]LogTexture:Display: Building textures: LQ_Lightmap_1_57 (DXT1)
[2014.12.03-16.15.12:261][739]LogTexture:Display: Building textures: LQ_Lightmap_1_58 (DXT1)
[2014.12.03-16.15.12:285][739]LogTexture:Display: Building textures: LQ_Lightmap_1_59 (DXT1)
[2014.12.03-16.15.12:310][739]LogTexture:Display: Building textures: LQ_Lightmap_1_6 (DXT1)
[2014.12.03-16.15.12:336][739]LogTexture:Display: Building textures: LQ_Lightmap_1_60 (DXT1)
[2014.12.03-16.15.12:366][739]LogTexture:Display: Building textures: LQ_Lightmap_1_61 (DXT1)
[2014.12.03-16.15.12:391][739]LogTexture:Display: Building textures: LQ_Lightmap_1_62 (DXT1)
[2014.12.03-16.15.12:416][739]LogTexture:Display: Building textures: LQ_Lightmap_1_63 (DXT1)
[2014.12.03-16.15.12:447][739]LogTexture:Display: Building textures: LQ_Lightmap_1_64 (DXT1)
[2014.12.03-16.15.12:472][739]LogTexture:Display: Building textures: LQ_Lightmap_1_66 (DXT1)
[2014.12.03-16.15.12:483][739]LogTexture:Display: Building textures: LQ_Lightmap_1_7 (DXT1)
[2014.12.03-16.15.12:506][739]LogTexture:Display: Building textures: LQ_Lightmap_1_8 (DXT1)
[2014.12.03-16.15.12:539][739]LogTexture:Display: Building textures: LQ_Lightmap_1_9 (DXT1)
[2014.12.03-16.15.12:565][739]LogTexture:Display: Building textures: ShadowMapTexture2D_100 (BGRA8)
[2014.12.03-16.15.12:576][739]LogTexture:Display: Building textures: ShadowMapTexture2D_101 (BGRA8)
[2014.12.03-16.15.12:584][739]LogTexture:Display: Building textures: ShadowMapTexture2D_102 (BGRA8)
[2014.12.03-16.15.12:611][739]LogTexture:Display: Building textures: ShadowMapTexture2D_103 (BGRA8)
[2014.12.03-16.15.12:616][739]LogTexture:Display: Building textures: ShadowMapTexture2D_104 (BGRA8)
[2014.12.03-16.15.12:622][739]LogTexture:Display: Building textures: ShadowMapTexture2D_105 (BGRA8)
[2014.12.03-16.15.12:644][739]LogTexture:Display: Building textures: ShadowMapTexture2D_106 (BGRA8)
[2014.12.03-16.15.12:650][739]LogTexture:Display: Building textures: ShadowMapTexture2D_107 (BGRA8)
[2014.12.03-16.15.12:655][739]LogTexture:Display: Building textures: ShadowMapTexture2D_108 (BGRA8)
[2014.12.03-16.15.12:660][739]LogTexture:Display: Building textures: ShadowMapTexture2D_109 (BGRA8)
[2014.12.03-16.15.12:665][739]LogTexture:Display: Building textures: ShadowMapTexture2D_110 (BGRA8)
[2014.12.03-16.15.12:670][739]LogTexture:Display: Building textures: ShadowMapTexture2D_111 (BGRA8)
[2014.12.03-16.15.12:675][739]LogTexture:Display: Building textures: ShadowMapTexture2D_112 (BGRA8)
[2014.12.03-16.15.12:680][739]LogTexture:Display: Building textures: ShadowMapTexture2D_113 (BGRA8)
[2014.12.03-16.15.12:684][739]LogTexture:Display: Building textures: ShadowMapTexture2D_114 (BGRA8)
[2014.12.03-16.15.12:690][739]LogTexture:Display: Building textures: ShadowMapTexture2D_115 (BGRA8)
[2014.12.03-16.15.12:694][739]LogTexture:Display: Building textures: ShadowMapTexture2D_116 (BGRA8)
[2014.12.03-16.15.12:701][739]LogTexture:Display: Building textures: ShadowMapTexture2D_117 (BGRA8)
[2014.12.03-16.15.12:706][739]LogTexture:Display: Building textures: ShadowMapTexture2D_118 (BGRA8)
[2014.12.03-16.15.12:713][739]LogTexture:Display: Building textures: ShadowMapTexture2D_119 (BGRA8)
[2014.12.03-16.15.12:719][739]LogTexture:Display: Building textures: ShadowMapTexture2D_120 (BGRA8)
[2014.12.03-16.15.12:733][739]LogTexture:Display: Building textures: ShadowMapTexture2D_121 (BGRA8)
[2014.12.03-16.15.12:737][739]LogTexture:Display: Building textures: ShadowMapTexture2D_122 (BGRA8)
[2014.12.03-16.15.12:743][739]LogTexture:Display: Building textures: ShadowMapTexture2D_123 (BGRA8)
[2014.12.03-16.15.12:747][739]LogTexture:Display: Building textures: ShadowMapTexture2D_124 (BGRA8)
[2014.12.03-16.15.12:753][739]LogTexture:Display: Building textures: ShadowMapTexture2D_125 (BGRA8)
[2014.12.03-16.15.12:760][739]LogTexture:Display: Building textures: ShadowMapTexture2D_131 (BGRA8)
[2014.12.03-16.15.12:767][739]LogTexture:Display: Building textures: ShadowMapTexture2D_21 (BGRA8)
[2014.12.03-16.15.12:773][739]LogTexture:Display: Building textures: ShadowMapTexture2D_22 (BGRA8)
[2014.12.03-16.15.12:778][739]LogTexture:Display: Building textures: ShadowMapTexture2D_30 (BGRA8)
[2014.12.03-16.15.12:783][739]LogTexture:Display: Building textures: ShadowMapTexture2D_31 (BGRA8)
[2014.12.03-16.15.12:787][739]LogTexture:Display: Building textures: ShadowMapTexture2D_64 (BGRA8)
[2014.12.03-16.15.12:792][739]LogTexture:Display: Building textures: ShadowMapTexture2D_66 (BGRA8)
[2014.12.03-16.15.12:797][739]LogTexture:Display: Building textures: ShadowMapTexture2D_67 (BGRA8)
[2014.12.03-16.15.12:803][739]LogTexture:Display: Building textures: ShadowMapTexture2D_68 (BGRA8)
[2014.12.03-16.15.12:807][739]LogTexture:Display: Building textures: ShadowMapTexture2D_69 (BGRA8)
[2014.12.03-16.15.12:813][739]LogTexture:Display: Building textures: ShadowMapTexture2D_70 (BGRA8)
[2014.12.03-16.15.12:819][739]LogTexture:Display: Building textures: ShadowMapTexture2D_71 (BGRA8)
[2014.12.03-16.15.12:823][739]LogTexture:Display: Building textures: ShadowMapTexture2D_72 (BGRA8)
[2014.12.03-16.15.12:827][739]LogTexture:Display: Building textures: ShadowMapTexture2D_73 (BGRA8)
[2014.12.03-16.15.12:832][739]LogTexture:Display: Building textures: ShadowMapTexture2D_74 (BGRA8)
[2014.12.03-16.15.12:841][739]LogTexture:Display: Building textures: ShadowMapTexture2D_75 (BGRA8)
[2014.12.03-16.15.12:847][739]LogTexture:Display: Building textures: ShadowMapTexture2D_76 (BGRA8)
[2014.12.03-16.15.12:852][739]LogTexture:Display: Building textures: ShadowMapTexture2D_77 (BGRA8)
[2014.12.03-16.15.12:859][739]LogTexture:Display: Building textures: ShadowMapTexture2D_78 (BGRA8)
[2014.12.03-16.15.12:864][739]LogTexture:Display: Building textures: ShadowMapTexture2D_79 (BGRA8)
[2014.12.03-16.15.12:871][739]LogTexture:Display: Building textures: ShadowMapTexture2D_80 (BGRA8)
[2014.12.03-16.15.12:876][739]LogTexture:Display: Building textures: ShadowMapTexture2D_81 (BGRA8)
[2014.12.03-16.15.12:883][739]LogTexture:Display: Building textures: ShadowMapTexture2D_82 (BGRA8)
[2014.12.03-16.15.12:889][739]LogTexture:Display: Building textures: ShadowMapTexture2D_83 (BGRA8)
[2014.12.03-16.15.12:894][739]LogTexture:Display: Building textures: ShadowMapTexture2D_84 (BGRA8)
[2014.12.03-16.15.12:900][739]LogTexture:Display: Building textures: ShadowMapTexture2D_85 (BGRA8)
[2014.12.03-16.15.12:904][739]LogTexture:Display: Building textures: ShadowMapTexture2D_86 (BGRA8)
[2014.12.03-16.15.12:910][739]LogTexture:Display: Building textures: ShadowMapTexture2D_87 (BGRA8)
[2014.12.03-16.15.12:916][739]LogTexture:Display: Building textures: ShadowMapTexture2D_88 (BGRA8)
[2014.12.03-16.15.12:923][739]LogTexture:Display: Building textures: ShadowMapTexture2D_89 (BGRA8)
[2014.12.03-16.15.12:927][739]LogTexture:Display: Building textures: ShadowMapTexture2D_90 (BGRA8)
[2014.12.03-16.15.12:935][739]LogTexture:Display: Building textures: ShadowMapTexture2D_91 (BGRA8)
[2014.12.03-16.15.12:947][739]LogTexture:Display: Building textures: ShadowMapTexture2D_92 (BGRA8)
[2014.12.03-16.15.12:953][739]LogTexture:Display: Building textures: ShadowMapTexture2D_93 (BGRA8)
[2014.12.03-16.15.12:959][739]LogTexture:Display: Building textures: ShadowMapTexture2D_94 (BGRA8)
[2014.12.03-16.15.12:964][739]LogTexture:Display: Building textures: ShadowMapTexture2D_95 (BGRA8)
[2014.12.03-16.15.12:970][739]LogTexture:Display: Building textures: ShadowMapTexture2D_96 (BGRA8)
[2014.12.03-16.15.12:974][739]LogTexture:Display: Building textures: ShadowMapTexture2D_97 (BGRA8)
[2014.12.03-16.15.12:980][739]LogTexture:Display: Building textures: ShadowMapTexture2D_98 (BGRA8)
[2014.12.03-16.15.12:985][739]LogTexture:Display: Building textures: ShadowMapTexture2D_99 (BGRA8)
[2014.12.03-16.15.13:006][739]LogScript:Warning: Accessed None 'CallFunc_GetPlayerPawn_ReturnValue'
	CubeAnimSword_C /Game/Maps/Menu.Menu:PersistentLevel.EnemyCubeAxe_C_4.CharacterMesh0.CubeAnimSword_C_0
	Function /Game/Cubes/CubeAnimSword.CubeAnimSword_C:ExecuteUbergraph_CubeAnimSword:0144
[2014.12.03-16.15.13:006][739]LogScript:Warning: Accessed None 'CallFunc_GetPlayerPawn_ReturnValue'
	AxeAnim_C /Game/Maps/Menu.Menu:PersistentLevel.EnemyCubeAxe_C_4.SkeletalMesh1.AxeAnim_C_2
	Function /Game/Cubes/AxeAnim.AxeAnim_C:ExecuteUbergraph_AxeAnim:0109
[2014.12.03-16.15.13:006][739]LogMaterial:Warning: Material /Game/Cubes/models/blade_.blade_ needed to have new flag set bUsedWithSkeletalMesh !
[2014.12.03-16.15.13:035][739]LogMaterial: Missing cached shader map for material blade_, compiling.
[2014.12.03-16.15.13:062][739]LogMaterial: 0.000147 seconds spent updating 1 materials, 1 interfaces, 0 instances, 0 with static permutations.
[2014.12.03-16.15.13:063][739]LogScript:Warning: Accessed None 'CallFunc_GetPlayerPawn_ReturnValue'
	CubeAnimSword_C /Game/Maps/Menu.Menu:PersistentLevel.EnemyCubeAxe_C_5.CharacterMesh0.CubeAnimSword_C_1
	Function /Game/Cubes/CubeAnimSword.CubeAnimSword_C:ExecuteUbergraph_CubeAnimSword:0144
[2014.12.03-16.15.13:063][739]LogScript:Warning: Accessed None 'CallFunc_GetPlayerPawn_ReturnValue'
	AxeAnim_C /Game/Maps/Menu.Menu:PersistentLevel.EnemyCubeAxe_C_5.SkeletalMesh1.AxeAnim_C_3
	Function /Game/Cubes/AxeAnim.AxeAnim_C:ExecuteUbergraph_AxeAnim:0109
[2014.12.03-16.15.13:063][739]LogScript:Warning: Accessed None 'CallFunc_GetPlayerPawn_ReturnValue'
	CubeAnimSword_C /Game/Maps/Menu.Menu:PersistentLevel.EnemyCubeAxe_C_6.CharacterMesh0.CubeAnimSword_C_2
	Function /Game/Cubes/CubeAnimSword.CubeAnimSword_C:ExecuteUbergraph_CubeAnimSword:0144
[2014.12.03-16.15.13:063][739]LogScript:Warning: Accessed None 'CallFunc_GetPlayerPawn_ReturnValue'
	AxeAnim_C /Game/Maps/Menu.Menu:PersistentLevel.EnemyCubeAxe_C_6.SkeletalMesh1.AxeAnim_C_4
	Function /Game/Cubes/AxeAnim.AxeAnim_C:ExecuteUbergraph_AxeAnim:0109
[2014.12.03-16.15.13:063][739]LogScript:Warning: Accessed None 'CallFunc_GetPlayerPawn_ReturnValue'
	CubeAnimSword_C /Game/Maps/Menu.Menu:PersistentLevel.EnemyCubeAxe_C_7.CharacterMesh0.CubeAnimSword_C_3
	Function /Game/Cubes/CubeAnimSword.CubeAnimSword_C:ExecuteUbergraph_CubeAnimSword:0144
[2014.12.03-16.15.13:064][739]LogScript:Warning: Accessed None 'CallFunc_GetPlayerPawn_ReturnValue'
	AxeAnim_C /Game/Maps/Menu.Menu:PersistentLevel.EnemyCubeAxe_C_7.SkeletalMesh1.AxeAnim_C_5
	Function /Game/Cubes/AxeAnim.AxeAnim_C:ExecuteUbergraph_AxeAnim:0109
[2014.12.03-16.15.13:065][739]LogScript:Warning: Accessed None 'CallFunc_GetPlayerPawn_ReturnValue'
	AxeAnim_C /Game/Maps/Menu.Menu:PersistentLevel.EnemyCubeAxe_C_4.SkeletalMesh1.AxeAnim_C_6
	Function /Game/Cubes/AxeAnim.AxeAnim_C:ExecuteUbergraph_AxeAnim:0109
[2014.12.03-16.15.13:065][739]LogScript:Warning: Accessed None 'CallFunc_GetPlayerPawn_ReturnValue'
	AxeAnim_C /Game/Maps/Menu.Menu:PersistentLevel.EnemyCubeAxe_C_5.SkeletalMesh1.AxeAnim_C_7
	Function /Game/Cubes/AxeAnim.AxeAnim_C:ExecuteUbergraph_AxeAnim:0109
[2014.12.03-16.15.13:065][739]LogScript:Warning: Accessed None 'CallFunc_GetPlayerPawn_ReturnValue'
	AxeAnim_C /Game/Maps/Menu.Menu:PersistentLevel.EnemyCubeAxe_C_6.SkeletalMesh1.AxeAnim_C_8
	Function /Game/Cubes/AxeAnim.AxeAnim_C:ExecuteUbergraph_AxeAnim:0109
[2014.12.03-16.15.13:066][739]LogScript:Warning: Accessed None 'CallFunc_GetPlayerPawn_ReturnValue'
	AxeAnim_C /Game/Maps/Menu.Menu:PersistentLevel.EnemyCubeAxe_C_7.SkeletalMesh1.AxeAnim_C_9
	Function /Game/Cubes/AxeAnim.AxeAnim_C:ExecuteUbergraph_AxeAnim:0109
[2014.12.03-16.15.13:332][739]Cmd: MAP LOAD FILE="../../../../../../Users/Devin/Documents/SUCCUBE-US/SUCCUBEUS/Content/Maps/Menu.umap" TEMPLATE=0 SHOWPROGRESS=1
[2014.12.03-16.15.13:332][739]LightingResults: New page: Lighting Build
[2014.12.03-16.15.13:388][739]LoadErrors: New page: Loading map: Menu.umap
[2014.12.03-16.15.13:389][739]MapCheck: New page: Map Check
[2014.12.03-16.15.13:389][739]LightingResults: New page: Lighting Build
[2014.12.03-16.15.13:421][739]LogParticles: Destroying 0 GPU particle simulations for FXSystem 0x000000000F0C9C60
[2014.12.03-16.15.13:520][739]LogScript:Warning: Accessed None 'CallFunc_GetPlayerPawn_ReturnValue'
	AxeAnim_C /Game/Maps/Menu.Menu:PersistentLevel.EnemyCubeAxe_C_4.SkeletalMesh1.AxeAnim_C_6
	Function /Game/Cubes/AxeAnim.AxeAnim_C:ExecuteUbergraph_AxeAnim:0109
[2014.12.03-16.15.13:521][739]LogScript:Warning: Accessed None 'CallFunc_GetPlayerPawn_ReturnValue'
	AxeAnim_C /Game/Maps/Menu.Menu:PersistentLevel.EnemyCubeAxe_C_5.SkeletalMesh1.AxeAnim_C_7
	Function /Game/Cubes/AxeAnim.AxeAnim_C:ExecuteUbergraph_AxeAnim:0109
[2014.12.03-16.15.13:521][739]LogScript:Warning: Accessed None 'CallFunc_GetPlayerPawn_ReturnValue'
	AxeAnim_C /Game/Maps/Menu.Menu:PersistentLevel.EnemyCubeAxe_C_6.SkeletalMesh1.AxeAnim_C_8
	Function /Game/Cubes/AxeAnim.AxeAnim_C:ExecuteUbergraph_AxeAnim:0109
[2014.12.03-16.15.13:521][739]LogScript:Warning: Accessed None 'CallFunc_GetPlayerPawn_ReturnValue'
	AxeAnim_C /Game/Maps/Menu.Menu:PersistentLevel.EnemyCubeAxe_C_7.SkeletalMesh1.AxeAnim_C_9
	Function /Game/Cubes/AxeAnim.AxeAnim_C:ExecuteUbergraph_AxeAnim:0109
[2014.12.03-16.15.13:523][739]LogScript:Warning: Accessed None 'CallFunc_GetPlayerPawn_ReturnValue'
	AxeAnim_C /Game/Maps/Menu.Menu:PersistentLevel.EnemyCubeAxe_C_4.SkeletalMesh1.AxeAnim_C_10
	Function /Game/Cubes/AxeAnim.AxeAnim_C:ExecuteUbergraph_AxeAnim:0109
[2014.12.03-16.15.13:523][739]LogScript:Warning: Accessed None 'CallFunc_GetPlayerPawn_ReturnValue'
	AxeAnim_C /Game/Maps/Menu.Menu:PersistentLevel.EnemyCubeAxe_C_5.SkeletalMesh1.AxeAnim_C_11
	Function /Game/Cubes/AxeAnim.AxeAnim_C:ExecuteUbergraph_AxeAnim:0109
[2014.12.03-16.15.13:524][739]LogScript:Warning: Accessed None 'CallFunc_GetPlayerPawn_ReturnValue'
	AxeAnim_C /Game/Maps/Menu.Menu:PersistentLevel.EnemyCubeAxe_C_6.SkeletalMesh1.AxeAnim_C_12
	Function /Game/Cubes/AxeAnim.AxeAnim_C:ExecuteUbergraph_AxeAnim:0109
[2014.12.03-16.15.13:524][739]LogScript:Warning: Accessed None 'CallFunc_GetPlayerPawn_ReturnValue'
	AxeAnim_C /Game/Maps/Menu.Menu:PersistentLevel.EnemyCubeAxe_C_7.SkeletalMesh1.AxeAnim_C_13
	Function /Game/Cubes/AxeAnim.AxeAnim_C:ExecuteUbergraph_AxeAnim:0109
[2014.12.03-16.15.13:528][739]LogEditorServer: Finished looking for orphan Actors (0.000 secs)
[2014.12.03-16.15.13:536][739]LogAIModule: Creating AISystem for world Menu
[2014.12.03-16.15.13:681][739]Cmd: MAP CHECKDEP
[2014.12.03-16.15.13:682][739]MapCheck: New page: Menu - Dec 3, 2014, 6:15:13 AM
[2014.12.03-16.15.13:832][739]MapCheck: Info Map check complete: 0 Error(s), 0 Warning(s), took 150.182ms to complete.
[2014.12.03-16.15.13:832][739]LogFileHelpers: Loading map 'Menu' took 0.503
[2014.12.03-16.15.13:888][739]LogScript:Warning: Accessed None 'CallFunc_GetPlayerPawn_ReturnValue'
	CubeAnimSword_C /Engine/Transient.SkeletalMeshComponent_3:CubeAnimSword_C_4
	Function /Game/Cubes/CubeAnimSword.CubeAnimSword_C:ExecuteUbergraph_CubeAnimSword:0144
[2014.12.03-16.15.13:888][739]LogScript:Warning: Accessed None 'CallFunc_GetPlayerPawn_ReturnValue'
	AxeAnim_C /Engine/Transient.SkeletalMeshComponent_4:AxeAnim_C_14
	Function /Game/Cubes/AxeAnim.AxeAnim_C:ExecuteUbergraph_AxeAnim:0109
[2014.12.03-16.15.13:889][739]LogScript:Warning: Accessed None 'CallFunc_GetPlayerPawn_ReturnValue'
	CubeAnimSword_C /Engine/Transient.World_0:PersistentLevel.SkeletalMeshActor_0.SkeletalMeshComponent0.CubeAnimSword_C_5
	Function /Game/Cubes/CubeAnimSword.CubeAnimSword_C:ExecuteUbergraph_CubeAnimSword:0144
[2014.12.03-16.15.13:889][739]LogScript:Warning: Accessed None 'CallFunc_GetPlayerPawn_ReturnValue'
	CubeAnimSword_C /Engine/Transient.World_0:PersistentLevel.SkeletalMeshActor_0.SkeletalMeshComponent0.CubeAnimSword_C_6
	Function /Game/Cubes/CubeAnimSword.CubeAnimSword_C:ExecuteUbergraph_CubeAnimSword:0144
[2014.12.03-16.15.13:913][740]Cmd: UpdateLandscapeEditorData -warnings
[2014.12.03-16.15.13:914][740]Cmd: UpdateLandscapeEditorData
[2014.12.03-16.15.13:937][740]LogScript:Warning: Accessed None 'CallFunc_GetPlayerPawn_ReturnValue'
	AxeAnim_C /Engine/Transient.World_0:PersistentLevel.SkeletalMeshActor_0.SkeletalMeshComponent0.AxeAnim_C_15
	Function /Game/Cubes/AxeAnim.AxeAnim_C:ExecuteUbergraph_AxeAnim:0109
[2014.12.03-16.15.54:333][235]LogScript:Warning: Accessed None 'CallFunc_GetPlayerPawn_ReturnValue'
	CubeAnimSword_C /Game/Maps/MainLevel.MainLevel:PersistentLevel.EnemyCubeAxe_C_4.CharacterMesh0.CubeAnimSword_C_7
	Function /Game/Cubes/CubeAnimSword.CubeAnimSword_C:ExecuteUbergraph_CubeAnimSword:0144
[2014.12.03-16.15.54:333][235]LogScript:Warning: Accessed None 'CallFunc_GetPlayerPawn_ReturnValue'
	AxeAnim_C /Game/Maps/MainLevel.MainLevel:PersistentLevel.EnemyCubeAxe_C_4.SkeletalMesh1.AxeAnim_C_16
	Function /Game/Cubes/AxeAnim.AxeAnim_C:ExecuteUbergraph_AxeAnim:0109
[2014.12.03-16.15.54:333][235]LogScript:Warning: Accessed None 'CallFunc_GetPlayerPawn_ReturnValue'
	CubeAnimSword_C /Game/Maps/MainLevel.MainLevel:PersistentLevel.EnemyCubeAxe_C_5.CharacterMesh0.CubeAnimSword_C_8
	Function /Game/Cubes/CubeAnimSword.CubeAnimSword_C:ExecuteUbergraph_CubeAnimSword:0144
[2014.12.03-16.15.54:333][235]LogScript:Warning: Accessed None 'CallFunc_GetPlayerPawn_ReturnValue'
	AxeAnim_C /Game/Maps/MainLevel.MainLevel:PersistentLevel.EnemyCubeAxe_C_5.SkeletalMesh1.AxeAnim_C_17
	Function /Game/Cubes/AxeAnim.AxeAnim_C:ExecuteUbergraph_AxeAnim:0109
[2014.12.03-16.15.54:334][235]LogScript:Warning: Accessed None 'CallFunc_GetPlayerPawn_ReturnValue'
	CubeAnimSword_C /Game/Maps/MainLevel.MainLevel:PersistentLevel.EnemyCubeAxe_C_6.CharacterMesh0.CubeAnimSword_C_9
	Function /Game/Cubes/CubeAnimSword.CubeAnimSword_C:ExecuteUbergraph_CubeAnimSword:0144
[2014.12.03-16.15.54:334][235]LogScript:Warning: Accessed None 'CallFunc_GetPlayerPawn_ReturnValue'
	AxeAnim_C /Game/Maps/MainLevel.MainLevel:PersistentLevel.EnemyCubeAxe_C_6.SkeletalMesh1.AxeAnim_C_18
	Function /Game/Cubes/AxeAnim.AxeAnim_C:ExecuteUbergraph_AxeAnim:0109
[2014.12.03-16.15.54:334][235]LogScript:Warning: Accessed None 'CallFunc_GetPlayerPawn_ReturnValue'
	CubeAnimSword_C /Game/Maps/MainLevel.MainLevel:PersistentLevel.EnemyCubeAxe_C_7.CharacterMesh0.CubeAnimSword_C_10
	Function /Game/Cubes/CubeAnimSword.CubeAnimSword_C:ExecuteUbergraph_CubeAnimSword:0144
[2014.12.03-16.15.54:334][235]LogScript:Warning: Accessed None 'CallFunc_GetPlayerPawn_ReturnValue'
	AxeAnim_C /Game/Maps/MainLevel.MainLevel:PersistentLevel.EnemyCubeAxe_C_7.SkeletalMesh1.AxeAnim_C_19
	Function /Game/Cubes/AxeAnim.AxeAnim_C:ExecuteUbergraph_AxeAnim:0109
[2014.12.03-16.15.54:335][235]LogScript:Warning: Accessed None 'CallFunc_GetPlayerPawn_ReturnValue'
	AxeAnim_C /Game/Maps/MainLevel.MainLevel:PersistentLevel.EnemyCubeAxe_C_4.SkeletalMesh1.AxeAnim_C_20
	Function /Game/Cubes/AxeAnim.AxeAnim_C:ExecuteUbergraph_AxeAnim:0109
[2014.12.03-16.15.54:336][235]LogScript:Warning: Accessed None 'CallFunc_GetPlayerPawn_ReturnValue'
	AxeAnim_C /Game/Maps/MainLevel.MainLevel:PersistentLevel.EnemyCubeAxe_C_5.SkeletalMesh1.AxeAnim_C_21
	Function /Game/Cubes/AxeAnim.AxeAnim_C:ExecuteUbergraph_AxeAnim:0109
[2014.12.03-16.15.54:336][235]LogScript:Warning: Accessed None 'CallFunc_GetPlayerPawn_ReturnValue'
	AxeAnim_C /Game/Maps/MainLevel.MainLevel:PersistentLevel.EnemyCubeAxe_C_6.SkeletalMesh1.AxeAnim_C_22
	Function /Game/Cubes/AxeAnim.AxeAnim_C:ExecuteUbergraph_AxeAnim:0109
[2014.12.03-16.15.54:336][235]LogScript:Warning: Accessed None 'CallFunc_GetPlayerPawn_ReturnValue'
	AxeAnim_C /Game/Maps/MainLevel.MainLevel:PersistentLevel.EnemyCubeAxe_C_7.SkeletalMesh1.AxeAnim_C_23
	Function /Game/Cubes/AxeAnim.AxeAnim_C:ExecuteUbergraph_AxeAnim:0109
[2014.12.03-16.15.54:526][235]LogActorComponent: UnregisterComponent: (/Engine/Transient.CharacterMovementComponent_0) Not registered. Aborting.
[2014.12.03-16.15.54:576][235]Cmd: MAP LOAD FILE="../../../../../../Users/Devin/Documents/SUCCUBE-US/SUCCUBEUS/Content/Maps/MainLevel.umap" TEMPLATE=0 SHOWPROGRESS=1
[2014.12.03-16.15.54:576][235]LightingResults: New page: Lighting Build
[2014.12.03-16.15.54:628][235]LoadErrors: New page: Loading map: MainLevel.umap
[2014.12.03-16.15.54:779][235]MapCheck: New page: Map Check
[2014.12.03-16.15.54:779][235]LightingResults: New page: Lighting Build
[2014.12.03-16.15.54:823][235]LogParticles: Destroying 0 GPU particle simulations for FXSystem 0x000000002398DD00
[2014.12.03-16.15.54:946][235]LogScript:Warning: Accessed None 'CallFunc_GetPlayerPawn_ReturnValue'
	AxeAnim_C /Game/Maps/MainLevel.MainLevel:PersistentLevel.EnemyCubeAxe_C_4.SkeletalMesh1.AxeAnim_C_20
	Function /Game/Cubes/AxeAnim.AxeAnim_C:ExecuteUbergraph_AxeAnim:0109
[2014.12.03-16.15.54:947][235]LogScript:Warning: Accessed None 'CallFunc_GetPlayerPawn_ReturnValue'
	AxeAnim_C /Game/Maps/MainLevel.MainLevel:PersistentLevel.EnemyCubeAxe_C_5.SkeletalMesh1.AxeAnim_C_21
	Function /Game/Cubes/AxeAnim.AxeAnim_C:ExecuteUbergraph_AxeAnim:0109
[2014.12.03-16.15.54:947][235]LogScript:Warning: Accessed None 'CallFunc_GetPlayerPawn_ReturnValue'
	AxeAnim_C /Game/Maps/MainLevel.MainLevel:PersistentLevel.EnemyCubeAxe_C_6.SkeletalMesh1.AxeAnim_C_22
	Function /Game/Cubes/AxeAnim.AxeAnim_C:ExecuteUbergraph_AxeAnim:0109
[2014.12.03-16.15.54:948][235]LogScript:Warning: Accessed None 'CallFunc_GetPlayerPawn_ReturnValue'
	AxeAnim_C /Game/Maps/MainLevel.MainLevel:PersistentLevel.EnemyCubeAxe_C_7.SkeletalMesh1.AxeAnim_C_23
	Function /Game/Cubes/AxeAnim.AxeAnim_C:ExecuteUbergraph_AxeAnim:0109
[2014.12.03-16.15.54:949][235]LogScript:Warning: Accessed None 'CallFunc_GetPlayerPawn_ReturnValue'
	AxeAnim_C /Game/Maps/MainLevel.MainLevel:PersistentLevel.EnemyCubeAxe_C_4.SkeletalMesh1.AxeAnim_C_24
	Function /Game/Cubes/AxeAnim.AxeAnim_C:ExecuteUbergraph_AxeAnim:0109
[2014.12.03-16.15.54:950][235]LogScript:Warning: Accessed None 'CallFunc_GetPlayerPawn_ReturnValue'
	AxeAnim_C /Game/Maps/MainLevel.MainLevel:PersistentLevel.EnemyCubeAxe_C_5.SkeletalMesh1.AxeAnim_C_25
	Function /Game/Cubes/AxeAnim.AxeAnim_C:ExecuteUbergraph_AxeAnim:0109
[2014.12.03-16.15.54:950][235]LogScript:Warning: Accessed None 'CallFunc_GetPlayerPawn_ReturnValue'
	AxeAnim_C /Game/Maps/MainLevel.MainLevel:PersistentLevel.EnemyCubeAxe_C_6.SkeletalMesh1.AxeAnim_C_26
	Function /Game/Cubes/AxeAnim.AxeAnim_C:ExecuteUbergraph_AxeAnim:0109
[2014.12.03-16.15.54:950][235]LogScript:Warning: Accessed None 'CallFunc_GetPlayerPawn_ReturnValue'
	AxeAnim_C /Game/Maps/MainLevel.MainLevel:PersistentLevel.EnemyCubeAxe_C_7.SkeletalMesh1.AxeAnim_C_27
	Function /Game/Cubes/AxeAnim.AxeAnim_C:ExecuteUbergraph_AxeAnim:0109
[2014.12.03-16.15.54:961][235]LogEditorServer: Finished looking for orphan Actors (0.000 secs)
[2014.12.03-16.15.54:967][235]LogAIModule: Creating AISystem for world MainLevel
[2014.12.03-16.15.55:089][235]Cmd: MAP CHECKDEP
[2014.12.03-16.15.55:089][235]MapCheck: New page: MainLevel - Dec 3, 2014, 6:15:55 AM
[2014.12.03-16.15.55:255][235]MapCheck: Info Map check complete: 0 Error(s), 0 Warning(s), took 165.954ms to complete.
[2014.12.03-16.15.55:255][235]LogFileHelpers: Loading map 'MainLevel' took 0.682
[2014.12.03-16.15.55:292][235]LogScript:Warning: Accessed None 'CallFunc_GetPlayerPawn_ReturnValue'
	CubeAnimSword_C /Engine/Transient.World_0:PersistentLevel.SkeletalMeshActor_0.SkeletalMeshComponent0.CubeAnimSword_C_11
	Function /Game/Cubes/CubeAnimSword.CubeAnimSword_C:ExecuteUbergraph_CubeAnimSword:0144
[2014.12.03-16.15.55:292][235]LogScript:Warning: Accessed None 'CallFunc_GetPlayerPawn_ReturnValue'
	AxeAnim_C /Engine/Transient.World_0:PersistentLevel.SkeletalMeshActor_0.SkeletalMeshComponent0.AxeAnim_C_28
	Function /Game/Cubes/AxeAnim.AxeAnim_C:ExecuteUbergraph_AxeAnim:0109
[2014.12.03-16.15.55:294][235]LogScript:Warning: Accessed None 'CallFunc_GetPlayerPawn_ReturnValue'
	CubeAnimSword_C /Engine/Transient.SkeletalMeshComponent_8:CubeAnimSword_C_12
	Function /Game/Cubes/CubeAnimSword.CubeAnimSword_C:ExecuteUbergraph_CubeAnimSword:0144
[2014.12.03-16.15.55:294][235]LogScript:Warning: Accessed None 'CallFunc_GetPlayerPawn_ReturnValue'
	AxeAnim_C /Engine/Transient.SkeletalMeshComponent_9:AxeAnim_C_29
	Function /Game/Cubes/AxeAnim.AxeAnim_C:ExecuteUbergraph_AxeAnim:0109
[2014.12.03-16.15.55:320][236]Cmd: UpdateLandscapeEditorData -warnings
[2014.12.03-16.15.55:321][236]Cmd: UpdateLandscapeEditorData
[2014.12.03-16.16.47:738][767]LogScript:Warning: Accessed None 'CallFunc_GetPlayerPawn_ReturnValue'
	CubeAnimSword_C /Engine/Transient.World_0:PersistentLevel.SkeletalMeshActor_0.SkeletalMeshComponent0.CubeAnimSword_C_13
	Function /Game/Cubes/CubeAnimSword.CubeAnimSword_C:ExecuteUbergraph_CubeAnimSword:0144
[2014.12.03-16.16.47:738][767]LogScript:Warning: Accessed None 'CallFunc_GetPlayerPawn_ReturnValue'
	AxeAnim_C /Engine/Transient.World_0:PersistentLevel.SkeletalMeshActor_0.SkeletalMeshComponent0.AxeAnim_C_30
	Function /Game/Cubes/AxeAnim.AxeAnim_C:ExecuteUbergraph_AxeAnim:0109
[2014.12.03-16.18.18:719][141]LogEditorViewport: Clicking on Actor (LMB): Landscape (Landscape)
[2014.12.03-16.18.21:063][207]LogEditorViewport: Clicking on Actor (LMB): Landscape (Landscape)
[2014.12.03-16.18.32:671][642]LogContentBrowser:Verbose: The content browser source was changed by the sources view to '/Game/Cubes'
[2014.12.03-16.18.32:996][649]LogScript:Warning: Accessed None 'CallFunc_GetPlayerPawn_ReturnValue'
	CubeAnimSword_C /Engine/Transient.World_0:PersistentLevel.SkeletalMeshActor_0.SkeletalMeshComponent0.CubeAnimSword_C_14
	Function /Game/Cubes/CubeAnimSword.CubeAnimSword_C:ExecuteUbergraph_CubeAnimSword:0144
[2014.12.03-16.18.32:999][649]LogScript:Warning: Accessed None 'CallFunc_GetPlayerPawn_ReturnValue'
	AxeAnim_C /Engine/Transient.World_0:PersistentLevel.SkeletalMeshActor_0.SkeletalMeshComponent0.AxeAnim_C_31
	Function /Game/Cubes/AxeAnim.AxeAnim_C:ExecuteUbergraph_AxeAnim:0109
[2014.12.03-16.18.33:139][653]LogScript:Warning: Accessed None 'CallFunc_GetPlayerPawn_ReturnValue'
	CubeAnimSword_C /Engine/Transient.World_0:PersistentLevel.SkeletalMeshActor_0.SkeletalMeshComponent0.CubeAnimSword_C_15
	Function /Game/Cubes/CubeAnimSword.CubeAnimSword_C:ExecuteUbergraph_CubeAnimSword:0144
[2014.12.03-16.18.33:139][653]LogScript:Warning: Accessed None 'CallFunc_GetPlayerPawn_ReturnValue'
	AxeAnim_C /Engine/Transient.World_0:PersistentLevel.SkeletalMeshActor_0.SkeletalMeshComponent0.AxeAnim_C_32
	Function /Game/Cubes/AxeAnim.AxeAnim_C:ExecuteUbergraph_AxeAnim:0109
[2014.12.03-16.18.33:242][656]LogScript:Warning: Accessed None 'CallFunc_GetPlayerPawn_ReturnValue'
	CubeAnimSword_C /Engine/Transient.World_0:PersistentLevel.SkeletalMeshActor_0.SkeletalMeshComponent0.CubeAnimSword_C_16
	Function /Game/Cubes/CubeAnimSword.CubeAnimSword_C:ExecuteUbergraph_CubeAnimSword:0144
[2014.12.03-16.18.33:243][656]LogScript:Warning: Accessed None 'CallFunc_GetPlayerPawn_ReturnValue'
	AxeAnim_C /Engine/Transient.World_0:PersistentLevel.SkeletalMeshActor_0.SkeletalMeshComponent0.AxeAnim_C_33
	Function /Game/Cubes/AxeAnim.AxeAnim_C:ExecuteUbergraph_AxeAnim:0109
[2014.12.03-16.18.33:340][659]LogScript:Warning: Accessed None 'CallFunc_GetPlayerPawn_ReturnValue'
	CubeAnimSword_C /Engine/Transient.World_0:PersistentLevel.SkeletalMeshActor_0.SkeletalMeshComponent0.CubeAnimSword_C_17
	Function /Game/Cubes/CubeAnimSword.CubeAnimSword_C:ExecuteUbergraph_CubeAnimSword:0144
[2014.12.03-16.18.33:340][659]LogScript:Warning: Accessed None 'CallFunc_GetPlayerPawn_ReturnValue'
	AxeAnim_C /Engine/Transient.World_0:PersistentLevel.SkeletalMeshActor_0.SkeletalMeshComponent0.AxeAnim_C_34
	Function /Game/Cubes/AxeAnim.AxeAnim_C:ExecuteUbergraph_AxeAnim:0109
[2014.12.03-16.18.33:439][662]LogScript:Warning: Accessed None 'CallFunc_GetPlayerPawn_ReturnValue'
	CubeAnimSword_C /Engine/Transient.World_0:PersistentLevel.SkeletalMeshActor_0.SkeletalMeshComponent0.CubeAnimSword_C_18
	Function /Game/Cubes/CubeAnimSword.CubeAnimSword_C:ExecuteUbergraph_CubeAnimSword:0144
[2014.12.03-16.18.33:439][662]LogScript:Warning: Accessed None 'CallFunc_GetPlayerPawn_ReturnValue'
	AxeAnim_C /Engine/Transient.World_0:PersistentLevel.SkeletalMeshActor_0.SkeletalMeshComponent0.AxeAnim_C_35
	Function /Game/Cubes/AxeAnim.AxeAnim_C:ExecuteUbergraph_AxeAnim:0109
[2014.12.03-16.18.33:531][665]LogScript:Warning: Accessed None 'CallFunc_GetPlayerPawn_ReturnValue'
	CubeAnimSword_C /Engine/Transient.World_0:PersistentLevel.SkeletalMeshActor_0.SkeletalMeshComponent0.CubeAnimSword_C_19
	Function /Game/Cubes/CubeAnimSword.CubeAnimSword_C:ExecuteUbergraph_CubeAnimSword:0144
[2014.12.03-16.18.33:531][665]LogScript:Warning: Accessed None 'CallFunc_GetPlayerPawn_ReturnValue'
	AxeAnim_C /Engine/Transient.World_0:PersistentLevel.SkeletalMeshActor_0.SkeletalMeshComponent0.AxeAnim_C_36
	Function /Game/Cubes/AxeAnim.AxeAnim_C:ExecuteUbergraph_AxeAnim:0109
[2014.12.03-16.18.33:632][668]LogScript:Warning: Accessed None 'CallFunc_GetPlayerPawn_ReturnValue'
	CubeAnimSword_C /Engine/Transient.World_0:PersistentLevel.SkeletalMeshActor_0.SkeletalMeshComponent0.CubeAnimSword_C_20
	Function /Game/Cubes/CubeAnimSword.CubeAnimSword_C:ExecuteUbergraph_CubeAnimSword:0144
[2014.12.03-16.18.33:632][668]LogScript:Warning: Accessed None 'CallFunc_GetPlayerPawn_ReturnValue'
	AxeAnim_C /Engine/Transient.World_0:PersistentLevel.SkeletalMeshActor_0.SkeletalMeshComponent0.AxeAnim_C_37
	Function /Game/Cubes/AxeAnim.AxeAnim_C:ExecuteUbergraph_AxeAnim:0109
[2014.12.03-16.18.33:727][671]LogScript:Warning: Accessed None 'CallFunc_GetPlayerPawn_ReturnValue'
	CubeAnimSword_C /Engine/Transient.World_0:PersistentLevel.SkeletalMeshActor_0.SkeletalMeshComponent0.CubeAnimSword_C_21
	Function /Game/Cubes/CubeAnimSword.CubeAnimSword_C:ExecuteUbergraph_CubeAnimSword:0144
[2014.12.03-16.18.33:728][671]LogScript:Warning: Accessed None 'CallFunc_GetPlayerPawn_ReturnValue'
	AxeAnim_C /Engine/Transient.World_0:PersistentLevel.SkeletalMeshActor_0.SkeletalMeshComponent0.AxeAnim_C_38
	Function /Game/Cubes/AxeAnim.AxeAnim_C:ExecuteUbergraph_AxeAnim:0109
[2014.12.03-16.18.33:820][674]LogScript:Warning: Accessed None 'CallFunc_GetPlayerPawn_ReturnValue'
	CubeAnimSword_C /Engine/Transient.World_0:PersistentLevel.SkeletalMeshActor_0.SkeletalMeshComponent0.CubeAnimSword_C_22
	Function /Game/Cubes/CubeAnimSword.CubeAnimSword_C:ExecuteUbergraph_CubeAnimSword:0144
[2014.12.03-16.18.33:820][674]LogScript:Warning: Accessed None 'CallFunc_GetPlayerPawn_ReturnValue'
	AxeAnim_C /Engine/Transient.World_0:PersistentLevel.SkeletalMeshActor_0.SkeletalMeshComponent0.AxeAnim_C_39
	Function /Game/Cubes/AxeAnim.AxeAnim_C:ExecuteUbergraph_AxeAnim:0109
[2014.12.03-16.18.33:941][677]LogScript:Warning: Accessed None 'CallFunc_GetPlayerPawn_ReturnValue'
	CubeAnimSword_C /Engine/Transient.World_0:PersistentLevel.SkeletalMeshActor_0.SkeletalMeshComponent0.CubeAnimSword_C_23
	Function /Game/Cubes/CubeAnimSword.CubeAnimSword_C:ExecuteUbergraph_CubeAnimSword:0144
[2014.12.03-16.18.33:941][677]LogScript:Warning: Accessed None 'CallFunc_GetPlayerPawn_ReturnValue'
	AxeAnim_C /Engine/Transient.World_0:PersistentLevel.SkeletalMeshActor_0.SkeletalMeshComponent0.AxeAnim_C_40
	Function /Game/Cubes/AxeAnim.AxeAnim_C:ExecuteUbergraph_AxeAnim:0109
[2014.12.03-16.18.34:043][680]LogScript:Warning: Accessed None 'CallFunc_GetPlayerPawn_ReturnValue'
	CubeAnimSword_C /Engine/Transient.World_0:PersistentLevel.SkeletalMeshActor_0.SkeletalMeshComponent0.CubeAnimSword_C_24
	Function /Game/Cubes/CubeAnimSword.CubeAnimSword_C:ExecuteUbergraph_CubeAnimSword:0144
[2014.12.03-16.18.34:043][680]LogScript:Warning: Accessed None 'CallFunc_GetPlayerPawn_ReturnValue'
	AxeAnim_C /Engine/Transient.World_0:PersistentLevel.SkeletalMeshActor_0.SkeletalMeshComponent0.AxeAnim_C_41
	Function /Game/Cubes/AxeAnim.AxeAnim_C:ExecuteUbergraph_AxeAnim:0109
[2014.12.03-16.18.34:138][683]LogScript:Warning: Accessed None 'CallFunc_GetPlayerPawn_ReturnValue'
	CubeAnimSword_C /Engine/Transient.World_0:PersistentLevel.SkeletalMeshActor_0.SkeletalMeshComponent0.CubeAnimSword_C_25
	Function /Game/Cubes/CubeAnimSword.CubeAnimSword_C:ExecuteUbergraph_CubeAnimSword:0144
[2014.12.03-16.18.34:139][683]LogScript:Warning: Accessed None 'CallFunc_GetPlayerPawn_ReturnValue'
	AxeAnim_C /Engine/Transient.World_0:PersistentLevel.SkeletalMeshActor_0.SkeletalMeshComponent0.AxeAnim_C_42
	Function /Game/Cubes/AxeAnim.AxeAnim_C:ExecuteUbergraph_AxeAnim:0109
[2014.12.03-16.18.34:236][686]LogScript:Warning: Accessed None 'CallFunc_GetPlayerPawn_ReturnValue'
	CubeAnimSword_C /Engine/Transient.World_0:PersistentLevel.SkeletalMeshActor_0.SkeletalMeshComponent0.CubeAnimSword_C_26
	Function /Game/Cubes/CubeAnimSword.CubeAnimSword_C:ExecuteUbergraph_CubeAnimSword:0144
[2014.12.03-16.18.34:236][686]LogScript:Warning: Accessed None 'CallFunc_GetPlayerPawn_ReturnValue'
	AxeAnim_C /Engine/Transient.World_0:PersistentLevel.SkeletalMeshActor_0.SkeletalMeshComponent0.AxeAnim_C_43
	Function /Game/Cubes/AxeAnim.AxeAnim_C:ExecuteUbergraph_AxeAnim:0109
[2014.12.03-16.18.34:399][694]LogContentBrowser:Verbose: The content browser source was changed by the sources view to '/Game/Maps'
[2014.12.03-16.18.41:815][934]LogEditorViewport: Clicking on Actor (LMB): TriggerCapsule (TriggerCapsule)
[2014.12.03-16.18.41:932][935]LogEditorViewport: Clicking on Actor (double click): TriggerCapsule (TriggerCapsule)
[2014.12.03-16.18.42:947][968]LogEditorViewport: Clicking on Actor (LMB): TriggerCapsule (TriggerCapsule)
[2014.12.03-16.18.42:989][968]LogEditorViewport: Clicking on Actor (double click): TriggerCapsule (TriggerCapsule)
[2014.12.03-16.18.48:178][153]LogEditorViewport: Clicking on Actor (LMB): TriggerCapsule (TriggerCapsule)
[2014.12.03-16.18.56:764][399]LogContentBrowser:Verbose: The content browser source was changed by the sources view to '/Game/Blueprints'
[2014.12.03-16.19.59:247][167]LogWindowsTextInputMethodSystem:Error: Deactivating a context failed while setting focus to the disabled TSF document manager.
[2014.12.03-16.19.59:508][167]LogWindowsTextInputMethodSystem:Error: Deactivating a context failed while setting focus to the disabled TSF document manager.
[2014.12.03-16.20.06:579][167]LogWindowsTextInputMethodSystem:Error: Deactivating a context failed while setting focus to the disabled TSF document manager.
[2014.12.03-16.20.13:121][167]LogWindowsTextInputMethodSystem:Error: Deactivating a context failed while setting focus to the disabled TSF document manager.
[2014.12.03-16.21.04:748][ 44]LogContentBrowser:Verbose: The content browser source was changed by the sources view to '/Game/Cubes'
[2014.12.03-16.21.04:991][ 49]LogScript:Warning: Accessed None 'CallFunc_GetPlayerPawn_ReturnValue'
	CubeAnimSword_C /Engine/Transient.World_0:PersistentLevel.SkeletalMeshActor_0.SkeletalMeshComponent0.CubeAnimSword_C_27
	Function /Game/Cubes/CubeAnimSword.CubeAnimSword_C:ExecuteUbergraph_CubeAnimSword:0144
[2014.12.03-16.21.04:995][ 49]LogScript:Warning: Accessed None 'CallFunc_GetPlayerPawn_ReturnValue'
	AxeAnim_C /Engine/Transient.World_0:PersistentLevel.SkeletalMeshActor_0.SkeletalMeshComponent0.AxeAnim_C_44
	Function /Game/Cubes/AxeAnim.AxeAnim_C:ExecuteUbergraph_AxeAnim:0109
[2014.12.03-16.21.05:160][ 53]LogScript:Warning: Accessed None 'CallFunc_GetPlayerPawn_ReturnValue'
	CubeAnimSword_C /Engine/Transient.World_0:PersistentLevel.SkeletalMeshActor_0.SkeletalMeshComponent0.CubeAnimSword_C_28
	Function /Game/Cubes/CubeAnimSword.CubeAnimSword_C:ExecuteUbergraph_CubeAnimSword:0144
[2014.12.03-16.21.05:160][ 53]LogScript:Warning: Accessed None 'CallFunc_GetPlayerPawn_ReturnValue'
	AxeAnim_C /Engine/Transient.World_0:PersistentLevel.SkeletalMeshActor_0.SkeletalMeshComponent0.AxeAnim_C_45
	Function /Game/Cubes/AxeAnim.AxeAnim_C:ExecuteUbergraph_AxeAnim:0109
[2014.12.03-16.21.05:276][ 56]LogScript:Warning: Accessed None 'CallFunc_GetPlayerPawn_ReturnValue'
	CubeAnimSword_C /Engine/Transient.World_0:PersistentLevel.SkeletalMeshActor_0.SkeletalMeshComponent0.CubeAnimSword_C_29
	Function /Game/Cubes/CubeAnimSword.CubeAnimSword_C:ExecuteUbergraph_CubeAnimSword:0144
[2014.12.03-16.21.05:276][ 56]LogScript:Warning: Accessed None 'CallFunc_GetPlayerPawn_ReturnValue'
	AxeAnim_C /Engine/Transient.World_0:PersistentLevel.SkeletalMeshActor_0.SkeletalMeshComponent0.AxeAnim_C_46
	Function /Game/Cubes/AxeAnim.AxeAnim_C:ExecuteUbergraph_AxeAnim:0109
[2014.12.03-16.21.05:407][ 59]LogScript:Warning: Accessed None 'CallFunc_GetPlayerPawn_ReturnValue'
	CubeAnimSword_C /Engine/Transient.World_0:PersistentLevel.SkeletalMeshActor_0.SkeletalMeshComponent0.CubeAnimSword_C_30
	Function /Game/Cubes/CubeAnimSword.CubeAnimSword_C:ExecuteUbergraph_CubeAnimSword:0144
[2014.12.03-16.21.05:407][ 59]LogScript:Warning: Accessed None 'CallFunc_GetPlayerPawn_ReturnValue'
	AxeAnim_C /Engine/Transient.World_0:PersistentLevel.SkeletalMeshActor_0.SkeletalMeshComponent0.AxeAnim_C_47
	Function /Game/Cubes/AxeAnim.AxeAnim_C:ExecuteUbergraph_AxeAnim:0109
[2014.12.03-16.21.05:525][ 62]LogScript:Warning: Accessed None 'CallFunc_GetPlayerPawn_ReturnValue'
	CubeAnimSword_C /Engine/Transient.World_0:PersistentLevel.SkeletalMeshActor_0.SkeletalMeshComponent0.CubeAnimSword_C_31
	Function /Game/Cubes/CubeAnimSword.CubeAnimSword_C:ExecuteUbergraph_CubeAnimSword:0144
[2014.12.03-16.21.05:525][ 62]LogScript:Warning: Accessed None 'CallFunc_GetPlayerPawn_ReturnValue'
	AxeAnim_C /Engine/Transient.World_0:PersistentLevel.SkeletalMeshActor_0.SkeletalMeshComponent0.AxeAnim_C_48
	Function /Game/Cubes/AxeAnim.AxeAnim_C:ExecuteUbergraph_AxeAnim:0109
[2014.12.03-16.21.05:807][ 72]LogContentBrowser:Verbose: The content browser source was changed by the sources view to '/Game/Character'
[2014.12.03-16.21.05:820][ 72]LogScript:Warning: Accessed None 'CallFunc_GetPlayerPawn_ReturnValue'
	CubeAnimSword_C /Engine/Transient.World_0:PersistentLevel.SkeletalMeshActor_0.SkeletalMeshComponent0.CubeAnimSword_C_32
	Function /Game/Cubes/CubeAnimSword.CubeAnimSword_C:ExecuteUbergraph_CubeAnimSword:0144
[2014.12.03-16.21.05:820][ 72]LogScript:Warning: Accessed None 'CallFunc_GetPlayerPawn_ReturnValue'
	AxeAnim_C /Engine/Transient.World_0:PersistentLevel.SkeletalMeshActor_0.SkeletalMeshComponent0.AxeAnim_C_49
	Function /Game/Cubes/AxeAnim.AxeAnim_C:ExecuteUbergraph_AxeAnim:0109
[2014.12.03-16.21.09:288][144]LogContentBrowser:Verbose: The content browser source was changed by the sources view to '/Game/Cubes'
[2014.12.03-16.21.09:589][150]LogScript:Warning: Accessed None 'CallFunc_GetPlayerPawn_ReturnValue'
	CubeAnimSword_C /Engine/Transient.World_0:PersistentLevel.SkeletalMeshActor_0.SkeletalMeshComponent0.CubeAnimSword_C_33
	Function /Game/Cubes/CubeAnimSword.CubeAnimSword_C:ExecuteUbergraph_CubeAnimSword:0144
[2014.12.03-16.21.09:592][150]LogScript:Warning: Accessed None 'CallFunc_GetPlayerPawn_ReturnValue'
	AxeAnim_C /Engine/Transient.World_0:PersistentLevel.SkeletalMeshActor_0.SkeletalMeshComponent0.AxeAnim_C_50
	Function /Game/Cubes/AxeAnim.AxeAnim_C:ExecuteUbergraph_AxeAnim:0109
[2014.12.03-16.21.11:693][185]LogRenderer:Warning: Reallocating scene render targets to support 1072x728.
[2014.12.03-16.21.14:252][262]LogScript:Warning: Accessed None 'CallFunc_GetPlayerPawn_ReturnValue'
	CubeAnimSword_C /Engine/Transient.World_0:PersistentLevel.SkeletalMeshActor_0.SkeletalMeshComponent0.CubeAnimSword_C_34
	Function /Game/Cubes/CubeAnimSword.CubeAnimSword_C:ExecuteUbergraph_CubeAnimSword:0144
[2014.12.03-16.21.14:253][262]LogScript:Warning: Accessed None 'CallFunc_GetPlayerPawn_ReturnValue'
	AxeAnim_C /Engine/Transient.World_0:PersistentLevel.SkeletalMeshActor_0.SkeletalMeshComponent0.AxeAnim_C_51
	Function /Game/Cubes/AxeAnim.AxeAnim_C:ExecuteUbergraph_AxeAnim:0109
[2014.12.03-16.21.14:362][265]LogScript:Warning: Accessed None 'CallFunc_GetPlayerPawn_ReturnValue'
	CubeAnimSword_C /Engine/Transient.World_0:PersistentLevel.SkeletalMeshActor_0.SkeletalMeshComponent0.CubeAnimSword_C_35
	Function /Game/Cubes/CubeAnimSword.CubeAnimSword_C:ExecuteUbergraph_CubeAnimSword:0144
[2014.12.03-16.21.14:362][265]LogScript:Warning: Accessed None 'CallFunc_GetPlayerPawn_ReturnValue'
	AxeAnim_C /Engine/Transient.World_0:PersistentLevel.SkeletalMeshActor_0.SkeletalMeshComponent0.AxeAnim_C_52
	Function /Game/Cubes/AxeAnim.AxeAnim_C:ExecuteUbergraph_AxeAnim:0109
[2014.12.03-16.21.14:463][268]LogScript:Warning: Accessed None 'CallFunc_GetPlayerPawn_ReturnValue'
	CubeAnimSword_C /Engine/Transient.World_0:PersistentLevel.SkeletalMeshActor_0.SkeletalMeshComponent0.CubeAnimSword_C_36
	Function /Game/Cubes/CubeAnimSword.CubeAnimSword_C:ExecuteUbergraph_CubeAnimSword:0144
[2014.12.03-16.21.14:463][268]LogScript:Warning: Accessed None 'CallFunc_GetPlayerPawn_ReturnValue'
	AxeAnim_C /Engine/Transient.World_0:PersistentLevel.SkeletalMeshActor_0.SkeletalMeshComponent0.AxeAnim_C_53
	Function /Game/Cubes/AxeAnim.AxeAnim_C:ExecuteUbergraph_AxeAnim:0109
[2014.12.03-16.21.14:568][271]LogScript:Warning: Accessed None 'CallFunc_GetPlayerPawn_ReturnValue'
	CubeAnimSword_C /Engine/Transient.World_0:PersistentLevel.SkeletalMeshActor_0.SkeletalMeshComponent0.CubeAnimSword_C_37
	Function /Game/Cubes/CubeAnimSword.CubeAnimSword_C:ExecuteUbergraph_CubeAnimSword:0144
[2014.12.03-16.21.14:568][271]LogScript:Warning: Accessed None 'CallFunc_GetPlayerPawn_ReturnValue'
	AxeAnim_C /Engine/Transient.World_0:PersistentLevel.SkeletalMeshActor_0.SkeletalMeshComponent0.AxeAnim_C_54
	Function /Game/Cubes/AxeAnim.AxeAnim_C:ExecuteUbergraph_AxeAnim:0109
[2014.12.03-16.21.14:690][274]LogScript:Warning: Accessed None 'CallFunc_GetPlayerPawn_ReturnValue'
	CubeAnimSword_C /Engine/Transient.World_0:PersistentLevel.SkeletalMeshActor_0.SkeletalMeshComponent0.CubeAnimSword_C_38
	Function /Game/Cubes/CubeAnimSword.CubeAnimSword_C:ExecuteUbergraph_CubeAnimSword:0144
[2014.12.03-16.21.14:691][274]LogScript:Warning: Accessed None 'CallFunc_GetPlayerPawn_ReturnValue'
	AxeAnim_C /Engine/Transient.World_0:PersistentLevel.SkeletalMeshActor_0.SkeletalMeshComponent0.AxeAnim_C_55
	Function /Game/Cubes/AxeAnim.AxeAnim_C:ExecuteUbergraph_AxeAnim:0109
[2014.12.03-16.21.14:796][277]LogScript:Warning: Accessed None 'CallFunc_GetPlayerPawn_ReturnValue'
	CubeAnimSword_C /Engine/Transient.World_0:PersistentLevel.SkeletalMeshActor_0.SkeletalMeshComponent0.CubeAnimSword_C_39
	Function /Game/Cubes/CubeAnimSword.CubeAnimSword_C:ExecuteUbergraph_CubeAnimSword:0144
[2014.12.03-16.21.14:796][277]LogScript:Warning: Accessed None 'CallFunc_GetPlayerPawn_ReturnValue'
	AxeAnim_C /Engine/Transient.World_0:PersistentLevel.SkeletalMeshActor_0.SkeletalMeshComponent0.AxeAnim_C_56
	Function /Game/Cubes/AxeAnim.AxeAnim_C:ExecuteUbergraph_AxeAnim:0109
[2014.12.03-16.21.14:913][280]LogScript:Warning: Accessed None 'CallFunc_GetPlayerPawn_ReturnValue'
	CubeAnimSword_C /Engine/Transient.World_0:PersistentLevel.SkeletalMeshActor_0.SkeletalMeshComponent0.CubeAnimSword_C_40
	Function /Game/Cubes/CubeAnimSword.CubeAnimSword_C:ExecuteUbergraph_CubeAnimSword:0144
[2014.12.03-16.21.14:914][280]LogScript:Warning: Accessed None 'CallFunc_GetPlayerPawn_ReturnValue'
	AxeAnim_C /Engine/Transient.World_0:PersistentLevel.SkeletalMeshActor_0.SkeletalMeshComponent0.AxeAnim_C_57
	Function /Game/Cubes/AxeAnim.AxeAnim_C:ExecuteUbergraph_AxeAnim:0109
[2014.12.03-16.21.15:015][283]LogScript:Warning: Accessed None 'CallFunc_GetPlayerPawn_ReturnValue'
	CubeAnimSword_C /Engine/Transient.World_0:PersistentLevel.SkeletalMeshActor_0.SkeletalMeshComponent0.CubeAnimSword_C_41
	Function /Game/Cubes/CubeAnimSword.CubeAnimSword_C:ExecuteUbergraph_CubeAnimSword:0144
[2014.12.03-16.21.15:015][283]LogScript:Warning: Accessed None 'CallFunc_GetPlayerPawn_ReturnValue'
	AxeAnim_C /Engine/Transient.World_0:PersistentLevel.SkeletalMeshActor_0.SkeletalMeshComponent0.AxeAnim_C_58
	Function /Game/Cubes/AxeAnim.AxeAnim_C:ExecuteUbergraph_AxeAnim:0109
[2014.12.03-16.21.15:121][286]LogScript:Warning: Accessed None 'CallFunc_GetPlayerPawn_ReturnValue'
	CubeAnimSword_C /Engine/Transient.World_0:PersistentLevel.SkeletalMeshActor_0.SkeletalMeshComponent0.CubeAnimSword_C_42
	Function /Game/Cubes/CubeAnimSword.CubeAnimSword_C:ExecuteUbergraph_CubeAnimSword:0144
[2014.12.03-16.21.15:121][286]LogScript:Warning: Accessed None 'CallFunc_GetPlayerPawn_ReturnValue'
	AxeAnim_C /Engine/Transient.World_0:PersistentLevel.SkeletalMeshActor_0.SkeletalMeshComponent0.AxeAnim_C_59
	Function /Game/Cubes/AxeAnim.AxeAnim_C:ExecuteUbergraph_AxeAnim:0109
[2014.12.03-16.21.15:229][289]LogScript:Warning: Accessed None 'CallFunc_GetPlayerPawn_ReturnValue'
	CubeAnimSword_C /Engine/Transient.World_0:PersistentLevel.SkeletalMeshActor_0.SkeletalMeshComponent0.CubeAnimSword_C_43
	Function /Game/Cubes/CubeAnimSword.CubeAnimSword_C:ExecuteUbergraph_CubeAnimSword:0144
[2014.12.03-16.21.15:229][289]LogScript:Warning: Accessed None 'CallFunc_GetPlayerPawn_ReturnValue'
	AxeAnim_C /Engine/Transient.World_0:PersistentLevel.SkeletalMeshActor_0.SkeletalMeshComponent0.AxeAnim_C_60
	Function /Game/Cubes/AxeAnim.AxeAnim_C:ExecuteUbergraph_AxeAnim:0109
[2014.12.03-16.21.15:341][292]LogScript:Warning: Accessed None 'CallFunc_GetPlayerPawn_ReturnValue'
	CubeAnimSword_C /Engine/Transient.World_0:PersistentLevel.SkeletalMeshActor_0.SkeletalMeshComponent0.CubeAnimSword_C_44
	Function /Game/Cubes/CubeAnimSword.CubeAnimSword_C:ExecuteUbergraph_CubeAnimSword:0144
[2014.12.03-16.21.15:341][292]LogScript:Warning: Accessed None 'CallFunc_GetPlayerPawn_ReturnValue'
	AxeAnim_C /Engine/Transient.World_0:PersistentLevel.SkeletalMeshActor_0.SkeletalMeshComponent0.AxeAnim_C_61
	Function /Game/Cubes/AxeAnim.AxeAnim_C:ExecuteUbergraph_AxeAnim:0109
[2014.12.03-16.21.15:436][295]LogScript:Warning: Accessed None 'CallFunc_GetPlayerPawn_ReturnValue'
	CubeAnimSword_C /Engine/Transient.World_0:PersistentLevel.SkeletalMeshActor_0.SkeletalMeshComponent0.CubeAnimSword_C_45
	Function /Game/Cubes/CubeAnimSword.CubeAnimSword_C:ExecuteUbergraph_CubeAnimSword:0144
[2014.12.03-16.21.15:436][295]LogScript:Warning: Accessed None 'CallFunc_GetPlayerPawn_ReturnValue'
	AxeAnim_C /Engine/Transient.World_0:PersistentLevel.SkeletalMeshActor_0.SkeletalMeshComponent0.AxeAnim_C_62
	Function /Game/Cubes/AxeAnim.AxeAnim_C:ExecuteUbergraph_AxeAnim:0109
[2014.12.03-16.21.15:533][298]LogScript:Warning: Accessed None 'CallFunc_GetPlayerPawn_ReturnValue'
	CubeAnimSword_C /Engine/Transient.World_0:PersistentLevel.SkeletalMeshActor_0.SkeletalMeshComponent0.CubeAnimSword_C_46
	Function /Game/Cubes/CubeAnimSword.CubeAnimSword_C:ExecuteUbergraph_CubeAnimSword:0144
[2014.12.03-16.21.15:534][298]LogScript:Warning: Accessed None 'CallFunc_GetPlayerPawn_ReturnValue'
	AxeAnim_C /Engine/Transient.World_0:PersistentLevel.SkeletalMeshActor_0.SkeletalMeshComponent0.AxeAnim_C_63
	Function /Game/Cubes/AxeAnim.AxeAnim_C:ExecuteUbergraph_AxeAnim:0109
[2014.12.03-16.21.15:635][301]LogScript:Warning: Accessed None 'CallFunc_GetPlayerPawn_ReturnValue'
	CubeAnimSword_C /Engine/Transient.World_0:PersistentLevel.SkeletalMeshActor_0.SkeletalMeshComponent0.CubeAnimSword_C_47
	Function /Game/Cubes/CubeAnimSword.CubeAnimSword_C:ExecuteUbergraph_CubeAnimSword:0144
[2014.12.03-16.21.15:636][301]LogScript:Warning: Accessed None 'CallFunc_GetPlayerPawn_ReturnValue'
	AxeAnim_C /Engine/Transient.World_0:PersistentLevel.SkeletalMeshActor_0.SkeletalMeshComponent0.AxeAnim_C_64
	Function /Game/Cubes/AxeAnim.AxeAnim_C:ExecuteUbergraph_AxeAnim:0109
[2014.12.03-16.21.18:320][454]LogScript:Warning: Accessed None 'CallFunc_GetPlayerPawn_ReturnValue'
	CubeAnimSword_C /Engine/Transient.World_0:PersistentLevel.SkeletalMeshActor_0.SkeletalMeshComponent0.CubeAnimSword_C_48
	Function /Game/Cubes/CubeAnimSword.CubeAnimSword_C:ExecuteUbergraph_CubeAnimSword:0144
[2014.12.03-16.21.18:320][454]LogScript:Warning: Accessed None 'CallFunc_GetPlayerPawn_ReturnValue'
	AxeAnim_C /Engine/Transient.World_0:PersistentLevel.SkeletalMeshActor_0.SkeletalMeshComponent0.AxeAnim_C_65
	Function /Game/Cubes/AxeAnim.AxeAnim_C:ExecuteUbergraph_AxeAnim:0109
[2014.12.03-16.21.18:525][462]LogScript:Warning: Accessed None 'CallFunc_GetPlayerPawn_ReturnValue'
	CubeAnimSword_C /Engine/Transient.World_0:PersistentLevel.SkeletalMeshActor_0.SkeletalMeshComponent0.CubeAnimSword_C_49
	Function /Game/Cubes/CubeAnimSword.CubeAnimSword_C:ExecuteUbergraph_CubeAnimSword:0144
[2014.12.03-16.21.18:525][462]LogScript:Warning: Accessed None 'CallFunc_GetPlayerPawn_ReturnValue'
	AxeAnim_C /Engine/Transient.World_0:PersistentLevel.SkeletalMeshActor_0.SkeletalMeshComponent0.AxeAnim_C_66
	Function /Game/Cubes/AxeAnim.AxeAnim_C:ExecuteUbergraph_AxeAnim:0109
[2014.12.03-16.21.18:629][465]LogScript:Warning: Accessed None 'CallFunc_GetPlayerPawn_ReturnValue'
	CubeAnimSword_C /Engine/Transient.World_0:PersistentLevel.SkeletalMeshActor_0.SkeletalMeshComponent0.CubeAnimSword_C_50
	Function /Game/Cubes/CubeAnimSword.CubeAnimSword_C:ExecuteUbergraph_CubeAnimSword:0144
[2014.12.03-16.21.18:629][465]LogScript:Warning: Accessed None 'CallFunc_GetPlayerPawn_ReturnValue'
	AxeAnim_C /Engine/Transient.World_0:PersistentLevel.SkeletalMeshActor_0.SkeletalMeshComponent0.AxeAnim_C_67
	Function /Game/Cubes/AxeAnim.AxeAnim_C:ExecuteUbergraph_AxeAnim:0109
[2014.12.03-16.21.18:723][468]LogScript:Warning: Accessed None 'CallFunc_GetPlayerPawn_ReturnValue'
	CubeAnimSword_C /Engine/Transient.World_0:PersistentLevel.SkeletalMeshActor_0.SkeletalMeshComponent0.CubeAnimSword_C_51
	Function /Game/Cubes/CubeAnimSword.CubeAnimSword_C:ExecuteUbergraph_CubeAnimSword:0144
[2014.12.03-16.21.18:724][468]LogScript:Warning: Accessed None 'CallFunc_GetPlayerPawn_ReturnValue'
	AxeAnim_C /Engine/Transient.World_0:PersistentLevel.SkeletalMeshActor_0.SkeletalMeshComponent0.AxeAnim_C_68
	Function /Game/Cubes/AxeAnim.AxeAnim_C:ExecuteUbergraph_AxeAnim:0109
[2014.12.03-16.21.18:821][471]LogScript:Warning: Accessed None 'CallFunc_GetPlayerPawn_ReturnValue'
	CubeAnimSword_C /Engine/Transient.World_0:PersistentLevel.SkeletalMeshActor_0.SkeletalMeshComponent0.CubeAnimSword_C_52
	Function /Game/Cubes/CubeAnimSword.CubeAnimSword_C:ExecuteUbergraph_CubeAnimSword:0144
[2014.12.03-16.21.18:821][471]LogScript:Warning: Accessed None 'CallFunc_GetPlayerPawn_ReturnValue'
	AxeAnim_C /Engine/Transient.World_0:PersistentLevel.SkeletalMeshActor_0.SkeletalMeshComponent0.AxeAnim_C_69
	Function /Game/Cubes/AxeAnim.AxeAnim_C:ExecuteUbergraph_AxeAnim:0109
[2014.12.03-16.21.18:931][474]LogScript:Warning: Accessed None 'CallFunc_GetPlayerPawn_ReturnValue'
	CubeAnimSword_C /Engine/Transient.World_0:PersistentLevel.SkeletalMeshActor_0.SkeletalMeshComponent0.CubeAnimSword_C_53
	Function /Game/Cubes/CubeAnimSword.CubeAnimSword_C:ExecuteUbergraph_CubeAnimSword:0144
[2014.12.03-16.21.18:932][474]LogScript:Warning: Accessed None 'CallFunc_GetPlayerPawn_ReturnValue'
	AxeAnim_C /Engine/Transient.World_0:PersistentLevel.SkeletalMeshActor_0.SkeletalMeshComponent0.AxeAnim_C_70
	Function /Game/Cubes/AxeAnim.AxeAnim_C:ExecuteUbergraph_AxeAnim:0109
[2014.12.03-16.21.19:032][477]LogScript:Warning: Accessed None 'CallFunc_GetPlayerPawn_ReturnValue'
	CubeAnimSword_C /Engine/Transient.World_0:PersistentLevel.SkeletalMeshActor_0.SkeletalMeshComponent0.CubeAnimSword_C_54
	Function /Game/Cubes/CubeAnimSword.CubeAnimSword_C:ExecuteUbergraph_CubeAnimSword:0144
[2014.12.03-16.21.19:032][477]LogScript:Warning: Accessed None 'CallFunc_GetPlayerPawn_ReturnValue'
	AxeAnim_C /Engine/Transient.World_0:PersistentLevel.SkeletalMeshActor_0.SkeletalMeshComponent0.AxeAnim_C_71
	Function /Game/Cubes/AxeAnim.AxeAnim_C:ExecuteUbergraph_AxeAnim:0109
[2014.12.03-16.21.19:139][480]LogScript:Warning: Accessed None 'CallFunc_GetPlayerPawn_ReturnValue'
	CubeAnimSword_C /Engine/Transient.World_0:PersistentLevel.SkeletalMeshActor_0.SkeletalMeshComponent0.CubeAnimSword_C_55
	Function /Game/Cubes/CubeAnimSword.CubeAnimSword_C:ExecuteUbergraph_CubeAnimSword:0144
[2014.12.03-16.21.19:140][480]LogScript:Warning: Accessed None 'CallFunc_GetPlayerPawn_ReturnValue'
	AxeAnim_C /Engine/Transient.World_0:PersistentLevel.SkeletalMeshActor_0.SkeletalMeshComponent0.AxeAnim_C_72
	Function /Game/Cubes/AxeAnim.AxeAnim_C:ExecuteUbergraph_AxeAnim:0109
[2014.12.03-16.21.19:248][483]LogScript:Warning: Accessed None 'CallFunc_GetPlayerPawn_ReturnValue'
	CubeAnimSword_C /Engine/Transient.World_0:PersistentLevel.SkeletalMeshActor_0.SkeletalMeshComponent0.CubeAnimSword_C_56
	Function /Game/Cubes/CubeAnimSword.CubeAnimSword_C:ExecuteUbergraph_CubeAnimSword:0144
[2014.12.03-16.21.19:248][483]LogScript:Warning: Accessed None 'CallFunc_GetPlayerPawn_ReturnValue'
	AxeAnim_C /Engine/Transient.World_0:PersistentLevel.SkeletalMeshActor_0.SkeletalMeshComponent0.AxeAnim_C_73
	Function /Game/Cubes/AxeAnim.AxeAnim_C:ExecuteUbergraph_AxeAnim:0109
[2014.12.03-16.21.19:358][486]LogScript:Warning: Accessed None 'CallFunc_GetPlayerPawn_ReturnValue'
	CubeAnimSword_C /Engine/Transient.World_0:PersistentLevel.SkeletalMeshActor_0.SkeletalMeshComponent0.CubeAnimSword_C_57
	Function /Game/Cubes/CubeAnimSword.CubeAnimSword_C:ExecuteUbergraph_CubeAnimSword:0144
[2014.12.03-16.21.19:358][486]LogScript:Warning: Accessed None 'CallFunc_GetPlayerPawn_ReturnValue'
	AxeAnim_C /Engine/Transient.World_0:PersistentLevel.SkeletalMeshActor_0.SkeletalMeshComponent0.AxeAnim_C_74
	Function /Game/Cubes/AxeAnim.AxeAnim_C:ExecuteUbergraph_AxeAnim:0109
[2014.12.03-16.21.19:558][493]LogScript:Warning: Accessed None 'CallFunc_GetPlayerPawn_ReturnValue'
	CubeAnimSword_C /Engine/Transient.World_0:PersistentLevel.SkeletalMeshActor_0.SkeletalMeshComponent0.CubeAnimSword_C_58
	Function /Game/Cubes/CubeAnimSword.CubeAnimSword_C:ExecuteUbergraph_CubeAnimSword:0144
[2014.12.03-16.21.19:559][493]LogScript:Warning: Accessed None 'CallFunc_GetPlayerPawn_ReturnValue'
	AxeAnim_C /Engine/Transient.World_0:PersistentLevel.SkeletalMeshActor_0.SkeletalMeshComponent0.AxeAnim_C_75
	Function /Game/Cubes/AxeAnim.AxeAnim_C:ExecuteUbergraph_AxeAnim:0109
[2014.12.03-16.21.19:605][495]LogContentBrowser:Verbose: The content browser source was changed by the sources view to '/Game/Cubes/models'
[2014.12.03-16.23.09:652][379]LogEditorViewport: Clicking on Actor (LMB): Statue_C (Statue)
[2014.12.03-16.23.13:916][477]LogEditorViewport: Clicking on Actor (context menu): Statue_C (Statue)
[2014.12.03-16.23.28:932][942]LogScript:Warning: Accessed None 'CallFunc_GetPlayerPawn_ReturnValue'
	CubeAnimSword_C /Engine/Transient.World_0:PersistentLevel.SkeletalMeshActor_0.SkeletalMeshComponent0.CubeAnimSword_C_59
	Function /Game/Cubes/CubeAnimSword.CubeAnimSword_C:ExecuteUbergraph_CubeAnimSword:0144
[2014.12.03-16.23.28:933][942]LogScript:Warning: Accessed None 'CallFunc_GetPlayerPawn_ReturnValue'
	AxeAnim_C /Engine/Transient.World_0:PersistentLevel.SkeletalMeshActor_0.SkeletalMeshComponent0.AxeAnim_C_76
	Function /Game/Cubes/AxeAnim.AxeAnim_C:ExecuteUbergraph_AxeAnim:0109
[2014.12.03-16.23.40:964][294]Cmd: TRANSACTION UNDO
[2014.12.03-16.23.40:964][294]LogEditorTransaction: Undo Clicking on Actors
[2014.12.03-16.23.43:981][382]Cmd: TRANSACTION UNDO
[2014.12.03-16.23.43:981][382]LogEditorTransaction: Undo Clicking on Actors
[2014.12.03-16.23.44:637][394]Cmd: TRANSACTION UNDO
[2014.12.03-16.23.44:637][394]LogEditorTransaction: Undo Create Actor
[2014.12.03-16.24.41:005][393]LogActorComponent: UnregisterComponent: (/Engine/Transient.CharacterMovementComponent_1) Not registered. Aborting.
[2014.12.03-16.24.41:005][393]LogActorComponent: UnregisterComponent: (/Engine/Transient.CharacterMovementComponent_2) Not registered. Aborting.
[2014.12.03-16.24.41:006][393]LogActorComponent: UnregisterComponent: (/Engine/Transient.ProjectileMovementComponent_0) Not registered. Aborting.
[2014.12.03-16.24.41:048][393]LogParticles: Destroying 0 GPU particle simulations for FXSystem 0x0000000028028EA0
[2014.12.03-16.24.44:927][394]Cmd: QUIT_EDITOR
[2014.12.03-16.24.45:352][394]LogExit: Preparing to exit.
[2014.12.03-16.24.46:318][394]LogExit: Editor shut down
[2014.12.03-16.24.46:320][394]LogExit: Transaction tracking system shut down
[2014.12.03-16.24.46:321][394]LogParticles: Destroying 0 GPU particle simulations for FXSystem 0x000000001FF10EA0
[2014.12.03-16.24.46:323][394]LogParticles: Destroying 0 GPU particle simulations for FXSystem 0x000000001B1EEB60
[2014.12.03-16.24.46:326][394]LogParticles: Destroying 0 GPU particle simulations for FXSystem 0x00000000074D2840
[2014.12.03-16.24.46:326][394]LogParticles: Destroying 0 GPU particle simulations for FXSystem 0x000000002030BC40
[2014.12.03-16.24.46:326][394]LogParticles: Destroying 0 GPU particle simulations for FXSystem 0x000000000ECA5760
[2014.12.03-16.24.46:327][394]LogParticles: Destroying 0 GPU particle simulations for FXSystem 0x000000000ECA6CA0
[2014.12.03-16.24.46:369][394]LogParticles: Destroying 0 GPU particle simulations for FXSystem 0x000000001EECB4C0
[2014.12.03-16.24.46:370][394]LogParticles: Destroying 0 GPU particle simulations for FXSystem 0x000000001EEC9BC0
[2014.12.03-16.24.46:370][394]LogExit: Object subsystem successfully closed.
[2014.12.03-16.24.46:432][394]LogModuleManager: Shutting down and abandoning module AndroidDeviceDetection (166)
[2014.12.03-16.24.46:432][394]LogModuleManager: Shutting down and abandoning module CrashTracker (165)
[2014.12.03-16.24.46:432][394]LogModuleManager: Shutting down and abandoning module SuperSearch (164)
[2014.12.03-16.24.46:432][394]LogModuleManager: Shutting down and abandoning module SceneOutliner (163)
[2014.12.03-16.24.46:432][394]LogModuleManager: Shutting down and abandoning module EditorWidgets (162)
[2014.12.03-16.24.46:432][394]LogModuleManager: Shutting down and abandoning module CollectionManager (161)
[2014.12.03-16.24.46:432][394]LogModuleManager: Shutting down and abandoning module StatsViewer (160)
[2014.12.03-16.24.46:432][394]LogModuleManager: Shutting down and abandoning module FoliageEdit (159)
[2014.12.03-16.24.46:432][394]LogModuleManager: Shutting down and abandoning module LandscapeEditor (158)
[2014.12.03-16.24.46:432][394]LogModuleManager: Shutting down and abandoning module MeshPaint (157)
[2014.12.03-16.24.46:432][394]LogModuleManager: Shutting down and abandoning module ActorPickerMode (156)
[2014.12.03-16.24.46:432][394]LogModuleManager: Shutting down and abandoning module GeometryMode (155)
[2014.12.03-16.24.46:432][394]LogModuleManager: Shutting down and abandoning module TextureAlignMode (154)
[2014.12.03-16.24.46:432][394]LogModuleManager: Shutting down and abandoning module BspMode (153)
[2014.12.03-16.24.46:432][394]LogModuleManager: Shutting down and abandoning module PlacementMode (152)
[2014.12.03-16.24.46:432][394]LogModuleManager: Shutting down and abandoning module AutomationWorker (151)
[2014.12.03-16.24.46:432][394]LogModuleManager: Shutting down and abandoning module CharacterAI (150)
[2014.12.03-16.24.46:432][394]LogModuleManager: Shutting down and abandoning module GameProjectGeneration (149)
[2014.12.03-16.24.46:432][394]LogModuleManager: Shutting down and abandoning module IntroTutorials (148)
[2014.12.03-16.24.46:432][394]LogModuleManager: Shutting down and abandoning module EditorLiveStreaming (147)
[2014.12.03-16.24.46:432][394]LogModuleManager: Shutting down and abandoning module HardwareTargeting (146)
[2014.12.03-16.24.46:433][394]LogModuleManager: Shutting down and abandoning module BehaviorTreeEditor (145)
[2014.12.03-16.24.46:433][394]LogModuleManager: Shutting down and abandoning module DeviceProfileEditor (144)
[2014.12.03-16.24.46:433][394]LogModuleManager: Shutting down and abandoning module UndoHistory (143)
[2014.12.03-16.24.46:433][394]LogModuleManager: Shutting down and abandoning module GameplayTagsEditor (142)
[2014.12.03-16.24.46:433][394]LogModuleManager: Shutting down and abandoning module UserFeedback (141)
[2014.12.03-16.24.46:433][394]LogModuleManager: Shutting down and abandoning module XmlParser (140)
[2014.12.03-16.24.46:433][394]LogModuleManager: Shutting down and abandoning module Blutility (139)
[2014.12.03-16.24.46:433][394]LogModuleManager: Shutting down and abandoning module IOSPlatformEditor (138)
[2014.12.03-16.24.46:433][394]LogModuleManager: Shutting down and abandoning module IOSRuntimeSettings (137)
[2014.12.03-16.24.46:433][394]LogModuleManager: Shutting down and abandoning module AndroidPlatformEditor (136)
[2014.12.03-16.24.46:433][394]LogModuleManager: Shutting down and abandoning module AndroidRuntimeSettings (135)
[2014.12.03-16.24.46:433][394]LogModuleManager: Shutting down and abandoning module ProjectTargetPlatformEditor (134)
[2014.12.03-16.24.46:433][394]LogModuleManager: Shutting down and abandoning module ProjectSettingsViewer (133)
[2014.12.03-16.24.46:433][394]LogModuleManager: Shutting down and abandoning module InputBindingEditor (132)
[2014.12.03-16.24.46:433][394]LogModuleManager: Shutting down and abandoning module EditorSettingsViewer (131)
[2014.12.03-16.24.46:433][394]LogModuleManager: Shutting down and abandoning module SettingsEditor (130)
[2014.12.03-16.24.46:433][394]LogModuleManager: Shutting down and abandoning module ProjectLauncher (129)
[2014.12.03-16.24.46:433][394]LogModuleManager: Shutting down and abandoning module SessionFrontend (128)
[2014.12.03-16.24.46:433][394]LogModuleManager: Shutting down and abandoning module ProfilerClient (127)
[2014.12.03-16.24.46:433][394]LogModuleManager: Shutting down and abandoning module TargetDeviceServices (126)
[2014.12.03-16.24.46:433][394]LogModuleManager: Shutting down and abandoning module DeviceManager (125)
[2014.12.03-16.24.46:433][394]LogModuleManager: Shutting down and abandoning module AutomationController (124)
[2014.12.03-16.24.46:433][394]LogModuleManager: Shutting down and abandoning module AutomationWindow (123)
[2014.12.03-16.24.46:433][394]LogModuleManager: Shutting down and abandoning module Layers (122)
[2014.12.03-16.24.46:433][394]LogModuleManager: Shutting down and abandoning module ComponentVisualizers (121)
[2014.12.03-16.24.46:433][394]LogModuleManager: Shutting down and abandoning module DetailCustomizations (120)
[2014.12.03-16.24.46:433][394]LogModuleManager: Shutting down and abandoning module PackagesDialog (119)
[2014.12.03-16.24.46:434][394]LogModuleManager: Shutting down and abandoning module AssetRegistry (118)
[2014.12.03-16.24.46:552][394]LogModuleManager: Shutting down and abandoning module Persona (117)
[2014.12.03-16.24.46:552][394]LogModuleManager: Shutting down and abandoning module Kismet (116)
[2014.12.03-16.24.46:552][394]LogModuleManager: Shutting down and abandoning module GraphEditor (115)
[2014.12.03-16.24.46:552][394]LogModuleManager: Shutting down and abandoning module ClassViewer (114)
[2014.12.03-16.24.46:552][394]LogModuleManager: Shutting down and abandoning module Toolbox (113)
[2014.12.03-16.24.46:552][394]LogModuleManager: Shutting down and abandoning module ModuleUI (112)
[2014.12.03-16.24.46:552][394]LogModuleManager: Shutting down and abandoning module MovieSceneTools (111)
[2014.12.03-16.24.46:552][394]LogModuleManager: Shutting down and abandoning module OutputLog (110)
[2014.12.03-16.24.46:552][394]LogModuleManager: Shutting down and abandoning module GammaUI (109)
[2014.12.03-16.24.46:552][394]LogModuleManager: Shutting down and abandoning module Documentation (108)
[2014.12.03-16.24.46:552][394]LogModuleManager: Shutting down and abandoning module GameLiveStreaming (107)
[2014.12.03-16.24.46:552][394]LogModuleManager: Shutting down and abandoning module StreamingPauseRendering (106)
[2014.12.03-16.24.46:552][394]LogModuleManager: Shutting down and abandoning module HTTP (105)
[2014.12.03-16.24.46:552][394]LogModuleManager: Shutting down and abandoning module AnalyticsET (104)
[2014.12.03-16.24.46:553][394]LogModuleManager: Shutting down and abandoning module Analytics (103)
[2014.12.03-16.24.46:553][394]LogModuleManager: Shutting down and abandoning module GameplayDebugger (102)
[2014.12.03-16.24.46:553][394]LogModuleManager: Shutting down and abandoning module AIModule (101)
[2014.12.03-16.24.46:553][394]LogModuleManager: Shutting down and abandoning module ProfilerService (100)
[2014.12.03-16.24.46:600][394]LogModuleManager: Shutting down and abandoning module TaskGraph (99)
[2014.12.03-16.24.46:600][394]LogModuleManager: Shutting down and abandoning module SlateRemote (98)
[2014.12.03-16.24.46:600][394]LogModuleManager: Shutting down and abandoning module ScriptEditorPlugin (97)
[2014.12.03-16.24.46:600][394]LogModuleManager: Shutting down and abandoning module CustomMeshComponent (96)
[2014.12.03-16.24.46:600][394]LogModuleManager: Shutting down and abandoning module CableComponent (95)
[2014.12.03-16.24.46:600][394]LogModuleManager: Shutting down and abandoning module MessagingDebugger (94)
[2014.12.03-16.24.46:600][394]LogModuleManager: Shutting down and abandoning module MediaPlayerEditor (93)
[2014.12.03-16.24.46:600][394]LogModuleManager: Shutting down and abandoning module SpeedTreeImporter (92)
[2014.12.03-16.24.46:600][394]LogModuleManager: Shutting down and abandoning module PluginsEditor (91)
[2014.12.03-16.24.46:600][394]LogModuleManager: Shutting down and abandoning module EpicSurvey (90)
[2014.12.03-16.24.46:600][394]LogModuleManager: Shutting down and abandoning module DesktopPlatform (89)
[2014.12.03-16.24.46:600][394]LogModuleManager: Shutting down and abandoning module VisualStudioSourceCodeAccess (88)
[2014.12.03-16.24.46:600][394]LogModuleManager: Shutting down and abandoning module UObjectPlugin (87)
[2014.12.03-16.24.46:600][394]LogModuleManager: Shutting down and abandoning module SubversionSourceControl (86)
[2014.12.03-16.24.46:600][394]LogModuleManager: Shutting down and abandoning module SourceControl (85)
[2014.12.03-16.24.46:600][394]LogModuleManager: Shutting down and abandoning module PerforceSourceControl (84)
[2014.12.03-16.24.46:600][394]LogModuleManager: Shutting down and abandoning module BlankPlugin (83)
[2014.12.03-16.24.46:600][394]LogModuleManager: Shutting down and abandoning module SlateReflector (82)
[2014.12.03-16.24.46:600][394]LogModuleManager: Shutting down and abandoning module DirectoryWatcher (81)
[2014.12.03-16.24.46:601][394]LogModuleManager: Shutting down and abandoning module HotReload (80)
[2014.12.03-16.24.46:601][394]LogModuleManager: Shutting down and abandoning module MainFrame (79)
[2014.12.03-16.24.46:601][394]LogModuleManager: Shutting down and abandoning module LevelEditor (78)
[2014.12.03-16.24.46:602][394]LogModuleManager: Shutting down and abandoning module ViewportSnapping (77)
[2014.12.03-16.24.46:602][394]LogModuleManager: Shutting down and abandoning module SmartSnapping (76)
[2014.12.03-16.24.46:602][394]LogModuleManager: Shutting down and abandoning module PaperTiledImporter (75)
[2014.12.03-16.24.46:602][394]LogModuleManager: Shutting down and abandoning module PaperJsonImporter (74)
[2014.12.03-16.24.46:603][394]LogModuleManager: Shutting down and abandoning module ContentBrowser (73)
[2014.12.03-16.24.46:603][394]LogModuleManager: Shutting down and abandoning module PropertyEditor (72)
[2014.12.03-16.24.46:603][394]LogModuleManager: Shutting down and abandoning module Paper2DEditor (71)
[2014.12.03-16.24.46:603][394]LogModuleManager: Shutting down and abandoning module ScriptPlugin (70)
[2014.12.03-16.24.46:603][394]LogModuleManager: Shutting down and abandoning module UdpMessaging (69)
[2014.12.03-16.24.46:703][394]LogModuleManager: Shutting down and abandoning module Paper2D (68)
[2014.12.03-16.24.46:703][394]LogModuleManager: Shutting down and abandoning module WindowsMoviePlayer (67)
[2014.12.03-16.24.46:706][394]LogModuleManager: Shutting down and abandoning module Media (66)
[2014.12.03-16.24.46:706][394]LogModuleManager: Shutting down and abandoning module WmfMedia (65)
[2014.12.03-16.24.46:706][394]LogModuleManager: Shutting down and abandoning module OnlineBlueprintSupport (64)
[2014.12.03-16.24.46:706][394]LogModuleManager: Shutting down and abandoning module FunctionalTesting (63)
[2014.12.03-16.24.46:706][394]LogModuleManager: Shutting down and abandoning module CollisionAnalyzer (62)
[2014.12.03-16.24.46:706][394]LogModuleManager: Shutting down and abandoning module WorkspaceMenuStructure (61)
[2014.12.03-16.24.46:706][394]LogModuleManager: Shutting down and abandoning module MessageLog (60)
[2014.12.03-16.24.46:706][394]LogModuleManager: Shutting down and abandoning module Sequencer (59)
[2014.12.03-16.24.46:707][394]LogModuleManager: Shutting down and abandoning module AssetTools (58)
[2014.12.03-16.24.46:707][394]LogModuleManager: Shutting down and abandoning module UMGEditor (57)
[2014.12.03-16.24.46:707][394]LogModuleManager: Shutting down and abandoning module UMG (56)
[2014.12.03-16.24.46:707][394]LogModuleManager: Shutting down and abandoning module Slate (55)
[2014.12.03-16.24.46:707][394]LogModuleManager: Shutting down and abandoning module EditorStyle (54)
[2014.12.03-16.24.46:708][394]LogModuleManager: Shutting down and abandoning module SessionServices (53)
[2014.12.03-16.24.46:708][394]LogModuleManager: Shutting down and abandoning module SourceCodeAccess (52)
[2014.12.03-16.24.46:708][394]LogModuleManager: Shutting down and abandoning module HeadMountedDisplay (51)
[2014.12.03-16.24.46:708][394]LogModuleManager: Shutting down and abandoning module XAudio2 (50)
[2014.12.03-16.24.46:708][394]LogModuleManager: Shutting down and abandoning module Networking (48)
[2014.12.03-16.24.46:708][394]LogModuleManager: Shutting down and abandoning module Core (47)
[2014.12.03-16.24.46:708][394]LogModuleManager: Shutting down and abandoning module KismetCompiler (46)
[2014.12.03-16.24.46:708][394]LogModuleManager: Shutting down and abandoning module PhysXFormats (45)
[2014.12.03-16.24.46:708][394]LogModuleManager: Shutting down and abandoning module MeshUtilities (44)
[2014.12.03-16.24.46:708][394]LogModuleManager: Shutting down and abandoning module DerivedDataCache (43)
[2014.12.03-16.24.46:750][394]LogDerivedDataCache: Shutdown
[2014.12.03-16.24.46:750][394]LogModuleManager: Shutting down and abandoning module ShaderFormatOpenGL (42)
[2014.12.03-16.24.46:750][394]LogModuleManager: Shutting down and abandoning module ShaderFormatD3D (41)
[2014.12.03-16.24.46:750][394]LogModuleManager: Shutting down and abandoning module MetalShaderFormat (40)
[2014.12.03-16.24.46:750][394]LogModuleManager: Shutting down and abandoning module TextureFormatUncompressed (39)
[2014.12.03-16.24.46:750][394]LogModuleManager: Shutting down and abandoning module TextureFormatPVR (38)
[2014.12.03-16.24.46:750][394]LogModuleManager: Shutting down and abandoning module TextureFormatDXT (37)
[2014.12.03-16.24.46:750][394]LogModuleManager: Shutting down and abandoning module TextureFormatAndroid (36)
[2014.12.03-16.24.46:750][394]LogModuleManager: Shutting down and abandoning module AudioFormatOpus (35)
[2014.12.03-16.24.46:750][394]LogModuleManager: Shutting down and abandoning module AudioFormatOgg (34)
[2014.12.03-16.24.46:750][394]LogModuleManager: Shutting down and abandoning module AudioFormatADPCM (33)
[2014.12.03-16.24.46:750][394]LogModuleManager: Shutting down and abandoning module Messaging (32)
[2014.12.03-16.24.46:750][394]LogModuleManager: Shutting down and abandoning module IOSTargetPlatform (31)
[2014.12.03-16.24.46:750][394]LogModuleManager: Shutting down and abandoning module Android_PVRTCTargetPlatform (30)
[2014.12.03-16.24.46:750][394]LogModuleManager: Shutting down and abandoning module Android_ETC2TargetPlatform (29)
[2014.12.03-16.24.46:750][394]LogModuleManager: Shutting down and abandoning module Android_ETC1TargetPlatform (28)
[2014.12.03-16.24.46:750][394]LogModuleManager: Shutting down and abandoning module Android_DXTTargetPlatform (27)
[2014.12.03-16.24.46:750][394]LogModuleManager: Shutting down and abandoning module Android_ATCTargetPlatform (26)
[2014.12.03-16.24.46:750][394]LogModuleManager: Shutting down and abandoning module AndroidTargetPlatform (25)
[2014.12.03-16.24.46:750][394]LogModuleManager: Shutting down and abandoning module WindowsTargetPlatform (24)
[2014.12.03-16.24.46:750][394]LogModuleManager: Shutting down and abandoning module WindowsServerTargetPlatform (23)
[2014.12.03-16.24.46:750][394]LogModuleManager: Shutting down and abandoning module WindowsNoEditorTargetPlatform (22)
[2014.12.03-16.24.46:750][394]LogModuleManager: Shutting down and abandoning module WindowsClientTargetPlatform (21)
[2014.12.03-16.24.46:750][394]LogModuleManager: Shutting down and abandoning module TargetPlatform (20)
[2014.12.03-16.24.46:750][394]LogModuleManager: Shutting down and abandoning module InputCore (19)
[2014.12.03-16.24.46:750][394]LogModuleManager: Shutting down and abandoning module Settings (18)
[2014.12.03-16.24.46:750][394]LogModuleManager: Shutting down and abandoning module ImageWrapper (17)
[2014.12.03-16.24.46:750][394]LogModuleManager: Shutting down and abandoning module OculusRift (14)
[2014.12.03-16.24.46:750][394]LogModuleManager: Shutting down and abandoning module ExampleDeviceProfileSelector (13)
[2014.12.03-16.24.46:750][394]LogModuleManager: Shutting down and abandoning module TextureCompressor (12)
[2014.12.03-16.24.46:750][394]LogModuleManager: Shutting down and abandoning module ShaderCore (11)
[2014.12.03-16.24.46:750][394]LogModuleManager: Shutting down and abandoning module SlateRHIRenderer (10)
[2014.12.03-16.24.46:752][394]LogModuleManager: Shutting down and abandoning module OpenGLDrv (9)
[2014.12.03-16.24.46:752][394]LogModuleManager: Shutting down and abandoning module D3D11RHI (8)
[2014.12.03-16.24.46:752][394]LogModuleManager: Shutting down and abandoning module Renderer (7)
[2014.12.03-16.24.46:752][394]LogModuleManager: Shutting down and abandoning module Engine (6)
[2014.12.03-16.24.46:752][394]LogModuleManager: Shutting down and abandoning module CoreUObject (5)
[2014.12.03-16.24.46:752][394]LogModuleManager: Shutting down and abandoning module NetworkFile (4)
[2014.12.03-16.24.46:752][394]LogModuleManager: Shutting down and abandoning module StreamingFile (3)
[2014.12.03-16.24.46:752][394]LogModuleManager: Shutting down and abandoning module SandboxFile (2)
[2014.12.03-16.24.46:752][394]LogModuleManager: Shutting down and abandoning module PakFile (1)
[2014.12.03-16.24.46:752][394]LogExit: Exiting.
[2014.12.03-16.24.46:758][394]Log file closed, 12/03/14 11:24:46
