Log file open, 11/30/14 22:18:27
LogInit:Display: Running engine for game: SUCCUBEUS
LogInit: Version: 4.5.1-2336687+++depot+UE4-Releases+4.5
LogInit: API Version: 2326478
LogInit: Compiled (64-bit): Oct 21 2014 22:32:40
LogInit: Compiled with Visual C++: 18.00.21005.01
LogInit: Build Configuration: Development
LogInit: Branch Name: ++depot+UE4-Releases+4.5
LogInit: Command line:  
LogInit: Base directory: C:/Program Files/Epic Games/4.5/Engine/Binaries/Win64/
LogInit: Rocket: 1
[2014.12.01-03.18.27:555][  0]LogTaskGraph: Started task graph with 3 named threads and 4 total threads.
[2014.12.01-03.18.27:582][  0]LogOnline:Warning: No default platform service specified for OnlineSubsystem
[2014.12.01-03.18.27:702][  0]LogInit: Presizing for 0 objects not considered by GC, pre-allocating 0 bytes.
[2014.12.01-03.18.27:711][  0]LogInit: Object subsystem initialized
[2014.12.01-03.18.27:714][  0]LogConsoleResponse:Warning: Skipping Unknown console variable: 'UIScaleRule = ShortestSide'
[2014.12.01-03.18.27:714][  0]LogConsoleResponse:Warning:   Found in ini file 'C:/Users/johnss18/Documents/SUCCUBE-US/SUCCUBEUS/Saved/Config/Windows/Engine.ini', in section '[/Script/Engine.RendererSettings]'
[2014.12.01-03.18.27:714][  0]LogConsoleResponse:Warning: Skipping Unknown console variable: 'UIScaleCurve = (EditorCurveData=(Keys=((Time=480.000000,Value=0.444000),(Time=720.000000,Value=0.666000),(Time=1080.000000,Value=1.000000),(Time=8640.000000,Value=8.000000))),ExternalCurve=None)'
[2014.12.01-03.18.27:714][  0]LogConsoleResponse:Warning:   Found in ini file 'C:/Users/johnss18/Documents/SUCCUBE-US/SUCCUBEUS/Saved/Config/Windows/Engine.ini', in section '[/Script/Engine.RendererSettings]'
[2014.12.01-03.18.27:715][  0]LogInit: Selected Device Profile: [Windows]
[2014.12.01-03.18.27:715][  0]LogInit: Applying CVar settings loaded from the selected device profile: [Windows]
[2014.12.01-03.18.27:722][  0]LogInit: Computer: JOHNSS18-PC
[2014.12.01-03.18.27:722][  0]LogInit: User: johnss18
[2014.12.01-03.18.27:723][  0]LogInit: CPU Page size=4096, Cores=2
[2014.12.01-03.18.27:724][  0]LogInit: High frequency timer resolution =2.728232 MHz
[2014.12.01-03.18.27:724][  0]LogMemory: Memory total: Physical=7.7GB (8GB approx) Virtual=8192.0GB
[2014.12.01-03.18.27:724][  0]LogMemory: Platform Memory Stats for Windows
[2014.12.01-03.18.27:724][  0]LogMemory: Process Physical Memory: 65.25 MB used, 65.25 MB peak
[2014.12.01-03.18.27:724][  0]LogMemory: Process Virtual Memory: 40.45 MB used, 40.45 MB peak
[2014.12.01-03.18.27:724][  0]LogMemory: Physical Memory: 4013.57 MB used, 7915.94 MB total
[2014.12.01-03.18.27:724][  0]LogMemory: Virtual Memory: 277.29 MB used, 8388608.00 MB total
[2014.12.01-03.18.27:781][  0]LogD3D11RHI: Found D3D11 adapter 0: Intel(R) HD Graphics 4000 (Feature Level 11_0)
[2014.12.01-03.18.27:781][  0]LogD3D11RHI: Adapter has 64MB of dedicated video memory, 0MB of dedicated system memory, and 1632MB of shared system memory, 1 output[s]
[2014.12.01-03.18.27:781][  0]LogD3D11RHI: Chosen D3D11 Adapter Id = 0
[2014.12.01-03.18.27:786][  0]LogRHI: Texture pool is 616 MB (70% of 880 MB)
[2014.12.01-03.18.27:798][  0]LogD3D11RHI: Async texture creation enabled
[2014.12.01-03.18.28:213][  0]LogTextLocalizationManager: The requested culture ('en_US') has no localization data; parent culture's ('en') localization data will be used.
[2014.12.01-03.18.28:348][  0]LogContentStreaming: Texture pool size is 0.000000MB
[2014.12.01-03.18.34:724][  0]LogTargetPlatformManager:Display: Building Assets For Windows
[2014.12.01-03.18.35:642][  0]LogTargetPlatformManager:Display: Building Assets For Windows
[2014.12.01-03.18.35:712][  0]LogDerivedDataCache:Display: Max Cache Size: 512 MB
[2014.12.01-03.18.36:160][  0]LogDerivedDataCache: Loaded boot cache 0.45s 39MB C:/Users/johnss18/AppData/Local/UnrealEngine/4.5/DerivedDataCache/Boot.ddc.
[2014.12.01-03.18.36:160][  0]LogDerivedDataCache:Display: Loaded Boot cache: C:/Users/johnss18/AppData/Local/UnrealEngine/4.5/DerivedDataCache/Boot.ddc
[2014.12.01-03.18.36:160][  0]LogDerivedDataCache: FDerivedDataBackendGraph:  Pak pak cache file ../../../../../../Users/johnss18/Documents/SUCCUBE-US/SUCCUBEUS/DerivedDataCache/DDC.ddp not found, will not use a pak cache.
[2014.12.01-03.18.36:161][  0]LogDerivedDataCache: Unable to find inner node Pak for hierarchical cache Hierarchy.
[2014.12.01-03.18.36:280][  0]LogDerivedDataCache:Display: Pak cache opened for reading ../../../Engine/DerivedDataCache/DDC.ddp.
[2014.12.01-03.18.36:291][  0]LogDerivedDataCache: Using Local data cache path C:/Users/johnss18/AppData/Local/UnrealEngine/Common/DerivedDataCache: Writable
[2014.12.01-03.18.43:076][  0]LogMeshUtilities: No automatic mesh reduction module available
[2014.12.01-03.18.43:076][  0]LogMeshUtilities: No automatic mesh merging module available
[2014.12.01-03.18.43:809][  0]LogLinker:Warning: Asset '../../../Engine/Content/Functions/Engine_MaterialFunctions02/Texturing/FlipBook.uasset' has been saved with empty engine version. The asset will be loaded but may be incompatible.
[2014.12.01-03.18.43:833][  0]LogLinker:Warning: Asset '../../../Engine/Content/Functions/Engine_MaterialFunctions02/ExampleContent/Textures/flipbook.uasset' has been saved with empty engine version. The asset will be loaded but may be incompatible.
[2014.12.01-03.18.44:479][  0]LogInit: WinSock: version 1.1 (2.2), MaxSocks=32767, MaxUdp=65467
[2014.12.01-03.19.00:742][  0]UdpMessaging: Initializing bridge on interface 0.0.0.0:0 to multicast group 230.0.0.1:6666.
[2014.12.01-03.19.00:927][  0]LogDirectoryWatcher:Warning: Failed to begin reading directory changes for C:/Users/johnss18/Documents/SUCCUBE-US/SUCCUBEUS/Binaries/Win64. Error: 0
[2014.12.01-03.19.01:507][  0]SourceControl: Info Source control is disabled
[2014.12.01-03.19.01:507][  0]SourceControl: Info Source control is disabled
[2014.12.01-03.19.01:513][  0]SourceControl: Info Source control is disabled
[2014.12.01-03.19.01:743][  0]LogObj: 22915 objects as part of root set at end of initial load.
[2014.12.01-03.19.01:743][  0]LogUObjectAllocator: 4803536 out of 0 bytes used by permanent object pool.
[2014.12.01-03.19.01:794][  0]LogEngine: Initializing Engine...
[2014.12.01-03.19.02:168][  0]LogInit: XAudio2 using 'Speaker/HP (Realtek High Definition Audio)' : 2 channels at 48 kHz using 32 bits per sample (channel mask 0x3)
[2014.12.01-03.19.02:340][  0]LogInit: FAudioDevice initialized.
[2014.12.01-03.19.02:357][  0]LogAIModule: Creating AISystem for world NewWorld
[2014.12.01-03.19.02:377][  0]LogDerivedDataCache: Saved boot cache 0.02s 39MB C:/Users/johnss18/AppData/Local/UnrealEngine/4.5/DerivedDataCache/Boot.ddc.
[2014.12.01-03.19.02:380][  0]LogInit: Texture streaming: Enabled
[2014.12.01-03.19.02:421][  0]LogInit: Transaction tracking system initialized
[2014.12.01-03.19.02:501][  0]BlueprintLog: New page: Editor Load
[2014.12.01-03.19.02:544][  0]LogAssetRegistry: FAssetRegistry took 0.0104 seconds to start up
[2014.12.01-03.19.02:544][  0]LogDirectoryWatcher:Warning: Failed to begin reading directory changes for ../../../Engine/Plugins/Experimental/CharacterAI/Content/. Error: 0
[2014.12.01-03.19.03:111][  0]LogTargetPlatformManager:Display: Building Assets For Windows
[2014.12.01-03.19.03:438][  0]LogTargetPlatformManager:Display: Building Assets For Windows
[2014.12.01-03.19.03:894][  0]LogConsoleResponse:Display: 
[2014.12.01-03.19.04:965][  0]SourceControl: Info Source control is disabled
[2014.12.01-03.19.04:965][  0]Cmd: MAP LOAD FILE="../../../../../../Users/johnss18/Documents/SUCCUBE-US/SUCCUBEUS/Content/Maps/Example_Map.umap" TEMPLATE=0 SHOWPROGRESS=1
[2014.12.01-03.19.05:126][  0]LightingResults: New page: Lighting Build
[2014.12.01-03.19.05:134][  0]MapCheck: New page: Map Check
[2014.12.01-03.19.05:134][  0]LightingResults: New page: Lighting Build
[2014.12.01-03.19.05:150][  0]LogParticles: Destroying 0 GPU particle simulations for FXSystem 0x000000001D6D9A80
[2014.12.01-03.19.06:320][  0]LogEditorServer: Finished looking for orphan Actors (0.000 secs)
[2014.12.01-03.19.06:320][  0]LogAIModule: Creating AISystem for world Example_Map
[2014.12.01-03.19.06:320][  0]Cmd: MAP CHECKDEP
[2014.12.01-03.19.06:320][  0]MapCheck: New page: Example_Map - Nov 30, 2014, 5:19:06 PM
[2014.12.01-03.19.06:397][  0]MapCheck: Info Map check complete: 0 Error(s), 0 Warning(s), took 77.237ms to complete.
[2014.12.01-03.19.06:398][  0]LogFileHelpers: Loading map 'Example_Map' took 1.433
[2014.12.01-03.19.06:513][  0]LogCollectionManager: Loaded 0 collections in 0.001484 seconds
[2014.12.01-03.19.06:690][  0]LogCrashTracker: Crashtracker disabled due to settings.
[2014.12.01-03.19.06:715][  0]LogUObjectGlobals:Warning: Failed to find object 'Class None.'
[2014.12.01-03.19.06:770][  0]LogLoad: Full Startup: 43.01 seconds (BP compile: 0.08 seconds)
[2014.12.01-03.19.07:119][  0]LogContentBrowser:Verbose: The content browser source was changed by the sources view to '/Game/Maps'
[2014.12.01-03.19.07:392][  0]LogRenderer:Warning: Reallocating scene render targets to support 944x728.
[2014.12.01-03.19.08:637][  3]LogAssetRegistry: Asset discovery search completed in 6.1040 seconds
[2014.12.01-03.20.06:609][818]BlueprintLog: New page: Pre-PIE auto-recompile
[2014.12.01-03.20.06:609][818]LogPlayLevel: [PIE] Compiling Example_Map before PIE...
[2014.12.01-03.20.06:719][818]LogPlayLevel: PIE:  Blueprint regeneration took 110 ms (1 blueprints)
[2014.12.01-03.20.06:719][818]PIE: New page: SIE session: Example_Map (Nov 30, 2014, 5:20:06 PM)
[2014.12.01-03.20.06:754][818]LogPlayLevel: PIE: StaticDuplicateObject took: (0.034464s)
[2014.12.01-03.20.06:756][818]LogPlayLevel: PIE: World Init took: (0.002252s)
[2014.12.01-03.20.06:756][818]LogPlayLevel: PIE: Created PIE world by copying editor world from /Game/Maps/Example_Map.Example_Map to /Game/Maps/UEDPIE_0_Example_Map.Example_Map (0.036946s)
[2014.12.01-03.20.07:530][818]LogWorld: Game class is 'MyGame_C'
[2014.12.01-03.20.07:532][818]LogAIModule: Creating AISystem for world Example_Map
[2014.12.01-03.20.07:533][818]LogWorld: Bringing World /Game/Maps/UEDPIE_0_Example_Map.Example_Map up for play (max tick rate 60) at 2014.11.30-22.20.07
[2014.12.01-03.20.07:533][818]LogWorld: Bringing up level for play took: 0.001385
[2014.12.01-03.20.07:705][818]PIE: Info Play in editor start time for /Game/Maps/UEDPIE_0_Example_Map 1.404
[2014.12.01-03.20.10:567][896]LogPackageName: SearchForPackageOnDisk took   0.054s to resolve Level1.umap
[2014.12.01-03.20.10:653][896]LogPackageName: SearchForPackageOnDisk took   0.047s to resolve Level1.umap
[2014.12.01-03.20.10:671][896]LogNet: Browse: /Game/Maps/Level1
[2014.12.01-03.20.10:697][896]LogLoad: LoadMap: /Game/Maps/Level1
[2014.12.01-03.20.10:732][896]LogActorComponent: UnregisterComponent: (/Engine/Transient.ProjectileMovementComponent_0) Not registered. Aborting.
[2014.12.01-03.20.10:753][896]LogParticles: Destroying 0 GPU particle simulations for FXSystem 0x0000000012E85F80
[2014.12.01-03.20.10:805][896]Cmd: MEM
[2014.12.01-03.20.10:824][896]LogMemory: Platform Memory Stats for Windows
[2014.12.01-03.20.10:824][896]LogMemory: Process Physical Memory: 508.87 MB used, 524.38 MB peak
[2014.12.01-03.20.10:824][896]LogMemory: Process Virtual Memory: 580.82 MB used, 597.34 MB peak
[2014.12.01-03.20.10:824][896]LogMemory: Physical Memory: 4954.08 MB used, 7915.94 MB total
[2014.12.01-03.20.10:824][896]LogMemory: Virtual Memory: 1092.37 MB used, 8388608.00 MB total
[2014.12.01-03.20.10:824][896]LogMemory: 
[2014.12.01-03.20.10:824][896]Allocator Stats for TBB: (not implemented)
[2014.12.01-03.20.12:251][896]LogWorld: Game class is 'MyGame_C'
[2014.12.01-03.20.12:252][896]LogAIModule: Creating AISystem for world Level1
[2014.12.01-03.20.12:253][896]LogWorld: Bringing World /Game/Maps/UEDPIE_0_Level1.Level1 up for play (max tick rate 60) at 2014.11.30-22.20.12
[2014.12.01-03.20.12:253][896]LogWorld: Bringing up level for play took: 0.001575
[2014.12.01-03.21.17:614][669]LogParticles: Destroying 0 GPU particle simulations for FXSystem 0x0000000015B553A0
[2014.12.01-03.21.17:844][677]Cmd: SELECT NONE
[2014.12.01-03.21.19:739][741]Cmd: SELECT NONE
[2014.12.01-03.34.00:292][914]LogHttp:Warning: Timeout processing Http request. 0000000012241D00 url=http://et2.epicgames.com/ET2/CollectData.1?SessionID=%7B280D8717-4B19-2C7C-80C6-F3BA7CFF64B5%7D&AppID=Rocket.Release&AppVersion=4.5.1-2336687%2B%2B%2Bdepot%2BUE4-Releases%2B4.5&UserID=1cd395ba8454b0fbdf3b67cda2e55af9&IsEditor=1
[2014.12.01-03.34.00:344][914]LogHttp:Warning: InternetStatusCallbackWinInet: on invalid request 0000000012241D00. 
[2014.12.01-03.34.00:344][914]LogHttp:Warning: InternetStatusCallbackWinInet: on invalid request 0000000012241D00. 
[2014.12.01-03.34.00:344][914]LogHttp:Warning: InternetStatusCallbackWinInet: on invalid request 0000000012241D00. 
[2014.12.01-03.34.00:344][914]LogHttp:Warning: InternetStatusCallbackWinInet: on invalid request 0000000012241D00. 
[2014.12.01-04.03.16:632][398]LogHttp:Warning: Timeout processing Http request. 0000000012241EC0 url=http://et2.epicgames.com/ET2/CollectData.1?SessionID=%7B280D8717-4B19-2C7C-80C6-F3BA7CFF64B5%7D&AppID=Rocket.Release&AppVersion=4.5.1-2336687%2B%2B%2Bdepot%2BUE4-Releases%2B4.5&UserID=1cd395ba8454b0fbdf3b67cda2e55af9&IsEditor=1
[2014.12.01-04.03.28:646][435]LogHttp:Warning: InternetStatusCallbackWinInet: on invalid request 0000000012241EC0. 
[2014.12.01-04.03.28:646][435]LogHttp:Warning: InternetStatusCallbackWinInet: on invalid request 0000000012241EC0. 
[2014.12.01-04.03.28:646][435]LogHttp:Warning: InternetStatusCallbackWinInet: on invalid request 0000000012241EC0. 
[2014.12.01-04.10.25:069][945]LogContentBrowser:Verbose: The content browser source was changed by the sources view to '/Game/Blueprints'
[2014.12.01-04.23.29:174][159]LogSlate:Warning: GetFontFace failed to load or process 'Roboto-Regular'
[2014.12.01-04.23.29:174][159]LogSlate:Warning: GetFontFace failed to load or process 'Roboto-Regular'
[2014.12.01-04.23.29:330][159]LogSlate:Warning: GetFontFace failed to load or process 'Roboto-Regular'
[2014.12.01-04.23.29:330][159]LogSlate:Warning: GetFontFace failed to load or process 'Roboto-Regular'
[2014.12.01-04.23.29:330][159]LogSlate:Warning: GetFontFace failed to load or process 'Roboto-Regular'
[2014.12.01-04.23.29:330][159]LogSlate:Warning: GetFontFace failed to load or process 'Roboto-Regular'
[2014.12.01-04.23.29:331][159]LogSlate:Warning: GetFontFace failed to load or process 'Roboto-Regular'
[2014.12.01-04.23.29:331][159]LogSlate:Warning: GetFontFace failed to load or process 'Roboto-Regular'
[2014.12.01-04.23.29:331][159]LogSlate:Warning: GetFontFace failed to load or process 'Roboto-Regular'
[2014.12.01-04.23.29:331][159]LogSlate:Warning: GetFontFace failed to load or process 'Roboto-Regular'
[2014.12.01-04.23.29:331][159]LogSlate:Warning: GetFontFace failed to load or process 'Roboto-Regular'
[2014.12.01-04.23.29:331][159]LogSlate:Warning: GetFontFace failed to load or process 'Roboto-Regular'
[2014.12.01-04.23.29:332][159]LogSlate:Warning: GetFontFace failed to load or process 'Roboto-Regular'
[2014.12.01-04.23.29:332][159]LogSlate:Warning: GetFontFace failed to load or process 'Roboto-Regular'
[2014.12.01-04.23.29:332][159]LogSlate:Warning: GetFontFace failed to load or process 'Roboto-Regular'
[2014.12.01-04.23.29:332][159]LogSlate:Warning: GetFontFace failed to load or process 'Roboto-Regular'
[2014.12.01-04.23.29:332][159]LogSlate:Warning: GetFontFace failed to load or process 'Roboto-Regular'
[2014.12.01-04.23.29:333][159]LogSlate:Warning: GetFontFace failed to load or process 'Roboto-Regular'
[2014.12.01-04.23.29:333][159]LogSlate:Warning: GetFontFace failed to load or process 'Roboto-Regular'
[2014.12.01-04.23.31:521][222]LogActorComponent: UnregisterComponent: (/Engine/Transient.ProjectileMovementComponent_1) Not registered. Aborting.
[2014.12.01-04.23.31:521][222]LogActorComponent: UnregisterComponent: (/Engine/Transient.CharacterMovementComponent_0) Not registered. Aborting.
[2014.12.01-04.23.31:992][222]LogWindows:Error: Windows GetLastError: The operation completed successfully. (0)
[2014.12.01-04.23.32:127][222]LogCrashTracker: 


[2014.12.01-04.23.34:924][222]LogCrashTracker: 


[2014.12.01-04.23.34:925][222]LogWindows: === Critical error: ===
Assertion failed: StructPtrs.Num() != 0 [File:D:\BuildFarm\buildmachine_++depot+UE4-Releases+4.5\Engine\Source\Editor\DetailCustomizations\Private\KeyStructCustomization.cpp] [Line: 63] 



KERNELBASE.dll!UnknownFunction (0x000007fefd94940d) + 0 bytes [UnknownFile:0]
UE4Editor-Core.dll!UnknownFunction (0x000007fee03d71c4) + 0 bytes [UnknownFile:0]
UE4Editor-Core.dll!UnknownFunction (0x000007fee02698c8) + 0 bytes [UnknownFile:0]
UE4Editor-Core.dll!UnknownFunction (0x000007fee024e892) + 0 bytes [UnknownFile:0]
UE4Editor-DetailCustomizations.dll!UnknownFunction (0x000007fed4b71194) + 0 bytes [UnknownFile:0]
UE4Editor-DetailCustomizations.dll!UnknownFunction (0x000007fed4b54526) + 0 bytes [UnknownFile:0]
UE4Editor-UnrealEd.dll!UnknownFunction (0x000007fedc2a4d8a) + 0 bytes [UnknownFile:0]
UE4Editor-UnrealEd.dll!UnknownFunction (0x000007fedc2b77f8) + 0 bytes [UnknownFile:0]
UE4Editor-UnrealEd.dll!UnknownFunction (0x000007fedc2c08d6) + 0 bytes [UnknownFile:0]
UE4Editor-UnrealEd.dll!UnknownFunction (0x000007fedc2a7032) + 0 bytes [UnknownFile:0]
UE4Editor-Slate.dll!UnknownFunction (0x000007fedd682a1f) + 0 bytes [UnknownFile:0]
UE4Editor-SlateCore.dll!UnknownFunction (0x000007fefab878af) + 0 bytes [UnknownFile:0]
UE4Editor-SlateCore.dll!UnknownFunction (0x000007fefab87bba) + 0 bytes [UnknownFile:0]
UE4Editor-SlateCore.dll!UnknownFunction (0x000007fefab872fc) + 0 bytes [UnknownFile:0]
UE4Editor-SlateCore.dll!UnknownFunction (0x000007fefab878af) + 0 bytes [UnknownFile:0]
UE4Editor-SlateCore.dll!UnknownFunction (0x000007fefab87bba) + 0 bytes [UnknownFile:0]
UE4Editor-SlateCore.dll!UnknownFunction (0x000007fefab872fc) + 0 bytes [UnknownFile:0]
UE4Editor-SlateCore.dll!UnknownFunction (0x000007fefab878af) + 0 bytes [UnknownFile:0]
UE4Editor-SlateCore.dll!UnknownFunction (0x000007fefab86f28) + 0 bytes [UnknownFile:0]
UE4Editor-Slate.dll!UnknownFunction (0x000007fedd681098) + 0 bytes [UnknownFile:0]
UE4Editor-SlateCore.dll!UnknownFunction (0x000007fefab878af) + 0 bytes [UnknownFile:0]
UE4Editor-Slate.dll!UnknownFunction (0x000007fedd682cd6) + 0 bytes [UnknownFile:0]
UE4Editor-SlateCore.dll!UnknownFunction (0x000007fefab878af) + 0 bytes [UnknownFile:0]
UE4Editor-SlateCore.dll!UnknownFunction (0x000007fefab86f28) + 0 bytes [UnknownFile:0]
UE4Editor-SlateCore.dll!UnknownFunction (0x000007fefab878af) + 0 bytes [UnknownFile:0]
UE4Editor-SlateCore.dll!UnknownFunction (0x000007fefab87bba) + 0 bytes [UnknownFile:0]
UE4Editor-SlateCore.dll!UnknownFunction (0x000007fefab872fc) + 0 bytes [UnknownFile:0]
UE4Editor-SlateCore.dll!UnknownFunction (0x000007fefab878af) + 0 bytes [UnknownFile:0]
UE4Editor-SlateCore.dll!UnknownFunction (0x000007fefab86f28) + 0 bytes [UnknownFile:0]
UE4Editor-SlateCore.dll!UnknownFunction (0x000007fefab878af) + 0 bytes [UnknownFile:0]
UE4Editor-SlateCore.dll!UnknownFunction (0x000007fefab87bba) + 0 bytes [UnknownFile:0]
UE4Editor-SlateCore.dll!UnknownFunction (0x000007fefab872fc) + 0 bytes [UnknownFile:0]
UE4Editor-SlateCore.dll!UnknownFunction (0x000007fefab878af) + 0 bytes [UnknownFile:0]
UE4Editor-SlateCore.dll!UnknownFunction (0x000007fefab87bba) + 0 bytes [UnknownFile:0]
UE4Editor-Slate.dll!UnknownFunction (0x000007fedd684494) + 0 bytes [UnknownFile:0]
UE4Editor-SlateCore.dll!UnknownFunction (0x000007fefab878af) + 0 bytes [UnknownFile:0]
UE4Editor-SlateCore.dll!UnknownFunction (0x000007fefab86f28) + 0 bytes [UnknownFile:0]
UE4Editor-Slate.dll!UnknownFunction (0x000007fedd681098) + 0 bytes [UnknownFile:0]
UE4Editor-SlateCore.dll!UnknownFunction (0x000007fefab878af) + 0 bytes [UnknownFile:0]
UE4Editor-SlateCore.dll!UnknownFunction (0x000007fefab86f28) + 0 bytes [UnknownFile:0]
UE4Editor-Slate.dll!UnknownFunction (0x000007fedd681098) + 0 bytes [UnknownFile:0]
UE4Editor-PropertyEditor.dll!UnknownFunction (0x000007fedab1d50f) + 0 bytes [UnknownFile:0]
UE4Editor-SlateCore.dll!UnknownFunction (0x000007fefab878af) + 0 bytes [UnknownFile:0]
UE4Editor-SlateCore.dll!UnknownFunction (0x000007fefab87bba) + 0 bytes [UnknownFile:0]
UE4Editor-SlateCore.dll!UnknownFunction (0x000007fefab872fc) + 0 bytes [UnknownFile:0]
UE4Editor-SlateCore.dll!UnknownFunction (0x000007fefab878af) + 0 bytes [UnknownFile:0]
UE4Editor-SlateCore.dll!UnknownFunction (0x000007fefab86f28) + 0 bytes [UnknownFile:0]
UE4Editor-Slate.dll!UnknownFunction (0x000007fedd6ad5e4) + 0 bytes [UnknownFile:0]
UE4Editor-SlateCore.dll!UnknownFunction (0x000007fefab878af) + 0 bytes [UnknownFile:0]
UE4Editor-SlateCore.dll!UnknownFunction (0x000007fefab87bba) + 0 bytes [UnknownFile:0]
UE4Editor-SlateCore.dll!UnknownFunction (0x000007fefab872fc) + 0 bytes [UnknownFile:0]
UE4Editor-SlateCore.dll!UnknownFunction (0x000007fefab878af) + 0 bytes [UnknownFile:0]
UE4Editor-SlateCore.dll!UnknownFunction (0x000007fefab87bba) + 0 bytes [UnknownFile:0]
UE4Editor-SlateCore.dll!UnknownFunction (0x000007fefab872fc) + 0 bytes [UnknownFile:0]
UE4Editor-SlateCore.dll!UnknownFunction (0x000007fefab878af) + 0 bytes [UnknownFile:0]
UE4Editor-SlateCore.dll!UnknownFunction (0x000007fefab86f28) + 0 bytes [UnknownFile:0]
UE4Editor-SlateCore.dll!UnknownFunction (0x000007fefab878af) + 0 bytes [UnknownFile:0]
UE4Editor-SlateCore.dll!UnknownFunction (0x000007fefab86f28) + 0 bytes [UnknownFile:0]
UE4Editor-Slate.dll!UnknownFunction (0x000007fedd681098) + 0 bytes [UnknownFile:0]
UE4Editor-SlateCore.dll!UnknownFunction (0x000007fefab878af) + 0 bytes [UnknownFile:0]
UE4Editor-SlateCore.dll!UnknownFunction (0x000007fefab87bba) + 0 bytes [UnknownFile:0]
UE4Editor-SlateCore.dll!UnknownFunction (0x000007fefab872fc) + 0 bytes [UnknownFile:0]
UE4Editor-SlateCore.dll!UnknownFunction (0x000007fefab878af) + 0 bytes [UnknownFile:0]
UE4Editor-SlateCore.dll!UnknownFunction (0x000007fefab86f28) + 0 bytes [UnknownFile:0]
UE4Editor-Slate.dll!UnknownFunction (0x000007fedd681098) + 0 bytes [UnknownFile:0]
UE4Editor-SlateCore.dll!UnknownFunction (0x000007fefab878af) + 0 bytes [UnknownFile:0]
UE4Editor-SlateCore.dll!UnknownFunction (0x000007fefab87bba) + 0 bytes [UnknownFile:0]
UE4Editor-SlateCore.dll!UnknownFunction (0x000007fefab872fc) + 0 bytes [UnknownFile:0]
UE4Editor-SlateCore.dll!UnknownFunction (0x000007fefab878af) + 0 bytes [UnknownFile:0]
UE4Editor-SlateCore.dll!UnknownFunction (0x000007fefab86f28) + 0 bytes [UnknownFile:0]
UE4Editor-SlateCore.dll!UnknownFunction (0x000007fefab878af) + 0 bytes [UnknownFile:0]
UE4Editor-SlateCore.dll!UnknownFunction (0x000007fefab86f28) + 0 bytes [UnknownFile:0]
UE4Editor-Slate.dll!UnknownFunction (0x000007fedd681098) + 0 bytes [UnknownFile:0]
UE4Editor-SlateCore.dll!UnknownFunction (0x000007fefab878af) + 0 bytes [UnknownFile:0]
UE4Editor-SlateCore.dll!UnknownFunction (0x000007fefab871c5) + 0 bytes [UnknownFile:0]
UE4Editor-SlateCore.dll!UnknownFunction (0x000007fefab878af) + 0 bytes [UnknownFile:0]
UE4Editor-SlateCore.dll!UnknownFunction (0x000007fefab87bba) + 0 bytes [UnknownFile:0]
UE4Editor-SlateCore.dll!UnknownFunction (0x000007fefab872fc) + 0 bytes [UnknownFile:0]
UE4Editor-SlateCore.dll!UnknownFunction (0x000007fefab878af) + 0 bytes [UnknownFile:0]
UE4Editor-SlateCore.dll!UnknownFunction (0x000007fefab86f28) + 0 bytes [UnknownFile:0]
UE4Editor-SlateCore.dll!UnknownFunction (0x000007fefab878af) + 0 bytes [UnknownFile:0]
UE4Editor-SlateCore.dll!UnknownFunction (0x000007fefab87bba) + 0 bytes [UnknownFile:0]
UE4Editor-Slate.dll!UnknownFunction (0x000007fedd684494) + 0 bytes [UnknownFile:0]
UE4Editor-SlateCore.dll!UnknownFunction (0x000007fefab878af) + 0 bytes [UnknownFile:0]
UE4Editor-SlateCore.dll!UnknownFunction (0x000007fefab86f28) + 0 bytes [UnknownFile:0]
UE4Editor-SlateCore.dll!UnknownFunction (0x000007fefab878af) + 0 bytes [UnknownFile:0]
UE4Editor-SlateCore.dll!UnknownFunction (0x000007fefab87bba) + 0 bytes [UnknownFile:0]
UE4Editor-Slate.dll!UnknownFunction (0x000007fedd684494) + 0 bytes [UnknownFile:0]
UE4Editor-SlateCore.dll!UnknownFunction (0x000007fefab878af) + 0 bytes [UnknownFile:0]
UE4Editor-SlateCore.dll!UnknownFunction (0x000007fefab86f28) + 0 bytes [UnknownFile:0]
UE4Editor-SlateCore.dll!UnknownFunction (0x000007fefab878af) + 0 bytes [UnknownFile:0]
UE4Editor-SlateCore.dll!UnknownFunction (0x000007fefab87bba) + 0 bytes [UnknownFile:0]
UE4Editor-Slate.dll!UnknownFunction (0x000007fedd684494) + 0 bytes [UnknownFile:0]
UE4Editor-SlateCore.dll!UnknownFunction (0x000007fefab878af) + 0 bytes [UnknownFile:0]
UE4Editor-SlateCore.dll!UnknownFunction (0x000007fefab871c5) + 0 bytes [UnknownFile:0]
UE4Editor-SlateCore.dll!UnknownFunction (0x000007fefab878af) + 0 bytes [UnknownFile:0]
UE4Editor-SlateCore.dll!UnknownFunction (0x000007fefab86f28) + 0 bytes [UnknownFile:0]
UE4Editor-SlateCore.dll!UnknownFunction (0x000007fefab878af) + 0 bytes [UnknownFile:0]
UE4Editor-SlateCore.dll!UnknownFunction (0x000007fefab87bba) + 0 bytes [UnknownFile:0]
UE4Editor-SlateCore.dll!UnknownFunction (0x000007fefab872fc) + 0 bytes [UnknownFile:0]
UnknownModule!UnknownFunction (0x00000880d76ea471) + 0 bytes [UnknownFile:0]


[2014.12.01-04.23.35:368][222]LogExit: Executing StaticShutdownAfterError
[2014.12.01-04.23.35:605][222]LogWindows: FPlatformMisc::RequestExit(1)
[2014.12.01-04.23.35:605][222]Log file closed, 11/30/14 23:23:35
