Log file open, 12/03/14 05:01:04
LogInit:Display: Running engine for game: SUCCUBEUS
LogInit: Version: 4.5.1-2336687+++depot+UE4-Releases+4.5
LogInit: API Version: 2326478
LogInit: Compiled (64-bit): Oct 21 2014 22:32:40
LogInit: Compiled with Visual C++: 18.00.21005.01
LogInit: Build Configuration: Development
LogInit: Branch Name: ++depot+UE4-Releases+4.5
LogInit: Command line:  
LogInit: Base directory: C:/Program Files/Epic Games/4.5/Engine/Binaries/Win64/
LogInit: Rocket: 1
[2014.12.03-10.01.04:785][  0]LogTaskGraph: Started task graph with 3 named threads and 4 total threads.
[2014.12.03-10.01.04:814][  0]LogOnline:Warning: No default platform service specified for OnlineSubsystem
[2014.12.03-10.01.04:838][  0]LogInit: Presizing for 0 objects not considered by GC, pre-allocating 0 bytes.
[2014.12.03-10.01.04:854][  0]LogInit: Object subsystem initialized
[2014.12.03-10.01.04:858][  0]LogConsoleResponse:Warning: Skipping Unknown console variable: 'UIScaleRule = ShortestSide'
[2014.12.03-10.01.04:858][  0]LogConsoleResponse:Warning:   Found in ini file 'C:/Users/Devin/Documents/SUCCUBE-US/SUCCUBEUS/Saved/Config/Windows/Engine.ini', in section '[/Script/Engine.RendererSettings]'
[2014.12.03-10.01.04:858][  0]LogConsoleResponse:Warning: Skipping Unknown console variable: 'UIScaleCurve = (EditorCurveData=(Keys=((Time=480.000000,Value=0.444000),(Time=720.000000,Value=0.666000),(Time=1080.000000,Value=1.000000),(Time=8640.000000,Value=8.000000))),ExternalCurve=None)'
[2014.12.03-10.01.04:858][  0]LogConsoleResponse:Warning:   Found in ini file 'C:/Users/Devin/Documents/SUCCUBE-US/SUCCUBEUS/Saved/Config/Windows/Engine.ini', in section '[/Script/Engine.RendererSettings]'
[2014.12.03-10.01.04:859][  0]LogInit: Selected Device Profile: [Windows]
[2014.12.03-10.01.04:859][  0]LogInit: Applying CVar settings loaded from the selected device profile: [Windows]
[2014.12.03-10.01.04:864][  0]LogInit: Computer: DEVIN-PC
[2014.12.03-10.01.04:864][  0]LogInit: User: Devin
[2014.12.03-10.01.04:870][  0]LogInit: CPU Page size=4096, Cores=2
[2014.12.03-10.01.04:870][  0]LogInit: High frequency timer resolution =2.728232 MHz
[2014.12.03-10.01.04:870][  0]LogMemory: Memory total: Physical=7.7GB (8GB approx) Virtual=8192.0GB
[2014.12.03-10.01.04:870][  0]LogMemory: Platform Memory Stats for Windows
[2014.12.03-10.01.04:870][  0]LogMemory: Process Physical Memory: 65.47 MB used, 65.47 MB peak
[2014.12.03-10.01.04:870][  0]LogMemory: Process Virtual Memory: 42.64 MB used, 42.64 MB peak
[2014.12.03-10.01.04:870][  0]LogMemory: Physical Memory: 4808.66 MB used, 7915.94 MB total
[2014.12.03-10.01.04:870][  0]LogMemory: Virtual Memory: 279.23 MB used, 8388608.00 MB total
[2014.12.03-10.01.05:180][  0]LogD3D11RHI: Found D3D11 adapter 0: Intel(R) HD Graphics 4000 (Feature Level 11_0)
[2014.12.03-10.01.05:180][  0]LogD3D11RHI: Adapter has 977MB of dedicated video memory, 0MB of dedicated system memory, and 3071MB of shared system memory, 1 output[s]
[2014.12.03-10.01.05:180][  0]LogD3D11RHI: Chosen D3D11 Adapter Id = 0
[2014.12.03-10.01.05:194][  0]LogRHI: Texture pool is 1361 MB (70% of 1945 MB)
[2014.12.03-10.01.05:210][  0]LogD3D11RHI: Async texture creation enabled
[2014.12.03-10.01.05:268][  0]LogTextLocalizationManager: The requested culture ('en_US') has no localization data; parent culture's ('en') localization data will be used.
[2014.12.03-10.01.05:460][  0]LogContentStreaming: Texture pool size is 0.000000MB
[2014.12.03-10.01.11:404][  0]LogTargetPlatformManager:Display: Building Assets For Windows
[2014.12.03-10.01.11:876][  0]LogTargetPlatformManager:Display: Building Assets For Windows
[2014.12.03-10.01.11:926][  0]LogDerivedDataCache:Display: Max Cache Size: 512 MB
[2014.12.03-10.01.11:972][  0]LogDerivedDataCache: Loaded boot cache 0.05s 39MB C:/Users/Devin/AppData/Local/UnrealEngine/4.5/DerivedDataCache/Boot.ddc.
[2014.12.03-10.01.11:972][  0]LogDerivedDataCache:Display: Loaded Boot cache: C:/Users/Devin/AppData/Local/UnrealEngine/4.5/DerivedDataCache/Boot.ddc
[2014.12.03-10.01.11:972][  0]LogDerivedDataCache: FDerivedDataBackendGraph:  Pak pak cache file ../../../../../../Users/Devin/Documents/SUCCUBE-US/SUCCUBEUS/DerivedDataCache/DDC.ddp not found, will not use a pak cache.
[2014.12.03-10.01.11:972][  0]LogDerivedDataCache: Unable to find inner node Pak for hierarchical cache Hierarchy.
[2014.12.03-10.01.12:057][  0]LogDerivedDataCache:Display: Pak cache opened for reading ../../../Engine/DerivedDataCache/DDC.ddp.
[2014.12.03-10.01.12:068][  0]LogDerivedDataCache: Using Local data cache path C:/Users/Devin/AppData/Local/UnrealEngine/Common/DerivedDataCache: Writable
[2014.12.03-10.01.12:241][  0]LogMeshUtilities: No automatic mesh reduction module available
[2014.12.03-10.01.12:241][  0]LogMeshUtilities: No automatic mesh merging module available
[2014.12.03-10.01.12:460][  0]LogLinker:Warning: Asset '../../../Engine/Content/Functions/Engine_MaterialFunctions02/Texturing/FlipBook.uasset' has been saved with empty engine version. The asset will be loaded but may be incompatible.
[2014.12.03-10.01.12:463][  0]LogLinker:Warning: Asset '../../../Engine/Content/Functions/Engine_MaterialFunctions02/ExampleContent/Textures/flipbook.uasset' has been saved with empty engine version. The asset will be loaded but may be incompatible.
[2014.12.03-10.01.12:641][  0]LogInit: WinSock: version 1.1 (2.2), MaxSocks=32767, MaxUdp=65467
[2014.12.03-10.01.13:484][  0]UdpMessaging: Initializing bridge on interface 0.0.0.0:0 to multicast group 230.0.0.1:6666.
[2014.12.03-10.01.13:641][  0]LogDirectoryWatcher:Warning: Failed to begin reading directory changes for C:/Users/Devin/Documents/SUCCUBE-US/SUCCUBEUS/Binaries/Win64. Error: 0
[2014.12.03-10.01.13:794][  0]SourceControl: Info Source control is disabled
[2014.12.03-10.01.13:794][  0]SourceControl: Info Source control is disabled
[2014.12.03-10.01.13:801][  0]SourceControl: Info Source control is disabled
[2014.12.03-10.01.13:917][  0]LogObj: 22915 objects as part of root set at end of initial load.
[2014.12.03-10.01.13:917][  0]LogUObjectAllocator: 4803536 out of 0 bytes used by permanent object pool.
[2014.12.03-10.01.13:978][  0]LogEngine: Initializing Engine...
[2014.12.03-10.01.14:129][  0]LogInit: XAudio2 using 'Speaker/HP (Realtek High Definition Audio)' : 2 channels at 48 kHz using 32 bits per sample (channel mask 0x3)
[2014.12.03-10.01.14:146][  0]LogInit: FAudioDevice initialized.
[2014.12.03-10.01.14:168][  0]LogAIModule: Creating AISystem for world NewWorld
[2014.12.03-10.01.14:193][  0]LogDerivedDataCache: Saved boot cache 0.02s 39MB C:/Users/Devin/AppData/Local/UnrealEngine/4.5/DerivedDataCache/Boot.ddc.
[2014.12.03-10.01.14:196][  0]LogInit: Texture streaming: Enabled
[2014.12.03-10.01.14:246][  0]LogInit: Transaction tracking system initialized
[2014.12.03-10.01.14:338][  0]BlueprintLog: New page: Editor Load
[2014.12.03-10.01.14:369][  0]LogAssetRegistry: FAssetRegistry took 0.0102 seconds to start up
[2014.12.03-10.01.14:369][  0]LogDirectoryWatcher:Warning: Failed to begin reading directory changes for ../../../Engine/Plugins/Experimental/CharacterAI/Content/. Error: 0
[2014.12.03-10.01.15:019][  0]LogTargetPlatformManager:Display: Building Assets For Windows
[2014.12.03-10.01.15:512][  0]LogTargetPlatformManager:Display: Building Assets For Windows
[2014.12.03-10.01.15:720][  0]LogConsoleResponse:Display: 
[2014.12.03-10.01.15:929][  0]SourceControl: Info Source control is disabled
[2014.12.03-10.01.15:929][  0]Cmd: MAP LOAD FILE="../../../../../../Users/Devin/Documents/SUCCUBE-US/SUCCUBEUS/Content/Maps/Example_Map.umap" TEMPLATE=0 SHOWPROGRESS=1
[2014.12.03-10.01.15:929][  0]LightingResults: New page: Lighting Build
[2014.12.03-10.01.15:940][  0]MapCheck: New page: Map Check
[2014.12.03-10.01.15:940][  0]LightingResults: New page: Lighting Build
[2014.12.03-10.01.15:972][  0]LogParticles: Destroying 0 GPU particle simulations for FXSystem 0x000000001794DA80
[2014.12.03-10.01.17:142][  0]LogScript:Warning: Accessed None 'CallFunc_GetPlayerPawn_ReturnValue'
	AxeAnim_C /Game/Maps/Example_Map.Example_Map:PersistentLevel.sword_11.SkeletalMeshComponent0.AxeAnim_C_0
	Function /Game/Cubes/AxeAnim.AxeAnim_C:ExecuteUbergraph_AxeAnim:0110
[2014.12.03-10.01.17:143][  0]LogScript:Warning: Accessed None 'CallFunc_GetPlayerPawn_ReturnValue'
	CubeAnimSword_C /Game/Maps/Example_Map.Example_Map:PersistentLevel.EnemyCubeAxe_9.CharacterMesh0.CubeAnimSword_C_0
	Function /Game/Cubes/CubeAnimSword.CubeAnimSword_C:ExecuteUbergraph_CubeAnimSword:0136
[2014.12.03-10.01.17:144][  0]LogScript:Warning: Accessed None 'CallFunc_GetPlayerPawn_ReturnValue'
	AxeAnim_C /Game/Maps/Example_Map.Example_Map:PersistentLevel.EnemyCubeAxe_9.SkeletalMesh1.AxeAnim_C_1
	Function /Game/Cubes/AxeAnim.AxeAnim_C:ExecuteUbergraph_AxeAnim:0110
[2014.12.03-10.01.17:146][  0]LogScript:Warning: Accessed None 'CallFunc_GetPlayerPawn_ReturnValue'
	CubeAnimSword_C /Game/Maps/Example_Map.Example_Map:PersistentLevel.EnemyCubeAxe_16.CharacterMesh0.CubeAnimSword_C_1
	Function /Game/Cubes/CubeAnimSword.CubeAnimSword_C:ExecuteUbergraph_CubeAnimSword:0136
[2014.12.03-10.01.17:146][  0]LogScript:Warning: Accessed None 'CallFunc_GetPlayerPawn_ReturnValue'
	AxeAnim_C /Game/Maps/Example_Map.Example_Map:PersistentLevel.EnemyCubeAxe_16.SkeletalMesh1.AxeAnim_C_2
	Function /Game/Cubes/AxeAnim.AxeAnim_C:ExecuteUbergraph_AxeAnim:0110
[2014.12.03-10.01.17:147][  0]LogScript:Warning: Accessed None 'CallFunc_GetPlayerPawn_ReturnValue'
	CubeAnimHammer_C /Game/Maps/Example_Map.Example_Map:PersistentLevel.EnemyCubeHammer_8.CharacterMesh0.CubeAnimHammer_C_0
	Function /Game/Cubes/CubeAnimHammer.CubeAnimHammer_C:ExecuteUbergraph_CubeAnimHammer:011A
[2014.12.03-10.01.17:147][  0]LogScript:Warning: Accessed None 'CallFunc_GetPlayerPawn_ReturnValue'
	HammerAnim_C /Game/Maps/Example_Map.Example_Map:PersistentLevel.EnemyCubeHammer_8.SkeletalMesh1.HammerAnim_C_0
	Function /Game/Cubes/HammerAnim.HammerAnim_C:ExecuteUbergraph_HammerAnim:0110
[2014.12.03-10.01.17:149][  0]LogScript:Warning: Accessed None 'CallFunc_GetPlayerPawn_ReturnValue'
	CubeAnimSword_C /Game/Maps/Example_Map.Example_Map:PersistentLevel.EnemyCubeSword_4.CharacterMesh0.CubeAnimSword_C_2
	Function /Game/Cubes/CubeAnimSword.CubeAnimSword_C:ExecuteUbergraph_CubeAnimSword:0136
[2014.12.03-10.01.17:149][  0]LogScript:Warning: Accessed None 'CallFunc_GetPlayerPawn_ReturnValue'
	SwordAnim_C /Game/Maps/Example_Map.Example_Map:PersistentLevel.EnemyCubeSword_4.SkeletalMesh1.SwordAnim_C_0
	Function /Game/Cubes/SwordAnim.SwordAnim_C:ExecuteUbergraph_SwordAnim:0110
[2014.12.03-10.01.17:150][  0]LogScript:Warning: Accessed None 'CallFunc_GetPlayerPawn_ReturnValue'
	AxeAnim_C /Game/Maps/Example_Map.Example_Map:PersistentLevel.EnemyCubeAxe_9.SkeletalMesh1.AxeAnim_C_3
	Function /Game/Cubes/AxeAnim.AxeAnim_C:ExecuteUbergraph_AxeAnim:0110
[2014.12.03-10.01.17:150][  0]LogScript:Warning: Accessed None 'CallFunc_GetPlayerPawn_ReturnValue'
	AxeAnim_C /Game/Maps/Example_Map.Example_Map:PersistentLevel.EnemyCubeAxe_16.SkeletalMesh1.AxeAnim_C_4
	Function /Game/Cubes/AxeAnim.AxeAnim_C:ExecuteUbergraph_AxeAnim:0110
[2014.12.03-10.01.17:151][  0]LogScript:Warning: Accessed None 'CallFunc_GetPlayerPawn_ReturnValue'
	HammerAnim_C /Game/Maps/Example_Map.Example_Map:PersistentLevel.EnemyCubeHammer_8.SkeletalMesh1.HammerAnim_C_1
	Function /Game/Cubes/HammerAnim.HammerAnim_C:ExecuteUbergraph_HammerAnim:0110
[2014.12.03-10.01.17:151][  0]LogScript:Warning: Accessed None 'CallFunc_GetPlayerPawn_ReturnValue'
	SwordAnim_C /Game/Maps/Example_Map.Example_Map:PersistentLevel.EnemyCubeSword_4.SkeletalMesh1.SwordAnim_C_1
	Function /Game/Cubes/SwordAnim.SwordAnim_C:ExecuteUbergraph_SwordAnim:0110
[2014.12.03-10.01.17:152][  0]LogEditorServer: Finished looking for orphan Actors (0.000 secs)
[2014.12.03-10.01.17:152][  0]LogAIModule: Creating AISystem for world Example_Map
[2014.12.03-10.01.17:153][  0]Cmd: MAP CHECKDEP
[2014.12.03-10.01.17:153][  0]MapCheck: New page: Example_Map - Dec 3, 2014, 12:01:17 AM
[2014.12.03-10.01.17:270][  0]MapCheck: Info Map check complete: 0 Error(s), 0 Warning(s), took 117.464ms to complete.
[2014.12.03-10.01.17:271][  0]LogFileHelpers: Loading map 'Example_Map' took 1.342
[2014.12.03-10.01.17:361][  0]LogCollectionManager: Loaded 0 collections in 0.000968 seconds
[2014.12.03-10.01.17:524][  0]LogCrashTracker: Crashtracker disabled due to settings.
[2014.12.03-10.01.17:578][  0]LogUObjectGlobals:Warning: Failed to find object 'Class None.'
[2014.12.03-10.01.17:604][  0]LogLoad: Full Startup: 15.21 seconds (BP compile: 0.37 seconds)
[2014.12.03-10.01.17:946][  0]LogContentBrowser:Verbose: The content browser source was changed by the sources view to '/Game/Blueprints'
[2014.12.03-10.01.18:121][  0]LogRenderer:Warning: Reallocating scene render targets to support 944x728.
[2014.12.03-10.01.19:111][  3]LogAssetRegistry: Asset discovery search completed in 4.7531 seconds
[2014.12.03-10.01.34:861][ 51]LogScript:Warning: Accessed None 'CallFunc_GetPlayerPawn_ReturnValue'
	CubeAnimSword_C /Engine/Transient.World_1:PersistentLevel.SkeletalMeshActor_0.SkeletalMeshComponent0.CubeAnimSword_C_3
	Function /Game/Cubes/CubeAnimSword.CubeAnimSword_C:ExecuteUbergraph_CubeAnimSword:0136
[2014.12.03-10.01.34:862][ 51]LogScript:Warning: Accessed None 'CallFunc_GetPlayerPawn_ReturnValue'
	AxeAnim_C /Engine/Transient.World_1:PersistentLevel.SkeletalMeshActor_0.SkeletalMeshComponent0.AxeAnim_C_5
	Function /Game/Cubes/AxeAnim.AxeAnim_C:ExecuteUbergraph_AxeAnim:0110
[2014.12.03-10.01.34:863][ 51]LogScript:Warning: Accessed None 'CallFunc_GetPlayerPawn_ReturnValue'
	CubeAnimHammer_C /Engine/Transient.SkeletalMeshComponent_0:CubeAnimHammer_C_1
	Function /Game/Cubes/CubeAnimHammer.CubeAnimHammer_C:ExecuteUbergraph_CubeAnimHammer:011A
[2014.12.03-10.01.34:863][ 51]LogScript:Warning: Accessed None 'CallFunc_GetPlayerPawn_ReturnValue'
	HammerAnim_C /Engine/Transient.SkeletalMeshComponent_1:HammerAnim_C_2
	Function /Game/Cubes/HammerAnim.HammerAnim_C:ExecuteUbergraph_HammerAnim:0110
[2014.12.03-10.01.34:864][ 51]LogScript:Warning: Accessed None 'CallFunc_GetPlayerPawn_ReturnValue'
	CubeAnimSword_C /Engine/Transient.SkeletalMeshComponent_2:CubeAnimSword_C_4
	Function /Game/Cubes/CubeAnimSword.CubeAnimSword_C:ExecuteUbergraph_CubeAnimSword:0136
[2014.12.03-10.01.34:864][ 51]LogScript:Warning: Accessed None 'CallFunc_GetPlayerPawn_ReturnValue'
	AxeAnim_C /Engine/Transient.SkeletalMeshComponent_3:AxeAnim_C_6
	Function /Game/Cubes/AxeAnim.AxeAnim_C:ExecuteUbergraph_AxeAnim:0110
[2014.12.03-10.01.34:886][ 52]LogScript:Warning: Accessed None 'CallFunc_GetPlayerPawn_ReturnValue'
	CubeAnimHammer_C /Engine/Transient.World_1:PersistentLevel.SkeletalMeshActor_0.SkeletalMeshComponent0.CubeAnimHammer_C_2
	Function /Game/Cubes/CubeAnimHammer.CubeAnimHammer_C:ExecuteUbergraph_CubeAnimHammer:011A
[2014.12.03-10.01.34:887][ 52]LogScript:Warning: Accessed None 'CallFunc_GetPlayerPawn_ReturnValue'
	CubeAnimSword_C /Engine/Transient.SkeletalMeshComponent_4:CubeAnimSword_C_5
	Function /Game/Cubes/CubeAnimSword.CubeAnimSword_C:ExecuteUbergraph_CubeAnimSword:0136
[2014.12.03-10.01.34:887][ 52]LogScript:Warning: Accessed None 'CallFunc_GetPlayerPawn_ReturnValue'
	SwordAnim_C /Engine/Transient.SkeletalMeshComponent_5:SwordAnim_C_2
	Function /Game/Cubes/SwordAnim.SwordAnim_C:ExecuteUbergraph_SwordAnim:0110
[2014.12.03-10.01.46:913][567]LogContentBrowser:Verbose: The content browser source was changed by the sources view to '/Game/Blueprints'
[2014.12.03-10.06.43:405][739]LogContentBrowser:Verbose: The content browser source was changed by the sources view to '/Game/Blueprints/Assets'
[2014.12.03-10.06.48:082][801]LogFactory: FactoryCreateBinary: Texture with TextureFactory (0 0 ../../../../../../Users/Devin/Documents/College/Junior/Game Dev/Unreal/gameover.png)
[2014.12.03-10.06.49:264][801]0.000023 seconds to analyze Texture2D /Game/Blueprints/Assets/gameover.gameover

[2014.12.03-10.06.49:266][801]LogTexture:Display: Building textures: gameover (BGRA8)
[2014.12.03-10.06.49:289][801]LogContentBrowser:Verbose: The content browser source was changed by the sources view to 'None'
[2014.12.03-10.06.49:289][801]LogContentBrowser:Verbose: The content browser source was changed by the sources view to '/Game/Blueprints/Assets'
[2014.12.03-10.06.51:530][890]LogActorComponent: UnregisterComponent: (/Engine/Transient.ProjectileMovementComponent_0) Not registered. Aborting.
[2014.12.03-10.06.51:530][890]LogActorComponent: UnregisterComponent: (/Engine/Transient.CharacterMovementComponent_0) Not registered. Aborting.
[2014.12.03-10.06.51:530][890]LogActorComponent: UnregisterComponent: (/Engine/Transient.CharacterMovementComponent_1) Not registered. Aborting.
[2014.12.03-10.06.51:530][890]LogActorComponent: UnregisterComponent: (/Engine/Transient.CharacterMovementComponent_2) Not registered. Aborting.
[2014.12.03-10.06.51:629][890]Cmd: OBJ SAVEPACKAGE PACKAGE="/Game/Blueprints/GameOver" FILE="../../../../../../Users/Devin/Documents/SUCCUBE-US/SUCCUBEUS/Content/Blueprints/GameOver.uasset" SILENT=true
[2014.12.03-10.06.51:668][890]LogSavePackage: Save=33.573391ms
[2014.12.03-10.06.51:668][890]LogSavePackage: Moving '../../../../../../Users/Devin/Documents/SUCCUBE-US/SUCCUBEUS/Saved/GameOver88A4F70A477C97F1E1BB518ECFF1F33D.tmp' to '../../../../../../Users/Devin/Documents/SUCCUBE-US/SUCCUBEUS/Content/Blueprints/GameOver.uasset'
[2014.12.03-10.06.51:685][890]Cmd: OBJ SAVEPACKAGE PACKAGE="/Game/Blueprints/Assets/gameover" FILE="../../../../../../Users/Devin/Documents/SUCCUBE-US/SUCCUBEUS/Content/Blueprints/Assets/gameover.uasset" SILENT=true
[2014.12.03-10.06.51:981][890]LogSavePackage: Save=293.365814ms
[2014.12.03-10.06.51:981][890]LogSavePackage: Moving '../../../../../../Users/Devin/Documents/SUCCUBE-US/SUCCUBEUS/Saved/gameover7D2B46EA40CE9414BEB096ACA079FEF2.tmp' to '../../../../../../Users/Devin/Documents/SUCCUBE-US/SUCCUBEUS/Content/Blueprints/Assets/gameover.uasset'
[2014.12.03-10.06.54:393][992]LogContentBrowser:Verbose: The content browser source was changed by the sources view to '/Game/Blueprints'
[2014.12.03-10.07.10:373][456]LogWindowsTextInputMethodSystem:Error: Deactivating a context failed while setting focus to the disabled TSF document manager.
[2014.12.03-10.07.10:373][456]LogWindowsTextInputMethodSystem:Error: Deactivating a context failed while setting focus to the disabled TSF document manager.
[2014.12.03-10.07.26:893][842]LogWindowsTextInputMethodSystem:Error: Deactivating a context failed while setting focus to the disabled TSF document manager.
[2014.12.03-10.07.26:893][842]LogWindowsTextInputMethodSystem:Error: Deactivating a context failed while setting focus to the disabled TSF document manager.
[2014.12.03-10.07.35:312][ 58]LogWindowsTextInputMethodSystem:Error: Deactivating a context failed while setting focus to the disabled TSF document manager.
[2014.12.03-10.07.35:312][ 58]LogWindowsTextInputMethodSystem:Error: Deactivating a context failed while setting focus to the disabled TSF document manager.
[2014.12.03-10.08.28:502][405]LogWindowsTextInputMethodSystem:Error: Deactivating a context failed while setting focus to the disabled TSF document manager.
[2014.12.03-10.08.28:503][405]LogWindowsTextInputMethodSystem:Error: Deactivating a context failed while setting focus to the disabled TSF document manager.
[2014.12.03-10.08.49:118][998]LogWindowsTextInputMethodSystem:Error: Deactivating a context failed while setting focus to the disabled TSF document manager.
[2014.12.03-10.08.49:118][998]LogWindowsTextInputMethodSystem:Error: Deactivating a context failed while setting focus to the disabled TSF document manager.
[2014.12.03-10.09.12:080][642]LogWindowsTextInputMethodSystem:Error: Deactivating a context failed while setting focus to the disabled TSF document manager.
[2014.12.03-10.09.12:080][642]LogWindowsTextInputMethodSystem:Error: Deactivating a context failed while setting focus to the disabled TSF document manager.
[2014.12.03-10.09.15:299][729]LogWindowsTextInputMethodSystem:Error: Deactivating a context failed while setting focus to the disabled TSF document manager.
[2014.12.03-10.09.15:300][729]LogWindowsTextInputMethodSystem:Error: Deactivating a context failed while setting focus to the disabled TSF document manager.
[2014.12.03-10.09.19:623][852]LogWindowsTextInputMethodSystem:Error: Deactivating a context failed while setting focus to the disabled TSF document manager.
[2014.12.03-10.09.19:623][852]LogWindowsTextInputMethodSystem:Error: Deactivating a context failed while setting focus to the disabled TSF document manager.
[2014.12.03-10.09.41:098][477]LogWindowsTextInputMethodSystem:Error: Deactivating a context failed while setting focus to the disabled TSF document manager.
[2014.12.03-10.09.41:098][477]LogWindowsTextInputMethodSystem:Error: Deactivating a context failed while setting focus to the disabled TSF document manager.
[2014.12.03-10.09.46:155][626]LogWindowsTextInputMethodSystem:Error: Deactivating a context failed while setting focus to the disabled TSF document manager.
[2014.12.03-10.09.46:155][626]LogWindowsTextInputMethodSystem:Error: Deactivating a context failed while setting focus to the disabled TSF document manager.
[2014.12.03-10.09.53:188][828]LogWindowsTextInputMethodSystem:Error: Deactivating a context failed while setting focus to the disabled TSF document manager.
[2014.12.03-10.09.53:188][828]LogWindowsTextInputMethodSystem:Error: Deactivating a context failed while setting focus to the disabled TSF document manager.
[2014.12.03-10.10.00:993][ 50]LogWindowsTextInputMethodSystem:Error: Deactivating a context failed while setting focus to the disabled TSF document manager.
[2014.12.03-10.10.00:993][ 50]LogWindowsTextInputMethodSystem:Error: Deactivating a context failed while setting focus to the disabled TSF document manager.
[2014.12.03-10.10.17:162][502]LogWindowsTextInputMethodSystem:Error: Deactivating a context failed while setting focus to the disabled TSF document manager.
[2014.12.03-10.10.17:162][502]LogWindowsTextInputMethodSystem:Error: Deactivating a context failed while setting focus to the disabled TSF document manager.
[2014.12.03-10.11.18:054][299]LogActorComponent: UnregisterComponent: (/Engine/Transient.ProjectileMovementComponent_1) Not registered. Aborting.
[2014.12.03-10.11.18:107][299]LogFileHelpers: Editor autosave (incl. sublevels) for '/Game/Maps/Example_Map' took 0.053
[2014.12.03-10.11.18:121][299]OBJ SavePackage: Generating thumbnails for [0] asset(s) in package [/Game/Blueprints/GameOver] ([1] browsable assets)...
[2014.12.03-10.11.18:154][299]OBJ SavePackage: Finished generating thumbnails for package [/Game/Blueprints/GameOver]
[2014.12.03-10.11.18:309][299]LogSavePackage: Save=48.561485ms
[2014.12.03-10.11.18:309][299]LogSavePackage: Moving '../../../../../../Users/Devin/Documents/SUCCUBE-US/SUCCUBEUS/Saved/GameOver_Auto1573CC26749B4E63E365D62B97DD7AC63.tmp' to '../../../../../../Users/Devin/Documents/SUCCUBE-US/SUCCUBEUS/Saved/Autosaves/Game/Blueprints/GameOver_Auto1.uasset'
[2014.12.03-10.11.18:327][299]LogFileHelpers: Auto-saving content packages took 0.220
[2014.12.03-10.11.51:788][275]LogWindowsTextInputMethodSystem:Error: Deactivating a context failed while setting focus to the disabled TSF document manager.
[2014.12.03-10.11.51:788][275]LogWindowsTextInputMethodSystem:Error: Deactivating a context failed while setting focus to the disabled TSF document manager.
[2014.12.03-10.12.07:923][710]LogWindowsTextInputMethodSystem:Error: Deactivating a context failed while setting focus to the disabled TSF document manager.
[2014.12.03-10.12.07:923][710]LogWindowsTextInputMethodSystem:Error: Deactivating a context failed while setting focus to the disabled TSF document manager.
[2014.12.03-10.12.11:365][796]LogWindowsTextInputMethodSystem:Error: Deactivating a context failed while setting focus to the disabled TSF document manager.
[2014.12.03-10.12.11:365][796]LogWindowsTextInputMethodSystem:Error: Deactivating a context failed while setting focus to the disabled TSF document manager.
[2014.12.03-10.12.19:624][ 39]LogWindowsTextInputMethodSystem:Error: Deactivating a context failed while setting focus to the disabled TSF document manager.
[2014.12.03-10.12.19:624][ 39]LogWindowsTextInputMethodSystem:Error: Deactivating a context failed while setting focus to the disabled TSF document manager.
[2014.12.03-10.12.24:416][178]LogWindowsTextInputMethodSystem:Error: Deactivating a context failed while setting focus to the disabled TSF document manager.
[2014.12.03-10.12.24:416][178]LogWindowsTextInputMethodSystem:Error: Deactivating a context failed while setting focus to the disabled TSF document manager.
[2014.12.03-10.12.46:489][830]LogEditorTransaction: Undo Move Node
[2014.12.03-10.12.48:135][878]LogSlate:Warning: GetFontFace failed to load or process 'Roboto-Regular'
[2014.12.03-10.12.48:135][878]LogSlate:Warning: GetFontFace failed to load or process 'Roboto-Regular'
[2014.12.03-10.12.48:138][878]LogSlate:Warning: GetFontFace failed to load or process 'Roboto-Regular'
[2014.12.03-10.12.48:139][878]LogSlate:Warning: GetFontFace failed to load or process 'Roboto-Regular'
[2014.12.03-10.12.48:139][878]LogSlate:Warning: GetFontFace failed to load or process 'Roboto-Regular'
[2014.12.03-10.12.48:139][878]LogSlate:Warning: GetFontFace failed to load or process 'Roboto-Regular'
[2014.12.03-10.12.48:139][878]LogSlate:Warning: GetFontFace failed to load or process 'Roboto-Regular'
[2014.12.03-10.12.48:139][878]LogSlate:Warning: GetFontFace failed to load or process 'Roboto-Regular'
[2014.12.03-10.12.48:139][878]LogSlate:Warning: GetFontFace failed to load or process 'Roboto-Regular'
[2014.12.03-10.12.48:139][878]LogSlate:Warning: GetFontFace failed to load or process 'Roboto-Regular'
[2014.12.03-10.12.48:139][878]LogSlate:Warning: GetFontFace failed to load or process 'Roboto-Regular'
[2014.12.03-10.12.48:139][878]LogSlate:Warning: GetFontFace failed to load or process 'Roboto-Regular'
[2014.12.03-10.12.48:139][878]LogSlate:Warning: GetFontFace failed to load or process 'Roboto-Regular'
[2014.12.03-10.12.48:139][878]LogSlate:Warning: GetFontFace failed to load or process 'Roboto-Regular'
[2014.12.03-10.12.48:140][878]LogSlate:Warning: GetFontFace failed to load or process 'Roboto-Regular'
[2014.12.03-10.12.48:140][878]LogSlate:Warning: GetFontFace failed to load or process 'Roboto-Regular'
[2014.12.03-10.12.48:140][878]LogSlate:Warning: GetFontFace failed to load or process 'Roboto-Regular'
[2014.12.03-10.12.50:982][981]LogWindowsTextInputMethodSystem:Error: Deactivating a context failed while setting focus to the disabled TSF document manager.
[2014.12.03-10.12.50:982][981]LogWindowsTextInputMethodSystem:Error: Deactivating a context failed while setting focus to the disabled TSF document manager.
[2014.12.03-10.13.28:840][126]LogWindowsTextInputMethodSystem:Error: Deactivating a context failed while setting focus to the disabled TSF document manager.
[2014.12.03-10.13.28:840][126]LogWindowsTextInputMethodSystem:Error: Deactivating a context failed while setting focus to the disabled TSF document manager.
[2014.12.03-10.13.40:819][478]LogWindowsTextInputMethodSystem:Error: Deactivating a context failed while setting focus to the disabled TSF document manager.
[2014.12.03-10.13.40:819][478]LogWindowsTextInputMethodSystem:Error: Deactivating a context failed while setting focus to the disabled TSF document manager.
[2014.12.03-10.13.43:155][546]LogWindowsTextInputMethodSystem:Error: Deactivating a context failed while setting focus to the disabled TSF document manager.
[2014.12.03-10.13.43:155][546]LogWindowsTextInputMethodSystem:Error: Deactivating a context failed while setting focus to the disabled TSF document manager.
[2014.12.03-10.13.51:874][817]LogContentBrowser:Verbose: The content browser source was changed by the sources view to '/Game/Maps'
[2014.12.03-10.14.05:174][221]LogWindowsTextInputMethodSystem:Error: Deactivating a context failed while setting focus to the disabled TSF document manager.
[2014.12.03-10.14.05:174][221]LogWindowsTextInputMethodSystem:Error: Deactivating a context failed while setting focus to the disabled TSF document manager.
[2014.12.03-10.14.30:168][958]BlueprintLog: New page: Compile GameOver
[2014.12.03-10.14.30:288][958]LogActorComponent: UnregisterComponent: (/Engine/Transient.ProjectileMovementComponent_2) Not registered. Aborting.
[2014.12.03-10.14.30:334][958]BlueprintEditorCompileResults: Info [0807.82] Compile of GameOver successful! [in 2 ms]
[2014.12.03-10.14.31:150][980]Cmd: OBJ SAVEPACKAGE PACKAGE="/Game/Blueprints/GameOver" FILE="../../../../../../Users/Devin/Documents/SUCCUBE-US/SUCCUBEUS/Content/Blueprints/GameOver.uasset" SILENT=true
[2014.12.03-10.14.31:221][980]LogSavePackage: Save=27.076143ms
[2014.12.03-10.14.31:221][980]LogSavePackage: Moving '../../../../../../Users/Devin/Documents/SUCCUBE-US/SUCCUBEUS/Saved/GameOverE7496FE94A36DE0E93F2D7B4A5ECF32E.tmp' to '../../../../../../Users/Devin/Documents/SUCCUBE-US/SUCCUBEUS/Content/Blueprints/GameOver.uasset'
[2014.12.03-10.14.34:911][ 88]BlueprintLog: New page: Compile MainMenu
[2014.12.03-10.14.35:081][ 88]BlueprintEditorCompileResults: Info [0812.57] Compile of MainMenu successful! [in 63 ms]
[2014.12.03-10.14.35:351][ 93]Cmd: OBJ SAVEPACKAGE PACKAGE="/Game/Blueprints/MainMenu" FILE="../../../../../../Users/Devin/Documents/SUCCUBE-US/SUCCUBEUS/Content/Blueprints/MainMenu.uasset" SILENT=true
[2014.12.03-10.14.35:431][ 93]LogSavePackage: Save=27.134056ms
[2014.12.03-10.14.35:431][ 93]LogSavePackage: Moving '../../../../../../Users/Devin/Documents/SUCCUBE-US/SUCCUBEUS/Saved/MainMenu5C34B56E42F5FD10F856E7AE236D7047.tmp' to '../../../../../../Users/Devin/Documents/SUCCUBE-US/SUCCUBEUS/Content/Blueprints/MainMenu.uasset'
[2014.12.03-10.16.01:277][658]LogContentBrowser:Verbose: The content browser source was changed by the sources view to '/Game/Blueprints'
[2014.12.03-10.16.03:384][705]LogMaterial: Missing cached shader map for material black, compiling.
[2014.12.03-10.16.10:385][859]LogRenderer:Warning: Reallocating scene render targets to support 1256x728.
[2014.12.03-10.16.41:886][714]LogEditorTransaction: Undo Edit Properties
[2014.12.03-10.16.49:964][958]LogEditorTransaction: Undo Edit A
[2014.12.03-10.17.27:776][105]LogWindowsTextInputMethodSystem:Error: Deactivating a context failed while setting focus to the disabled TSF document manager.
[2014.12.03-10.17.27:776][105]LogWindowsTextInputMethodSystem:Error: Deactivating a context failed while setting focus to the disabled TSF document manager.
[2014.12.03-10.17.39:544][435]BlueprintLog: New page: Compile GameOver
[2014.12.03-10.17.39:666][435]LogActorComponent: UnregisterComponent: (/Engine/Transient.ProjectileMovementComponent_3) Not registered. Aborting.
[2014.12.03-10.17.39:666][435]LogActorComponent: UnregisterComponent: (/Engine/Transient.CharacterMovementComponent_3) Not registered. Aborting.
[2014.12.03-10.17.39:719][435]LogParticles: Destroying 0 GPU particle simulations for FXSystem 0x00000000192E8EA0
[2014.12.03-10.17.39:741][435]BlueprintEditorCompileResults: Info [0997.14] Compile of GameOver successful! [in 5 ms]
[2014.12.03-10.17.40:799][463]Cmd: OBJ SAVEPACKAGE PACKAGE="/Game/Blueprints/GameOver" FILE="../../../../../../Users/Devin/Documents/SUCCUBE-US/SUCCUBEUS/Content/Blueprints/GameOver.uasset" SILENT=true
[2014.12.03-10.17.40:902][463]LogSavePackage: Save=36.706554ms
[2014.12.03-10.17.40:902][463]LogSavePackage: Moving '../../../../../../Users/Devin/Documents/SUCCUBE-US/SUCCUBEUS/Saved/GameOverA0B5FE6E482AFAA5EE76F7A18543C9D8.tmp' to '../../../../../../Users/Devin/Documents/SUCCUBE-US/SUCCUBEUS/Content/Blueprints/GameOver.uasset'
[2014.12.03-10.17.55:292][960]Cmd: OBJ SAVEPACKAGE PACKAGE="/Game/Blueprints/MainMenu" FILE="../../../../../../Users/Devin/Documents/SUCCUBE-US/SUCCUBEUS/Content/Blueprints/MainMenu.uasset" SILENT=true
[2014.12.03-10.17.55:373][960]LogSavePackage: Save=31.424747ms
[2014.12.03-10.17.55:373][960]LogSavePackage: Moving '../../../../../../Users/Devin/Documents/SUCCUBE-US/SUCCUBEUS/Saved/MainMenuBEA39B8B48BFDE11FA52B089F4BACAE0.tmp' to '../../../../../../Users/Devin/Documents/SUCCUBE-US/SUCCUBEUS/Content/Blueprints/MainMenu.uasset'
[2014.12.03-10.18.06:698][319]LogContentBrowser:Verbose: The content browser source was changed by the sources view to '/Game/Blueprints/Assets'
[2014.12.03-10.18.11:003][476]LogContentBrowser:Verbose: The content browser source was changed by the sources view to '/Game/Blueprints'
[2014.12.03-10.18.13:329][560]LogActorComponent: UnregisterComponent: (/Engine/Transient.ProjectileMovementComponent_4) Not registered. Aborting.
[2014.12.03-10.18.13:329][560]LogActorComponent: UnregisterComponent: (/Engine/Transient.CharacterMovementComponent_4) Not registered. Aborting.
[2014.12.03-10.18.13:367][560]LogParticles: Destroying 0 GPU particle simulations for FXSystem 0x000000001A520EA0
[2014.12.03-10.18.16:359][561]Cmd: QUIT_EDITOR
[2014.12.03-10.18.16:795][561]LogExit: Preparing to exit.
[2014.12.03-10.18.17:727][561]LogExit: Editor shut down
[2014.12.03-10.18.17:727][561]LogExit: Transaction tracking system shut down
[2014.12.03-10.18.17:729][561]LogParticles: Destroying 0 GPU particle simulations for FXSystem 0x000000000DE9F4C0
[2014.12.03-10.18.17:762][561]LogParticles: Destroying 0 GPU particle simulations for FXSystem 0x000000001881A8E0
[2014.12.03-10.18.17:762][561]LogParticles: Destroying 0 GPU particle simulations for FXSystem 0x0000000020377380
[2014.12.03-10.18.17:762][561]LogParticles: Destroying 0 GPU particle simulations for FXSystem 0x000000001E8E6700
[2014.12.03-10.18.17:762][561]LogParticles: Destroying 0 GPU particle simulations for FXSystem 0x000000000FF2EB60
[2014.12.03-10.18.17:762][561]LogParticles: Destroying 0 GPU particle simulations for FXSystem 0x0000000011EFA520
[2014.12.03-10.18.17:762][561]LogExit: Object subsystem successfully closed.
[2014.12.03-10.18.17:838][561]LogModuleManager: Shutting down and abandoning module Merge (168)
[2014.12.03-10.18.17:838][561]LogModuleManager: Shutting down and abandoning module SequencerWidgets (167)
[2014.12.03-10.18.17:838][561]LogModuleManager: Shutting down and abandoning module AndroidDeviceDetection (166)
[2014.12.03-10.18.17:838][561]LogModuleManager: Shutting down and abandoning module CrashTracker (165)
[2014.12.03-10.18.17:838][561]LogModuleManager: Shutting down and abandoning module SuperSearch (164)
[2014.12.03-10.18.17:838][561]LogModuleManager: Shutting down and abandoning module SceneOutliner (163)
[2014.12.03-10.18.17:838][561]LogModuleManager: Shutting down and abandoning module EditorWidgets (162)
[2014.12.03-10.18.17:838][561]LogModuleManager: Shutting down and abandoning module CollectionManager (161)
[2014.12.03-10.18.17:839][561]LogModuleManager: Shutting down and abandoning module StatsViewer (160)
[2014.12.03-10.18.17:839][561]LogModuleManager: Shutting down and abandoning module FoliageEdit (159)
[2014.12.03-10.18.17:839][561]LogModuleManager: Shutting down and abandoning module LandscapeEditor (158)
[2014.12.03-10.18.17:839][561]LogModuleManager: Shutting down and abandoning module MeshPaint (157)
[2014.12.03-10.18.17:839][561]LogModuleManager: Shutting down and abandoning module ActorPickerMode (156)
[2014.12.03-10.18.17:839][561]LogModuleManager: Shutting down and abandoning module GeometryMode (155)
[2014.12.03-10.18.17:839][561]LogModuleManager: Shutting down and abandoning module TextureAlignMode (154)
[2014.12.03-10.18.17:839][561]LogModuleManager: Shutting down and abandoning module BspMode (153)
[2014.12.03-10.18.17:839][561]LogModuleManager: Shutting down and abandoning module PlacementMode (152)
[2014.12.03-10.18.17:839][561]LogModuleManager: Shutting down and abandoning module AutomationWorker (151)
[2014.12.03-10.18.17:839][561]LogModuleManager: Shutting down and abandoning module CharacterAI (150)
[2014.12.03-10.18.17:839][561]LogModuleManager: Shutting down and abandoning module GameProjectGeneration (149)
[2014.12.03-10.18.17:839][561]LogModuleManager: Shutting down and abandoning module IntroTutorials (148)
[2014.12.03-10.18.17:839][561]LogModuleManager: Shutting down and abandoning module EditorLiveStreaming (147)
[2014.12.03-10.18.17:839][561]LogModuleManager: Shutting down and abandoning module HardwareTargeting (146)
[2014.12.03-10.18.17:839][561]LogModuleManager: Shutting down and abandoning module BehaviorTreeEditor (145)
[2014.12.03-10.18.17:839][561]LogModuleManager: Shutting down and abandoning module DeviceProfileEditor (144)
[2014.12.03-10.18.17:839][561]LogModuleManager: Shutting down and abandoning module UndoHistory (143)
[2014.12.03-10.18.17:839][561]LogModuleManager: Shutting down and abandoning module GameplayTagsEditor (142)
[2014.12.03-10.18.17:839][561]LogModuleManager: Shutting down and abandoning module UserFeedback (141)
[2014.12.03-10.18.17:839][561]LogModuleManager: Shutting down and abandoning module XmlParser (140)
[2014.12.03-10.18.17:839][561]LogModuleManager: Shutting down and abandoning module Blutility (139)
[2014.12.03-10.18.17:839][561]LogModuleManager: Shutting down and abandoning module IOSPlatformEditor (138)
[2014.12.03-10.18.17:839][561]LogModuleManager: Shutting down and abandoning module IOSRuntimeSettings (137)
[2014.12.03-10.18.17:839][561]LogModuleManager: Shutting down and abandoning module AndroidPlatformEditor (136)
[2014.12.03-10.18.17:839][561]LogModuleManager: Shutting down and abandoning module AndroidRuntimeSettings (135)
[2014.12.03-10.18.17:839][561]LogModuleManager: Shutting down and abandoning module ProjectTargetPlatformEditor (134)
[2014.12.03-10.18.17:840][561]LogModuleManager: Shutting down and abandoning module ProjectSettingsViewer (133)
[2014.12.03-10.18.17:840][561]LogModuleManager: Shutting down and abandoning module InputBindingEditor (132)
[2014.12.03-10.18.17:840][561]LogModuleManager: Shutting down and abandoning module EditorSettingsViewer (131)
[2014.12.03-10.18.17:840][561]LogModuleManager: Shutting down and abandoning module SettingsEditor (130)
[2014.12.03-10.18.17:840][561]LogModuleManager: Shutting down and abandoning module ProjectLauncher (129)
[2014.12.03-10.18.17:840][561]LogModuleManager: Shutting down and abandoning module SessionFrontend (128)
[2014.12.03-10.18.17:840][561]LogModuleManager: Shutting down and abandoning module ProfilerClient (127)
[2014.12.03-10.18.17:840][561]LogModuleManager: Shutting down and abandoning module TargetDeviceServices (126)
[2014.12.03-10.18.17:840][561]LogModuleManager: Shutting down and abandoning module DeviceManager (125)
[2014.12.03-10.18.17:840][561]LogModuleManager: Shutting down and abandoning module AutomationController (124)
[2014.12.03-10.18.17:840][561]LogModuleManager: Shutting down and abandoning module AutomationWindow (123)
[2014.12.03-10.18.17:840][561]LogModuleManager: Shutting down and abandoning module Layers (122)
[2014.12.03-10.18.17:840][561]LogModuleManager: Shutting down and abandoning module ComponentVisualizers (121)
[2014.12.03-10.18.17:840][561]LogModuleManager: Shutting down and abandoning module DetailCustomizations (120)
[2014.12.03-10.18.17:840][561]LogModuleManager: Shutting down and abandoning module PackagesDialog (119)
[2014.12.03-10.18.17:841][561]LogModuleManager: Shutting down and abandoning module AssetRegistry (118)
[2014.12.03-10.18.17:895][561]LogModuleManager: Shutting down and abandoning module Persona (117)
[2014.12.03-10.18.17:895][561]LogModuleManager: Shutting down and abandoning module Kismet (116)
[2014.12.03-10.18.17:895][561]LogModuleManager: Shutting down and abandoning module GraphEditor (115)
[2014.12.03-10.18.17:895][561]LogModuleManager: Shutting down and abandoning module ClassViewer (114)
[2014.12.03-10.18.17:895][561]LogModuleManager: Shutting down and abandoning module Toolbox (113)
[2014.12.03-10.18.17:895][561]LogModuleManager: Shutting down and abandoning module ModuleUI (112)
[2014.12.03-10.18.17:895][561]LogModuleManager: Shutting down and abandoning module MovieSceneTools (111)
[2014.12.03-10.18.17:895][561]LogModuleManager: Shutting down and abandoning module OutputLog (110)
[2014.12.03-10.18.17:895][561]LogModuleManager: Shutting down and abandoning module GammaUI (109)
[2014.12.03-10.18.17:895][561]LogModuleManager: Shutting down and abandoning module Documentation (108)
[2014.12.03-10.18.17:895][561]LogModuleManager: Shutting down and abandoning module GameLiveStreaming (107)
[2014.12.03-10.18.17:895][561]LogModuleManager: Shutting down and abandoning module StreamingPauseRendering (106)
[2014.12.03-10.18.17:895][561]LogModuleManager: Shutting down and abandoning module HTTP (105)
[2014.12.03-10.18.17:896][561]LogModuleManager: Shutting down and abandoning module AnalyticsET (104)
[2014.12.03-10.18.17:896][561]LogModuleManager: Shutting down and abandoning module Analytics (103)
[2014.12.03-10.18.17:896][561]LogModuleManager: Shutting down and abandoning module GameplayDebugger (102)
[2014.12.03-10.18.17:896][561]LogModuleManager: Shutting down and abandoning module AIModule (101)
[2014.12.03-10.18.17:896][561]LogModuleManager: Shutting down and abandoning module ProfilerService (100)
[2014.12.03-10.18.18:025][561]LogModuleManager: Shutting down and abandoning module TaskGraph (99)
[2014.12.03-10.18.18:025][561]LogModuleManager: Shutting down and abandoning module SlateRemote (98)
[2014.12.03-10.18.18:025][561]LogModuleManager: Shutting down and abandoning module ScriptEditorPlugin (97)
[2014.12.03-10.18.18:025][561]LogModuleManager: Shutting down and abandoning module CustomMeshComponent (96)
[2014.12.03-10.18.18:025][561]LogModuleManager: Shutting down and abandoning module CableComponent (95)
[2014.12.03-10.18.18:025][561]LogModuleManager: Shutting down and abandoning module MessagingDebugger (94)
[2014.12.03-10.18.18:025][561]LogModuleManager: Shutting down and abandoning module MediaPlayerEditor (93)
[2014.12.03-10.18.18:025][561]LogModuleManager: Shutting down and abandoning module SpeedTreeImporter (92)
[2014.12.03-10.18.18:025][561]LogModuleManager: Shutting down and abandoning module PluginsEditor (91)
[2014.12.03-10.18.18:025][561]LogModuleManager: Shutting down and abandoning module EpicSurvey (90)
[2014.12.03-10.18.18:025][561]LogModuleManager: Shutting down and abandoning module DesktopPlatform (89)
[2014.12.03-10.18.18:025][561]LogModuleManager: Shutting down and abandoning module VisualStudioSourceCodeAccess (88)
[2014.12.03-10.18.18:025][561]LogModuleManager: Shutting down and abandoning module UObjectPlugin (87)
[2014.12.03-10.18.18:025][561]LogModuleManager: Shutting down and abandoning module SubversionSourceControl (86)
[2014.12.03-10.18.18:025][561]LogModuleManager: Shutting down and abandoning module SourceControl (85)
[2014.12.03-10.18.18:025][561]LogModuleManager: Shutting down and abandoning module PerforceSourceControl (84)
[2014.12.03-10.18.18:025][561]LogModuleManager: Shutting down and abandoning module BlankPlugin (83)
[2014.12.03-10.18.18:025][561]LogModuleManager: Shutting down and abandoning module SlateReflector (82)
[2014.12.03-10.18.18:025][561]LogModuleManager: Shutting down and abandoning module DirectoryWatcher (81)
[2014.12.03-10.18.18:025][561]LogModuleManager: Shutting down and abandoning module HotReload (80)
[2014.12.03-10.18.18:026][561]LogModuleManager: Shutting down and abandoning module MainFrame (79)
[2014.12.03-10.18.18:026][561]LogModuleManager: Shutting down and abandoning module LevelEditor (78)
[2014.12.03-10.18.18:026][561]LogModuleManager: Shutting down and abandoning module ViewportSnapping (77)
[2014.12.03-10.18.18:026][561]LogModuleManager: Shutting down and abandoning module SmartSnapping (76)
[2014.12.03-10.18.18:026][561]LogModuleManager: Shutting down and abandoning module PaperTiledImporter (75)
[2014.12.03-10.18.18:027][561]LogModuleManager: Shutting down and abandoning module PaperJsonImporter (74)
[2014.12.03-10.18.18:027][561]LogModuleManager: Shutting down and abandoning module ContentBrowser (73)
[2014.12.03-10.18.18:027][561]LogModuleManager: Shutting down and abandoning module PropertyEditor (72)
[2014.12.03-10.18.18:027][561]LogModuleManager: Shutting down and abandoning module Paper2DEditor (71)
[2014.12.03-10.18.18:027][561]LogModuleManager: Shutting down and abandoning module ScriptPlugin (70)
[2014.12.03-10.18.18:027][561]LogModuleManager: Shutting down and abandoning module UdpMessaging (69)
[2014.12.03-10.18.18:127][561]LogModuleManager: Shutting down and abandoning module Paper2D (68)
[2014.12.03-10.18.18:127][561]LogModuleManager: Shutting down and abandoning module WindowsMoviePlayer (67)
[2014.12.03-10.18.18:130][561]LogModuleManager: Shutting down and abandoning module Media (66)
[2014.12.03-10.18.18:130][561]LogModuleManager: Shutting down and abandoning module WmfMedia (65)
[2014.12.03-10.18.18:154][561]LogModuleManager: Shutting down and abandoning module OnlineBlueprintSupport (64)
[2014.12.03-10.18.18:154][561]LogModuleManager: Shutting down and abandoning module FunctionalTesting (63)
[2014.12.03-10.18.18:154][561]LogModuleManager: Shutting down and abandoning module CollisionAnalyzer (62)
[2014.12.03-10.18.18:154][561]LogModuleManager: Shutting down and abandoning module WorkspaceMenuStructure (61)
[2014.12.03-10.18.18:154][561]LogModuleManager: Shutting down and abandoning module MessageLog (60)
[2014.12.03-10.18.18:154][561]LogModuleManager: Shutting down and abandoning module Sequencer (59)
[2014.12.03-10.18.18:154][561]LogModuleManager: Shutting down and abandoning module AssetTools (58)
[2014.12.03-10.18.18:154][561]LogModuleManager: Shutting down and abandoning module UMGEditor (57)
[2014.12.03-10.18.18:154][561]LogModuleManager: Shutting down and abandoning module UMG (56)
[2014.12.03-10.18.18:155][561]LogModuleManager: Shutting down and abandoning module Slate (55)
[2014.12.03-10.18.18:155][561]LogModuleManager: Shutting down and abandoning module EditorStyle (54)
[2014.12.03-10.18.18:158][561]LogModuleManager: Shutting down and abandoning module SessionServices (53)
[2014.12.03-10.18.18:158][561]LogModuleManager: Shutting down and abandoning module SourceCodeAccess (52)
[2014.12.03-10.18.18:158][561]LogModuleManager: Shutting down and abandoning module HeadMountedDisplay (51)
[2014.12.03-10.18.18:158][561]LogModuleManager: Shutting down and abandoning module XAudio2 (50)
[2014.12.03-10.18.18:158][561]LogModuleManager: Shutting down and abandoning module Networking (48)
[2014.12.03-10.18.18:158][561]LogModuleManager: Shutting down and abandoning module Core (47)
[2014.12.03-10.18.18:158][561]LogModuleManager: Shutting down and abandoning module KismetCompiler (46)
[2014.12.03-10.18.18:158][561]LogModuleManager: Shutting down and abandoning module PhysXFormats (45)
[2014.12.03-10.18.18:158][561]LogModuleManager: Shutting down and abandoning module MeshUtilities (44)
[2014.12.03-10.18.18:158][561]LogModuleManager: Shutting down and abandoning module DerivedDataCache (43)
[2014.12.03-10.18.18:210][561]LogDerivedDataCache: Shutdown
[2014.12.03-10.18.18:210][561]LogModuleManager: Shutting down and abandoning module ShaderFormatOpenGL (42)
[2014.12.03-10.18.18:210][561]LogModuleManager: Shutting down and abandoning module ShaderFormatD3D (41)
[2014.12.03-10.18.18:210][561]LogModuleManager: Shutting down and abandoning module MetalShaderFormat (40)
[2014.12.03-10.18.18:210][561]LogModuleManager: Shutting down and abandoning module TextureFormatUncompressed (39)
[2014.12.03-10.18.18:210][561]LogModuleManager: Shutting down and abandoning module TextureFormatPVR (38)
[2014.12.03-10.18.18:210][561]LogModuleManager: Shutting down and abandoning module TextureFormatDXT (37)
[2014.12.03-10.18.18:210][561]LogModuleManager: Shutting down and abandoning module TextureFormatAndroid (36)
[2014.12.03-10.18.18:210][561]LogModuleManager: Shutting down and abandoning module AudioFormatOpus (35)
[2014.12.03-10.18.18:210][561]LogModuleManager: Shutting down and abandoning module AudioFormatOgg (34)
[2014.12.03-10.18.18:210][561]LogModuleManager: Shutting down and abandoning module AudioFormatADPCM (33)
[2014.12.03-10.18.18:210][561]LogModuleManager: Shutting down and abandoning module Messaging (32)
[2014.12.03-10.18.18:210][561]LogModuleManager: Shutting down and abandoning module IOSTargetPlatform (31)
[2014.12.03-10.18.18:210][561]LogModuleManager: Shutting down and abandoning module Android_PVRTCTargetPlatform (30)
[2014.12.03-10.18.18:210][561]LogModuleManager: Shutting down and abandoning module Android_ETC2TargetPlatform (29)
[2014.12.03-10.18.18:210][561]LogModuleManager: Shutting down and abandoning module Android_ETC1TargetPlatform (28)
[2014.12.03-10.18.18:210][561]LogModuleManager: Shutting down and abandoning module Android_DXTTargetPlatform (27)
[2014.12.03-10.18.18:210][561]LogModuleManager: Shutting down and abandoning module Android_ATCTargetPlatform (26)
[2014.12.03-10.18.18:210][561]LogModuleManager: Shutting down and abandoning module AndroidTargetPlatform (25)
[2014.12.03-10.18.18:210][561]LogModuleManager: Shutting down and abandoning module WindowsTargetPlatform (24)
[2014.12.03-10.18.18:210][561]LogModuleManager: Shutting down and abandoning module WindowsServerTargetPlatform (23)
[2014.12.03-10.18.18:210][561]LogModuleManager: Shutting down and abandoning module WindowsNoEditorTargetPlatform (22)
[2014.12.03-10.18.18:210][561]LogModuleManager: Shutting down and abandoning module WindowsClientTargetPlatform (21)
[2014.12.03-10.18.18:210][561]LogModuleManager: Shutting down and abandoning module TargetPlatform (20)
[2014.12.03-10.18.18:210][561]LogModuleManager: Shutting down and abandoning module InputCore (19)
[2014.12.03-10.18.18:210][561]LogModuleManager: Shutting down and abandoning module Settings (18)
[2014.12.03-10.18.18:210][561]LogModuleManager: Shutting down and abandoning module ImageWrapper (17)
[2014.12.03-10.18.18:210][561]LogModuleManager: Shutting down and abandoning module OculusRift (14)
[2014.12.03-10.18.18:210][561]LogModuleManager: Shutting down and abandoning module ExampleDeviceProfileSelector (13)
[2014.12.03-10.18.18:210][561]LogModuleManager: Shutting down and abandoning module TextureCompressor (12)
[2014.12.03-10.18.18:210][561]LogModuleManager: Shutting down and abandoning module ShaderCore (11)
[2014.12.03-10.18.18:210][561]LogModuleManager: Shutting down and abandoning module SlateRHIRenderer (10)
[2014.12.03-10.18.18:212][561]LogModuleManager: Shutting down and abandoning module OpenGLDrv (9)
[2014.12.03-10.18.18:212][561]LogModuleManager: Shutting down and abandoning module D3D11RHI (8)
[2014.12.03-10.18.18:212][561]LogModuleManager: Shutting down and abandoning module Renderer (7)
[2014.12.03-10.18.18:212][561]LogModuleManager: Shutting down and abandoning module Engine (6)
[2014.12.03-10.18.18:212][561]LogModuleManager: Shutting down and abandoning module CoreUObject (5)
[2014.12.03-10.18.18:212][561]LogModuleManager: Shutting down and abandoning module NetworkFile (4)
[2014.12.03-10.18.18:212][561]LogModuleManager: Shutting down and abandoning module StreamingFile (3)
[2014.12.03-10.18.18:212][561]LogModuleManager: Shutting down and abandoning module SandboxFile (2)
[2014.12.03-10.18.18:212][561]LogModuleManager: Shutting down and abandoning module PakFile (1)
[2014.12.03-10.18.18:212][561]LogExit: Exiting.
[2014.12.03-10.18.18:251][561]Log file closed, 12/03/14 05:18:18
