Log file open, 11/24/14 21:08:06
LogInit:Display: Running engine for game: SUCCUBEUS
LogInit: Version: 4.5.1-2336687+++depot+UE4-Releases+4.5
LogInit: API Version: 2326478
LogInit: Compiled (64-bit): Oct 21 2014 22:32:40
LogInit: Compiled with Visual C++: 18.00.21005.01
LogInit: Build Configuration: Development
LogInit: Branch Name: ++depot+UE4-Releases+4.5
LogInit: Command line:  
LogInit: Base directory: C:/Program Files/Epic Games/4.5/Engine/Binaries/Win64/
LogInit: Rocket: 1
[2014.11.25-02.08.06:616][  0]LogTaskGraph: Started task graph with 3 named threads and 4 total threads.
[2014.11.25-02.08.06:644][  0]LogOnline:Warning: No default platform service specified for OnlineSubsystem
[2014.11.25-02.08.07:014][  0]LogInit: Presizing for 0 objects not considered by GC, pre-allocating 0 bytes.
[2014.11.25-02.08.07:162][  0]LogInit: Object subsystem initialized
[2014.11.25-02.08.07:408][  0]LogConsoleResponse:Warning: Skipping Unknown console variable: 'UIScaleRule = ShortestSide'
[2014.11.25-02.08.07:408][  0]LogConsoleResponse:Warning:   Found in ini file 'C:/Users/Devin/Documents/SUCCUBE-US/SUCCUBEUS/Saved/Config/Windows/Engine.ini', in section '[/Script/Engine.RendererSettings]'
[2014.11.25-02.08.07:408][  0]LogConsoleResponse:Warning: Skipping Unknown console variable: 'UIScaleCurve = (EditorCurveData=(Keys=((Time=480.000000,Value=0.444000),(Time=720.000000,Value=0.666000),(Time=1080.000000,Value=1.000000),(Time=8640.000000,Value=8.000000))),ExternalCurve=None)'
[2014.11.25-02.08.07:408][  0]LogConsoleResponse:Warning:   Found in ini file 'C:/Users/Devin/Documents/SUCCUBE-US/SUCCUBEUS/Saved/Config/Windows/Engine.ini', in section '[/Script/Engine.RendererSettings]'
[2014.11.25-02.08.07:490][  0]LogInit: Selected Device Profile: [Windows]
[2014.11.25-02.08.07:490][  0]LogInit: Applying CVar settings loaded from the selected device profile: [Windows]
[2014.11.25-02.08.07:741][  0]LogInit: Computer: DEVIN-PC
[2014.11.25-02.08.07:741][  0]LogInit: User: Devin
[2014.11.25-02.08.07:747][  0]LogInit: CPU Page size=4096, Cores=2
[2014.11.25-02.08.07:747][  0]LogInit: High frequency timer resolution =2.728261 MHz
[2014.11.25-02.08.07:747][  0]LogMemory: Memory total: Physical=7.7GB (8GB approx) Virtual=8192.0GB
[2014.11.25-02.08.07:748][  0]LogMemory: Platform Memory Stats for Windows
[2014.11.25-02.08.07:748][  0]LogMemory: Process Physical Memory: 63.46 MB used, 63.46 MB peak
[2014.11.25-02.08.07:748][  0]LogMemory: Process Virtual Memory: 38.64 MB used, 38.64 MB peak
[2014.11.25-02.08.07:748][  0]LogMemory: Physical Memory: 4805.78 MB used, 7915.94 MB total
[2014.11.25-02.08.07:748][  0]LogMemory: Virtual Memory: 271.34 MB used, 8388608.00 MB total
[2014.11.25-02.08.08:969][  0]LogD3D11RHI: Found D3D11 adapter 0: Intel(R) HD Graphics 4000 (Feature Level 11_0)
[2014.11.25-02.08.08:970][  0]LogD3D11RHI: Adapter has 977MB of dedicated video memory, 0MB of dedicated system memory, and 3071MB of shared system memory, 1 output[s]
[2014.11.25-02.08.08:970][  0]LogD3D11RHI: Chosen D3D11 Adapter Id = 0
[2014.11.25-02.08.08:995][  0]LogRHI: Texture pool is 1361 MB (70% of 1945 MB)
[2014.11.25-02.08.09:006][  0]LogD3D11RHI: Async texture creation enabled
[2014.11.25-02.08.12:408][  0]LogTextLocalizationManager: The requested culture ('en_US') has no localization data; parent culture's ('en') localization data will be used.
[2014.11.25-02.08.12:746][  0]LogContentStreaming: Texture pool size is 0.000000MB
[2014.11.25-02.08.23:435][  0]LogTargetPlatformManager:Display: Building Assets For Windows
[2014.11.25-02.08.24:451][  0]LogTargetPlatformManager:Display: Building Assets For Windows
[2014.11.25-02.08.24:528][  0]LogDerivedDataCache:Display: Max Cache Size: 512 MB
[2014.11.25-02.08.25:046][  0]LogDerivedDataCache: Loaded boot cache 0.51s 39MB C:/Users/Devin/AppData/Local/UnrealEngine/4.5/DerivedDataCache/Boot.ddc.
[2014.11.25-02.08.25:046][  0]LogDerivedDataCache:Display: Loaded Boot cache: C:/Users/Devin/AppData/Local/UnrealEngine/4.5/DerivedDataCache/Boot.ddc
[2014.11.25-02.08.25:046][  0]LogDerivedDataCache: FDerivedDataBackendGraph:  Pak pak cache file ../../../../../../Users/Devin/Documents/SUCCUBE-US/SUCCUBEUS/DerivedDataCache/DDC.ddp not found, will not use a pak cache.
[2014.11.25-02.08.25:046][  0]LogDerivedDataCache: Unable to find inner node Pak for hierarchical cache Hierarchy.
[2014.11.25-02.08.25:180][  0]LogDerivedDataCache:Display: Pak cache opened for reading ../../../Engine/DerivedDataCache/DDC.ddp.
[2014.11.25-02.08.25:274][  0]LogDerivedDataCache: Using Local data cache path C:/Users/Devin/AppData/Local/UnrealEngine/Common/DerivedDataCache: Writable
[2014.11.25-02.08.34:121][  0]LogMeshUtilities: No automatic mesh reduction module available
[2014.11.25-02.08.34:121][  0]LogMeshUtilities: No automatic mesh merging module available
[2014.11.25-02.08.35:736][  0]LogLinker:Warning: Asset '../../../Engine/Content/Functions/Engine_MaterialFunctions02/Texturing/FlipBook.uasset' has been saved with empty engine version. The asset will be loaded but may be incompatible.
[2014.11.25-02.08.35:818][  0]LogLinker:Warning: Asset '../../../Engine/Content/Functions/Engine_MaterialFunctions02/ExampleContent/Textures/flipbook.uasset' has been saved with empty engine version. The asset will be loaded but may be incompatible.
[2014.11.25-02.08.37:685][  0]LogInit: WinSock: version 1.1 (2.2), MaxSocks=32767, MaxUdp=65467
[2014.11.25-02.08.59:130][  0]UdpMessaging: Initializing bridge on interface 0.0.0.0:0 to multicast group 230.0.0.1:6666.
[2014.11.25-02.08.59:797][  0]LogDirectoryWatcher:Warning: Failed to begin reading directory changes for C:/Users/Devin/Documents/SUCCUBE-US/SUCCUBEUS/Binaries/Win64. Error: 0
[2014.11.25-02.09.00:853][  0]SourceControl: Info Source control is disabled
[2014.11.25-02.09.00:853][  0]SourceControl: Info Source control is disabled
[2014.11.25-02.09.00:860][  0]SourceControl: Info Source control is disabled
[2014.11.25-02.09.01:203][  0]LogObj: 22915 objects as part of root set at end of initial load.
[2014.11.25-02.09.01:203][  0]LogUObjectAllocator: 4803536 out of 0 bytes used by permanent object pool.
[2014.11.25-02.09.01:410][  0]LogEngine: Initializing Engine...
[2014.11.25-02.09.02:211][  0]LogInit: XAudio2 using 'Speaker/HP (Realtek High Definition Audio)' : 2 channels at 48 kHz using 32 bits per sample (channel mask 0x3)
[2014.11.25-02.09.02:223][  0]LogInit: FAudioDevice initialized.
[2014.11.25-02.09.02:476][  0]LogAIModule: Creating AISystem for world NewWorld
[2014.11.25-02.09.02:512][  0]LogDerivedDataCache: Saved boot cache 0.02s 39MB C:/Users/Devin/AppData/Local/UnrealEngine/4.5/DerivedDataCache/Boot.ddc.
[2014.11.25-02.09.02:515][  0]LogInit: Texture streaming: Enabled
[2014.11.25-02.09.02:730][  0]LogInit: Transaction tracking system initialized
[2014.11.25-02.09.03:108][  0]BlueprintLog: New page: Editor Load
[2014.11.25-02.09.03:651][  0]LogAssetRegistry: FAssetRegistry took 0.0245 seconds to start up
[2014.11.25-02.09.03:651][  0]LogDirectoryWatcher:Warning: Failed to begin reading directory changes for ../../../Engine/Plugins/Experimental/CharacterAI/Content/. Error: 0
[2014.11.25-02.09.06:717][  0]LogTargetPlatformManager:Display: Building Assets For Windows
[2014.11.25-02.09.07:084][  0]LogTargetPlatformManager:Display: Building Assets For Windows
[2014.11.25-02.09.09:114][  0]LogConsoleResponse:Display: 
[2014.11.25-02.09.13:886][  0]SourceControl: Info Source control is disabled
[2014.11.25-02.09.13:887][  0]Cmd: MAP LOAD FILE="../../../../../../Users/Devin/Documents/SUCCUBE-US/SUCCUBEUS/Content/Maps/Example_Map.umap" TEMPLATE=0 SHOWPROGRESS=1
[2014.11.25-02.09.13:929][  0]LightingResults: New page: Lighting Build
[2014.11.25-02.09.13:967][  0]MapCheck: New page: Map Check
[2014.11.25-02.09.13:967][  0]LightingResults: New page: Lighting Build
[2014.11.25-02.09.14:017][  0]LogParticles: Destroying 0 GPU particle simulations for FXSystem 0x0000000017D15A80
[2014.11.25-02.09.17:475][  0]LogTexture:Display: Building textures: HQ_Lightmap0_1 (AutoDXT)
[2014.11.25-02.09.17:957][  0]LogTexture:Display: Building textures: HQ_Lightmap0_2 (AutoDXT)
[2014.11.25-02.09.17:964][  0]LogTexture:Display: Building textures: HQ_Lightmap1_2 (AutoDXT)
[2014.11.25-02.09.17:982][  0]LogTexture:Display: Building textures: LQ_Lightmap_0_1 (DXT1)
[2014.11.25-02.09.18:150][  0]LogTexture:Display: Building textures: LQ_Lightmap_0_2 (DXT1)
[2014.11.25-02.09.18:160][  0]LogTexture:Display: Building textures: ShadowMapTexture2D_0 (BGRA8)
[2014.11.25-02.09.18:191][  0]LogTexture:Display: Building textures: ShadowMapTexture2D_1 (BGRA8)
[2014.11.25-02.09.18:192][  0]LogTexture:Display: Building textures: ShadowMapTexture2D_2 (BGRA8)
[2014.11.25-02.09.19:260][  0]LogEditorServer: Finished looking for orphan Actors (0.000 secs)
[2014.11.25-02.09.19:261][  0]LogAIModule: Creating AISystem for world Example_Map
[2014.11.25-02.09.19:304][  0]Cmd: MAP CHECKDEP
[2014.11.25-02.09.19:389][  0]MapCheck: New page: Example_Map - Nov 24, 2014, 4:09:19 PM
[2014.11.25-02.09.19:582][  0]MapCheck: Info Map check complete: 0 Error(s), 0 Warning(s), took 278.208ms to complete.
[2014.11.25-02.09.19:582][  0]LogFileHelpers: Loading map 'Example_Map' took 5.696
[2014.11.25-02.09.24:571][  0]LogCollectionManager: Loaded 0 collections in 0.000997 seconds
[2014.11.25-02.09.27:446][  0]LogCrashTracker: Crashtracker disabled due to settings.
[2014.11.25-02.09.28:376][  0]LogLoad: Full Startup: 97.49 seconds (BP compile: 0.29 seconds)
[2014.11.25-02.09.30:723][  0]LogRenderer:Warning: Reallocating scene render targets to support 944x728.
[2014.11.25-02.09.59:188][ 78]LogAssetRegistry: Asset discovery search completed in 55.5601 seconds
[2014.11.25-03.06.40:090][407]LogHttp:Warning: Timeout processing Http request. 000000000B84A400 url=http://et2.epicgames.com/ET2/CollectData.1?SessionID=%7B8B744166-4695-A6C9-6CED-23AA64B704BC%7D&AppID=Rocket.Release&AppVersion=4.5.1-2336687%2B%2B%2Bdepot%2BUE4-Releases%2B4.5&UserID=a91a5d4fba6578b9e03760f10e947648&IsEditor=1
[2014.11.25-03.06.40:457][407]LogHttp:Warning: InternetStatusCallbackWinInet: on invalid request 000000000B84A400. 
[2014.11.25-03.06.40:457][407]LogHttp:Warning: InternetStatusCallbackWinInet: on invalid request 000000000B84A400. 
[2014.11.25-03.06.40:457][407]LogHttp:Warning: InternetStatusCallbackWinInet: on invalid request 000000000B84A400. 
[2014.11.25-03.06.40:457][407]LogHttp:Warning: InternetStatusCallbackWinInet: on invalid request 000000000B84A400. 
[2014.11.25-03.06.56:180][594]Cmd: QUIT_EDITOR
[2014.11.25-03.06.56:883][594]LogExit: Preparing to exit.
[2014.11.25-03.06.58:258][594]LogExit: Editor shut down
[2014.11.25-03.06.58:258][594]LogExit: Transaction tracking system shut down
[2014.11.25-03.06.59:404][594]LogParticles: Destroying 0 GPU particle simulations for FXSystem 0x0000000011B1AFC0
[2014.11.25-03.06.59:404][594]LogExit: Object subsystem successfully closed.
[2014.11.25-03.07.00:958][594]LogModuleManager: Shutting down and abandoning module AndroidDeviceDetection (166)
[2014.11.25-03.07.00:958][594]LogModuleManager: Shutting down and abandoning module CrashTracker (165)
[2014.11.25-03.07.00:958][594]LogModuleManager: Shutting down and abandoning module SuperSearch (164)
[2014.11.25-03.07.00:958][594]LogModuleManager: Shutting down and abandoning module SceneOutliner (163)
[2014.11.25-03.07.00:958][594]LogModuleManager: Shutting down and abandoning module EditorWidgets (162)
[2014.11.25-03.07.00:958][594]LogModuleManager: Shutting down and abandoning module CollectionManager (161)
[2014.11.25-03.07.00:997][594]LogModuleManager: Shutting down and abandoning module StatsViewer (160)
[2014.11.25-03.07.01:037][594]LogModuleManager: Shutting down and abandoning module FoliageEdit (159)
[2014.11.25-03.07.01:071][594]LogModuleManager: Shutting down and abandoning module LandscapeEditor (158)
[2014.11.25-03.07.01:123][594]LogModuleManager: Shutting down and abandoning module MeshPaint (157)
[2014.11.25-03.07.01:123][594]LogModuleManager: Shutting down and abandoning module ActorPickerMode (156)
[2014.11.25-03.07.01:123][594]LogModuleManager: Shutting down and abandoning module GeometryMode (155)
[2014.11.25-03.07.01:123][594]LogModuleManager: Shutting down and abandoning module TextureAlignMode (154)
[2014.11.25-03.07.01:123][594]LogModuleManager: Shutting down and abandoning module BspMode (153)
[2014.11.25-03.07.01:123][594]LogModuleManager: Shutting down and abandoning module PlacementMode (152)
[2014.11.25-03.07.01:123][594]LogModuleManager: Shutting down and abandoning module AutomationWorker (151)
[2014.11.25-03.07.01:123][594]LogModuleManager: Shutting down and abandoning module CharacterAI (150)
[2014.11.25-03.07.01:123][594]LogModuleManager: Shutting down and abandoning module GameProjectGeneration (149)
[2014.11.25-03.07.01:177][594]LogModuleManager: Shutting down and abandoning module IntroTutorials (148)
[2014.11.25-03.07.01:303][594]LogModuleManager: Shutting down and abandoning module EditorLiveStreaming (147)
[2014.11.25-03.07.01:303][594]LogModuleManager: Shutting down and abandoning module HardwareTargeting (146)
[2014.11.25-03.07.01:303][594]LogModuleManager: Shutting down and abandoning module BehaviorTreeEditor (145)
[2014.11.25-03.07.01:418][594]LogModuleManager: Shutting down and abandoning module DeviceProfileEditor (144)
[2014.11.25-03.07.01:465][594]LogModuleManager: Shutting down and abandoning module UndoHistory (143)
[2014.11.25-03.07.01:465][594]LogModuleManager: Shutting down and abandoning module GameplayTagsEditor (142)
[2014.11.25-03.07.01:489][594]LogModuleManager: Shutting down and abandoning module UserFeedback (141)
[2014.11.25-03.07.01:489][594]LogModuleManager: Shutting down and abandoning module XmlParser (140)
[2014.11.25-03.07.01:489][594]LogModuleManager: Shutting down and abandoning module Blutility (139)
[2014.11.25-03.07.01:517][594]LogModuleManager: Shutting down and abandoning module IOSPlatformEditor (138)
[2014.11.25-03.07.01:517][594]LogModuleManager: Shutting down and abandoning module IOSRuntimeSettings (137)
[2014.11.25-03.07.01:517][594]LogModuleManager: Shutting down and abandoning module AndroidPlatformEditor (136)
[2014.11.25-03.07.01:517][594]LogModuleManager: Shutting down and abandoning module AndroidRuntimeSettings (135)
[2014.11.25-03.07.01:517][594]LogModuleManager: Shutting down and abandoning module ProjectTargetPlatformEditor (134)
[2014.11.25-03.07.01:517][594]LogModuleManager: Shutting down and abandoning module ProjectSettingsViewer (133)
[2014.11.25-03.07.01:517][594]LogModuleManager: Shutting down and abandoning module InputBindingEditor (132)
[2014.11.25-03.07.01:562][594]LogModuleManager: Shutting down and abandoning module EditorSettingsViewer (131)
[2014.11.25-03.07.01:562][594]LogModuleManager: Shutting down and abandoning module SettingsEditor (130)
[2014.11.25-03.07.01:590][594]LogModuleManager: Shutting down and abandoning module ProjectLauncher (129)
[2014.11.25-03.07.01:608][594]LogModuleManager: Shutting down and abandoning module SessionFrontend (128)
[2014.11.25-03.07.01:698][594]LogModuleManager: Shutting down and abandoning module ProfilerClient (127)
[2014.11.25-03.07.01:712][594]LogModuleManager: Shutting down and abandoning module TargetDeviceServices (126)
[2014.11.25-03.07.01:712][594]LogModuleManager: Shutting down and abandoning module DeviceManager (125)
[2014.11.25-03.07.01:746][594]LogModuleManager: Shutting down and abandoning module AutomationController (124)
[2014.11.25-03.07.01:746][594]LogModuleManager: Shutting down and abandoning module AutomationWindow (123)
[2014.11.25-03.07.01:770][594]LogModuleManager: Shutting down and abandoning module Layers (122)
[2014.11.25-03.07.01:829][594]LogModuleManager: Shutting down and abandoning module ComponentVisualizers (121)
[2014.11.25-03.07.01:829][594]LogModuleManager: Shutting down and abandoning module DetailCustomizations (120)
[2014.11.25-03.07.01:976][594]LogModuleManager: Shutting down and abandoning module PackagesDialog (119)
[2014.11.25-03.07.02:018][594]LogModuleManager: Shutting down and abandoning module AssetRegistry (118)
[2014.11.25-03.07.02:088][594]LogModuleManager: Shutting down and abandoning module Persona (117)
[2014.11.25-03.07.02:202][594]LogModuleManager: Shutting down and abandoning module Kismet (116)
[2014.11.25-03.07.02:287][594]LogModuleManager: Shutting down and abandoning module GraphEditor (115)
[2014.11.25-03.07.02:341][594]LogModuleManager: Shutting down and abandoning module ClassViewer (114)
[2014.11.25-03.07.02:341][594]LogModuleManager: Shutting down and abandoning module Toolbox (113)
[2014.11.25-03.07.02:341][594]LogModuleManager: Shutting down and abandoning module ModuleUI (112)
[2014.11.25-03.07.02:349][594]LogModuleManager: Shutting down and abandoning module MovieSceneTools (111)
[2014.11.25-03.07.02:412][594]LogModuleManager: Shutting down and abandoning module OutputLog (110)
[2014.11.25-03.07.02:412][594]LogModuleManager: Shutting down and abandoning module GammaUI (109)
[2014.11.25-03.07.02:420][594]LogModuleManager: Shutting down and abandoning module Documentation (108)
[2014.11.25-03.07.02:420][594]LogModuleManager: Shutting down and abandoning module GameLiveStreaming (107)
[2014.11.25-03.07.02:425][594]LogModuleManager: Shutting down and abandoning module StreamingPauseRendering (106)
[2014.11.25-03.07.02:425][594]LogModuleManager: Shutting down and abandoning module HTTP (105)
[2014.11.25-03.07.02:425][594]LogModuleManager: Shutting down and abandoning module AnalyticsET (104)
[2014.11.25-03.07.02:425][594]LogModuleManager: Shutting down and abandoning module Analytics (103)
[2014.11.25-03.07.02:425][594]LogModuleManager: Shutting down and abandoning module GameplayDebugger (102)
[2014.11.25-03.07.02:425][594]LogModuleManager: Shutting down and abandoning module AIModule (101)
[2014.11.25-03.07.02:468][594]LogModuleManager: Shutting down and abandoning module ProfilerService (100)
[2014.11.25-03.07.02:625][594]LogModuleManager: Shutting down and abandoning module TaskGraph (99)
[2014.11.25-03.07.02:713][594]LogModuleManager: Shutting down and abandoning module SlateRemote (98)
[2014.11.25-03.07.02:713][594]LogModuleManager: Shutting down and abandoning module ScriptEditorPlugin (97)
[2014.11.25-03.07.02:713][594]LogModuleManager: Shutting down and abandoning module CustomMeshComponent (96)
[2014.11.25-03.07.02:713][594]LogModuleManager: Shutting down and abandoning module CableComponent (95)
[2014.11.25-03.07.02:713][594]LogModuleManager: Shutting down and abandoning module MessagingDebugger (94)
[2014.11.25-03.07.02:838][594]LogModuleManager: Shutting down and abandoning module MediaPlayerEditor (93)
[2014.11.25-03.07.02:898][594]LogModuleManager: Shutting down and abandoning module SpeedTreeImporter (92)
[2014.11.25-03.07.02:898][594]LogModuleManager: Shutting down and abandoning module PluginsEditor (91)
[2014.11.25-03.07.02:933][594]LogModuleManager: Shutting down and abandoning module EpicSurvey (90)
[2014.11.25-03.07.02:933][594]LogModuleManager: Shutting down and abandoning module DesktopPlatform (89)
[2014.11.25-03.07.02:990][594]LogModuleManager: Shutting down and abandoning module VisualStudioSourceCodeAccess (88)
[2014.11.25-03.07.02:990][594]LogModuleManager: Shutting down and abandoning module UObjectPlugin (87)
[2014.11.25-03.07.02:990][594]LogModuleManager: Shutting down and abandoning module SubversionSourceControl (86)
[2014.11.25-03.07.03:142][594]LogModuleManager: Shutting down and abandoning module SourceControl (85)
[2014.11.25-03.07.03:153][594]LogModuleManager: Shutting down and abandoning module PerforceSourceControl (84)
[2014.11.25-03.07.03:233][594]LogModuleManager: Shutting down and abandoning module BlankPlugin (83)
[2014.11.25-03.07.03:233][594]LogModuleManager: Shutting down and abandoning module SlateReflector (82)
[2014.11.25-03.07.03:270][594]LogModuleManager: Shutting down and abandoning module DirectoryWatcher (81)
[2014.11.25-03.07.03:270][594]LogModuleManager: Shutting down and abandoning module HotReload (80)
[2014.11.25-03.07.03:374][594]LogModuleManager: Shutting down and abandoning module MainFrame (79)
[2014.11.25-03.07.03:374][594]LogModuleManager: Shutting down and abandoning module LevelEditor (78)
[2014.11.25-03.07.03:375][594]LogModuleManager: Shutting down and abandoning module ViewportSnapping (77)
[2014.11.25-03.07.03:375][594]LogModuleManager: Shutting down and abandoning module SmartSnapping (76)
[2014.11.25-03.07.03:375][594]LogModuleManager: Shutting down and abandoning module PaperTiledImporter (75)
[2014.11.25-03.07.03:375][594]LogModuleManager: Shutting down and abandoning module PaperJsonImporter (74)
[2014.11.25-03.07.03:375][594]LogModuleManager: Shutting down and abandoning module ContentBrowser (73)
[2014.11.25-03.07.03:375][594]LogModuleManager: Shutting down and abandoning module PropertyEditor (72)
[2014.11.25-03.07.03:459][594]LogModuleManager: Shutting down and abandoning module Paper2DEditor (71)
[2014.11.25-03.07.03:531][594]LogModuleManager: Shutting down and abandoning module ScriptPlugin (70)
[2014.11.25-03.07.03:601][594]LogModuleManager: Shutting down and abandoning module UdpMessaging (69)
[2014.11.25-03.07.03:701][594]LogModuleManager: Shutting down and abandoning module Paper2D (68)
[2014.11.25-03.07.03:743][594]LogModuleManager: Shutting down and abandoning module WindowsMoviePlayer (67)
[2014.11.25-03.07.03:746][594]LogModuleManager: Shutting down and abandoning module Media (66)
[2014.11.25-03.07.03:746][594]LogModuleManager: Shutting down and abandoning module WmfMedia (65)
[2014.11.25-03.07.03:769][594]LogModuleManager: Shutting down and abandoning module OnlineBlueprintSupport (64)
[2014.11.25-03.07.03:769][594]LogModuleManager: Shutting down and abandoning module FunctionalTesting (63)
[2014.11.25-03.07.03:769][594]LogModuleManager: Shutting down and abandoning module CollisionAnalyzer (62)
[2014.11.25-03.07.03:828][594]LogModuleManager: Shutting down and abandoning module WorkspaceMenuStructure (61)
[2014.11.25-03.07.03:828][594]LogModuleManager: Shutting down and abandoning module MessageLog (60)
[2014.11.25-03.07.03:994][594]LogModuleManager: Shutting down and abandoning module Sequencer (59)
[2014.11.25-03.07.04:113][594]LogModuleManager: Shutting down and abandoning module AssetTools (58)
[2014.11.25-03.07.04:190][594]LogModuleManager: Shutting down and abandoning module UMGEditor (57)
[2014.11.25-03.07.04:242][594]LogModuleManager: Shutting down and abandoning module UMG (56)
[2014.11.25-03.07.04:274][594]LogModuleManager: Shutting down and abandoning module Slate (55)
[2014.11.25-03.07.04:274][594]LogModuleManager: Shutting down and abandoning module EditorStyle (54)
[2014.11.25-03.07.04:275][594]LogModuleManager: Shutting down and abandoning module SessionServices (53)
[2014.11.25-03.07.04:275][594]LogModuleManager: Shutting down and abandoning module SourceCodeAccess (52)
[2014.11.25-03.07.04:275][594]LogModuleManager: Shutting down and abandoning module HeadMountedDisplay (51)
[2014.11.25-03.07.04:275][594]LogModuleManager: Shutting down and abandoning module XAudio2 (50)
[2014.11.25-03.07.04:275][594]LogModuleManager: Shutting down and abandoning module Networking (48)
[2014.11.25-03.07.04:275][594]LogModuleManager: Shutting down and abandoning module Core (47)
[2014.11.25-03.07.04:275][594]LogModuleManager: Shutting down and abandoning module KismetCompiler (46)
[2014.11.25-03.07.04:275][594]LogModuleManager: Shutting down and abandoning module PhysXFormats (45)
[2014.11.25-03.07.04:275][594]LogModuleManager: Shutting down and abandoning module MeshUtilities (44)
[2014.11.25-03.07.04:309][594]LogModuleManager: Shutting down and abandoning module DerivedDataCache (43)
[2014.11.25-03.07.04:448][594]LogDerivedDataCache: Shutdown
[2014.11.25-03.07.04:448][594]LogModuleManager: Shutting down and abandoning module ShaderFormatOpenGL (42)
[2014.11.25-03.07.04:485][594]LogModuleManager: Shutting down and abandoning module ShaderFormatD3D (41)
[2014.11.25-03.07.04:485][594]LogModuleManager: Shutting down and abandoning module MetalShaderFormat (40)
[2014.11.25-03.07.04:502][594]LogModuleManager: Shutting down and abandoning module TextureFormatUncompressed (39)
[2014.11.25-03.07.04:502][594]LogModuleManager: Shutting down and abandoning module TextureFormatPVR (38)
[2014.11.25-03.07.04:502][594]LogModuleManager: Shutting down and abandoning module TextureFormatDXT (37)
[2014.11.25-03.07.04:502][594]LogModuleManager: Shutting down and abandoning module TextureFormatAndroid (36)
[2014.11.25-03.07.04:502][594]LogModuleManager: Shutting down and abandoning module AudioFormatOpus (35)
[2014.11.25-03.07.04:534][594]LogModuleManager: Shutting down and abandoning module AudioFormatOgg (34)
[2014.11.25-03.07.04:534][594]LogModuleManager: Shutting down and abandoning module AudioFormatADPCM (33)
[2014.11.25-03.07.04:534][594]LogModuleManager: Shutting down and abandoning module Messaging (32)
[2014.11.25-03.07.04:534][594]LogModuleManager: Shutting down and abandoning module IOSTargetPlatform (31)
[2014.11.25-03.07.04:535][594]LogModuleManager: Shutting down and abandoning module Android_PVRTCTargetPlatform (30)
[2014.11.25-03.07.04:535][594]LogModuleManager: Shutting down and abandoning module Android_ETC2TargetPlatform (29)
[2014.11.25-03.07.04:535][594]LogModuleManager: Shutting down and abandoning module Android_ETC1TargetPlatform (28)
[2014.11.25-03.07.04:535][594]LogModuleManager: Shutting down and abandoning module Android_DXTTargetPlatform (27)
[2014.11.25-03.07.04:535][594]LogModuleManager: Shutting down and abandoning module Android_ATCTargetPlatform (26)
[2014.11.25-03.07.04:535][594]LogModuleManager: Shutting down and abandoning module AndroidTargetPlatform (25)
[2014.11.25-03.07.04:535][594]LogModuleManager: Shutting down and abandoning module WindowsTargetPlatform (24)
[2014.11.25-03.07.04:535][594]LogModuleManager: Shutting down and abandoning module WindowsServerTargetPlatform (23)
[2014.11.25-03.07.04:535][594]LogModuleManager: Shutting down and abandoning module WindowsNoEditorTargetPlatform (22)
[2014.11.25-03.07.04:535][594]LogModuleManager: Shutting down and abandoning module WindowsClientTargetPlatform (21)
[2014.11.25-03.07.04:535][594]LogModuleManager: Shutting down and abandoning module TargetPlatform (20)
[2014.11.25-03.07.04:535][594]LogModuleManager: Shutting down and abandoning module InputCore (19)
[2014.11.25-03.07.04:535][594]LogModuleManager: Shutting down and abandoning module Settings (18)
[2014.11.25-03.07.04:535][594]LogModuleManager: Shutting down and abandoning module ImageWrapper (17)
[2014.11.25-03.07.04:535][594]LogModuleManager: Shutting down and abandoning module OculusRift (14)
[2014.11.25-03.07.04:560][594]LogModuleManager: Shutting down and abandoning module ExampleDeviceProfileSelector (13)
[2014.11.25-03.07.04:560][594]LogModuleManager: Shutting down and abandoning module TextureCompressor (12)
[2014.11.25-03.07.04:560][594]LogModuleManager: Shutting down and abandoning module ShaderCore (11)
[2014.11.25-03.07.04:560][594]LogModuleManager: Shutting down and abandoning module SlateRHIRenderer (10)
[2014.11.25-03.07.04:602][594]LogModuleManager: Shutting down and abandoning module OpenGLDrv (9)
[2014.11.25-03.07.04:602][594]LogModuleManager: Shutting down and abandoning module D3D11RHI (8)
[2014.11.25-03.07.04:602][594]LogModuleManager: Shutting down and abandoning module Renderer (7)
[2014.11.25-03.07.04:602][594]LogModuleManager: Shutting down and abandoning module Engine (6)
[2014.11.25-03.07.04:602][594]LogModuleManager: Shutting down and abandoning module CoreUObject (5)
[2014.11.25-03.07.04:602][594]LogModuleManager: Shutting down and abandoning module NetworkFile (4)
[2014.11.25-03.07.04:602][594]LogModuleManager: Shutting down and abandoning module StreamingFile (3)
[2014.11.25-03.07.04:602][594]LogModuleManager: Shutting down and abandoning module SandboxFile (2)
[2014.11.25-03.07.04:602][594]LogModuleManager: Shutting down and abandoning module PakFile (1)
[2014.11.25-03.07.04:636][594]LogExit: Exiting.
[2014.11.25-03.07.04:696][594]Log file closed, 11/24/14 22:07:04
