Log file open, 12/03/14 04:30:45
LogInit:Display: Running engine for game: SUCCUBEUS
LogInit: Version: 4.5.1-2336687+++depot+UE4-Releases+4.5
LogInit: API Version: 2326478
LogInit: Compiled (64-bit): Oct 21 2014 22:32:40
LogInit: Compiled with Visual C++: 18.00.21005.01
LogInit: Build Configuration: Development
LogInit: Branch Name: ++depot+UE4-Releases+4.5
LogInit: Command line:  
LogInit: Base directory: C:/Program Files/Epic Games/4.5/Engine/Binaries/Win64/
LogInit: Rocket: 1
[2014.12.03-09.30.45:728][  0]LogTaskGraph: Started task graph with 3 named threads and 4 total threads.
[2014.12.03-09.30.45:754][  0]LogOnline:Warning: No default platform service specified for OnlineSubsystem
[2014.12.03-09.30.45:768][  0]LogInit: Presizing for 0 objects not considered by GC, pre-allocating 0 bytes.
[2014.12.03-09.30.45:775][  0]LogInit: Object subsystem initialized
[2014.12.03-09.30.45:778][  0]LogConsoleResponse:Warning: Skipping Unknown console variable: 'UIScaleRule = ShortestSide'
[2014.12.03-09.30.45:778][  0]LogConsoleResponse:Warning:   Found in ini file 'C:/Users/antell/Desktop/CUBES/SUCCUBEUS/Saved/Config/Windows/Engine.ini', in section '[/Script/Engine.RendererSettings]'
[2014.12.03-09.30.45:778][  0]LogConsoleResponse:Warning: Skipping Unknown console variable: 'UIScaleCurve = (EditorCurveData=(Keys=((Time=480.000000,Value=0.444000),(Time=720.000000,Value=0.666000),(Time=1080.000000,Value=1.000000),(Time=8640.000000,Value=8.000000))),ExternalCurve=None)'
[2014.12.03-09.30.45:778][  0]LogConsoleResponse:Warning:   Found in ini file 'C:/Users/antell/Desktop/CUBES/SUCCUBEUS/Saved/Config/Windows/Engine.ini', in section '[/Script/Engine.RendererSettings]'
[2014.12.03-09.30.45:778][  0]LogInit: Selected Device Profile: [Windows]
[2014.12.03-09.30.45:778][  0]LogInit: Applying CVar settings loaded from the selected device profile: [Windows]
[2014.12.03-09.30.45:783][  0]LogInit: Computer: SA2411-PC42
[2014.12.03-09.30.45:783][  0]LogInit: User: antell
[2014.12.03-09.30.45:783][  0]LogInit: CPU Page size=4096, Cores=4
[2014.12.03-09.30.45:783][  0]LogInit: High frequency timer resolution =3.428066 MHz
[2014.12.03-09.30.45:783][  0]LogMemory: Memory total: Physical=15.9GB (16GB approx) Virtual=8192.0GB
[2014.12.03-09.30.45:783][  0]LogMemory: Platform Memory Stats for Windows
[2014.12.03-09.30.45:783][  0]LogMemory: Process Physical Memory: 65.22 MB used, 65.22 MB peak
[2014.12.03-09.30.45:783][  0]LogMemory: Process Virtual Memory: 40.46 MB used, 41.17 MB peak
[2014.12.03-09.30.45:783][  0]LogMemory: Physical Memory: 3159.67 MB used, 16253.98 MB total
[2014.12.03-09.30.45:783][  0]LogMemory: Virtual Memory: 274.41 MB used, 8388608.00 MB total
[2014.12.03-09.30.45:812][  0]LogD3D11RHI: Found D3D11 adapter 0: NVIDIA GeForce GTX 680 (Feature Level 11_0)
[2014.12.03-09.30.45:812][  0]LogD3D11RHI: Adapter has 4027MB of dedicated video memory, 0MB of dedicated system memory, and 7870MB of shared system memory, 2 output[s]
[2014.12.03-09.30.45:812][  0]LogD3D11RHI: Chosen D3D11 Adapter Id = 0
[2014.12.03-09.30.45:815][  0]LogRHI: Texture pool is 1361 MB (70% of 1945 MB)
[2014.12.03-09.30.45:821][  0]LogD3D11RHI: Async texture creation enabled
[2014.12.03-09.30.45:863][  0]LogTextLocalizationManager: The requested culture ('en_US') has no localization data; parent culture's ('en') localization data will be used.
[2014.12.03-09.30.45:979][  0]LogContentStreaming: Texture pool size is 0.000000MB
[2014.12.03-09.30.49:946][  0]LogTargetPlatformManager:Display: Building Assets For Windows
[2014.12.03-09.30.50:261][  0]LogTargetPlatformManager:Display: Building Assets For Windows
[2014.12.03-09.30.50:302][  0]LogDerivedDataCache:Display: Max Cache Size: 512 MB
[2014.12.03-09.30.50:334][  0]LogDerivedDataCache: Loaded boot cache 0.03s 39MB C:/Users/antell/AppData/Local/UnrealEngine/4.5/DerivedDataCache/Boot.ddc.
[2014.12.03-09.30.50:334][  0]LogDerivedDataCache:Display: Loaded Boot cache: C:/Users/antell/AppData/Local/UnrealEngine/4.5/DerivedDataCache/Boot.ddc
[2014.12.03-09.30.50:334][  0]LogDerivedDataCache: FDerivedDataBackendGraph:  Pak pak cache file ../../../../../../Users/antell/Desktop/CUBES/SUCCUBEUS/DerivedDataCache/DDC.ddp not found, will not use a pak cache.
[2014.12.03-09.30.50:334][  0]LogDerivedDataCache: Unable to find inner node Pak for hierarchical cache Hierarchy.
[2014.12.03-09.30.50:393][  0]LogDerivedDataCache:Display: Pak cache opened for reading ../../../Engine/DerivedDataCache/DDC.ddp.
[2014.12.03-09.30.50:404][  0]LogDerivedDataCache: Using Local data cache path C:/Users/antell/AppData/Local/UnrealEngine/Common/DerivedDataCache: Writable
[2014.12.03-09.30.50:540][  0]LogMeshUtilities: No automatic mesh reduction module available
[2014.12.03-09.30.50:540][  0]LogMeshUtilities: No automatic mesh merging module available
[2014.12.03-09.30.50:711][  0]LogLinker:Warning: Asset '../../../Engine/Content/Functions/Engine_MaterialFunctions02/Texturing/FlipBook.uasset' has been saved with empty engine version. The asset will be loaded but may be incompatible.
[2014.12.03-09.30.50:713][  0]LogLinker:Warning: Asset '../../../Engine/Content/Functions/Engine_MaterialFunctions02/ExampleContent/Textures/flipbook.uasset' has been saved with empty engine version. The asset will be loaded but may be incompatible.
[2014.12.03-09.30.50:846][  0]LogInit: WinSock: version 1.1 (2.2), MaxSocks=32767, MaxUdp=65467
[2014.12.03-09.30.51:438][  0]UdpMessaging: Initializing bridge on interface 0.0.0.0:0 to multicast group 230.0.0.1:6666.
[2014.12.03-09.30.51:569][  0]LogDirectoryWatcher:Warning: Failed to begin reading directory changes for C:/Users/antell/Desktop/CUBES/SUCCUBEUS/Binaries/Win64. Error: 0
[2014.12.03-09.30.51:664][  0]SourceControl: Info Source control is disabled
[2014.12.03-09.30.51:664][  0]SourceControl: Info Source control is disabled
[2014.12.03-09.30.51:669][  0]SourceControl: Info Source control is disabled
[2014.12.03-09.30.51:747][  0]LogObj: 22915 objects as part of root set at end of initial load.
[2014.12.03-09.30.51:747][  0]LogUObjectAllocator: 4803536 out of 0 bytes used by permanent object pool.
[2014.12.03-09.30.51:792][  0]LogEngine: Initializing Engine...
[2014.12.03-09.30.51:897][  0]LogInit: XAudio2 using 'Realtek Digital Output(Optical) (Realtek High Definition Audio)' : 2 channels at 48 kHz using 16 bits per sample (channel mask 0x3)
[2014.12.03-09.30.51:922][  0]LogInit: FAudioDevice initialized.
[2014.12.03-09.30.51:937][  0]LogAIModule: Creating AISystem for world NewWorld
[2014.12.03-09.30.51:957][  0]LogDerivedDataCache: Saved boot cache 0.02s 39MB C:/Users/antell/AppData/Local/UnrealEngine/4.5/DerivedDataCache/Boot.ddc.
[2014.12.03-09.30.51:960][  0]LogInit: Texture streaming: Enabled
[2014.12.03-09.30.51:990][  0]LogInit: Transaction tracking system initialized
[2014.12.03-09.30.52:054][  0]BlueprintLog: New page: Editor Load
[2014.12.03-09.30.52:078][  0]LogAssetRegistry: FAssetRegistry took 0.0101 seconds to start up
[2014.12.03-09.30.52:078][  0]LogDirectoryWatcher:Warning: Failed to begin reading directory changes for ../../../Engine/Plugins/Experimental/CharacterAI/Content/. Error: 0
[2014.12.03-09.30.52:450][  0]LogTargetPlatformManager:Display: Building Assets For Windows
[2014.12.03-09.30.52:729][  0]LogTargetPlatformManager:Display: Building Assets For Windows
[2014.12.03-09.30.52:866][  0]LogConsoleResponse:Display: 
[2014.12.03-09.30.53:005][  0]SourceControl: Info Source control is disabled
[2014.12.03-09.30.53:005][  0]Cmd: MAP LOAD FILE="../../../../../../Users/antell/Desktop/CUBES/SUCCUBEUS/Content/Maps/Example_Map.umap" TEMPLATE=0 SHOWPROGRESS=1
[2014.12.03-09.30.53:005][  0]LightingResults: New page: Lighting Build
[2014.12.03-09.30.53:012][  0]MapCheck: New page: Map Check
[2014.12.03-09.30.53:012][  0]LightingResults: New page: Lighting Build
[2014.12.03-09.30.53:032][  0]LogParticles: Destroying 0 GPU particle simulations for FXSystem 0x0000000016A7A840
[2014.12.03-09.30.53:594][  0]LogScript:Warning: Accessed None 'CallFunc_GetPlayerPawn_ReturnValue'
	AxeAnim_C /Game/Maps/Example_Map.Example_Map:PersistentLevel.sword_11.SkeletalMeshComponent0.AxeAnim_C_0
	Function /Game/Cubes/AxeAnim.AxeAnim_C:ExecuteUbergraph_AxeAnim:0110
[2014.12.03-09.30.53:595][  0]LogScript:Warning: Accessed None 'CallFunc_GetPlayerPawn_ReturnValue'
	CubeAnimSword_C /Game/Maps/Example_Map.Example_Map:PersistentLevel.EnemyCubeAxe_9.CharacterMesh0.CubeAnimSword_C_0
	Function /Game/Cubes/CubeAnimSword.CubeAnimSword_C:ExecuteUbergraph_CubeAnimSword:0136
[2014.12.03-09.30.53:595][  0]LogScript:Warning: Accessed None 'CallFunc_GetPlayerPawn_ReturnValue'
	AxeAnim_C /Game/Maps/Example_Map.Example_Map:PersistentLevel.EnemyCubeAxe_9.SkeletalMesh1.AxeAnim_C_1
	Function /Game/Cubes/AxeAnim.AxeAnim_C:ExecuteUbergraph_AxeAnim:0110
[2014.12.03-09.30.53:595][  0]LogScript:Warning: Accessed None 'CallFunc_GetPlayerPawn_ReturnValue'
	CubeAnimSword_C /Game/Maps/Example_Map.Example_Map:PersistentLevel.EnemyCubeAxe_16.CharacterMesh0.CubeAnimSword_C_1
	Function /Game/Cubes/CubeAnimSword.CubeAnimSword_C:ExecuteUbergraph_CubeAnimSword:0136
[2014.12.03-09.30.53:595][  0]LogScript:Warning: Accessed None 'CallFunc_GetPlayerPawn_ReturnValue'
	AxeAnim_C /Game/Maps/Example_Map.Example_Map:PersistentLevel.EnemyCubeAxe_16.SkeletalMesh1.AxeAnim_C_2
	Function /Game/Cubes/AxeAnim.AxeAnim_C:ExecuteUbergraph_AxeAnim:0110
[2014.12.03-09.30.53:595][  0]LogScript:Warning: Accessed None 'CallFunc_GetPlayerPawn_ReturnValue'
	CubeAnimHammer_C /Game/Maps/Example_Map.Example_Map:PersistentLevel.EnemyCubeHammer_8.CharacterMesh0.CubeAnimHammer_C_0
	Function /Game/Cubes/CubeAnimHammer.CubeAnimHammer_C:ExecuteUbergraph_CubeAnimHammer:011A
[2014.12.03-09.30.53:596][  0]LogScript:Warning: Accessed None 'CallFunc_GetPlayerPawn_ReturnValue'
	HammerAnim_C /Game/Maps/Example_Map.Example_Map:PersistentLevel.EnemyCubeHammer_8.SkeletalMesh1.HammerAnim_C_0
	Function /Game/Cubes/HammerAnim.HammerAnim_C:ExecuteUbergraph_HammerAnim:0110
[2014.12.03-09.30.53:596][  0]LogScript:Warning: Accessed None 'CallFunc_GetPlayerPawn_ReturnValue'
	CubeAnimSword_C /Game/Maps/Example_Map.Example_Map:PersistentLevel.EnemyCubeSword_4.CharacterMesh0.CubeAnimSword_C_2
	Function /Game/Cubes/CubeAnimSword.CubeAnimSword_C:ExecuteUbergraph_CubeAnimSword:0136
[2014.12.03-09.30.53:596][  0]LogScript:Warning: Accessed None 'CallFunc_GetPlayerPawn_ReturnValue'
	SwordAnim_C /Game/Maps/Example_Map.Example_Map:PersistentLevel.EnemyCubeSword_4.SkeletalMesh1.SwordAnim_C_0
	Function /Game/Cubes/SwordAnim.SwordAnim_C:ExecuteUbergraph_SwordAnim:0110
[2014.12.03-09.30.53:597][  0]LogScript:Warning: Accessed None 'CallFunc_GetPlayerPawn_ReturnValue'
	AxeAnim_C /Game/Maps/Example_Map.Example_Map:PersistentLevel.EnemyCubeAxe_9.SkeletalMesh1.AxeAnim_C_3
	Function /Game/Cubes/AxeAnim.AxeAnim_C:ExecuteUbergraph_AxeAnim:0110
[2014.12.03-09.30.53:597][  0]LogScript:Warning: Accessed None 'CallFunc_GetPlayerPawn_ReturnValue'
	AxeAnim_C /Game/Maps/Example_Map.Example_Map:PersistentLevel.EnemyCubeAxe_16.SkeletalMesh1.AxeAnim_C_4
	Function /Game/Cubes/AxeAnim.AxeAnim_C:ExecuteUbergraph_AxeAnim:0110
[2014.12.03-09.30.53:597][  0]LogScript:Warning: Accessed None 'CallFunc_GetPlayerPawn_ReturnValue'
	HammerAnim_C /Game/Maps/Example_Map.Example_Map:PersistentLevel.EnemyCubeHammer_8.SkeletalMesh1.HammerAnim_C_1
	Function /Game/Cubes/HammerAnim.HammerAnim_C:ExecuteUbergraph_HammerAnim:0110
[2014.12.03-09.30.53:597][  0]LogScript:Warning: Accessed None 'CallFunc_GetPlayerPawn_ReturnValue'
	SwordAnim_C /Game/Maps/Example_Map.Example_Map:PersistentLevel.EnemyCubeSword_4.SkeletalMesh1.SwordAnim_C_1
	Function /Game/Cubes/SwordAnim.SwordAnim_C:ExecuteUbergraph_SwordAnim:0110
[2014.12.03-09.30.53:598][  0]LogEditorServer: Finished looking for orphan Actors (0.000 secs)
[2014.12.03-09.30.53:598][  0]LogAIModule: Creating AISystem for world Example_Map
[2014.12.03-09.30.53:598][  0]Cmd: MAP CHECKDEP
[2014.12.03-09.30.53:598][  0]MapCheck: New page: Example_Map - Dec 2, 2014, 11:30:53 PM
[2014.12.03-09.30.53:676][  0]MapCheck: Info Map check complete: 0 Error(s), 0 Warning(s), took 77.745ms to complete.
[2014.12.03-09.30.53:676][  0]LogFileHelpers: Loading map 'Example_Map' took 0.671
[2014.12.03-09.30.53:756][  0]LogCollectionManager: Loaded 0 collections in 0.000710 seconds
[2014.12.03-09.30.53:904][  0]LogCrashTracker: Crashtracker disabled due to settings.
[2014.12.03-09.30.53:942][  0]LogUObjectGlobals:Warning: Failed to find object 'Class None.'
[2014.12.03-09.30.53:966][  0]LogLoad: Full Startup: 10.19 seconds (BP compile: 0.24 seconds)
[2014.12.03-09.30.54:307][  0]LogContentBrowser:Verbose: The content browser source was changed by the sources view to '/Game/Blueprints'
[2014.12.03-09.30.54:451][  0]LogRenderer:Warning: Reallocating scene render targets to support 1136x1024.
[2014.12.03-09.30.54:977][  2]LogAssetRegistry: Asset discovery search completed in 2.9091 seconds
[2014.12.03-09.30.58:340][ 13]LogScript:Warning: Accessed None 'CallFunc_GetPlayerPawn_ReturnValue'
	CubeAnimSword_C /Engine/Transient.World_1:PersistentLevel.SkeletalMeshActor_0.SkeletalMeshComponent0.CubeAnimSword_C_3
	Function /Game/Cubes/CubeAnimSword.CubeAnimSword_C:ExecuteUbergraph_CubeAnimSword:0136
[2014.12.03-09.30.58:340][ 13]LogScript:Warning: Accessed None 'CallFunc_GetPlayerPawn_ReturnValue'
	AxeAnim_C /Engine/Transient.World_1:PersistentLevel.SkeletalMeshActor_0.SkeletalMeshComponent0.AxeAnim_C_5
	Function /Game/Cubes/AxeAnim.AxeAnim_C:ExecuteUbergraph_AxeAnim:0110
[2014.12.03-09.30.58:340][ 13]LogScript:Warning: Accessed None 'CallFunc_GetPlayerPawn_ReturnValue'
	CubeAnimHammer_C /Engine/Transient.SkeletalMeshComponent_0:CubeAnimHammer_C_1
	Function /Game/Cubes/CubeAnimHammer.CubeAnimHammer_C:ExecuteUbergraph_CubeAnimHammer:011A
[2014.12.03-09.30.58:341][ 13]LogScript:Warning: Accessed None 'CallFunc_GetPlayerPawn_ReturnValue'
	HammerAnim_C /Engine/Transient.SkeletalMeshComponent_1:HammerAnim_C_2
	Function /Game/Cubes/HammerAnim.HammerAnim_C:ExecuteUbergraph_HammerAnim:0110
[2014.12.03-09.30.58:341][ 13]LogScript:Warning: Accessed None 'CallFunc_GetPlayerPawn_ReturnValue'
	CubeAnimSword_C /Engine/Transient.SkeletalMeshComponent_2:CubeAnimSword_C_4
	Function /Game/Cubes/CubeAnimSword.CubeAnimSword_C:ExecuteUbergraph_CubeAnimSword:0136
[2014.12.03-09.30.58:341][ 13]LogScript:Warning: Accessed None 'CallFunc_GetPlayerPawn_ReturnValue'
	AxeAnim_C /Engine/Transient.SkeletalMeshComponent_3:AxeAnim_C_6
	Function /Game/Cubes/AxeAnim.AxeAnim_C:ExecuteUbergraph_AxeAnim:0110
[2014.12.03-09.30.58:341][ 13]LogScript:Warning: Accessed None 'CallFunc_GetPlayerPawn_ReturnValue'
	CubeAnimHammer_C /Engine/Transient.World_1:PersistentLevel.SkeletalMeshActor_0.SkeletalMeshComponent0.CubeAnimHammer_C_2
	Function /Game/Cubes/CubeAnimHammer.CubeAnimHammer_C:ExecuteUbergraph_CubeAnimHammer:011A
[2014.12.03-09.30.58:341][ 13]LogScript:Warning: Accessed None 'CallFunc_GetPlayerPawn_ReturnValue'
	CubeAnimSword_C /Engine/Transient.SkeletalMeshComponent_4:CubeAnimSword_C_5
	Function /Game/Cubes/CubeAnimSword.CubeAnimSword_C:ExecuteUbergraph_CubeAnimSword:0136
[2014.12.03-09.30.58:342][ 13]LogScript:Warning: Accessed None 'CallFunc_GetPlayerPawn_ReturnValue'
	SwordAnim_C /Engine/Transient.SkeletalMeshComponent_5:SwordAnim_C_2
	Function /Game/Cubes/SwordAnim.SwordAnim_C:ExecuteUbergraph_SwordAnim:0110
[2014.12.03-09.30.58:388][ 14]LogContentBrowser:Verbose: The content browser source was changed by the sources view to '/Game/Maps'
[2014.12.03-09.30.59:907][ 99]LogActorComponent: UnregisterComponent: (/Engine/Transient.ProjectileMovementComponent_0) Not registered. Aborting.
[2014.12.03-09.30.59:907][ 99]LogActorComponent: UnregisterComponent: (/Engine/Transient.CharacterMovementComponent_0) Not registered. Aborting.
[2014.12.03-09.30.59:907][ 99]LogActorComponent: UnregisterComponent: (/Engine/Transient.CharacterMovementComponent_1) Not registered. Aborting.
[2014.12.03-09.30.59:907][ 99]LogActorComponent: UnregisterComponent: (/Engine/Transient.CharacterMovementComponent_2) Not registered. Aborting.
[2014.12.03-09.30.59:965][ 99]Cmd: MAP LOAD FILE="../../../../../../Users/antell/Desktop/CUBES/SUCCUBEUS/Content/Maps/Level1.umap" TEMPLATE=0 SHOWPROGRESS=1
[2014.12.03-09.30.59:965][ 99]LightingResults: New page: Lighting Build
[2014.12.03-09.30.59:992][ 99]LoadErrors: New page: Loading map: Level1.umap
[2014.12.03-09.30.59:993][ 99]MapCheck: New page: Map Check
[2014.12.03-09.30.59:993][ 99]LightingResults: New page: Lighting Build
[2014.12.03-09.31.00:019][ 99]LogParticles: Destroying 0 GPU particle simulations for FXSystem 0x000000000D50EE80
[2014.12.03-09.31.00:052][ 99]LogEditorServer: Finished looking for orphan Actors (0.000 secs)
[2014.12.03-09.31.00:052][ 99]LogAIModule: Creating AISystem for world Level1
[2014.12.03-09.31.00:103][ 99]Cmd: MAP CHECKDEP
[2014.12.03-09.31.00:103][ 99]MapCheck: New page: Level1 - Dec 2, 2014, 11:31:00 PM
[2014.12.03-09.31.00:197][ 99]MapCheck: Info Map check complete: 0 Error(s), 0 Warning(s), took 93.86ms to complete.
[2014.12.03-09.31.00:197][ 99]LogFileHelpers: Loading map 'Level1' took 0.234
[2014.12.03-09.31.00:200][ 99]LogScript:Warning: Accessed None 'CallFunc_GetPlayerPawn_ReturnValue'
	CubeAnimSword_C /Engine/Transient.World_1:PersistentLevel.SkeletalMeshActor_0.SkeletalMeshComponent0.CubeAnimSword_C_6
	Function /Game/Cubes/CubeAnimSword.CubeAnimSword_C:ExecuteUbergraph_CubeAnimSword:0136
[2014.12.03-09.31.00:200][ 99]LogScript:Warning: Accessed None 'CallFunc_GetPlayerPawn_ReturnValue'
	AxeAnim_C /Engine/Transient.World_1:PersistentLevel.SkeletalMeshActor_0.SkeletalMeshComponent0.AxeAnim_C_7
	Function /Game/Cubes/AxeAnim.AxeAnim_C:ExecuteUbergraph_AxeAnim:0110
[2014.12.03-09.31.00:201][ 99]LogScript:Warning: Accessed None 'CallFunc_GetPlayerPawn_ReturnValue'
	CubeAnimHammer_C /Engine/Transient.SkeletalMeshComponent_6:CubeAnimHammer_C_3
	Function /Game/Cubes/CubeAnimHammer.CubeAnimHammer_C:ExecuteUbergraph_CubeAnimHammer:011A
[2014.12.03-09.31.00:201][ 99]LogScript:Warning: Accessed None 'CallFunc_GetPlayerPawn_ReturnValue'
	HammerAnim_C /Engine/Transient.SkeletalMeshComponent_7:HammerAnim_C_3
	Function /Game/Cubes/HammerAnim.HammerAnim_C:ExecuteUbergraph_HammerAnim:0110
[2014.12.03-09.31.00:201][ 99]LogScript:Warning: Accessed None 'CallFunc_GetPlayerPawn_ReturnValue'
	CubeAnimSword_C /Engine/Transient.SkeletalMeshComponent_8:CubeAnimSword_C_7
	Function /Game/Cubes/CubeAnimSword.CubeAnimSword_C:ExecuteUbergraph_CubeAnimSword:0136
[2014.12.03-09.31.00:201][ 99]LogScript:Warning: Accessed None 'CallFunc_GetPlayerPawn_ReturnValue'
	AxeAnim_C /Engine/Transient.SkeletalMeshComponent_9:AxeAnim_C_8
	Function /Game/Cubes/AxeAnim.AxeAnim_C:ExecuteUbergraph_AxeAnim:0110
[2014.12.03-09.31.00:201][ 99]LogScript:Warning: Accessed None 'CallFunc_GetPlayerPawn_ReturnValue'
	CubeAnimHammer_C /Engine/Transient.World_1:PersistentLevel.SkeletalMeshActor_0.SkeletalMeshComponent0.CubeAnimHammer_C_4
	Function /Game/Cubes/CubeAnimHammer.CubeAnimHammer_C:ExecuteUbergraph_CubeAnimHammer:011A
[2014.12.03-09.31.00:202][ 99]LogScript:Warning: Accessed None 'CallFunc_GetPlayerPawn_ReturnValue'
	CubeAnimSword_C /Engine/Transient.SkeletalMeshComponent_10:CubeAnimSword_C_8
	Function /Game/Cubes/CubeAnimSword.CubeAnimSword_C:ExecuteUbergraph_CubeAnimSword:0136
[2014.12.03-09.31.00:202][ 99]LogScript:Warning: Accessed None 'CallFunc_GetPlayerPawn_ReturnValue'
	SwordAnim_C /Engine/Transient.SkeletalMeshComponent_11:SwordAnim_C_3
	Function /Game/Cubes/SwordAnim.SwordAnim_C:ExecuteUbergraph_SwordAnim:0110
[2014.12.03-09.31.00:661][128]BlueprintLog: New page: Pre-PIE auto-recompile
[2014.12.03-09.31.00:661][128]LogPlayLevel: [PIE] Compiling Level1 before PIE...
[2014.12.03-09.31.00:729][128]LogActorComponent: UnregisterComponent: (/Engine/Transient.CharacterMovementComponent_3) Not registered. Aborting.
[2014.12.03-09.31.00:730][128]LogActorComponent: UnregisterComponent: (/Engine/Transient.CharacterMovementComponent_4) Not registered. Aborting.
[2014.12.03-09.31.00:730][128]LogActorComponent: UnregisterComponent: (/Engine/Transient.CharacterMovementComponent_5) Not registered. Aborting.
[2014.12.03-09.31.00:758][128]LogPlayLevel: PIE:  Blueprint regeneration took 96 ms (1 blueprints)
[2014.12.03-09.31.00:758][128]PIE: New page: SIE session: Level1 (Dec 2, 2014, 11:31:00 PM)
[2014.12.03-09.31.00:760][128]LogNavigation:Warning: ARecastNavMesh: Unable to serialize navmesh when build is in progress or navmesh is not up to date.
[2014.12.03-09.31.00:765][128]LogPlayLevel: PIE: StaticDuplicateObject took: (0.006640s)
[2014.12.03-09.31.00:766][128]LogPlayLevel: PIE: World Init took: (0.000417s)
[2014.12.03-09.31.00:766][128]LogPlayLevel: PIE: Created PIE world by copying editor world from /Game/Maps/Level1.Level1 to /Game/Maps/UEDPIE_0_Level1.Level1 (0.007202s)
[2014.12.03-09.31.00:804][128]LogWorld: Game class is 'MyGame_C'
[2014.12.03-09.31.00:805][128]LogAIModule: Creating AISystem for world Level1
[2014.12.03-09.31.00:806][128]LogWorld:Warning: *** WARNING - PATHS MAY NOT BE VALID ***
[2014.12.03-09.31.00:806][128]LogWorld: Bringing World /Game/Maps/UEDPIE_0_Level1.Level1 up for play (max tick rate 0) at 2014.12.03-04.31.00
[2014.12.03-09.31.00:807][128]LogWorld: Bringing up level for play took: 0.001407
[2014.12.03-09.31.00:808][128]PIE: Info Play in editor start time for /Game/Maps/UEDPIE_0_Level1 0.179
[2014.12.03-09.31.02:919][294]LogParticles: Destroying 0 GPU particle simulations for FXSystem 0x0000000016A08AE0
[2014.12.03-09.31.04:207][432]BlueprintLog: New page: Pre-PIE auto-recompile
[2014.12.03-09.31.04:207][432]LogPlayLevel: [PIE] Compiling Level1 before PIE...
[2014.12.03-09.31.04:290][432]LogPlayLevel: PIE:  Blueprint regeneration took 83 ms (1 blueprints)
[2014.12.03-09.31.04:290][432]PIE: New page: SIE session: Level1 (Dec 2, 2014, 11:31:04 PM)
[2014.12.03-09.31.04:297][432]LogPlayLevel: PIE: StaticDuplicateObject took: (0.007529s)
[2014.12.03-09.31.04:298][432]LogPlayLevel: PIE: World Init took: (0.000447s)
[2014.12.03-09.31.04:298][432]LogPlayLevel: PIE: Created PIE world by copying editor world from /Game/Maps/Level1.Level1 to /Game/Maps/UEDPIE_0_Level1.Level1 (0.008134s)
[2014.12.03-09.31.04:322][432]LogWorld: Game class is 'MyGame_C'
[2014.12.03-09.31.04:324][432]LogAIModule: Creating AISystem for world Level1
[2014.12.03-09.31.04:325][432]LogWorld:Warning: *** WARNING - PATHS MAY NOT BE VALID ***
[2014.12.03-09.31.04:325][432]LogWorld: Bringing World /Game/Maps/UEDPIE_0_Level1.Level1 up for play (max tick rate 0) at 2014.12.03-04.31.04
[2014.12.03-09.31.04:326][432]LogWorld: Bringing up level for play took: 0.001445
[2014.12.03-09.31.04:327][432]PIE: Info Play in editor start time for /Game/Maps/UEDPIE_0_Level1 -0.302
[2014.12.03-09.31.06:413][587]LogPhysics:Warning: FBodyInstance::UpdatePhysicalMaterials : PComplexMats is empty - falling back on simple physical material.
[2014.12.03-09.31.10:199][969]LogPhysics:Warning: FBodyInstance::UpdatePhysicalMaterials : PComplexMats is empty - falling back on simple physical material.
[2014.12.03-09.31.10:199][969]LogPhysics:Warning: FBodyInstance::UpdatePhysicalMaterials : PComplexMats is empty - falling back on simple physical material.
[2014.12.03-09.31.13:538][295]LogParticles: Destroying 0 GPU particle simulations for FXSystem 0x0000000016169EE0
[2014.12.03-09.31.18:688][812]LogEditorViewport: Clicking on Actor (LMB): StaticMeshActor (SM_Template_Map_Floor)
[2014.12.03-09.31.19:123][844]LogEditorViewport: Clicking on Actor (LMB): EnemySpawnPoint_C (EnemySpawnPoint_3)
[2014.12.03-09.31.19:205][851]LogEditorViewport: Clicking on Actor (double click): EnemySpawnPoint_C (EnemySpawnPoint_3)
[2014.12.03-09.31.27:342][444]LogContentBrowser:Verbose: The content browser source was changed by the sources view to '/Game/Cubes'
[2014.12.03-09.31.27:398][445]LogScript:Warning: Accessed None 'CallFunc_GetPlayerPawn_ReturnValue'
	SwordAnim_C /Engine/Transient.World_1:PersistentLevel.SkeletalMeshActor_0.SkeletalMeshComponent0.SwordAnim_C_4
	Function /Game/Cubes/SwordAnim.SwordAnim_C:ExecuteUbergraph_SwordAnim:0110
[2014.12.03-09.31.27:415][446]LogScript:Warning: Accessed None 'CallFunc_GetPlayerPawn_ReturnValue'
	HammerAnim_C /Engine/Transient.World_1:PersistentLevel.SkeletalMeshActor_0.SkeletalMeshComponent0.HammerAnim_C_4
	Function /Game/Cubes/HammerAnim.HammerAnim_C:ExecuteUbergraph_HammerAnim:0110
[2014.12.03-09.31.27:415][446]LogScript:Warning: Accessed None 'CallFunc_GetPlayerPawn_ReturnValue'
	CubeAnimSword_C /Engine/Transient.SkeletalMeshComponent_12:CubeAnimSword_C_9
	Function /Game/Cubes/CubeAnimSword.CubeAnimSword_C:ExecuteUbergraph_CubeAnimSword:0136
[2014.12.03-09.31.27:415][446]LogScript:Warning: Accessed None 'CallFunc_GetPlayerPawn_ReturnValue'
	SwordAnim_C /Engine/Transient.SkeletalMeshComponent_13:SwordAnim_C_5
	Function /Game/Cubes/SwordAnim.SwordAnim_C:ExecuteUbergraph_SwordAnim:0110
[2014.12.03-09.31.27:416][446]LogScript:Warning: Accessed None 'CallFunc_GetPlayerPawn_ReturnValue'
	CubeAnimHammer_C /Engine/Transient.SkeletalMeshComponent_14:CubeAnimHammer_C_5
	Function /Game/Cubes/CubeAnimHammer.CubeAnimHammer_C:ExecuteUbergraph_CubeAnimHammer:011A
[2014.12.03-09.31.27:416][446]LogScript:Warning: Accessed None 'CallFunc_GetPlayerPawn_ReturnValue'
	HammerAnim_C /Engine/Transient.SkeletalMeshComponent_15:HammerAnim_C_5
	Function /Game/Cubes/HammerAnim.HammerAnim_C:ExecuteUbergraph_HammerAnim:0110
[2014.12.03-09.31.27:416][446]LogScript:Warning: Accessed None 'CallFunc_GetPlayerPawn_ReturnValue'
	CubeAnimSword_C /Engine/Transient.SkeletalMeshComponent_16:CubeAnimSword_C_10
	Function /Game/Cubes/CubeAnimSword.CubeAnimSword_C:ExecuteUbergraph_CubeAnimSword:0136
[2014.12.03-09.31.27:416][446]LogScript:Warning: Accessed None 'CallFunc_GetPlayerPawn_ReturnValue'
	AxeAnim_C /Engine/Transient.SkeletalMeshComponent_17:AxeAnim_C_9
	Function /Game/Cubes/AxeAnim.AxeAnim_C:ExecuteUbergraph_AxeAnim:0110
[2014.12.03-09.31.27:417][446]LogScript:Warning: Accessed None 'CallFunc_GetPlayerPawn_ReturnValue'
	CubeAnimSword_C /Engine/Transient.World_1:PersistentLevel.SkeletalMeshActor_0.SkeletalMeshComponent0.CubeAnimSword_C_11
	Function /Game/Cubes/CubeAnimSword.CubeAnimSword_C:ExecuteUbergraph_CubeAnimSword:0136
[2014.12.03-09.31.27:417][446]LogScript:Warning: Accessed None 'CallFunc_GetPlayerPawn_ReturnValue'
	CubeAnimHammer_C /Engine/Transient.World_1:PersistentLevel.SkeletalMeshActor_0.SkeletalMeshComponent0.CubeAnimHammer_C_6
	Function /Game/Cubes/CubeAnimHammer.CubeAnimHammer_C:ExecuteUbergraph_CubeAnimHammer:011A
[2014.12.03-09.31.27:429][447]LogScript:Warning: Accessed None 'CallFunc_GetPlayerPawn_ReturnValue'
	AxeAnim_C /Engine/Transient.World_1:PersistentLevel.SkeletalMeshActor_0.SkeletalMeshComponent0.AxeAnim_C_10
	Function /Game/Cubes/AxeAnim.AxeAnim_C:ExecuteUbergraph_AxeAnim:0110
[2014.12.03-09.31.27:432][447]LogScript:Warning: Accessed None 'CallFunc_GetPlayerPawn_ReturnValue'
	SwordAnim_C /Engine/Transient.World_1:PersistentLevel.SkeletalMeshActor_0.SkeletalMeshComponent0.SwordAnim_C_6
	Function /Game/Cubes/SwordAnim.SwordAnim_C:ExecuteUbergraph_SwordAnim:0110
[2014.12.03-09.31.27:444][448]LogScript:Warning: Accessed None 'CallFunc_GetPlayerPawn_ReturnValue'
	SwordAnim_C /Engine/Transient.World_1:PersistentLevel.SkeletalMeshActor_0.SkeletalMeshComponent0.SwordAnim_C_7
	Function /Game/Cubes/SwordAnim.SwordAnim_C:ExecuteUbergraph_SwordAnim:0110
[2014.12.03-09.31.27:457][449]LogScript:Warning: Accessed None 'CallFunc_GetPlayerPawn_ReturnValue'
	HammerAnim_C /Engine/Transient.World_1:PersistentLevel.SkeletalMeshActor_0.SkeletalMeshComponent0.HammerAnim_C_6
	Function /Game/Cubes/HammerAnim.HammerAnim_C:ExecuteUbergraph_HammerAnim:0110
[2014.12.03-09.31.27:469][450]LogScript:Warning: Accessed None 'CallFunc_GetPlayerPawn_ReturnValue'
	CubeAnimSword_C /Engine/Transient.World_1:PersistentLevel.SkeletalMeshActor_0.SkeletalMeshComponent0.CubeAnimSword_C_12
	Function /Game/Cubes/CubeAnimSword.CubeAnimSword_C:ExecuteUbergraph_CubeAnimSword:0136
[2014.12.03-09.31.27:481][451]LogScript:Warning: Accessed None 'CallFunc_GetPlayerPawn_ReturnValue'
	CubeAnimHammer_C /Engine/Transient.World_1:PersistentLevel.SkeletalMeshActor_0.SkeletalMeshComponent0.CubeAnimHammer_C_7
	Function /Game/Cubes/CubeAnimHammer.CubeAnimHammer_C:ExecuteUbergraph_CubeAnimHammer:011A
[2014.12.03-09.31.27:482][451]LogScript:Warning: Accessed None 'CallFunc_GetPlayerPawn_ReturnValue'
	AxeAnim_C /Engine/Transient.World_1:PersistentLevel.SkeletalMeshActor_0.SkeletalMeshComponent0.AxeAnim_C_11
	Function /Game/Cubes/AxeAnim.AxeAnim_C:ExecuteUbergraph_AxeAnim:0110
[2014.12.03-09.31.27:496][452]LogScript:Warning: Accessed None 'CallFunc_GetPlayerPawn_ReturnValue'
	SwordAnim_C /Engine/Transient.World_1:PersistentLevel.SkeletalMeshActor_0.SkeletalMeshComponent0.SwordAnim_C_8
	Function /Game/Cubes/SwordAnim.SwordAnim_C:ExecuteUbergraph_SwordAnim:0110
[2014.12.03-09.31.27:509][453]LogScript:Warning: Accessed None 'CallFunc_GetPlayerPawn_ReturnValue'
	HammerAnim_C /Engine/Transient.World_1:PersistentLevel.SkeletalMeshActor_0.SkeletalMeshComponent0.HammerAnim_C_7
	Function /Game/Cubes/HammerAnim.HammerAnim_C:ExecuteUbergraph_HammerAnim:0110
[2014.12.03-09.31.27:522][454]LogScript:Warning: Accessed None 'CallFunc_GetPlayerPawn_ReturnValue'
	CubeAnimSword_C /Engine/Transient.World_1:PersistentLevel.SkeletalMeshActor_0.SkeletalMeshComponent0.CubeAnimSword_C_13
	Function /Game/Cubes/CubeAnimSword.CubeAnimSword_C:ExecuteUbergraph_CubeAnimSword:0136
[2014.12.03-09.31.27:535][455]LogScript:Warning: Accessed None 'CallFunc_GetPlayerPawn_ReturnValue'
	CubeAnimHammer_C /Engine/Transient.World_1:PersistentLevel.SkeletalMeshActor_0.SkeletalMeshComponent0.CubeAnimHammer_C_8
	Function /Game/Cubes/CubeAnimHammer.CubeAnimHammer_C:ExecuteUbergraph_CubeAnimHammer:011A
[2014.12.03-09.31.27:535][455]LogScript:Warning: Accessed None 'CallFunc_GetPlayerPawn_ReturnValue'
	AxeAnim_C /Engine/Transient.World_1:PersistentLevel.SkeletalMeshActor_0.SkeletalMeshComponent0.AxeAnim_C_12
	Function /Game/Cubes/AxeAnim.AxeAnim_C:ExecuteUbergraph_AxeAnim:0110
[2014.12.03-09.31.27:549][456]LogScript:Warning: Accessed None 'CallFunc_GetPlayerPawn_ReturnValue'
	SwordAnim_C /Engine/Transient.World_1:PersistentLevel.SkeletalMeshActor_0.SkeletalMeshComponent0.SwordAnim_C_9
	Function /Game/Cubes/SwordAnim.SwordAnim_C:ExecuteUbergraph_SwordAnim:0110
[2014.12.03-09.31.27:565][457]LogScript:Warning: Accessed None 'CallFunc_GetPlayerPawn_ReturnValue'
	HammerAnim_C /Engine/Transient.World_1:PersistentLevel.SkeletalMeshActor_0.SkeletalMeshComponent0.HammerAnim_C_8
	Function /Game/Cubes/HammerAnim.HammerAnim_C:ExecuteUbergraph_HammerAnim:0110
[2014.12.03-09.31.27:578][458]LogScript:Warning: Accessed None 'CallFunc_GetPlayerPawn_ReturnValue'
	CubeAnimSword_C /Engine/Transient.World_1:PersistentLevel.SkeletalMeshActor_0.SkeletalMeshComponent0.CubeAnimSword_C_14
	Function /Game/Cubes/CubeAnimSword.CubeAnimSword_C:ExecuteUbergraph_CubeAnimSword:0136
[2014.12.03-09.31.27:590][459]LogScript:Warning: Accessed None 'CallFunc_GetPlayerPawn_ReturnValue'
	CubeAnimHammer_C /Engine/Transient.World_1:PersistentLevel.SkeletalMeshActor_0.SkeletalMeshComponent0.CubeAnimHammer_C_9
	Function /Game/Cubes/CubeAnimHammer.CubeAnimHammer_C:ExecuteUbergraph_CubeAnimHammer:011A
[2014.12.03-09.31.27:590][459]LogScript:Warning: Accessed None 'CallFunc_GetPlayerPawn_ReturnValue'
	AxeAnim_C /Engine/Transient.World_1:PersistentLevel.SkeletalMeshActor_0.SkeletalMeshComponent0.AxeAnim_C_13
	Function /Game/Cubes/AxeAnim.AxeAnim_C:ExecuteUbergraph_AxeAnim:0110
[2014.12.03-09.31.27:602][460]LogScript:Warning: Accessed None 'CallFunc_GetPlayerPawn_ReturnValue'
	SwordAnim_C /Engine/Transient.World_1:PersistentLevel.SkeletalMeshActor_0.SkeletalMeshComponent0.SwordAnim_C_10
	Function /Game/Cubes/SwordAnim.SwordAnim_C:ExecuteUbergraph_SwordAnim:0110
[2014.12.03-09.31.27:614][461]LogScript:Warning: Accessed None 'CallFunc_GetPlayerPawn_ReturnValue'
	HammerAnim_C /Engine/Transient.World_1:PersistentLevel.SkeletalMeshActor_0.SkeletalMeshComponent0.HammerAnim_C_9
	Function /Game/Cubes/HammerAnim.HammerAnim_C:ExecuteUbergraph_HammerAnim:0110
[2014.12.03-09.31.27:631][462]LogScript:Warning: Accessed None 'CallFunc_GetPlayerPawn_ReturnValue'
	CubeAnimSword_C /Engine/Transient.World_1:PersistentLevel.SkeletalMeshActor_0.SkeletalMeshComponent0.CubeAnimSword_C_15
	Function /Game/Cubes/CubeAnimSword.CubeAnimSword_C:ExecuteUbergraph_CubeAnimSword:0136
[2014.12.03-09.31.27:643][463]LogScript:Warning: Accessed None 'CallFunc_GetPlayerPawn_ReturnValue'
	CubeAnimHammer_C /Engine/Transient.World_1:PersistentLevel.SkeletalMeshActor_0.SkeletalMeshComponent0.CubeAnimHammer_C_10
	Function /Game/Cubes/CubeAnimHammer.CubeAnimHammer_C:ExecuteUbergraph_CubeAnimHammer:011A
[2014.12.03-09.31.27:643][463]LogScript:Warning: Accessed None 'CallFunc_GetPlayerPawn_ReturnValue'
	AxeAnim_C /Engine/Transient.World_1:PersistentLevel.SkeletalMeshActor_0.SkeletalMeshComponent0.AxeAnim_C_14
	Function /Game/Cubes/AxeAnim.AxeAnim_C:ExecuteUbergraph_AxeAnim:0110
[2014.12.03-09.31.27:755][476]LogContentBrowser:Verbose: The content browser source was changed by the sources view to '/Game/Character'
[2014.12.03-09.31.27:766][476]LogScript:Warning: Accessed None 'CallFunc_GetPlayerPawn_ReturnValue'
	SwordAnim_C /Engine/Transient.World_1:PersistentLevel.SkeletalMeshActor_0.SkeletalMeshComponent0.SwordAnim_C_11
	Function /Game/Cubes/SwordAnim.SwordAnim_C:ExecuteUbergraph_SwordAnim:0110
[2014.12.03-09.31.28:099][510]LogContentBrowser:Verbose: The content browser source was changed by the sources view to '/Game/Blueprints'
[2014.12.03-09.31.30:685][704]LogScript:Warning: Accessed None 'CallFunc_GetPlayerPawn_ReturnValue'
	CubeAnimSword_C /Engine/Transient.World_1:PersistentLevel.SkeletalMeshActor_0.SkeletalMeshComponent0.CubeAnimSword_C_16
	Function /Game/Cubes/CubeAnimSword.CubeAnimSword_C:ExecuteUbergraph_CubeAnimSword:0136
[2014.12.03-09.31.30:685][704]LogScript:Warning: Accessed None 'CallFunc_GetPlayerPawn_ReturnValue'
	AxeAnim_C /Engine/Transient.World_1:PersistentLevel.SkeletalMeshActor_0.SkeletalMeshComponent0.AxeAnim_C_15
	Function /Game/Cubes/AxeAnim.AxeAnim_C:ExecuteUbergraph_AxeAnim:0110
[2014.12.03-09.31.30:685][704]LogScript:Warning: Accessed None 'CallFunc_GetPlayerPawn_ReturnValue'
	CubeAnimHammer_C /Engine/Transient.World_1:PersistentLevel.SkeletalMeshActor_0.SkeletalMeshComponent0.CubeAnimHammer_C_11
	Function /Game/Cubes/CubeAnimHammer.CubeAnimHammer_C:ExecuteUbergraph_CubeAnimHammer:011A
[2014.12.03-09.31.32:725][882]LogEditorViewport: Clicking on Actor (LMB): EnemySpawnPoint_C (EnemySpawnPoint_4)
[2014.12.03-09.31.32:780][885]LogEditorViewport: Clicking on Actor (double click): EnemySpawnPoint_C (EnemySpawnPoint_4)
[2014.12.03-09.31.50:303][ 82]LogActorComponent: UnregisterComponent: (/Engine/Transient.CharacterMovementComponent_6) Not registered. Aborting.
[2014.12.03-09.31.50:303][ 82]LogActorComponent: UnregisterComponent: (/Engine/Transient.CharacterMovementComponent_7) Not registered. Aborting.
[2014.12.03-09.31.50:303][ 82]LogActorComponent: UnregisterComponent: (/Engine/Transient.CharacterMovementComponent_8) Not registered. Aborting.
[2014.12.03-09.31.50:303][ 82]LogActorComponent: UnregisterComponent: (/Engine/Transient.CharacterMovementComponent_9) Not registered. Aborting.
[2014.12.03-09.31.50:303][ 82]LogActorComponent: UnregisterComponent: (/Engine/Transient.ProjectileMovementComponent_1) Not registered. Aborting.
[2014.12.03-09.31.50:335][ 82]LogParticles: Destroying 0 GPU particle simulations for FXSystem 0x00000000142C8EA0
[2014.12.03-09.31.50:335][ 82]LogParticles: Destroying 0 GPU particle simulations for FXSystem 0x000000000D81CD60
[2014.12.03-09.31.52:103][ 83]Cmd: QUIT_EDITOR
[2014.12.03-09.31.52:408][ 83]LogExit: Preparing to exit.
[2014.12.03-09.31.53:579][ 83]LogExit: Editor shut down
[2014.12.03-09.31.53:580][ 83]LogExit: Transaction tracking system shut down
[2014.12.03-09.31.53:581][ 83]LogParticles: Destroying 0 GPU particle simulations for FXSystem 0x000000001F17EAC0
[2014.12.03-09.31.53:581][ 83]LogParticles: Destroying 0 GPU particle simulations for FXSystem 0x0000000020B85300
[2014.12.03-09.31.53:581][ 83]LogParticles: Destroying 0 GPU particle simulations for FXSystem 0x0000000020A22520
[2014.12.03-09.31.53:581][ 83]LogParticles: Destroying 0 GPU particle simulations for FXSystem 0x0000000020A200E0
[2014.12.03-09.31.53:581][ 83]LogParticles: Destroying 0 GPU particle simulations for FXSystem 0x0000000016A099E0
[2014.12.03-09.31.53:602][ 83]LogExit: Object subsystem successfully closed.
[2014.12.03-09.31.53:644][ 83]LogModuleManager: Shutting down and abandoning module AndroidDeviceDetection (166)
[2014.12.03-09.31.53:644][ 83]LogModuleManager: Shutting down and abandoning module CrashTracker (165)
[2014.12.03-09.31.53:644][ 83]LogModuleManager: Shutting down and abandoning module SuperSearch (164)
[2014.12.03-09.31.53:644][ 83]LogModuleManager: Shutting down and abandoning module SceneOutliner (163)
[2014.12.03-09.31.53:644][ 83]LogModuleManager: Shutting down and abandoning module EditorWidgets (162)
[2014.12.03-09.31.53:644][ 83]LogModuleManager: Shutting down and abandoning module CollectionManager (161)
[2014.12.03-09.31.53:644][ 83]LogModuleManager: Shutting down and abandoning module StatsViewer (160)
[2014.12.03-09.31.53:645][ 83]LogModuleManager: Shutting down and abandoning module FoliageEdit (159)
[2014.12.03-09.31.53:645][ 83]LogModuleManager: Shutting down and abandoning module LandscapeEditor (158)
[2014.12.03-09.31.53:645][ 83]LogModuleManager: Shutting down and abandoning module MeshPaint (157)
[2014.12.03-09.31.53:645][ 83]LogModuleManager: Shutting down and abandoning module ActorPickerMode (156)
[2014.12.03-09.31.53:645][ 83]LogModuleManager: Shutting down and abandoning module GeometryMode (155)
[2014.12.03-09.31.53:645][ 83]LogModuleManager: Shutting down and abandoning module TextureAlignMode (154)
[2014.12.03-09.31.53:645][ 83]LogModuleManager: Shutting down and abandoning module BspMode (153)
[2014.12.03-09.31.53:645][ 83]LogModuleManager: Shutting down and abandoning module PlacementMode (152)
[2014.12.03-09.31.53:645][ 83]LogModuleManager: Shutting down and abandoning module AutomationWorker (151)
[2014.12.03-09.31.53:645][ 83]LogModuleManager: Shutting down and abandoning module CharacterAI (150)
[2014.12.03-09.31.53:645][ 83]LogModuleManager: Shutting down and abandoning module GameProjectGeneration (149)
[2014.12.03-09.31.53:645][ 83]LogModuleManager: Shutting down and abandoning module IntroTutorials (148)
[2014.12.03-09.31.53:645][ 83]LogModuleManager: Shutting down and abandoning module EditorLiveStreaming (147)
[2014.12.03-09.31.53:645][ 83]LogModuleManager: Shutting down and abandoning module HardwareTargeting (146)
[2014.12.03-09.31.53:645][ 83]LogModuleManager: Shutting down and abandoning module BehaviorTreeEditor (145)
[2014.12.03-09.31.53:645][ 83]LogModuleManager: Shutting down and abandoning module DeviceProfileEditor (144)
[2014.12.03-09.31.53:645][ 83]LogModuleManager: Shutting down and abandoning module UndoHistory (143)
[2014.12.03-09.31.53:645][ 83]LogModuleManager: Shutting down and abandoning module GameplayTagsEditor (142)
[2014.12.03-09.31.53:645][ 83]LogModuleManager: Shutting down and abandoning module UserFeedback (141)
[2014.12.03-09.31.53:645][ 83]LogModuleManager: Shutting down and abandoning module XmlParser (140)
[2014.12.03-09.31.53:645][ 83]LogModuleManager: Shutting down and abandoning module Blutility (139)
[2014.12.03-09.31.53:645][ 83]LogModuleManager: Shutting down and abandoning module IOSPlatformEditor (138)
[2014.12.03-09.31.53:645][ 83]LogModuleManager: Shutting down and abandoning module IOSRuntimeSettings (137)
[2014.12.03-09.31.53:645][ 83]LogModuleManager: Shutting down and abandoning module AndroidPlatformEditor (136)
[2014.12.03-09.31.53:645][ 83]LogModuleManager: Shutting down and abandoning module AndroidRuntimeSettings (135)
[2014.12.03-09.31.53:645][ 83]LogModuleManager: Shutting down and abandoning module ProjectTargetPlatformEditor (134)
[2014.12.03-09.31.53:645][ 83]LogModuleManager: Shutting down and abandoning module ProjectSettingsViewer (133)
[2014.12.03-09.31.53:645][ 83]LogModuleManager: Shutting down and abandoning module InputBindingEditor (132)
[2014.12.03-09.31.53:646][ 83]LogModuleManager: Shutting down and abandoning module EditorSettingsViewer (131)
[2014.12.03-09.31.53:646][ 83]LogModuleManager: Shutting down and abandoning module SettingsEditor (130)
[2014.12.03-09.31.53:646][ 83]LogModuleManager: Shutting down and abandoning module ProjectLauncher (129)
[2014.12.03-09.31.53:646][ 83]LogModuleManager: Shutting down and abandoning module SessionFrontend (128)
[2014.12.03-09.31.53:646][ 83]LogModuleManager: Shutting down and abandoning module ProfilerClient (127)
[2014.12.03-09.31.53:646][ 83]LogModuleManager: Shutting down and abandoning module TargetDeviceServices (126)
[2014.12.03-09.31.53:646][ 83]LogModuleManager: Shutting down and abandoning module DeviceManager (125)
[2014.12.03-09.31.53:646][ 83]LogModuleManager: Shutting down and abandoning module AutomationController (124)
[2014.12.03-09.31.53:646][ 83]LogModuleManager: Shutting down and abandoning module AutomationWindow (123)
[2014.12.03-09.31.53:646][ 83]LogModuleManager: Shutting down and abandoning module Layers (122)
[2014.12.03-09.31.53:646][ 83]LogModuleManager: Shutting down and abandoning module ComponentVisualizers (121)
[2014.12.03-09.31.53:646][ 83]LogModuleManager: Shutting down and abandoning module DetailCustomizations (120)
[2014.12.03-09.31.53:646][ 83]LogModuleManager: Shutting down and abandoning module PackagesDialog (119)
[2014.12.03-09.31.53:646][ 83]LogModuleManager: Shutting down and abandoning module AssetRegistry (118)
[2014.12.03-09.31.53:683][ 83]LogModuleManager: Shutting down and abandoning module Persona (117)
[2014.12.03-09.31.53:683][ 83]LogModuleManager: Shutting down and abandoning module Kismet (116)
[2014.12.03-09.31.53:683][ 83]LogModuleManager: Shutting down and abandoning module GraphEditor (115)
[2014.12.03-09.31.53:683][ 83]LogModuleManager: Shutting down and abandoning module ClassViewer (114)
[2014.12.03-09.31.53:683][ 83]LogModuleManager: Shutting down and abandoning module Toolbox (113)
[2014.12.03-09.31.53:683][ 83]LogModuleManager: Shutting down and abandoning module ModuleUI (112)
[2014.12.03-09.31.53:683][ 83]LogModuleManager: Shutting down and abandoning module MovieSceneTools (111)
[2014.12.03-09.31.53:684][ 83]LogModuleManager: Shutting down and abandoning module OutputLog (110)
[2014.12.03-09.31.53:684][ 83]LogModuleManager: Shutting down and abandoning module GammaUI (109)
[2014.12.03-09.31.53:684][ 83]LogModuleManager: Shutting down and abandoning module Documentation (108)
[2014.12.03-09.31.53:684][ 83]LogModuleManager: Shutting down and abandoning module GameLiveStreaming (107)
[2014.12.03-09.31.53:684][ 83]LogModuleManager: Shutting down and abandoning module StreamingPauseRendering (106)
[2014.12.03-09.31.53:684][ 83]LogModuleManager: Shutting down and abandoning module HTTP (105)
[2014.12.03-09.31.53:684][ 83]LogModuleManager: Shutting down and abandoning module AnalyticsET (104)
[2014.12.03-09.31.53:684][ 83]LogModuleManager: Shutting down and abandoning module Analytics (103)
[2014.12.03-09.31.53:684][ 83]LogModuleManager: Shutting down and abandoning module GameplayDebugger (102)
[2014.12.03-09.31.53:684][ 83]LogModuleManager: Shutting down and abandoning module AIModule (101)
[2014.12.03-09.31.53:684][ 83]LogModuleManager: Shutting down and abandoning module ProfilerService (100)
[2014.12.03-09.31.53:768][ 83]LogModuleManager: Shutting down and abandoning module TaskGraph (99)
[2014.12.03-09.31.53:768][ 83]LogModuleManager: Shutting down and abandoning module SlateRemote (98)
[2014.12.03-09.31.53:768][ 83]LogModuleManager: Shutting down and abandoning module ScriptEditorPlugin (97)
[2014.12.03-09.31.53:768][ 83]LogModuleManager: Shutting down and abandoning module CustomMeshComponent (96)
[2014.12.03-09.31.53:768][ 83]LogModuleManager: Shutting down and abandoning module CableComponent (95)
[2014.12.03-09.31.53:768][ 83]LogModuleManager: Shutting down and abandoning module MessagingDebugger (94)
[2014.12.03-09.31.53:768][ 83]LogModuleManager: Shutting down and abandoning module MediaPlayerEditor (93)
[2014.12.03-09.31.53:768][ 83]LogModuleManager: Shutting down and abandoning module SpeedTreeImporter (92)
[2014.12.03-09.31.53:768][ 83]LogModuleManager: Shutting down and abandoning module PluginsEditor (91)
[2014.12.03-09.31.53:768][ 83]LogModuleManager: Shutting down and abandoning module EpicSurvey (90)
[2014.12.03-09.31.53:768][ 83]LogModuleManager: Shutting down and abandoning module DesktopPlatform (89)
[2014.12.03-09.31.53:768][ 83]LogModuleManager: Shutting down and abandoning module VisualStudioSourceCodeAccess (88)
[2014.12.03-09.31.53:768][ 83]LogModuleManager: Shutting down and abandoning module UObjectPlugin (87)
[2014.12.03-09.31.53:768][ 83]LogModuleManager: Shutting down and abandoning module SubversionSourceControl (86)
[2014.12.03-09.31.53:768][ 83]LogModuleManager: Shutting down and abandoning module SourceControl (85)
[2014.12.03-09.31.53:768][ 83]LogModuleManager: Shutting down and abandoning module PerforceSourceControl (84)
[2014.12.03-09.31.53:768][ 83]LogModuleManager: Shutting down and abandoning module BlankPlugin (83)
[2014.12.03-09.31.53:768][ 83]LogModuleManager: Shutting down and abandoning module SlateReflector (82)
[2014.12.03-09.31.53:768][ 83]LogModuleManager: Shutting down and abandoning module DirectoryWatcher (81)
[2014.12.03-09.31.53:768][ 83]LogModuleManager: Shutting down and abandoning module HotReload (80)
[2014.12.03-09.31.53:768][ 83]LogModuleManager: Shutting down and abandoning module MainFrame (79)
[2014.12.03-09.31.53:768][ 83]LogModuleManager: Shutting down and abandoning module LevelEditor (78)
[2014.12.03-09.31.53:769][ 83]LogModuleManager: Shutting down and abandoning module ViewportSnapping (77)
[2014.12.03-09.31.53:769][ 83]LogModuleManager: Shutting down and abandoning module SmartSnapping (76)
[2014.12.03-09.31.53:769][ 83]LogModuleManager: Shutting down and abandoning module PaperTiledImporter (75)
[2014.12.03-09.31.53:769][ 83]LogModuleManager: Shutting down and abandoning module PaperJsonImporter (74)
[2014.12.03-09.31.53:769][ 83]LogModuleManager: Shutting down and abandoning module ContentBrowser (73)
[2014.12.03-09.31.53:769][ 83]LogModuleManager: Shutting down and abandoning module PropertyEditor (72)
[2014.12.03-09.31.53:769][ 83]LogModuleManager: Shutting down and abandoning module Paper2DEditor (71)
[2014.12.03-09.31.53:770][ 83]LogModuleManager: Shutting down and abandoning module ScriptPlugin (70)
[2014.12.03-09.31.53:770][ 83]LogModuleManager: Shutting down and abandoning module UdpMessaging (69)
[2014.12.03-09.31.53:870][ 83]LogModuleManager: Shutting down and abandoning module Paper2D (68)
[2014.12.03-09.31.53:870][ 83]LogModuleManager: Shutting down and abandoning module WindowsMoviePlayer (67)
[2014.12.03-09.31.53:874][ 83]LogModuleManager: Shutting down and abandoning module Media (66)
[2014.12.03-09.31.53:874][ 83]LogModuleManager: Shutting down and abandoning module WmfMedia (65)
[2014.12.03-09.31.53:875][ 83]LogModuleManager: Shutting down and abandoning module OnlineBlueprintSupport (64)
[2014.12.03-09.31.53:875][ 83]LogModuleManager: Shutting down and abandoning module FunctionalTesting (63)
[2014.12.03-09.31.53:875][ 83]LogModuleManager: Shutting down and abandoning module CollisionAnalyzer (62)
[2014.12.03-09.31.53:875][ 83]LogModuleManager: Shutting down and abandoning module WorkspaceMenuStructure (61)
[2014.12.03-09.31.53:875][ 83]LogModuleManager: Shutting down and abandoning module MessageLog (60)
[2014.12.03-09.31.53:875][ 83]LogModuleManager: Shutting down and abandoning module Sequencer (59)
[2014.12.03-09.31.53:875][ 83]LogModuleManager: Shutting down and abandoning module AssetTools (58)
[2014.12.03-09.31.53:875][ 83]LogModuleManager: Shutting down and abandoning module UMGEditor (57)
[2014.12.03-09.31.53:875][ 83]LogModuleManager: Shutting down and abandoning module UMG (56)
[2014.12.03-09.31.53:875][ 83]LogModuleManager: Shutting down and abandoning module Slate (55)
[2014.12.03-09.31.53:875][ 83]LogModuleManager: Shutting down and abandoning module EditorStyle (54)
[2014.12.03-09.31.53:877][ 83]LogModuleManager: Shutting down and abandoning module SessionServices (53)
[2014.12.03-09.31.53:878][ 83]LogModuleManager: Shutting down and abandoning module SourceCodeAccess (52)
[2014.12.03-09.31.53:878][ 83]LogModuleManager: Shutting down and abandoning module HeadMountedDisplay (51)
[2014.12.03-09.31.53:878][ 83]LogModuleManager: Shutting down and abandoning module XAudio2 (50)
[2014.12.03-09.31.53:878][ 83]LogModuleManager: Shutting down and abandoning module Networking (48)
[2014.12.03-09.31.53:878][ 83]LogModuleManager: Shutting down and abandoning module Core (47)
[2014.12.03-09.31.53:878][ 83]LogModuleManager: Shutting down and abandoning module KismetCompiler (46)
[2014.12.03-09.31.53:878][ 83]LogModuleManager: Shutting down and abandoning module PhysXFormats (45)
[2014.12.03-09.31.53:878][ 83]LogModuleManager: Shutting down and abandoning module MeshUtilities (44)
[2014.12.03-09.31.53:878][ 83]LogModuleManager: Shutting down and abandoning module DerivedDataCache (43)
[2014.12.03-09.31.53:900][ 83]LogDerivedDataCache: Shutdown
[2014.12.03-09.31.53:900][ 83]LogModuleManager: Shutting down and abandoning module ShaderFormatOpenGL (42)
[2014.12.03-09.31.53:900][ 83]LogModuleManager: Shutting down and abandoning module ShaderFormatD3D (41)
[2014.12.03-09.31.53:900][ 83]LogModuleManager: Shutting down and abandoning module MetalShaderFormat (40)
[2014.12.03-09.31.53:900][ 83]LogModuleManager: Shutting down and abandoning module TextureFormatUncompressed (39)
[2014.12.03-09.31.53:900][ 83]LogModuleManager: Shutting down and abandoning module TextureFormatPVR (38)
[2014.12.03-09.31.53:900][ 83]LogModuleManager: Shutting down and abandoning module TextureFormatDXT (37)
[2014.12.03-09.31.53:900][ 83]LogModuleManager: Shutting down and abandoning module TextureFormatAndroid (36)
[2014.12.03-09.31.53:900][ 83]LogModuleManager: Shutting down and abandoning module AudioFormatOpus (35)
[2014.12.03-09.31.53:900][ 83]LogModuleManager: Shutting down and abandoning module AudioFormatOgg (34)
[2014.12.03-09.31.53:900][ 83]LogModuleManager: Shutting down and abandoning module AudioFormatADPCM (33)
[2014.12.03-09.31.53:900][ 83]LogModuleManager: Shutting down and abandoning module Messaging (32)
[2014.12.03-09.31.53:900][ 83]LogModuleManager: Shutting down and abandoning module IOSTargetPlatform (31)
[2014.12.03-09.31.53:900][ 83]LogModuleManager: Shutting down and abandoning module Android_PVRTCTargetPlatform (30)
[2014.12.03-09.31.53:900][ 83]LogModuleManager: Shutting down and abandoning module Android_ETC2TargetPlatform (29)
[2014.12.03-09.31.53:900][ 83]LogModuleManager: Shutting down and abandoning module Android_ETC1TargetPlatform (28)
[2014.12.03-09.31.53:900][ 83]LogModuleManager: Shutting down and abandoning module Android_DXTTargetPlatform (27)
[2014.12.03-09.31.53:900][ 83]LogModuleManager: Shutting down and abandoning module Android_ATCTargetPlatform (26)
[2014.12.03-09.31.53:900][ 83]LogModuleManager: Shutting down and abandoning module AndroidTargetPlatform (25)
[2014.12.03-09.31.53:900][ 83]LogModuleManager: Shutting down and abandoning module WindowsTargetPlatform (24)
[2014.12.03-09.31.53:900][ 83]LogModuleManager: Shutting down and abandoning module WindowsServerTargetPlatform (23)
[2014.12.03-09.31.53:900][ 83]LogModuleManager: Shutting down and abandoning module WindowsNoEditorTargetPlatform (22)
[2014.12.03-09.31.53:900][ 83]LogModuleManager: Shutting down and abandoning module WindowsClientTargetPlatform (21)
[2014.12.03-09.31.53:900][ 83]LogModuleManager: Shutting down and abandoning module TargetPlatform (20)
[2014.12.03-09.31.53:900][ 83]LogModuleManager: Shutting down and abandoning module InputCore (19)
[2014.12.03-09.31.53:900][ 83]LogModuleManager: Shutting down and abandoning module Settings (18)
[2014.12.03-09.31.53:900][ 83]LogModuleManager: Shutting down and abandoning module ImageWrapper (17)
[2014.12.03-09.31.53:900][ 83]LogModuleManager: Shutting down and abandoning module OculusRift (14)
[2014.12.03-09.31.53:900][ 83]LogModuleManager: Shutting down and abandoning module ExampleDeviceProfileSelector (13)
[2014.12.03-09.31.53:900][ 83]LogModuleManager: Shutting down and abandoning module TextureCompressor (12)
[2014.12.03-09.31.53:901][ 83]LogModuleManager: Shutting down and abandoning module ShaderCore (11)
[2014.12.03-09.31.53:901][ 83]LogModuleManager: Shutting down and abandoning module SlateRHIRenderer (10)
[2014.12.03-09.31.53:901][ 83]LogModuleManager: Shutting down and abandoning module OpenGLDrv (9)
[2014.12.03-09.31.53:901][ 83]LogModuleManager: Shutting down and abandoning module D3D11RHI (8)
[2014.12.03-09.31.53:901][ 83]LogModuleManager: Shutting down and abandoning module Renderer (7)
[2014.12.03-09.31.53:901][ 83]LogModuleManager: Shutting down and abandoning module Engine (6)
[2014.12.03-09.31.53:901][ 83]LogModuleManager: Shutting down and abandoning module CoreUObject (5)
[2014.12.03-09.31.53:901][ 83]LogModuleManager: Shutting down and abandoning module NetworkFile (4)
[2014.12.03-09.31.53:901][ 83]LogModuleManager: Shutting down and abandoning module StreamingFile (3)
[2014.12.03-09.31.53:901][ 83]LogModuleManager: Shutting down and abandoning module SandboxFile (2)
[2014.12.03-09.31.53:901][ 83]LogModuleManager: Shutting down and abandoning module PakFile (1)
[2014.12.03-09.31.53:902][ 83]LogExit: Exiting.
[2014.12.03-09.31.53:908][ 83]Log file closed, 12/03/14 04:31:53
